<?xml version="1.0" encoding="UTF-8"?>
<testsuite xmlns:xsi="http://www.w3.org/2001/XMLSchema-instance" xsi:noNamespaceSchemaLocation="https://maven.apache.org/surefire/maven-surefire-plugin/xsd/surefire-test-report-3.0.xsd" version="3.0" name="com.srmasset.ApplicationTests" time="5.235" tests="1" errors="0" skipped="0" failures="0">
  <properties>
    <property name="java.specification.version" value="17"/>
    <property name="sun.jnu.encoding" value="UTF-8"/>
    <property name="java.class.path" value="/home/thallyssonk/Área de trabalho/CurrentProjects/TesteTecnicoWeFin/person-service/target/test-classes:/home/thallyssonk/Área de trabalho/CurrentProjects/TesteTecnicoWeFin/person-service/target/classes:/home/thallyssonk/.m2/repository/org/springframework/boot/spring-boot-starter-web/3.2.5/spring-boot-starter-web-3.2.5.jar:/home/thallyssonk/.m2/repository/org/springframework/boot/spring-boot-starter/3.2.5/spring-boot-starter-3.2.5.jar:/home/thallyssonk/.m2/repository/org/springframework/boot/spring-boot/3.2.5/spring-boot-3.2.5.jar:/home/thallyssonk/.m2/repository/org/springframework/boot/spring-boot-autoconfigure/3.2.5/spring-boot-autoconfigure-3.2.5.jar:/home/thallyssonk/.m2/repository/org/springframework/boot/spring-boot-starter-logging/3.2.5/spring-boot-starter-logging-3.2.5.jar:/home/thallyssonk/.m2/repository/ch/qos/logback/logback-classic/1.4.14/logback-classic-1.4.14.jar:/home/thallyssonk/.m2/repository/ch/qos/logback/logback-core/1.4.14/logback-core-1.4.14.jar:/home/thallyssonk/.m2/repository/org/apache/logging/log4j/log4j-to-slf4j/2.21.1/log4j-to-slf4j-2.21.1.jar:/home/thallyssonk/.m2/repository/org/apache/logging/log4j/log4j-api/2.21.1/log4j-api-2.21.1.jar:/home/thallyssonk/.m2/repository/org/slf4j/jul-to-slf4j/2.0.13/jul-to-slf4j-2.0.13.jar:/home/thallyssonk/.m2/repository/jakarta/annotation/jakarta.annotation-api/2.1.1/jakarta.annotation-api-2.1.1.jar:/home/thallyssonk/.m2/repository/org/yaml/snakeyaml/2.2/snakeyaml-2.2.jar:/home/thallyssonk/.m2/repository/org/springframework/boot/spring-boot-starter-json/3.2.5/spring-boot-starter-json-3.2.5.jar:/home/thallyssonk/.m2/repository/com/fasterxml/jackson/core/jackson-databind/2.15.4/jackson-databind-2.15.4.jar:/home/thallyssonk/.m2/repository/com/fasterxml/jackson/core/jackson-annotations/2.15.4/jackson-annotations-2.15.4.jar:/home/thallyssonk/.m2/repository/com/fasterxml/jackson/core/jackson-core/2.15.4/jackson-core-2.15.4.jar:/home/thallyssonk/.m2/repository/com/fasterxml/jackson/datatype/jackson-datatype-jdk8/2.15.4/jackson-datatype-jdk8-2.15.4.jar:/home/thallyssonk/.m2/repository/com/fasterxml/jackson/datatype/jackson-datatype-jsr310/2.15.4/jackson-datatype-jsr310-2.15.4.jar:/home/thallyssonk/.m2/repository/com/fasterxml/jackson/module/jackson-module-parameter-names/2.15.4/jackson-module-parameter-names-2.15.4.jar:/home/thallyssonk/.m2/repository/org/springframework/boot/spring-boot-starter-tomcat/3.2.5/spring-boot-starter-tomcat-3.2.5.jar:/home/thallyssonk/.m2/repository/org/apache/tomcat/embed/tomcat-embed-core/10.1.20/tomcat-embed-core-10.1.20.jar:/home/thallyssonk/.m2/repository/org/apache/tomcat/embed/tomcat-embed-el/10.1.20/tomcat-embed-el-10.1.20.jar:/home/thallyssonk/.m2/repository/org/apache/tomcat/embed/tomcat-embed-websocket/10.1.20/tomcat-embed-websocket-10.1.20.jar:/home/thallyssonk/.m2/repository/org/springframework/spring-web/6.1.6/spring-web-6.1.6.jar:/home/thallyssonk/.m2/repository/org/springframework/spring-beans/6.1.6/spring-beans-6.1.6.jar:/home/thallyssonk/.m2/repository/io/micrometer/micrometer-observation/1.12.5/micrometer-observation-1.12.5.jar:/home/thallyssonk/.m2/repository/io/micrometer/micrometer-commons/1.12.5/micrometer-commons-1.12.5.jar:/home/thallyssonk/.m2/repository/org/springframework/spring-webmvc/6.1.6/spring-webmvc-6.1.6.jar:/home/thallyssonk/.m2/repository/org/springframework/spring-aop/6.1.6/spring-aop-6.1.6.jar:/home/thallyssonk/.m2/repository/org/springframework/spring-context/6.1.6/spring-context-6.1.6.jar:/home/thallyssonk/.m2/repository/org/springframework/spring-expression/6.1.6/spring-expression-6.1.6.jar:/home/thallyssonk/.m2/repository/com/mysql/mysql-connector-j/8.0.33/mysql-connector-j-8.0.33.jar:/home/thallyssonk/.m2/repository/org/springframework/cloud/spring-cloud-starter/4.1.2/spring-cloud-starter-4.1.2.jar:/home/thallyssonk/.m2/repository/org/springframework/cloud/spring-cloud-context/4.1.2/spring-cloud-context-4.1.2.jar:/home/thallyssonk/.m2/repository/org/springframework/security/spring-security-crypto/6.2.4/spring-security-crypto-6.2.4.jar:/home/thallyssonk/.m2/repository/org/springframework/cloud/spring-cloud-commons/4.1.2/spring-cloud-commons-4.1.2.jar:/home/thallyssonk/.m2/repository/org/springframework/security/spring-security-rsa/1.1.2/spring-security-rsa-1.1.2.jar:/home/thallyssonk/.m2/repository/org/bouncycastle/bcprov-jdk18on/1.77/bcprov-jdk18on-1.77.jar:/home/thallyssonk/.m2/repository/org/springframework/boot/spring-boot-starter-data-jpa/3.2.5/spring-boot-starter-data-jpa-3.2.5.jar:/home/thallyssonk/.m2/repository/org/springframework/boot/spring-boot-starter-aop/3.2.5/spring-boot-starter-aop-3.2.5.jar:/home/thallyssonk/.m2/repository/org/aspectj/aspectjweaver/1.9.22/aspectjweaver-1.9.22.jar:/home/thallyssonk/.m2/repository/org/hibernate/orm/hibernate-core/6.4.4.Final/hibernate-core-6.4.4.Final.jar:/home/thallyssonk/.m2/repository/jakarta/persistence/jakarta.persistence-api/3.1.0/jakarta.persistence-api-3.1.0.jar:/home/thallyssonk/.m2/repository/jakarta/transaction/jakarta.transaction-api/2.0.1/jakarta.transaction-api-2.0.1.jar:/home/thallyssonk/.m2/repository/org/jboss/logging/jboss-logging/3.5.3.Final/jboss-logging-3.5.3.Final.jar:/home/thallyssonk/.m2/repository/org/hibernate/common/hibernate-commons-annotations/6.0.6.Final/hibernate-commons-annotations-6.0.6.Final.jar:/home/thallyssonk/.m2/repository/io/smallrye/jandex/3.1.2/jandex-3.1.2.jar:/home/thallyssonk/.m2/repository/com/fasterxml/classmate/1.6.0/classmate-1.6.0.jar:/home/thallyssonk/.m2/repository/net/bytebuddy/byte-buddy/1.14.13/byte-buddy-1.14.13.jar:/home/thallyssonk/.m2/repository/org/glassfish/jaxb/jaxb-runtime/4.0.5/jaxb-runtime-4.0.5.jar:/home/thallyssonk/.m2/repository/org/glassfish/jaxb/jaxb-core/4.0.5/jaxb-core-4.0.5.jar:/home/thallyssonk/.m2/repository/org/eclipse/angus/angus-activation/2.0.2/angus-activation-2.0.2.jar:/home/thallyssonk/.m2/repository/org/glassfish/jaxb/txw2/4.0.5/txw2-4.0.5.jar:/home/thallyssonk/.m2/repository/com/sun/istack/istack-commons-runtime/4.1.2/istack-commons-runtime-4.1.2.jar:/home/thallyssonk/.m2/repository/jakarta/inject/jakarta.inject-api/2.0.1/jakarta.inject-api-2.0.1.jar:/home/thallyssonk/.m2/repository/org/antlr/antlr4-runtime/4.13.0/antlr4-runtime-4.13.0.jar:/home/thallyssonk/.m2/repository/org/springframework/data/spring-data-jpa/3.2.5/spring-data-jpa-3.2.5.jar:/home/thallyssonk/.m2/repository/org/springframework/data/spring-data-commons/3.2.5/spring-data-commons-3.2.5.jar:/home/thallyssonk/.m2/repository/org/springframework/spring-orm/6.1.6/spring-orm-6.1.6.jar:/home/thallyssonk/.m2/repository/org/springframework/spring-tx/6.1.6/spring-tx-6.1.6.jar:/home/thallyssonk/.m2/repository/org/slf4j/slf4j-api/2.0.13/slf4j-api-2.0.13.jar:/home/thallyssonk/.m2/repository/org/springframework/spring-aspects/6.1.6/spring-aspects-6.1.6.jar:/home/thallyssonk/.m2/repository/org/springframework/boot/spring-boot-starter-jdbc/3.2.5/spring-boot-starter-jdbc-3.2.5.jar:/home/thallyssonk/.m2/repository/com/zaxxer/HikariCP/5.0.1/HikariCP-5.0.1.jar:/home/thallyssonk/.m2/repository/org/springframework/spring-jdbc/6.1.6/spring-jdbc-6.1.6.jar:/home/thallyssonk/.m2/repository/javax/validation/validation-api/2.0.1.Final/validation-api-2.0.1.Final.jar:/home/thallyssonk/.m2/repository/org/projectlombok/lombok/1.18.32/lombok-1.18.32.jar:/home/thallyssonk/.m2/repository/org/springframework/boot/spring-boot-starter-test/3.2.5/spring-boot-starter-test-3.2.5.jar:/home/thallyssonk/.m2/repository/org/springframework/boot/spring-boot-test/3.2.5/spring-boot-test-3.2.5.jar:/home/thallyssonk/.m2/repository/org/springframework/boot/spring-boot-test-autoconfigure/3.2.5/spring-boot-test-autoconfigure-3.2.5.jar:/home/thallyssonk/.m2/repository/com/jayway/jsonpath/json-path/2.9.0/json-path-2.9.0.jar:/home/thallyssonk/.m2/repository/jakarta/xml/bind/jakarta.xml.bind-api/4.0.2/jakarta.xml.bind-api-4.0.2.jar:/home/thallyssonk/.m2/repository/jakarta/activation/jakarta.activation-api/2.1.3/jakarta.activation-api-2.1.3.jar:/home/thallyssonk/.m2/repository/net/minidev/json-smart/2.5.1/json-smart-2.5.1.jar:/home/thallyssonk/.m2/repository/net/minidev/accessors-smart/2.5.1/accessors-smart-2.5.1.jar:/home/thallyssonk/.m2/repository/org/ow2/asm/asm/9.6/asm-9.6.jar:/home/thallyssonk/.m2/repository/org/assertj/assertj-core/3.24.2/assertj-core-3.24.2.jar:/home/thallyssonk/.m2/repository/org/awaitility/awaitility/4.2.1/awaitility-4.2.1.jar:/home/thallyssonk/.m2/repository/org/hamcrest/hamcrest/2.2/hamcrest-2.2.jar:/home/thallyssonk/.m2/repository/org/junit/jupiter/junit-jupiter/5.10.2/junit-jupiter-5.10.2.jar:/home/thallyssonk/.m2/repository/org/junit/jupiter/junit-jupiter-api/5.10.2/junit-jupiter-api-5.10.2.jar:/home/thallyssonk/.m2/repository/org/opentest4j/opentest4j/1.3.0/opentest4j-1.3.0.jar:/home/thallyssonk/.m2/repository/org/junit/platform/junit-platform-commons/1.10.2/junit-platform-commons-1.10.2.jar:/home/thallyssonk/.m2/repository/org/apiguardian/apiguardian-api/1.1.2/apiguardian-api-1.1.2.jar:/home/thallyssonk/.m2/repository/org/junit/jupiter/junit-jupiter-params/5.10.2/junit-jupiter-params-5.10.2.jar:/home/thallyssonk/.m2/repository/org/junit/jupiter/junit-jupiter-engine/5.10.2/junit-jupiter-engine-5.10.2.jar:/home/thallyssonk/.m2/repository/org/junit/platform/junit-platform-engine/1.10.2/junit-platform-engine-1.10.2.jar:/home/thallyssonk/.m2/repository/org/mockito/mockito-core/5.7.0/mockito-core-5.7.0.jar:/home/thallyssonk/.m2/repository/net/bytebuddy/byte-buddy-agent/1.14.13/byte-buddy-agent-1.14.13.jar:/home/thallyssonk/.m2/repository/org/objenesis/objenesis/3.3/objenesis-3.3.jar:/home/thallyssonk/.m2/repository/org/mockito/mockito-junit-jupiter/5.7.0/mockito-junit-jupiter-5.7.0.jar:/home/thallyssonk/.m2/repository/org/skyscreamer/jsonassert/1.5.1/jsonassert-1.5.1.jar:/home/thallyssonk/.m2/repository/com/vaadin/external/google/android-json/0.0.20131108.vaadin1/android-json-0.0.20131108.vaadin1.jar:/home/thallyssonk/.m2/repository/org/springframework/spring-core/6.1.6/spring-core-6.1.6.jar:/home/thallyssonk/.m2/repository/org/springframework/spring-jcl/6.1.6/spring-jcl-6.1.6.jar:/home/thallyssonk/.m2/repository/org/springframework/spring-test/6.1.6/spring-test-6.1.6.jar:/home/thallyssonk/.m2/repository/org/xmlunit/xmlunit-core/2.9.1/xmlunit-core-2.9.1.jar:/home/thallyssonk/.m2/repository/com/datadoghq/dd-java-agent/1.34.0/dd-java-agent-1.34.0.jar:/home/thallyssonk/.m2/repository/com/datadoghq/dd-trace-api/1.34.0/dd-trace-api-1.34.0.jar:/home/thallyssonk/.m2/repository/com/github/ben-manes/caffeine/caffeine/3.1.8/caffeine-3.1.8.jar:/home/thallyssonk/.m2/repository/org/checkerframework/checker-qual/3.37.0/checker-qual-3.37.0.jar:/home/thallyssonk/.m2/repository/com/google/errorprone/error_prone_annotations/2.21.1/error_prone_annotations-2.21.1.jar:/home/thallyssonk/.m2/repository/org/springframework/boot/spring-boot-starter-cache/3.2.5/spring-boot-starter-cache-3.2.5.jar:/home/thallyssonk/.m2/repository/org/springframework/spring-context-support/6.1.6/spring-context-support-6.1.6.jar:/home/thallyssonk/.m2/repository/com/datadoghq/java-dogstatsd-client/4.3.0/java-dogstatsd-client-4.3.0.jar:/home/thallyssonk/.m2/repository/com/github/jnr/jnr-unixsocket/0.36/jnr-unixsocket-0.36.jar:/home/thallyssonk/.m2/repository/com/github/jnr/jnr-ffi/2.1.16/jnr-ffi-2.1.16.jar:/home/thallyssonk/.m2/repository/com/github/jnr/jffi/1.2.23/jffi-1.2.23.jar:/home/thallyssonk/.m2/repository/com/github/jnr/jffi/1.2.23/jffi-1.2.23-native.jar:/home/thallyssonk/.m2/repository/org/ow2/asm/asm-commons/7.1/asm-commons-7.1.jar:/home/thallyssonk/.m2/repository/org/ow2/asm/asm-analysis/7.1/asm-analysis-7.1.jar:/home/thallyssonk/.m2/repository/org/ow2/asm/asm-tree/7.1/asm-tree-7.1.jar:/home/thallyssonk/.m2/repository/org/ow2/asm/asm-util/7.1/asm-util-7.1.jar:/home/thallyssonk/.m2/repository/com/github/jnr/jnr-a64asm/1.0.0/jnr-a64asm-1.0.0.jar:/home/thallyssonk/.m2/repository/com/github/jnr/jnr-x86asm/1.0.2/jnr-x86asm-1.0.2.jar:/home/thallyssonk/.m2/repository/com/github/jnr/jnr-constants/0.9.17/jnr-constants-0.9.17.jar:/home/thallyssonk/.m2/repository/com/github/jnr/jnr-enxio/0.30/jnr-enxio-0.30.jar:/home/thallyssonk/.m2/repository/com/github/jnr/jnr-posix/3.0.61/jnr-posix-3.0.61.jar:/home/thallyssonk/.m2/repository/com/h2database/h2/2.2.224/h2-2.2.224.jar:"/>
    <property name="java.vm.vendor" value="Ubuntu"/>
    <property name="sun.arch.data.model" value="64"/>
    <property name="java.vendor.url" value="https://ubuntu.com/"/>
    <property name="user.timezone" value="America/Sao_Paulo"/>
    <property name="org.jboss.logging.provider" value="slf4j"/>
    <property name="os.name" value="Linux"/>
    <property name="java.vm.specification.version" value="17"/>
    <property name="sun.java.launcher" value="SUN_STANDARD"/>
    <property name="user.country" value="BR"/>
    <property name="sun.boot.library.path" value="/usr/lib/jvm/java-17-openjdk-amd64/lib"/>
    <property name="sun.java.command" value="/home/thallyssonk/Área de trabalho/CurrentProjects/TesteTecnicoWeFin/person-service/target/surefire/surefirebooter-20240520152258940_3.jar /home/thallyssonk/Área de trabalho/CurrentProjects/TesteTecnicoWeFin/person-service/target/surefire 2024-05-20T15-22-58_854-jvmRun1 surefire-20240520152258940_1tmp surefire_0-20240520152258940_2tmp"/>
    <property name="jdk.debug" value="release"/>
    <property name="surefire.test.class.path" value="/home/thallyssonk/Área de trabalho/CurrentProjects/TesteTecnicoWeFin/person-service/target/test-classes:/home/thallyssonk/Área de trabalho/CurrentProjects/TesteTecnicoWeFin/person-service/target/classes:/home/thallyssonk/.m2/repository/org/springframework/boot/spring-boot-starter-web/3.2.5/spring-boot-starter-web-3.2.5.jar:/home/thallyssonk/.m2/repository/org/springframework/boot/spring-boot-starter/3.2.5/spring-boot-starter-3.2.5.jar:/home/thallyssonk/.m2/repository/org/springframework/boot/spring-boot/3.2.5/spring-boot-3.2.5.jar:/home/thallyssonk/.m2/repository/org/springframework/boot/spring-boot-autoconfigure/3.2.5/spring-boot-autoconfigure-3.2.5.jar:/home/thallyssonk/.m2/repository/org/springframework/boot/spring-boot-starter-logging/3.2.5/spring-boot-starter-logging-3.2.5.jar:/home/thallyssonk/.m2/repository/ch/qos/logback/logback-classic/1.4.14/logback-classic-1.4.14.jar:/home/thallyssonk/.m2/repository/ch/qos/logback/logback-core/1.4.14/logback-core-1.4.14.jar:/home/thallyssonk/.m2/repository/org/apache/logging/log4j/log4j-to-slf4j/2.21.1/log4j-to-slf4j-2.21.1.jar:/home/thallyssonk/.m2/repository/org/apache/logging/log4j/log4j-api/2.21.1/log4j-api-2.21.1.jar:/home/thallyssonk/.m2/repository/org/slf4j/jul-to-slf4j/2.0.13/jul-to-slf4j-2.0.13.jar:/home/thallyssonk/.m2/repository/jakarta/annotation/jakarta.annotation-api/2.1.1/jakarta.annotation-api-2.1.1.jar:/home/thallyssonk/.m2/repository/org/yaml/snakeyaml/2.2/snakeyaml-2.2.jar:/home/thallyssonk/.m2/repository/org/springframework/boot/spring-boot-starter-json/3.2.5/spring-boot-starter-json-3.2.5.jar:/home/thallyssonk/.m2/repository/com/fasterxml/jackson/core/jackson-databind/2.15.4/jackson-databind-2.15.4.jar:/home/thallyssonk/.m2/repository/com/fasterxml/jackson/core/jackson-annotations/2.15.4/jackson-annotations-2.15.4.jar:/home/thallyssonk/.m2/repository/com/fasterxml/jackson/core/jackson-core/2.15.4/jackson-core-2.15.4.jar:/home/thallyssonk/.m2/repository/com/fasterxml/jackson/datatype/jackson-datatype-jdk8/2.15.4/jackson-datatype-jdk8-2.15.4.jar:/home/thallyssonk/.m2/repository/com/fasterxml/jackson/datatype/jackson-datatype-jsr310/2.15.4/jackson-datatype-jsr310-2.15.4.jar:/home/thallyssonk/.m2/repository/com/fasterxml/jackson/module/jackson-module-parameter-names/2.15.4/jackson-module-parameter-names-2.15.4.jar:/home/thallyssonk/.m2/repository/org/springframework/boot/spring-boot-starter-tomcat/3.2.5/spring-boot-starter-tomcat-3.2.5.jar:/home/thallyssonk/.m2/repository/org/apache/tomcat/embed/tomcat-embed-core/10.1.20/tomcat-embed-core-10.1.20.jar:/home/thallyssonk/.m2/repository/org/apache/tomcat/embed/tomcat-embed-el/10.1.20/tomcat-embed-el-10.1.20.jar:/home/thallyssonk/.m2/repository/org/apache/tomcat/embed/tomcat-embed-websocket/10.1.20/tomcat-embed-websocket-10.1.20.jar:/home/thallyssonk/.m2/repository/org/springframework/spring-web/6.1.6/spring-web-6.1.6.jar:/home/thallyssonk/.m2/repository/org/springframework/spring-beans/6.1.6/spring-beans-6.1.6.jar:/home/thallyssonk/.m2/repository/io/micrometer/micrometer-observation/1.12.5/micrometer-observation-1.12.5.jar:/home/thallyssonk/.m2/repository/io/micrometer/micrometer-commons/1.12.5/micrometer-commons-1.12.5.jar:/home/thallyssonk/.m2/repository/org/springframework/spring-webmvc/6.1.6/spring-webmvc-6.1.6.jar:/home/thallyssonk/.m2/repository/org/springframework/spring-aop/6.1.6/spring-aop-6.1.6.jar:/home/thallyssonk/.m2/repository/org/springframework/spring-context/6.1.6/spring-context-6.1.6.jar:/home/thallyssonk/.m2/repository/org/springframework/spring-expression/6.1.6/spring-expression-6.1.6.jar:/home/thallyssonk/.m2/repository/com/mysql/mysql-connector-j/8.0.33/mysql-connector-j-8.0.33.jar:/home/thallyssonk/.m2/repository/org/springframework/cloud/spring-cloud-starter/4.1.2/spring-cloud-starter-4.1.2.jar:/home/thallyssonk/.m2/repository/org/springframework/cloud/spring-cloud-context/4.1.2/spring-cloud-context-4.1.2.jar:/home/thallyssonk/.m2/repository/org/springframework/security/spring-security-crypto/6.2.4/spring-security-crypto-6.2.4.jar:/home/thallyssonk/.m2/repository/org/springframework/cloud/spring-cloud-commons/4.1.2/spring-cloud-commons-4.1.2.jar:/home/thallyssonk/.m2/repository/org/springframework/security/spring-security-rsa/1.1.2/spring-security-rsa-1.1.2.jar:/home/thallyssonk/.m2/repository/org/bouncycastle/bcprov-jdk18on/1.77/bcprov-jdk18on-1.77.jar:/home/thallyssonk/.m2/repository/org/springframework/boot/spring-boot-starter-data-jpa/3.2.5/spring-boot-starter-data-jpa-3.2.5.jar:/home/thallyssonk/.m2/repository/org/springframework/boot/spring-boot-starter-aop/3.2.5/spring-boot-starter-aop-3.2.5.jar:/home/thallyssonk/.m2/repository/org/aspectj/aspectjweaver/1.9.22/aspectjweaver-1.9.22.jar:/home/thallyssonk/.m2/repository/org/hibernate/orm/hibernate-core/6.4.4.Final/hibernate-core-6.4.4.Final.jar:/home/thallyssonk/.m2/repository/jakarta/persistence/jakarta.persistence-api/3.1.0/jakarta.persistence-api-3.1.0.jar:/home/thallyssonk/.m2/repository/jakarta/transaction/jakarta.transaction-api/2.0.1/jakarta.transaction-api-2.0.1.jar:/home/thallyssonk/.m2/repository/org/jboss/logging/jboss-logging/3.5.3.Final/jboss-logging-3.5.3.Final.jar:/home/thallyssonk/.m2/repository/org/hibernate/common/hibernate-commons-annotations/6.0.6.Final/hibernate-commons-annotations-6.0.6.Final.jar:/home/thallyssonk/.m2/repository/io/smallrye/jandex/3.1.2/jandex-3.1.2.jar:/home/thallyssonk/.m2/repository/com/fasterxml/classmate/1.6.0/classmate-1.6.0.jar:/home/thallyssonk/.m2/repository/net/bytebuddy/byte-buddy/1.14.13/byte-buddy-1.14.13.jar:/home/thallyssonk/.m2/repository/org/glassfish/jaxb/jaxb-runtime/4.0.5/jaxb-runtime-4.0.5.jar:/home/thallyssonk/.m2/repository/org/glassfish/jaxb/jaxb-core/4.0.5/jaxb-core-4.0.5.jar:/home/thallyssonk/.m2/repository/org/eclipse/angus/angus-activation/2.0.2/angus-activation-2.0.2.jar:/home/thallyssonk/.m2/repository/org/glassfish/jaxb/txw2/4.0.5/txw2-4.0.5.jar:/home/thallyssonk/.m2/repository/com/sun/istack/istack-commons-runtime/4.1.2/istack-commons-runtime-4.1.2.jar:/home/thallyssonk/.m2/repository/jakarta/inject/jakarta.inject-api/2.0.1/jakarta.inject-api-2.0.1.jar:/home/thallyssonk/.m2/repository/org/antlr/antlr4-runtime/4.13.0/antlr4-runtime-4.13.0.jar:/home/thallyssonk/.m2/repository/org/springframework/data/spring-data-jpa/3.2.5/spring-data-jpa-3.2.5.jar:/home/thallyssonk/.m2/repository/org/springframework/data/spring-data-commons/3.2.5/spring-data-commons-3.2.5.jar:/home/thallyssonk/.m2/repository/org/springframework/spring-orm/6.1.6/spring-orm-6.1.6.jar:/home/thallyssonk/.m2/repository/org/springframework/spring-tx/6.1.6/spring-tx-6.1.6.jar:/home/thallyssonk/.m2/repository/org/slf4j/slf4j-api/2.0.13/slf4j-api-2.0.13.jar:/home/thallyssonk/.m2/repository/org/springframework/spring-aspects/6.1.6/spring-aspects-6.1.6.jar:/home/thallyssonk/.m2/repository/org/springframework/boot/spring-boot-starter-jdbc/3.2.5/spring-boot-starter-jdbc-3.2.5.jar:/home/thallyssonk/.m2/repository/com/zaxxer/HikariCP/5.0.1/HikariCP-5.0.1.jar:/home/thallyssonk/.m2/repository/org/springframework/spring-jdbc/6.1.6/spring-jdbc-6.1.6.jar:/home/thallyssonk/.m2/repository/javax/validation/validation-api/2.0.1.Final/validation-api-2.0.1.Final.jar:/home/thallyssonk/.m2/repository/org/projectlombok/lombok/1.18.32/lombok-1.18.32.jar:/home/thallyssonk/.m2/repository/org/springframework/boot/spring-boot-starter-test/3.2.5/spring-boot-starter-test-3.2.5.jar:/home/thallyssonk/.m2/repository/org/springframework/boot/spring-boot-test/3.2.5/spring-boot-test-3.2.5.jar:/home/thallyssonk/.m2/repository/org/springframework/boot/spring-boot-test-autoconfigure/3.2.5/spring-boot-test-autoconfigure-3.2.5.jar:/home/thallyssonk/.m2/repository/com/jayway/jsonpath/json-path/2.9.0/json-path-2.9.0.jar:/home/thallyssonk/.m2/repository/jakarta/xml/bind/jakarta.xml.bind-api/4.0.2/jakarta.xml.bind-api-4.0.2.jar:/home/thallyssonk/.m2/repository/jakarta/activation/jakarta.activation-api/2.1.3/jakarta.activation-api-2.1.3.jar:/home/thallyssonk/.m2/repository/net/minidev/json-smart/2.5.1/json-smart-2.5.1.jar:/home/thallyssonk/.m2/repository/net/minidev/accessors-smart/2.5.1/accessors-smart-2.5.1.jar:/home/thallyssonk/.m2/repository/org/ow2/asm/asm/9.6/asm-9.6.jar:/home/thallyssonk/.m2/repository/org/assertj/assertj-core/3.24.2/assertj-core-3.24.2.jar:/home/thallyssonk/.m2/repository/org/awaitility/awaitility/4.2.1/awaitility-4.2.1.jar:/home/thallyssonk/.m2/repository/org/hamcrest/hamcrest/2.2/hamcrest-2.2.jar:/home/thallyssonk/.m2/repository/org/junit/jupiter/junit-jupiter/5.10.2/junit-jupiter-5.10.2.jar:/home/thallyssonk/.m2/repository/org/junit/jupiter/junit-jupiter-api/5.10.2/junit-jupiter-api-5.10.2.jar:/home/thallyssonk/.m2/repository/org/opentest4j/opentest4j/1.3.0/opentest4j-1.3.0.jar:/home/thallyssonk/.m2/repository/org/junit/platform/junit-platform-commons/1.10.2/junit-platform-commons-1.10.2.jar:/home/thallyssonk/.m2/repository/org/apiguardian/apiguardian-api/1.1.2/apiguardian-api-1.1.2.jar:/home/thallyssonk/.m2/repository/org/junit/jupiter/junit-jupiter-params/5.10.2/junit-jupiter-params-5.10.2.jar:/home/thallyssonk/.m2/repository/org/junit/jupiter/junit-jupiter-engine/5.10.2/junit-jupiter-engine-5.10.2.jar:/home/thallyssonk/.m2/repository/org/junit/platform/junit-platform-engine/1.10.2/junit-platform-engine-1.10.2.jar:/home/thallyssonk/.m2/repository/org/mockito/mockito-core/5.7.0/mockito-core-5.7.0.jar:/home/thallyssonk/.m2/repository/net/bytebuddy/byte-buddy-agent/1.14.13/byte-buddy-agent-1.14.13.jar:/home/thallyssonk/.m2/repository/org/objenesis/objenesis/3.3/objenesis-3.3.jar:/home/thallyssonk/.m2/repository/org/mockito/mockito-junit-jupiter/5.7.0/mockito-junit-jupiter-5.7.0.jar:/home/thallyssonk/.m2/repository/org/skyscreamer/jsonassert/1.5.1/jsonassert-1.5.1.jar:/home/thallyssonk/.m2/repository/com/vaadin/external/google/android-json/0.0.20131108.vaadin1/android-json-0.0.20131108.vaadin1.jar:/home/thallyssonk/.m2/repository/org/springframework/spring-core/6.1.6/spring-core-6.1.6.jar:/home/thallyssonk/.m2/repository/org/springframework/spring-jcl/6.1.6/spring-jcl-6.1.6.jar:/home/thallyssonk/.m2/repository/org/springframework/spring-test/6.1.6/spring-test-6.1.6.jar:/home/thallyssonk/.m2/repository/org/xmlunit/xmlunit-core/2.9.1/xmlunit-core-2.9.1.jar:/home/thallyssonk/.m2/repository/com/datadoghq/dd-java-agent/1.34.0/dd-java-agent-1.34.0.jar:/home/thallyssonk/.m2/repository/com/datadoghq/dd-trace-api/1.34.0/dd-trace-api-1.34.0.jar:/home/thallyssonk/.m2/repository/com/github/ben-manes/caffeine/caffeine/3.1.8/caffeine-3.1.8.jar:/home/thallyssonk/.m2/repository/org/checkerframework/checker-qual/3.37.0/checker-qual-3.37.0.jar:/home/thallyssonk/.m2/repository/com/google/errorprone/error_prone_annotations/2.21.1/error_prone_annotations-2.21.1.jar:/home/thallyssonk/.m2/repository/org/springframework/boot/spring-boot-starter-cache/3.2.5/spring-boot-starter-cache-3.2.5.jar:/home/thallyssonk/.m2/repository/org/springframework/spring-context-support/6.1.6/spring-context-support-6.1.6.jar:/home/thallyssonk/.m2/repository/com/datadoghq/java-dogstatsd-client/4.3.0/java-dogstatsd-client-4.3.0.jar:/home/thallyssonk/.m2/repository/com/github/jnr/jnr-unixsocket/0.36/jnr-unixsocket-0.36.jar:/home/thallyssonk/.m2/repository/com/github/jnr/jnr-ffi/2.1.16/jnr-ffi-2.1.16.jar:/home/thallyssonk/.m2/repository/com/github/jnr/jffi/1.2.23/jffi-1.2.23.jar:/home/thallyssonk/.m2/repository/com/github/jnr/jffi/1.2.23/jffi-1.2.23-native.jar:/home/thallyssonk/.m2/repository/org/ow2/asm/asm-commons/7.1/asm-commons-7.1.jar:/home/thallyssonk/.m2/repository/org/ow2/asm/asm-analysis/7.1/asm-analysis-7.1.jar:/home/thallyssonk/.m2/repository/org/ow2/asm/asm-tree/7.1/asm-tree-7.1.jar:/home/thallyssonk/.m2/repository/org/ow2/asm/asm-util/7.1/asm-util-7.1.jar:/home/thallyssonk/.m2/repository/com/github/jnr/jnr-a64asm/1.0.0/jnr-a64asm-1.0.0.jar:/home/thallyssonk/.m2/repository/com/github/jnr/jnr-x86asm/1.0.2/jnr-x86asm-1.0.2.jar:/home/thallyssonk/.m2/repository/com/github/jnr/jnr-constants/0.9.17/jnr-constants-0.9.17.jar:/home/thallyssonk/.m2/repository/com/github/jnr/jnr-enxio/0.30/jnr-enxio-0.30.jar:/home/thallyssonk/.m2/repository/com/github/jnr/jnr-posix/3.0.61/jnr-posix-3.0.61.jar:/home/thallyssonk/.m2/repository/com/h2database/h2/2.2.224/h2-2.2.224.jar:"/>
    <property name="sun.cpu.endian" value="little"/>
    <property name="user.home" value="/home/thallyssonk"/>
    <property name="user.language" value="pt"/>
    <property name="java.specification.vendor" value="Oracle Corporation"/>
    <property name="java.version.date" value="2024-04-16"/>
    <property name="java.home" value="/usr/lib/jvm/java-17-openjdk-amd64"/>
    <property name="file.separator" value="/"/>
    <property name="basedir" value="/home/thallyssonk/Área de trabalho/CurrentProjects/TesteTecnicoWeFin/person-service"/>
    <property name="java.vm.compressedOopsMode" value="Zero based"/>
    <property name="line.separator" value="&#10;"/>
    <property name="java.specification.name" value="Java Platform API Specification"/>
    <property name="java.vm.specification.vendor" value="Oracle Corporation"/>
    <property name="FILE_LOG_CHARSET" value="UTF-8"/>
    <property name="java.awt.headless" value="true"/>
    <property name="surefire.real.class.path" value="/home/thallyssonk/Área de trabalho/CurrentProjects/TesteTecnicoWeFin/person-service/target/surefire/surefirebooter-20240520152258940_3.jar"/>
    <property name="sun.management.compiler" value="HotSpot 64-Bit Tiered Compilers"/>
    <property name="java.runtime.version" value="17.0.11+9-Ubuntu-1"/>
    <property name="user.name" value="thallyssonk"/>
    <property name="path.separator" value=":"/>
    <property name="os.version" value="6.8.0-31-generic"/>
    <property name="java.runtime.name" value="OpenJDK Runtime Environment"/>
    <property name="file.encoding" value="UTF-8"/>
    <property name="java.vm.name" value="OpenJDK 64-Bit Server VM"/>
    <property name="localRepository" value="/home/thallyssonk/.m2/repository"/>
    <property name="java.vendor.url.bug" value="https://bugs.launchpad.net/ubuntu/+source/openjdk-17"/>
    <property name="java.io.tmpdir" value="/tmp"/>
    <property name="idea.version" value="2024.1.1"/>
    <property name="com.zaxxer.hikari.pool_number" value="1"/>
    <property name="java.version" value="17.0.11"/>
    <property name="user.dir" value="/home/thallyssonk/Área de trabalho/CurrentProjects/TesteTecnicoWeFin/person-service"/>
    <property name="os.arch" value="amd64"/>
    <property name="java.vm.specification.name" value="Java Virtual Machine Specification"/>
    <property name="PID" value="729111"/>
    <property name="CONSOLE_LOG_CHARSET" value="UTF-8"/>
    <property name="native.encoding" value="UTF-8"/>
    <property name="java.library.path" value="/usr/java/packages/lib:/usr/lib/x86_64-linux-gnu/jni:/lib/x86_64-linux-gnu:/usr/lib/x86_64-linux-gnu:/usr/lib/jni:/lib:/usr/lib"/>
    <property name="java.vm.info" value="mixed mode, sharing"/>
    <property name="java.vendor" value="Ubuntu"/>
    <property name="java.vm.version" value="17.0.11+9-Ubuntu-1"/>
    <property name="sun.io.unicode.encoding" value="UnicodeLittle"/>
    <property name="java.class.version" value="61.0"/>
    <property name="LOGGED_APPLICATION_NAME" value="[person-service] "/>
  </properties>
  <testcase name="contextLoads" classname="com.srmasset.ApplicationTests" time="0.039">
    <system-out><![CDATA[15:22:59.558 [main] INFO org.springframework.test.context.support.AnnotationConfigContextLoaderUtils -- Could not detect default configuration classes for test class [com.srmasset.ApplicationTests]: ApplicationTests does not declare any static, non-private, non-final, nested classes annotated with @Configuration.
15:22:59.650 [main] INFO org.springframework.boot.test.context.SpringBootTestContextBootstrapper -- Found @SpringBootConfiguration com.srmasset.Application for test class com.srmasset.ApplicationTests

  .   ____          _            __ _ _
 /\\ / ___'_ __ _ _(_)_ __  __ _ \ \ \ \
( ( )\___ | '_ | '_| | '_ \/ _` | \ \ \ \
 \\/  ___)| |_)| | | | | || (_| |  ) ) ) )
  '  |____| .__|_| |_|_| |_\__, | / / / /
 =========|_|==============|___/=/_/_/_/
 :: Spring Boot ::                (v3.2.5)

2024-05-20T15:23:00.152-03:00  INFO 729111 --- [person-service] [           main] com.srmasset.ApplicationTests            : Starting ApplicationTests using Java 17.0.11 with PID 729111 (started by thallyssonk in /home/thallyssonk/Área de trabalho/CurrentProjects/TesteTecnicoWeFin/person-service)
2024-05-20T15:23:00.153-03:00 DEBUG 729111 --- [person-service] [           main] com.srmasset.ApplicationTests            : Running with Spring Boot v3.2.5, Spring v6.1.6
2024-05-20T15:23:00.154-03:00  INFO 729111 --- [person-service] [           main] com.srmasset.ApplicationTests            : The following 1 profile is active: "test"
2024-05-20T15:23:00.155-03:00 DEBUG 729111 --- [person-service] [           main] o.s.boot.SpringApplication               : Loading source class com.srmasset.Application
2024-05-20T15:23:00.192-03:00 DEBUG 729111 --- [person-service] [           main] o.s.w.c.s.GenericWebApplicationContext   : Refreshing org.springframework.web.context.support.GenericWebApplicationContext@38600b
2024-05-20T15:23:00.210-03:00 DEBUG 729111 --- [person-service] [           main] o.s.b.f.s.DefaultListableBeanFactory     : Creating shared instance of singleton bean 'org.springframework.context.annotation.internalConfigurationAnnotationProcessor'
2024-05-20T15:23:00.220-03:00 DEBUG 729111 --- [person-service] [           main] o.s.b.f.s.DefaultListableBeanFactory     : Creating shared instance of singleton bean 'org.springframework.boot.autoconfigure.internalCachingMetadataReaderFactory'
2024-05-20T15:23:00.248-03:00 DEBUG 729111 --- [person-service] [           main] o.s.c.a.ClassPathBeanDefinitionScanner   : Identified candidate component class: file [/home/thallyssonk/Área de trabalho/CurrentProjects/TesteTecnicoWeFin/person-service/target/classes/com/srmasset/adapters/inbound/http/InboundPersonAdapter.class]
2024-05-20T15:23:00.253-03:00 DEBUG 729111 --- [person-service] [           main] o.s.c.a.ClassPathBeanDefinitionScanner   : Identified candidate component class: file [/home/thallyssonk/Área de trabalho/CurrentProjects/TesteTecnicoWeFin/person-service/target/classes/com/srmasset/adapters/outbound/database/OutboundConfigAdapter.class]
2024-05-20T15:23:00.254-03:00 DEBUG 729111 --- [person-service] [           main] o.s.c.a.ClassPathBeanDefinitionScanner   : Identified candidate component class: file [/home/thallyssonk/Área de trabalho/CurrentProjects/TesteTecnicoWeFin/person-service/target/classes/com/srmasset/adapters/outbound/database/OutboundPersonAdapter.class]
2024-05-20T15:23:00.264-03:00 DEBUG 729111 --- [person-service] [           main] o.s.c.a.ClassPathBeanDefinitionScanner   : Identified candidate component class: file [/home/thallyssonk/Área de trabalho/CurrentProjects/TesteTecnicoWeFin/person-service/target/classes/com/srmasset/config/TestConfiguration.class]
2024-05-20T15:23:00.266-03:00 DEBUG 729111 --- [person-service] [           main] o.s.c.a.ClassPathBeanDefinitionScanner   : Identified candidate component class: file [/home/thallyssonk/Área de trabalho/CurrentProjects/TesteTecnicoWeFin/person-service/target/classes/com/srmasset/domain/person/service/PersonService.class]
2024-05-20T15:23:00.271-03:00 DEBUG 729111 --- [person-service] [           main] o.s.c.a.ClassPathBeanDefinitionScanner   : Identified candidate component class: file [/home/thallyssonk/Área de trabalho/CurrentProjects/TesteTecnicoWeFin/person-service/target/classes/com/srmasset/ports/inbound/http/controllers/GlobalErrorHandler.class]
2024-05-20T15:23:00.279-03:00 DEBUG 729111 --- [person-service] [           main] o.s.c.a.ClassPathBeanDefinitionScanner   : Identified candidate component class: file [/home/thallyssonk/Área de trabalho/CurrentProjects/TesteTecnicoWeFin/person-service/target/classes/com/srmasset/ports/inbound/http/controllers/PersonController.class]
2024-05-20T15:23:00.284-03:00 DEBUG 729111 --- [person-service] [           main] o.s.c.a.ClassPathBeanDefinitionScanner   : Ignored because not a concrete top-level class: file [/home/thallyssonk/Área de trabalho/CurrentProjects/TesteTecnicoWeFin/person-service/target/classes/com/srmasset/ports/outbound/database/config/OutboundConfigRepositoryPort.class]
2024-05-20T15:23:00.285-03:00 DEBUG 729111 --- [person-service] [           main] o.s.c.a.ClassPathBeanDefinitionScanner   : Ignored because not a concrete top-level class: file [/home/thallyssonk/Área de trabalho/CurrentProjects/TesteTecnicoWeFin/person-service/target/classes/com/srmasset/ports/outbound/database/person/OutboundPersonRepositoryPort.class]
2024-05-20T15:23:00.286-03:00 DEBUG 729111 --- [person-service] [           main] o.s.c.a.ClassPathBeanDefinitionScanner   : Identified candidate component class: file [/home/thallyssonk/Área de trabalho/CurrentProjects/TesteTecnicoWeFin/person-service/target/classes/com/srmasset/ports/outbound/observability/MetricCollector.class]
2024-05-20T15:23:00.876-03:00  INFO 729111 --- [person-service] [           main] .s.d.r.c.RepositoryConfigurationDelegate : Bootstrapping Spring Data JPA repositories in DEFAULT mode.
2024-05-20T15:23:00.889-03:00 DEBUG 729111 --- [person-service] [           main] o.s.b.f.s.DefaultListableBeanFactory     : Creating shared instance of singleton bean 'org.springframework.boot.autoconfigure.AutoConfigurationPackages'
2024-05-20T15:23:00.896-03:00 DEBUG 729111 --- [person-service] [           main] o.s.b.a.AutoConfigurationPackages        : @EnableAutoConfiguration was declared on a class in the package 'com.srmasset'. Automatic @Repository and @Entity scanning is enabled.
2024-05-20T15:23:00.897-03:00 DEBUG 729111 --- [person-service] [           main] .s.d.r.c.RepositoryConfigurationDelegate : Scanning for JPA repositories in packages com.srmasset.
2024-05-20T15:23:00.911-03:00 DEBUG 729111 --- [person-service] [           main] o.s.d.r.c.RepositoryComponentProvider    : Identified candidate component class: file [/home/thallyssonk/Área de trabalho/CurrentProjects/TesteTecnicoWeFin/person-service/target/classes/com/srmasset/ports/outbound/database/config/OutboundConfigRepositoryPort.class]
2024-05-20T15:23:00.912-03:00 DEBUG 729111 --- [person-service] [           main] o.s.d.r.c.RepositoryComponentProvider    : Identified candidate component class: file [/home/thallyssonk/Área de trabalho/CurrentProjects/TesteTecnicoWeFin/person-service/target/classes/com/srmasset/ports/outbound/database/person/OutboundPersonRepositoryPort.class]
2024-05-20T15:23:00.934-03:00 DEBUG 729111 --- [person-service] [           main] ssPathScanningCandidateComponentProvider : Identified candidate component class: file [/home/thallyssonk/Área de trabalho/CurrentProjects/TesteTecnicoWeFin/person-service/target/classes/com/srmasset/ports/inbound/http/validator/impl/ValidDateImpl.class]
2024-05-20T15:23:00.934-03:00 DEBUG 729111 --- [person-service] [           main] ssPathScanningCandidateComponentProvider : Identified candidate component class: file [/home/thallyssonk/Área de trabalho/CurrentProjects/TesteTecnicoWeFin/person-service/target/classes/com/srmasset/ports/inbound/http/validator/impl/ValidIdentifierImpl.class]
2024-05-20T15:23:00.946-03:00  INFO 729111 --- [person-service] [           main] .s.d.r.c.RepositoryConfigurationDelegate : Finished Spring Data repository scanning in 46 ms. Found 2 JPA repository interfaces.
2024-05-20T15:23:01.037-03:00 DEBUG 729111 --- [person-service] [           main] o.s.b.f.s.DefaultListableBeanFactory     : Creating shared instance of singleton bean 'refreshScope'
2024-05-20T15:23:01.039-03:00 DEBUG 729111 --- [person-service] [           main] o.s.b.f.s.DefaultListableBeanFactory     : Creating shared instance of singleton bean 'org.springframework.cloud.autoconfigure.RefreshAutoConfiguration$RefreshScopeBeanDefinitionEnhancer'
2024-05-20T15:23:01.113-03:00 DEBUG 729111 --- [person-service] [           main] o.s.cloud.context.scope.GenericScope     : Generating bean factory id from names: [application, applicationAvailability, applicationTaskExecutor, basicErrorController, beanNameHandlerMapping, beanNameViewResolver, cacheAutoConfigurationValidator, cacheInterceptor, cacheManager, cacheManagerCustomizers, cacheOperationSource, characterEncodingFilter, compositeCompatibilityVerifier, compositeDiscoveryClient, configDataContextRefresher, configurationPropertiesBeans, configurationPropertiesRebinder, conventionErrorViewResolver, data-jpa.repository-aot-processor#0, dataSource, defaultServletHandlerMapping, defaultViewResolver, defaultsBindHandlerAdvisor, dispatcherServlet, dispatcherServletRegistration, emBeanDefinitionRegistrarPostProcessor, entityManagerFactory, entityManagerFactoryBuilder, environmentManager, error, errorAttributes, errorPageCustomizer, errorPageRegistrarBeanPostProcessor, fileWatcher, flashMapManager, formContentFilter, globalErrorHandler, handlerExceptionResolver, handlerFunctionAdapter, hikariPoolDataSourceMetadataProvider, httpMessageConvertersRestClientCustomizer, httpRequestHandlerAdapter, inboundPersonAdapter, inetUtils, inetUtilsProperties, jacksonGeoModule, jacksonObjectMapper, jacksonObjectMapperBuilder, java.lang.Object, jdbcClient, jdbcConnectionDetails, jdbcConnectionDetailsHikariBeanPostProcessor, jdbcTemplate, jpa.OutboundConfigRepositoryPort.fragments#0, jpa.OutboundPersonRepositoryPort.fragments#0, jpa.named-queries#0, jpa.named-queries#1, jpaContext, jpaMappingContext, jpaSharedEM_entityManagerFactory, jpaVendorAdapter, jsonComponentModule, jsonMixinModule, jsonMixinModuleEntries, lifecycleProcessor, loadBalancerClientsDefaultsMappingsProvider, localeCharsetMappingsCustomizer, localeResolver, loggingRebinder, mappingJackson2HttpMessageConverter, messageConverters, metricCollector, multipartConfigElement, multipartResolver, mvcContentNegotiationManager, mvcConversionService, mvcHandlerMappingIntrospector, mvcPathMatcher, mvcPatternParser, mvcResourceUrlProvider, mvcUriComponentsContributor, mvcUrlPathHelper, mvcValidator, mvcViewResolver, namedParameterJdbcTemplate, offsetResolver, openEntityManagerInViewInterceptor, openEntityManagerInViewInterceptorConfigurer, org.springframework.aop.config.internalAutoProxyCreator, org.springframework.boot.autoconfigure.AutoConfigurationPackages, org.springframework.boot.autoconfigure.aop.AopAutoConfiguration, org.springframework.boot.autoconfigure.aop.AopAutoConfiguration$AspectJAutoProxyingConfiguration, org.springframework.boot.autoconfigure.aop.AopAutoConfiguration$AspectJAutoProxyingConfiguration$CglibAutoProxyConfiguration, org.springframework.boot.autoconfigure.availability.ApplicationAvailabilityAutoConfiguration, org.springframework.boot.autoconfigure.cache.CacheAutoConfiguration, org.springframework.boot.autoconfigure.cache.CacheAutoConfiguration$CacheManagerEntityManagerFactoryDependsOnPostProcessor, org.springframework.boot.autoconfigure.cache.CaffeineCacheConfiguration, org.springframework.boot.autoconfigure.context.ConfigurationPropertiesAutoConfiguration, org.springframework.boot.autoconfigure.context.LifecycleAutoConfiguration, org.springframework.boot.autoconfigure.context.PropertyPlaceholderAutoConfiguration, org.springframework.boot.autoconfigure.dao.PersistenceExceptionTranslationAutoConfiguration, org.springframework.boot.autoconfigure.data.jpa.JpaRepositoriesAutoConfiguration, org.springframework.boot.autoconfigure.data.web.SpringDataWebAutoConfiguration, org.springframework.boot.autoconfigure.http.HttpMessageConvertersAutoConfiguration, org.springframework.boot.autoconfigure.http.HttpMessageConvertersAutoConfiguration$StringHttpMessageConverterConfiguration, org.springframework.boot.autoconfigure.http.JacksonHttpMessageConvertersConfiguration, org.springframework.boot.autoconfigure.http.JacksonHttpMessageConvertersConfiguration$MappingJackson2HttpMessageConverterConfiguration, org.springframework.boot.autoconfigure.info.ProjectInfoAutoConfiguration, org.springframework.boot.autoconfigure.internalCachingMetadataReaderFactory, org.springframework.boot.autoconfigure.jackson.JacksonAutoConfiguration, org.springframework.boot.autoconfigure.jackson.JacksonAutoConfiguration$Jackson2ObjectMapperBuilderCustomizerConfiguration, org.springframework.boot.autoconfigure.jackson.JacksonAutoConfiguration$JacksonMixinConfiguration, org.springframework.boot.autoconfigure.jackson.JacksonAutoConfiguration$JacksonObjectMapperBuilderConfiguration, org.springframework.boot.autoconfigure.jackson.JacksonAutoConfiguration$JacksonObjectMapperConfiguration, org.springframework.boot.autoconfigure.jackson.JacksonAutoConfiguration$ParameterNamesModuleConfiguration, org.springframework.boot.autoconfigure.jdbc.DataSourceAutoConfiguration, org.springframework.boot.autoconfigure.jdbc.DataSourceAutoConfiguration$PooledDataSourceConfiguration, org.springframework.boot.autoconfigure.jdbc.DataSourceConfiguration$Hikari, org.springframework.boot.autoconfigure.jdbc.DataSourceTransactionManagerAutoConfiguration, org.springframework.boot.autoconfigure.jdbc.DataSourceTransactionManagerAutoConfiguration$JdbcTransactionManagerConfiguration, org.springframework.boot.autoconfigure.jdbc.JdbcClientAutoConfiguration, org.springframework.boot.autoconfigure.jdbc.JdbcTemplateAutoConfiguration, org.springframework.boot.autoconfigure.jdbc.JdbcTemplateConfiguration, org.springframework.boot.autoconfigure.jdbc.NamedParameterJdbcTemplateConfiguration, org.springframework.boot.autoconfigure.jdbc.metadata.DataSourcePoolMetadataProvidersConfiguration, org.springframework.boot.autoconfigure.jdbc.metadata.DataSourcePoolMetadataProvidersConfiguration$HikariPoolDataSourceMetadataProviderConfiguration, org.springframework.boot.autoconfigure.orm.jpa.HibernateJpaAutoConfiguration, org.springframework.boot.autoconfigure.orm.jpa.HibernateJpaConfiguration, org.springframework.boot.autoconfigure.orm.jpa.JpaBaseConfiguration$JpaWebConfiguration, org.springframework.boot.autoconfigure.orm.jpa.JpaBaseConfiguration$PersistenceManagedTypesConfiguration, org.springframework.boot.autoconfigure.ssl.SslAutoConfiguration, org.springframework.boot.autoconfigure.task.TaskExecutionAutoConfiguration, org.springframework.boot.autoconfigure.task.TaskExecutorConfigurations$SimpleAsyncTaskExecutorBuilderConfiguration, org.springframework.boot.autoconfigure.task.TaskExecutorConfigurations$TaskExecutorBuilderConfiguration, org.springframework.boot.autoconfigure.task.TaskExecutorConfigurations$TaskExecutorConfiguration, org.springframework.boot.autoconfigure.task.TaskExecutorConfigurations$ThreadPoolTaskExecutorBuilderConfiguration, org.springframework.boot.autoconfigure.task.TaskSchedulingAutoConfiguration, org.springframework.boot.autoconfigure.task.TaskSchedulingConfigurations$SimpleAsyncTaskSchedulerBuilderConfiguration, org.springframework.boot.autoconfigure.task.TaskSchedulingConfigurations$TaskSchedulerBuilderConfiguration, org.springframework.boot.autoconfigure.task.TaskSchedulingConfigurations$ThreadPoolTaskSchedulerBuilderConfiguration, org.springframework.boot.autoconfigure.transaction.TransactionAutoConfiguration, org.springframework.boot.autoconfigure.transaction.TransactionAutoConfiguration$EnableTransactionManagementConfiguration, org.springframework.boot.autoconfigure.transaction.TransactionAutoConfiguration$EnableTransactionManagementConfiguration$CglibAutoProxyConfiguration, org.springframework.boot.autoconfigure.transaction.TransactionAutoConfiguration$TransactionTemplateConfiguration, org.springframework.boot.autoconfigure.transaction.TransactionManagerCustomizationAutoConfiguration, org.springframework.boot.autoconfigure.transaction.jta.JtaAutoConfiguration, org.springframework.boot.autoconfigure.web.client.RestClientAutoConfiguration, org.springframework.boot.autoconfigure.web.client.RestTemplateAutoConfiguration, org.springframework.boot.autoconfigure.web.servlet.DispatcherServletAutoConfiguration, org.springframework.boot.autoconfigure.web.servlet.DispatcherServletAutoConfiguration$DispatcherServletConfiguration, org.springframework.boot.autoconfigure.web.servlet.DispatcherServletAutoConfiguration$DispatcherServletRegistrationConfiguration, org.springframework.boot.autoconfigure.web.servlet.HttpEncodingAutoConfiguration, org.springframework.boot.autoconfigure.web.servlet.MultipartAutoConfiguration, org.springframework.boot.autoconfigure.web.servlet.ServletWebServerFactoryAutoConfiguration, org.springframework.boot.autoconfigure.web.servlet.ServletWebServerFactoryConfiguration$EmbeddedTomcat, org.springframework.boot.autoconfigure.web.servlet.WebMvcAutoConfiguration, org.springframework.boot.autoconfigure.web.servlet.WebMvcAutoConfiguration$EnableWebMvcConfiguration, org.springframework.boot.autoconfigure.web.servlet.WebMvcAutoConfiguration$WebMvcAutoConfigurationAdapter, org.springframework.boot.autoconfigure.web.servlet.error.ErrorMvcAutoConfiguration, org.springframework.boot.autoconfigure.web.servlet.error.ErrorMvcAutoConfiguration$DefaultErrorViewResolverConfiguration, org.springframework.boot.autoconfigure.web.servlet.error.ErrorMvcAutoConfiguration$WhitelabelErrorViewConfiguration, org.springframework.boot.autoconfigure.websocket.servlet.WebSocketServletAutoConfiguration, org.springframework.boot.autoconfigure.websocket.servlet.WebSocketServletAutoConfiguration$TomcatWebSocketConfiguration, org.springframework.boot.context.internalConfigurationPropertiesBinder, org.springframework.boot.context.properties.BoundConfigurationProperties, org.springframework.boot.context.properties.ConfigurationPropertiesBindingPostProcessor, org.springframework.boot.context.properties.EnableConfigurationPropertiesRegistrar.methodValidationExcludeFilter, org.springframework.boot.sql.init.dependency.DatabaseInitializationDependencyConfigurer$DependsOnDatabaseInitializationPostProcessor, org.springframework.boot.test.mock.mockito.MockitoPostProcessor, org.springframework.boot.test.mock.mockito.MockitoPostProcessor$SpyPostProcessor, org.springframework.cache.annotation.ProxyCachingConfiguration, org.springframework.cache.config.internalCacheAdvisor, org.springframework.cloud.autoconfigure.ConfigurationPropertiesRebinderAutoConfiguration, org.springframework.cloud.autoconfigure.LifecycleMvcEndpointAutoConfiguration, org.springframework.cloud.autoconfigure.RefreshAutoConfiguration, org.springframework.cloud.autoconfigure.RefreshAutoConfiguration$RefreshScopeBeanDefinitionEnhancer, org.springframework.cloud.client.CommonsClientAutoConfiguration, org.springframework.cloud.client.ReactiveCommonsClientAutoConfiguration, org.springframework.cloud.client.discovery.composite.CompositeDiscoveryClientAutoConfiguration, org.springframework.cloud.client.discovery.simple.SimpleDiscoveryClientAutoConfiguration, org.springframework.cloud.client.loadbalancer.LoadBalancerDefaultMappingsProviderAutoConfiguration, org.springframework.cloud.client.serviceregistry.AutoServiceRegistrationAutoConfiguration, org.springframework.cloud.client.serviceregistry.AutoServiceRegistrationConfiguration, org.springframework.cloud.client.serviceregistry.ServiceRegistryAutoConfiguration, org.springframework.cloud.commons.config.CommonsConfigAutoConfiguration, org.springframework.cloud.commons.security.ResourceServerTokenRelayAutoConfiguration, org.springframework.cloud.commons.security.ResourceServerTokenRelayAutoConfiguration$ResourceServerTokenRelayRegistrationAutoConfiguration, org.springframework.cloud.commons.util.UtilAutoConfiguration, org.springframework.cloud.configuration.CompatibilityVerifierAutoConfiguration, org.springframework.context.annotation.internalAutowiredAnnotationProcessor, org.springframework.context.annotation.internalCommonAnnotationProcessor, org.springframework.context.annotation.internalConfigurationAnnotationProcessor, org.springframework.context.annotation.internalPersistenceAnnotationProcessor, org.springframework.context.event.internalEventListenerFactory, org.springframework.context.event.internalEventListenerProcessor, org.springframework.data.jpa.repository.support.JpaEvaluationContextExtension, org.springframework.data.jpa.util.JpaMetamodelCacheCleanup, org.springframework.data.web.config.ProjectingArgumentResolverRegistrar, org.springframework.data.web.config.SpringDataJacksonConfiguration, org.springframework.data.web.config.SpringDataWebConfiguration, org.springframework.transaction.annotation.ProxyTransactionManagementConfiguration, org.springframework.transaction.config.internalTransactionAdvisor, org.springframework.transaction.config.internalTransactionalEventListenerFactory, outboundConfigAdapter, outboundConfigRepositoryPort, outboundPersonAdapter, outboundPersonRepositoryPort, pageModule, pageableCustomizer, pageableResolver, parameterNamesModule, persistenceExceptionTranslationPostProcessor, persistenceManagedTypes, personController, personService, platformTransactionManagerCustomizers, preserveErrorControllerTargetClassPostProcessor, projectingArgumentResolverBeanPostProcessor, propertySourcesPlaceholderConfigurer, refreshEventListener, refreshScope, refreshScopeLifecycle, requestContextFilter, requestMappingHandlerAdapter, requestMappingHandlerMapping, resourceHandlerMapping, restClientBuilder, restClientBuilderConfigurer, restClientSsl, restTemplateBuilder, restTemplateBuilderConfigurer, routerFunctionMapping, server-org.springframework.boot.autoconfigure.web.ServerProperties, servletWebServerFactoryCustomizer, simpleAsyncTaskExecutorBuilder, simpleAsyncTaskSchedulerBuilder, simpleControllerHandlerAdapter, simpleDiscoveryClient, simpleDiscoveryProperties, sleuthPresentVerifier, sortCustomizer, sortResolver, spring.cache-org.springframework.boot.autoconfigure.cache.CacheProperties, spring.cloud.compatibility-verifier-org.springframework.cloud.configuration.CompatibilityVerifierProperties, spring.cloud.refresh-org.springframework.cloud.autoconfigure.RefreshAutoConfiguration$RefreshProperties, spring.cloud.service-registry.auto-registration-org.springframework.cloud.client.serviceregistry.AutoServiceRegistrationProperties, spring.data.web-org.springframework.boot.autoconfigure.data.web.SpringDataWebProperties, spring.datasource-org.springframework.boot.autoconfigure.jdbc.DataSourceProperties, spring.info-org.springframework.boot.autoconfigure.info.ProjectInfoProperties, spring.jackson-org.springframework.boot.autoconfigure.jackson.JacksonProperties, spring.jdbc-org.springframework.boot.autoconfigure.jdbc.JdbcProperties, spring.jpa-org.springframework.boot.autoconfigure.orm.jpa.JpaProperties, spring.jpa.hibernate-org.springframework.boot.autoconfigure.orm.jpa.HibernateProperties, spring.lifecycle-org.springframework.boot.autoconfigure.context.LifecycleProperties, spring.mvc-org.springframework.boot.autoconfigure.web.servlet.WebMvcProperties, spring.servlet.multipart-org.springframework.boot.autoconfigure.web.servlet.MultipartProperties, spring.ssl-org.springframework.boot.autoconfigure.ssl.SslProperties, spring.task.execution-org.springframework.boot.autoconfigure.task.TaskExecutionProperties, spring.task.scheduling-org.springframework.boot.autoconfigure.task.TaskSchedulingProperties, spring.transaction-org.springframework.boot.autoconfigure.transaction.TransactionProperties, spring.web-org.springframework.boot.autoconfigure.web.WebProperties, springBootVersionVerifier, sslBundleRegistry, sslPropertiesSslBundleRegistrar, standardJacksonObjectMapperBuilderCustomizer, stringHttpMessageConverter, taskExecutorBuilder, taskSchedulerBuilder, testConfiguration, themeResolver, threadPoolTaskExecutorBuilder, threadPoolTaskSchedulerBuilder, tomcatServletWebServerFactory, tomcatServletWebServerFactoryCustomizer, transactionAttributeSource, transactionExecutionListeners, transactionInterceptor, transactionManager, transactionTemplate, viewControllerHandlerMapping, viewNameTranslator, viewResolver, webServerFactoryCustomizerBeanPostProcessor, websocketServletWebServerCustomizer, welcomePageHandlerMapping, welcomePageNotAcceptableHandlerMapping]
2024-05-20T15:23:01.123-03:00  INFO 729111 --- [person-service] [           main] o.s.cloud.context.scope.GenericScope     : BeanFactory id=1fb0901b-3491-3c72-962e-f963c836e482
2024-05-20T15:23:01.125-03:00 DEBUG 729111 --- [person-service] [           main] o.s.b.f.s.DefaultListableBeanFactory     : Creating shared instance of singleton bean 'propertySourcesPlaceholderConfigurer'
2024-05-20T15:23:01.130-03:00 DEBUG 729111 --- [person-service] [           main] o.s.b.f.s.DefaultListableBeanFactory     : Creating shared instance of singleton bean 'org.springframework.boot.test.mock.mockito.MockitoPostProcessor'
2024-05-20T15:23:01.133-03:00 DEBUG 729111 --- [person-service] [           main] o.s.b.f.s.DefaultListableBeanFactory     : Creating shared instance of singleton bean 'org.springframework.boot.autoconfigure.cache.CacheAutoConfiguration$CacheManagerEntityManagerFactoryDependsOnPostProcessor'
2024-05-20T15:23:01.135-03:00 DEBUG 729111 --- [person-service] [           main] o.s.b.f.s.DefaultListableBeanFactory     : Creating shared instance of singleton bean 'emBeanDefinitionRegistrarPostProcessor'
2024-05-20T15:23:01.136-03:00 DEBUG 729111 --- [person-service] [           main] o.s.b.f.s.DefaultListableBeanFactory     : Creating shared instance of singleton bean 'org.springframework.boot.sql.init.dependency.DatabaseInitializationDependencyConfigurer$DependsOnDatabaseInitializationPostProcessor'
2024-05-20T15:23:01.885-03:00 DEBUG 729111 --- [person-service] [           main] o.s.b.f.s.DefaultListableBeanFactory     : Creating shared instance of singleton bean 'org.springframework.context.event.internalEventListenerProcessor'
2024-05-20T15:23:01.888-03:00 DEBUG 729111 --- [person-service] [           main] o.s.b.f.s.DefaultListableBeanFactory     : Creating shared instance of singleton bean 'preserveErrorControllerTargetClassPostProcessor'
2024-05-20T15:23:01.892-03:00 DEBUG 729111 --- [person-service] [           main] o.s.b.f.s.DefaultListableBeanFactory     : Creating shared instance of singleton bean 'org.springframework.context.event.internalEventListenerFactory'
2024-05-20T15:23:01.893-03:00 DEBUG 729111 --- [person-service] [           main] o.s.b.f.s.DefaultListableBeanFactory     : Creating shared instance of singleton bean 'org.springframework.transaction.config.internalTransactionalEventListenerFactory'
2024-05-20T15:23:01.906-03:00 DEBUG 729111 --- [person-service] [           main] o.s.b.f.s.DefaultListableBeanFactory     : Creating shared instance of singleton bean 'org.springframework.boot.test.mock.mockito.MockitoPostProcessor$SpyPostProcessor'
2024-05-20T15:23:01.907-03:00 DEBUG 729111 --- [person-service] [           main] o.s.b.f.s.DefaultListableBeanFactory     : Creating shared instance of singleton bean 'org.springframework.context.annotation.internalAutowiredAnnotationProcessor'
2024-05-20T15:23:01.909-03:00 DEBUG 729111 --- [person-service] [           main] o.s.b.f.s.DefaultListableBeanFactory     : Creating shared instance of singleton bean 'org.springframework.context.annotation.internalCommonAnnotationProcessor'
2024-05-20T15:23:01.915-03:00 DEBUG 729111 --- [person-service] [           main] o.s.b.f.s.DefaultListableBeanFactory     : Creating shared instance of singleton bean 'org.springframework.context.annotation.internalPersistenceAnnotationProcessor'
2024-05-20T15:23:01.916-03:00 DEBUG 729111 --- [person-service] [           main] o.s.b.f.s.DefaultListableBeanFactory     : Creating shared instance of singleton bean 'org.springframework.boot.context.properties.ConfigurationPropertiesBindingPostProcessor'
2024-05-20T15:23:01.916-03:00 DEBUG 729111 --- [person-service] [           main] o.s.b.f.s.DefaultListableBeanFactory     : Creating shared instance of singleton bean 'org.springframework.boot.context.internalConfigurationPropertiesBinder'
2024-05-20T15:23:01.920-03:00 DEBUG 729111 --- [person-service] [           main] o.s.b.f.s.DefaultListableBeanFactory     : Creating shared instance of singleton bean 'jdbcConnectionDetailsHikariBeanPostProcessor'
2024-05-20T15:23:01.924-03:00 DEBUG 729111 --- [person-service] [           main] o.s.b.f.s.DefaultListableBeanFactory     : Creating shared instance of singleton bean 'org.springframework.aop.config.internalAutoProxyCreator'
2024-05-20T15:23:01.955-03:00 DEBUG 729111 --- [person-service] [           main] o.s.b.f.s.DefaultListableBeanFactory     : Creating shared instance of singleton bean 'persistenceExceptionTranslationPostProcessor'
2024-05-20T15:23:01.973-03:00 DEBUG 729111 --- [person-service] [           main] o.s.b.f.s.DefaultListableBeanFactory     : Autowiring by type from bean name 'persistenceExceptionTranslationPostProcessor' via factory method to bean named 'environment'
2024-05-20T15:23:01.978-03:00 DEBUG 729111 --- [person-service] [           main] o.s.b.f.s.DefaultListableBeanFactory     : Creating shared instance of singleton bean 'webServerFactoryCustomizerBeanPostProcessor'
2024-05-20T15:23:01.979-03:00 DEBUG 729111 --- [person-service] [           main] o.s.b.f.s.DefaultListableBeanFactory     : Creating shared instance of singleton bean 'errorPageRegistrarBeanPostProcessor'
2024-05-20T15:23:01.980-03:00 DEBUG 729111 --- [person-service] [           main] o.s.b.f.s.DefaultListableBeanFactory     : Creating shared instance of singleton bean 'projectingArgumentResolverBeanPostProcessor'
2024-05-20T15:23:01.982-03:00 DEBUG 729111 --- [person-service] [           main] o.s.b.f.s.DefaultListableBeanFactory     : Creating shared instance of singleton bean 'org.springframework.cache.config.internalCacheAdvisor'
2024-05-20T15:23:01.982-03:00 DEBUG 729111 --- [person-service] [           main] o.s.b.f.s.DefaultListableBeanFactory     : Creating shared instance of singleton bean 'org.springframework.cache.annotation.ProxyCachingConfiguration'
2024-05-20T15:23:01.983-03:00 DEBUG 729111 --- [person-service] [           main] o.s.b.f.s.DefaultListableBeanFactory     : Creating shared instance of singleton bean 'org.springframework.transaction.config.internalTransactionAdvisor'
2024-05-20T15:23:01.983-03:00 DEBUG 729111 --- [person-service] [           main] o.s.b.f.s.DefaultListableBeanFactory     : Creating shared instance of singleton bean 'org.springframework.transaction.annotation.ProxyTransactionManagementConfiguration'
2024-05-20T15:23:02.010-03:00 DEBUG 729111 --- [person-service] [           main] o.s.b.f.s.DefaultListableBeanFactory     : Creating shared instance of singleton bean 'transactionAttributeSource'
2024-05-20T15:23:02.012-03:00 DEBUG 729111 --- [person-service] [           main] o.s.b.f.s.DefaultListableBeanFactory     : Creating shared instance of singleton bean 'transactionInterceptor'
2024-05-20T15:23:02.013-03:00 DEBUG 729111 --- [person-service] [           main] o.s.b.f.s.DefaultListableBeanFactory     : Autowiring by type from bean name 'transactionInterceptor' via factory method to bean named 'transactionAttributeSource'
2024-05-20T15:23:02.019-03:00 DEBUG 729111 --- [person-service] [           main] o.s.b.f.s.DefaultListableBeanFactory     : Autowiring by type from bean name 'org.springframework.transaction.config.internalTransactionAdvisor' via factory method to bean named 'transactionAttributeSource'
2024-05-20T15:23:02.019-03:00 DEBUG 729111 --- [person-service] [           main] o.s.b.f.s.DefaultListableBeanFactory     : Autowiring by type from bean name 'org.springframework.transaction.config.internalTransactionAdvisor' via factory method to bean named 'transactionInterceptor'
2024-05-20T15:23:02.030-03:00 DEBUG 729111 --- [person-service] [           main] o.s.b.f.s.DefaultListableBeanFactory     : Creating shared instance of singleton bean 'cacheOperationSource'
2024-05-20T15:23:02.043-03:00 DEBUG 729111 --- [person-service] [           main] o.s.b.f.s.DefaultListableBeanFactory     : Creating shared instance of singleton bean 'cacheInterceptor'
2024-05-20T15:23:02.044-03:00 DEBUG 729111 --- [person-service] [           main] o.s.b.f.s.DefaultListableBeanFactory     : Autowiring by type from bean name 'cacheInterceptor' via factory method to bean named 'cacheOperationSource'
2024-05-20T15:23:02.052-03:00 DEBUG 729111 --- [person-service] [           main] o.s.b.f.s.DefaultListableBeanFactory     : Autowiring by type from bean name 'org.springframework.cache.config.internalCacheAdvisor' via factory method to bean named 'cacheOperationSource'
2024-05-20T15:23:02.052-03:00 DEBUG 729111 --- [person-service] [           main] o.s.b.f.s.DefaultListableBeanFactory     : Autowiring by type from bean name 'org.springframework.cache.config.internalCacheAdvisor' via factory method to bean named 'cacheInterceptor'
2024-05-20T15:23:02.079-03:00 DEBUG 729111 --- [person-service] [           main] o.s.b.f.s.DefaultListableBeanFactory     : Creating shared instance of singleton bean 'configurationPropertiesBeans'
2024-05-20T15:23:02.084-03:00 DEBUG 729111 --- [person-service] [           main] o.s.u.c.s.UiApplicationContextUtils      : Unable to locate ThemeSource with name 'themeSource': using default [org.springframework.ui.context.support.ResourceBundleThemeSource@639cb788]
2024-05-20T15:23:02.086-03:00 DEBUG 729111 --- [person-service] [           main] o.s.b.f.s.DefaultListableBeanFactory     : Creating shared instance of singleton bean 'cacheManager'
2024-05-20T15:23:02.086-03:00 DEBUG 729111 --- [person-service] [           main] o.s.b.f.s.DefaultListableBeanFactory     : Creating shared instance of singleton bean 'org.springframework.boot.autoconfigure.cache.CaffeineCacheConfiguration'
2024-05-20T15:23:02.091-03:00 DEBUG 729111 --- [person-service] [           main] o.s.b.f.s.DefaultListableBeanFactory     : Creating shared instance of singleton bean 'spring.cache-org.springframework.boot.autoconfigure.cache.CacheProperties'
2024-05-20T15:23:02.094-03:00 DEBUG 729111 --- [person-service] [           main] o.s.b.f.s.DefaultListableBeanFactory     : Creating shared instance of singleton bean 'org.springframework.boot.context.properties.BoundConfigurationProperties'
2024-05-20T15:23:02.099-03:00 DEBUG 729111 --- [person-service] [           main] o.s.b.f.s.DefaultListableBeanFactory     : Creating shared instance of singleton bean 'defaultsBindHandlerAdvisor'
2024-05-20T15:23:02.100-03:00 DEBUG 729111 --- [person-service] [           main] o.s.b.f.s.DefaultListableBeanFactory     : Creating shared instance of singleton bean 'org.springframework.cloud.commons.config.CommonsConfigAutoConfiguration'
2024-05-20T15:23:02.108-03:00 DEBUG 729111 --- [person-service] [           main] o.s.b.f.s.DefaultListableBeanFactory     : Creating shared instance of singleton bean 'loadBalancerClientsDefaultsMappingsProvider'
2024-05-20T15:23:02.110-03:00 DEBUG 729111 --- [person-service] [           main] o.s.b.f.s.DefaultListableBeanFactory     : Creating shared instance of singleton bean 'org.springframework.cloud.client.loadbalancer.LoadBalancerDefaultMappingsProviderAutoConfiguration'
2024-05-20T15:23:02.114-03:00 DEBUG 729111 --- [person-service] [           main] o.s.b.f.s.DefaultListableBeanFactory     : Autowiring by type from bean name 'defaultsBindHandlerAdvisor' via factory method to bean named 'loadBalancerClientsDefaultsMappingsProvider'
2024-05-20T15:23:02.137-03:00 DEBUG 729111 --- [person-service] [           main] o.s.b.f.s.DefaultListableBeanFactory     : Creating shared instance of singleton bean 'cacheManagerCustomizers'
2024-05-20T15:23:02.138-03:00 DEBUG 729111 --- [person-service] [           main] o.s.b.f.s.DefaultListableBeanFactory     : Creating shared instance of singleton bean 'org.springframework.boot.autoconfigure.cache.CacheAutoConfiguration'
2024-05-20T15:23:02.143-03:00 DEBUG 729111 --- [person-service] [           main] o.s.b.f.s.DefaultListableBeanFactory     : Autowiring by type from bean name 'cacheManager' via factory method to bean named 'spring.cache-org.springframework.boot.autoconfigure.cache.CacheProperties'
2024-05-20T15:23:02.144-03:00 DEBUG 729111 --- [person-service] [           main] o.s.b.f.s.DefaultListableBeanFactory     : Autowiring by type from bean name 'cacheManager' via factory method to bean named 'cacheManagerCustomizers'
2024-05-20T15:23:02.156-03:00 DEBUG 729111 --- [person-service] [           main] o.s.b.f.s.DefaultListableBeanFactory     : Creating shared instance of singleton bean 'entityManagerFactory'
2024-05-20T15:23:02.158-03:00 DEBUG 729111 --- [person-service] [           main] o.s.b.f.s.DefaultListableBeanFactory     : Creating shared instance of singleton bean 'org.springframework.boot.autoconfigure.orm.jpa.HibernateJpaConfiguration'
2024-05-20T15:23:02.163-03:00 DEBUG 729111 --- [person-service] [           main] o.s.b.f.s.DefaultListableBeanFactory     : Creating shared instance of singleton bean 'dataSource'
2024-05-20T15:23:02.164-03:00 DEBUG 729111 --- [person-service] [           main] o.s.b.f.s.DefaultListableBeanFactory     : Creating shared instance of singleton bean 'org.springframework.boot.autoconfigure.jdbc.DataSourceConfiguration$Hikari'
2024-05-20T15:23:02.168-03:00 DEBUG 729111 --- [person-service] [           main] o.s.b.f.s.DefaultListableBeanFactory     : Creating shared instance of singleton bean 'spring.datasource-org.springframework.boot.autoconfigure.jdbc.DataSourceProperties'
2024-05-20T15:23:02.187-03:00 DEBUG 729111 --- [person-service] [           main] o.s.b.f.s.DefaultListableBeanFactory     : Creating shared instance of singleton bean 'jdbcConnectionDetails'
2024-05-20T15:23:02.188-03:00 DEBUG 729111 --- [person-service] [           main] o.s.b.f.s.DefaultListableBeanFactory     : Creating shared instance of singleton bean 'org.springframework.boot.autoconfigure.jdbc.DataSourceAutoConfiguration$PooledDataSourceConfiguration'
2024-05-20T15:23:02.189-03:00 DEBUG 729111 --- [person-service] [           main] o.s.b.f.s.DefaultListableBeanFactory     : Autowiring by type from bean name 'jdbcConnectionDetails' via factory method to bean named 'spring.datasource-org.springframework.boot.autoconfigure.jdbc.DataSourceProperties'
2024-05-20T15:23:02.192-03:00 DEBUG 729111 --- [person-service] [           main] o.s.b.f.s.DefaultListableBeanFactory     : Autowiring by type from bean name 'dataSource' via factory method to bean named 'spring.datasource-org.springframework.boot.autoconfigure.jdbc.DataSourceProperties'
2024-05-20T15:23:02.192-03:00 DEBUG 729111 --- [person-service] [           main] o.s.b.f.s.DefaultListableBeanFactory     : Autowiring by type from bean name 'dataSource' via factory method to bean named 'jdbcConnectionDetails'
2024-05-20T15:23:02.195-03:00 DEBUG 729111 --- [person-service] [           main] com.zaxxer.hikari.HikariConfig           : Driver class org.h2.Driver found in Thread context class loader jdk.internal.loader.ClassLoaders$AppClassLoader@2cdf8d8a
2024-05-20T15:23:02.225-03:00 DEBUG 729111 --- [person-service] [           main] o.s.b.f.s.DefaultListableBeanFactory     : Creating shared instance of singleton bean 'spring.jpa-org.springframework.boot.autoconfigure.orm.jpa.JpaProperties'
2024-05-20T15:23:02.232-03:00 DEBUG 729111 --- [person-service] [           main] o.s.b.f.s.DefaultListableBeanFactory     : Creating shared instance of singleton bean 'spring.jpa.hibernate-org.springframework.boot.autoconfigure.orm.jpa.HibernateProperties'
2024-05-20T15:23:02.235-03:00 DEBUG 729111 --- [person-service] [           main] o.s.b.f.s.DefaultListableBeanFactory     : Autowiring by type from bean name 'org.springframework.boot.autoconfigure.orm.jpa.HibernateJpaConfiguration' via constructor to bean named 'dataSource'
2024-05-20T15:23:02.235-03:00 DEBUG 729111 --- [person-service] [           main] o.s.b.f.s.DefaultListableBeanFactory     : Autowiring by type from bean name 'org.springframework.boot.autoconfigure.orm.jpa.HibernateJpaConfiguration' via constructor to bean named 'spring.jpa-org.springframework.boot.autoconfigure.orm.jpa.JpaProperties'
2024-05-20T15:23:02.235-03:00 DEBUG 729111 --- [person-service] [           main] o.s.b.f.s.DefaultListableBeanFactory     : Autowiring by type from bean name 'org.springframework.boot.autoconfigure.orm.jpa.HibernateJpaConfiguration' via constructor to bean named 'org.springframework.beans.factory.support.DefaultListableBeanFactory@466d49f0'
2024-05-20T15:23:02.235-03:00 DEBUG 729111 --- [person-service] [           main] o.s.b.f.s.DefaultListableBeanFactory     : Autowiring by type from bean name 'org.springframework.boot.autoconfigure.orm.jpa.HibernateJpaConfiguration' via constructor to bean named 'spring.jpa.hibernate-org.springframework.boot.autoconfigure.orm.jpa.HibernateProperties'
2024-05-20T15:23:02.237-03:00 DEBUG 729111 --- [person-service] [           main] o.s.b.f.s.DefaultListableBeanFactory     : Creating shared instance of singleton bean 'hikariPoolDataSourceMetadataProvider'
2024-05-20T15:23:02.238-03:00 DEBUG 729111 --- [person-service] [           main] o.s.b.f.s.DefaultListableBeanFactory     : Creating shared instance of singleton bean 'org.springframework.boot.autoconfigure.jdbc.metadata.DataSourcePoolMetadataProvidersConfiguration$HikariPoolDataSourceMetadataProviderConfiguration'
2024-05-20T15:23:02.246-03:00 DEBUG 729111 --- [person-service] [           main] o.s.b.f.s.DefaultListableBeanFactory     : Creating shared instance of singleton bean 'entityManagerFactoryBuilder'
2024-05-20T15:23:02.247-03:00 DEBUG 729111 --- [person-service] [           main] o.s.b.f.s.DefaultListableBeanFactory     : Creating shared instance of singleton bean 'jpaVendorAdapter'
2024-05-20T15:23:02.256-03:00 DEBUG 729111 --- [person-service] [           main] org.jboss.logging                        : Logging Provider: org.jboss.logging.Slf4jLoggerProvider found via system property
2024-05-20T15:23:02.260-03:00 DEBUG 729111 --- [person-service] [           main] o.s.b.f.s.DefaultListableBeanFactory     : Autowiring by type from bean name 'entityManagerFactoryBuilder' via factory method to bean named 'jpaVendorAdapter'
2024-05-20T15:23:02.263-03:00 DEBUG 729111 --- [person-service] [           main] o.s.b.f.s.DefaultListableBeanFactory     : Creating shared instance of singleton bean 'persistenceManagedTypes'
2024-05-20T15:23:02.264-03:00 DEBUG 729111 --- [person-service] [           main] o.s.b.f.s.DefaultListableBeanFactory     : Autowiring by type from bean name 'persistenceManagedTypes' via factory method to bean named 'org.springframework.beans.factory.support.DefaultListableBeanFactory@466d49f0'
2024-05-20T15:23:02.264-03:00 DEBUG 729111 --- [person-service] [           main] o.s.b.f.s.DefaultListableBeanFactory     : Autowiring by type from bean name 'persistenceManagedTypes' via factory method to bean named 'org.springframework.web.context.support.GenericWebApplicationContext@38600b'
2024-05-20T15:23:02.274-03:00 DEBUG 729111 --- [person-service] [           main] o.s.b.f.s.DefaultListableBeanFactory     : Autowiring by type from bean name 'entityManagerFactory' via factory method to bean named 'entityManagerFactoryBuilder'
2024-05-20T15:23:02.274-03:00 DEBUG 729111 --- [person-service] [           main] o.s.b.f.s.DefaultListableBeanFactory     : Autowiring by type from bean name 'entityManagerFactory' via factory method to bean named 'persistenceManagedTypes'
2024-05-20T15:23:02.288-03:00 DEBUG 729111 --- [person-service] [           main] j.LocalContainerEntityManagerFactoryBean : Building JPA container EntityManagerFactory for persistence unit 'default'
2024-05-20T15:23:02.305-03:00 DEBUG 729111 --- [person-service] [           main] o.hibernate.jpa.internal.util.LogHelper  : PersistenceUnitInfo [
	name: default
	persistence provider classname: null
	classloader: jdk.internal.loader.ClassLoaders$AppClassLoader@2cdf8d8a
	excludeUnlistedClasses: true
	JTA datasource: null
	Non JTA datasource: HikariDataSource (null)
	Transaction type: RESOURCE_LOCAL
	PU root URL: file:/home/thallyssonk/%c3%81rea%20de%20trabalho/CurrentProjects/TesteTecnicoWeFin/person-service/target/test-classes/
	Shared Cache Mode: UNSPECIFIED
	Validation Mode: AUTO
	Jar files URLs []
	Managed classes names [
		com.srmasset.ports.outbound.database.config.ConfigDAO
		com.srmasset.ports.outbound.database.person.dao.PersonDAO]
	Mapping files names []
	Properties []
2024-05-20T15:23:02.320-03:00 DEBUG 729111 --- [person-service] [           main] o.h.i.internal.IntegratorServiceImpl     : Adding Integrator [org.hibernate.boot.beanvalidation.BeanValidationIntegrator].
2024-05-20T15:23:02.321-03:00 DEBUG 729111 --- [person-service] [           main] o.h.i.internal.IntegratorServiceImpl     : Adding Integrator [org.hibernate.cache.internal.CollectionCacheInvalidator].
2024-05-20T15:23:02.375-03:00  INFO 729111 --- [person-service] [           main] org.hibernate.Version                    : HHH000412: Hibernate ORM core version 6.4.4.Final
2024-05-20T15:23:02.377-03:00 DEBUG 729111 --- [person-service] [           main] org.hibernate.cfg.Environment            : HHH000206: 'hibernate.properties' not found
2024-05-20T15:23:02.404-03:00 DEBUG 729111 --- [person-service] [           main] org.hibernate.orm.idgen.factory          : Registering IdentifierGenerator strategy [uuid2] -> [org.hibernate.id.UUIDGenerator]
2024-05-20T15:23:02.405-03:00 DEBUG 729111 --- [person-service] [           main] org.hibernate.orm.idgen.factory          : Registering IdentifierGenerator strategy [guid] -> [org.hibernate.id.GUIDGenerator]
2024-05-20T15:23:02.405-03:00 DEBUG 729111 --- [person-service] [           main] org.hibernate.orm.idgen.factory          : Registering IdentifierGenerator strategy [uuid] -> [org.hibernate.id.UUIDHexGenerator]
2024-05-20T15:23:02.405-03:00 DEBUG 729111 --- [person-service] [           main] org.hibernate.orm.idgen.factory          : Registering IdentifierGenerator strategy [uuid.hex] -> [org.hibernate.id.UUIDHexGenerator]
2024-05-20T15:23:02.406-03:00 DEBUG 729111 --- [person-service] [           main] org.hibernate.orm.idgen.factory          : Registering IdentifierGenerator strategy [assigned] -> [org.hibernate.id.Assigned]
2024-05-20T15:23:02.407-03:00 DEBUG 729111 --- [person-service] [           main] org.hibernate.orm.idgen.factory          : Registering IdentifierGenerator strategy [identity] -> [org.hibernate.id.IdentityGenerator]
2024-05-20T15:23:02.407-03:00 DEBUG 729111 --- [person-service] [           main] org.hibernate.orm.idgen.factory          : Registering IdentifierGenerator strategy [select] -> [org.hibernate.id.SelectGenerator]
2024-05-20T15:23:02.408-03:00 DEBUG 729111 --- [person-service] [           main] org.hibernate.orm.idgen.factory          : Registering IdentifierGenerator strategy [sequence] -> [org.hibernate.id.enhanced.SequenceStyleGenerator]
2024-05-20T15:23:02.409-03:00 DEBUG 729111 --- [person-service] [           main] org.hibernate.orm.idgen.factory          : Registering IdentifierGenerator strategy [increment] -> [org.hibernate.id.IncrementGenerator]
2024-05-20T15:23:02.409-03:00 DEBUG 729111 --- [person-service] [           main] org.hibernate.orm.idgen.factory          : Registering IdentifierGenerator strategy [foreign] -> [org.hibernate.id.ForeignGenerator]
2024-05-20T15:23:02.410-03:00 DEBUG 729111 --- [person-service] [           main] org.hibernate.orm.idgen.factory          : Registering IdentifierGenerator strategy [enhanced-sequence] -> [org.hibernate.id.enhanced.SequenceStyleGenerator]
2024-05-20T15:23:02.411-03:00 DEBUG 729111 --- [person-service] [           main] org.hibernate.orm.idgen.factory          : Registering IdentifierGenerator strategy [enhanced-table] -> [org.hibernate.id.enhanced.TableGenerator]
2024-05-20T15:23:02.418-03:00 DEBUG 729111 --- [person-service] [           main] o.h.c.internal.RegionFactoryInitiator    : Cannot default RegionFactory based on registered strategies as `[]` RegionFactory strategies were registered
2024-05-20T15:23:02.419-03:00  INFO 729111 --- [person-service] [           main] o.h.c.internal.RegionFactoryInitiator    : HHH000026: Second-level cache disabled
2024-05-20T15:23:02.491-03:00 DEBUG 729111 --- [person-service] [           main] org.hibernate.type.BasicTypeRegistry     : Adding type registration boolean -> org.hibernate.type.BasicTypeReference@1da53f4f
2024-05-20T15:23:02.492-03:00 DEBUG 729111 --- [person-service] [           main] org.hibernate.type.BasicTypeRegistry     : Adding type registration boolean -> org.hibernate.type.BasicTypeReference@1da53f4f
2024-05-20T15:23:02.492-03:00 DEBUG 729111 --- [person-service] [           main] org.hibernate.type.BasicTypeRegistry     : Adding type registration java.lang.Boolean -> org.hibernate.type.BasicTypeReference@1da53f4f
2024-05-20T15:23:02.492-03:00 DEBUG 729111 --- [person-service] [           main] org.hibernate.type.BasicTypeRegistry     : Adding type registration numeric_boolean -> org.hibernate.type.BasicTypeReference@4e7eba9f
2024-05-20T15:23:02.492-03:00 DEBUG 729111 --- [person-service] [           main] org.hibernate.type.BasicTypeRegistry     : Adding type registration org.hibernate.type.NumericBooleanConverter -> org.hibernate.type.BasicTypeReference@4e7eba9f
2024-05-20T15:23:02.492-03:00 DEBUG 729111 --- [person-service] [           main] org.hibernate.type.BasicTypeRegistry     : Adding type registration true_false -> org.hibernate.type.BasicTypeReference@2df71be0
2024-05-20T15:23:02.492-03:00 DEBUG 729111 --- [person-service] [           main] org.hibernate.type.BasicTypeRegistry     : Adding type registration org.hibernate.type.TrueFalseConverter -> org.hibernate.type.BasicTypeReference@2df71be0
2024-05-20T15:23:02.492-03:00 DEBUG 729111 --- [person-service] [           main] org.hibernate.type.BasicTypeRegistry     : Adding type registration yes_no -> org.hibernate.type.BasicTypeReference@b841713
2024-05-20T15:23:02.492-03:00 DEBUG 729111 --- [person-service] [           main] org.hibernate.type.BasicTypeRegistry     : Adding type registration org.hibernate.type.YesNoConverter -> org.hibernate.type.BasicTypeReference@b841713
2024-05-20T15:23:02.492-03:00 DEBUG 729111 --- [person-service] [           main] org.hibernate.type.BasicTypeRegistry     : Adding type registration byte -> org.hibernate.type.BasicTypeReference@3fef1e6b
2024-05-20T15:23:02.492-03:00 DEBUG 729111 --- [person-service] [           main] org.hibernate.type.BasicTypeRegistry     : Adding type registration byte -> org.hibernate.type.BasicTypeReference@3fef1e6b
2024-05-20T15:23:02.492-03:00 DEBUG 729111 --- [person-service] [           main] org.hibernate.type.BasicTypeRegistry     : Adding type registration java.lang.Byte -> org.hibernate.type.BasicTypeReference@3fef1e6b
2024-05-20T15:23:02.492-03:00 DEBUG 729111 --- [person-service] [           main] org.hibernate.type.BasicTypeRegistry     : Adding type registration binary -> org.hibernate.type.BasicTypeReference@4fee14b
2024-05-20T15:23:02.493-03:00 DEBUG 729111 --- [person-service] [           main] org.hibernate.type.BasicTypeRegistry     : Adding type registration byte[] -> org.hibernate.type.BasicTypeReference@4fee14b
2024-05-20T15:23:02.493-03:00 DEBUG 729111 --- [person-service] [           main] org.hibernate.type.BasicTypeRegistry     : Adding type registration [B -> org.hibernate.type.BasicTypeReference@4fee14b
2024-05-20T15:23:02.493-03:00 DEBUG 729111 --- [person-service] [           main] org.hibernate.type.BasicTypeRegistry     : Adding type registration binary_wrapper -> org.hibernate.type.BasicTypeReference@11c3d22f
2024-05-20T15:23:02.493-03:00 DEBUG 729111 --- [person-service] [           main] org.hibernate.type.BasicTypeRegistry     : Adding type registration wrapper-binary -> org.hibernate.type.BasicTypeReference@11c3d22f
2024-05-20T15:23:02.493-03:00 DEBUG 729111 --- [person-service] [           main] org.hibernate.type.BasicTypeRegistry     : Adding type registration image -> org.hibernate.type.BasicTypeReference@3a54638b
2024-05-20T15:23:02.493-03:00 DEBUG 729111 --- [person-service] [           main] org.hibernate.type.BasicTypeRegistry     : Adding type registration blob -> org.hibernate.type.BasicTypeReference@7d8f2eec
2024-05-20T15:23:02.493-03:00 DEBUG 729111 --- [person-service] [           main] org.hibernate.type.BasicTypeRegistry     : Adding type registration java.sql.Blob -> org.hibernate.type.BasicTypeReference@7d8f2eec
2024-05-20T15:23:02.493-03:00 DEBUG 729111 --- [person-service] [           main] org.hibernate.type.BasicTypeRegistry     : Adding type registration materialized_blob -> org.hibernate.type.BasicTypeReference@e886caf
2024-05-20T15:23:02.493-03:00 DEBUG 729111 --- [person-service] [           main] org.hibernate.type.BasicTypeRegistry     : Adding type registration materialized_blob_wrapper -> org.hibernate.type.BasicTypeReference@1d585fb
2024-05-20T15:23:02.493-03:00 DEBUG 729111 --- [person-service] [           main] org.hibernate.type.BasicTypeRegistry     : Adding type registration short -> org.hibernate.type.BasicTypeReference@1884e671
2024-05-20T15:23:02.493-03:00 DEBUG 729111 --- [person-service] [           main] org.hibernate.type.BasicTypeRegistry     : Adding type registration short -> org.hibernate.type.BasicTypeReference@1884e671
2024-05-20T15:23:02.493-03:00 DEBUG 729111 --- [person-service] [           main] org.hibernate.type.BasicTypeRegistry     : Adding type registration java.lang.Short -> org.hibernate.type.BasicTypeReference@1884e671
2024-05-20T15:23:02.493-03:00 DEBUG 729111 --- [person-service] [           main] org.hibernate.type.BasicTypeRegistry     : Adding type registration integer -> org.hibernate.type.BasicTypeReference@1c7843c3
2024-05-20T15:23:02.494-03:00 DEBUG 729111 --- [person-service] [           main] org.hibernate.type.BasicTypeRegistry     : Adding type registration int -> org.hibernate.type.BasicTypeReference@1c7843c3
2024-05-20T15:23:02.494-03:00 DEBUG 729111 --- [person-service] [           main] org.hibernate.type.BasicTypeRegistry     : Adding type registration java.lang.Integer -> org.hibernate.type.BasicTypeReference@1c7843c3
2024-05-20T15:23:02.494-03:00 DEBUG 729111 --- [person-service] [           main] org.hibernate.type.BasicTypeRegistry     : Adding type registration long -> org.hibernate.type.BasicTypeReference@5158a9f7
2024-05-20T15:23:02.494-03:00 DEBUG 729111 --- [person-service] [           main] org.hibernate.type.BasicTypeRegistry     : Adding type registration long -> org.hibernate.type.BasicTypeReference@5158a9f7
2024-05-20T15:23:02.494-03:00 DEBUG 729111 --- [person-service] [           main] org.hibernate.type.BasicTypeRegistry     : Adding type registration java.lang.Long -> org.hibernate.type.BasicTypeReference@5158a9f7
2024-05-20T15:23:02.494-03:00 DEBUG 729111 --- [person-service] [           main] org.hibernate.type.BasicTypeRegistry     : Adding type registration float -> org.hibernate.type.BasicTypeReference@7c8f047a
2024-05-20T15:23:02.494-03:00 DEBUG 729111 --- [person-service] [           main] org.hibernate.type.BasicTypeRegistry     : Adding type registration float -> org.hibernate.type.BasicTypeReference@7c8f047a
2024-05-20T15:23:02.494-03:00 DEBUG 729111 --- [person-service] [           main] org.hibernate.type.BasicTypeRegistry     : Adding type registration java.lang.Float -> org.hibernate.type.BasicTypeReference@7c8f047a
2024-05-20T15:23:02.494-03:00 DEBUG 729111 --- [person-service] [           main] org.hibernate.type.BasicTypeRegistry     : Adding type registration double -> org.hibernate.type.BasicTypeReference@4387d2f4
2024-05-20T15:23:02.494-03:00 DEBUG 729111 --- [person-service] [           main] org.hibernate.type.BasicTypeRegistry     : Adding type registration double -> org.hibernate.type.BasicTypeReference@4387d2f4
2024-05-20T15:23:02.494-03:00 DEBUG 729111 --- [person-service] [           main] org.hibernate.type.BasicTypeRegistry     : Adding type registration java.lang.Double -> org.hibernate.type.BasicTypeReference@4387d2f4
2024-05-20T15:23:02.494-03:00 DEBUG 729111 --- [person-service] [           main] org.hibernate.type.BasicTypeRegistry     : Adding type registration big_integer -> org.hibernate.type.BasicTypeReference@1dbff71c
2024-05-20T15:23:02.494-03:00 DEBUG 729111 --- [person-service] [           main] org.hibernate.type.BasicTypeRegistry     : Adding type registration java.math.BigInteger -> org.hibernate.type.BasicTypeReference@1dbff71c
2024-05-20T15:23:02.495-03:00 DEBUG 729111 --- [person-service] [           main] org.hibernate.type.BasicTypeRegistry     : Adding type registration big_decimal -> org.hibernate.type.BasicTypeReference@93ce24d
2024-05-20T15:23:02.495-03:00 DEBUG 729111 --- [person-service] [           main] org.hibernate.type.BasicTypeRegistry     : Adding type registration java.math.BigDecimal -> org.hibernate.type.BasicTypeReference@93ce24d
2024-05-20T15:23:02.495-03:00 DEBUG 729111 --- [person-service] [           main] org.hibernate.type.BasicTypeRegistry     : Adding type registration character -> org.hibernate.type.BasicTypeReference@d949bc4
2024-05-20T15:23:02.495-03:00 DEBUG 729111 --- [person-service] [           main] org.hibernate.type.BasicTypeRegistry     : Adding type registration char -> org.hibernate.type.BasicTypeReference@d949bc4
2024-05-20T15:23:02.495-03:00 DEBUG 729111 --- [person-service] [           main] org.hibernate.type.BasicTypeRegistry     : Adding type registration java.lang.Character -> org.hibernate.type.BasicTypeReference@d949bc4
2024-05-20T15:23:02.495-03:00 DEBUG 729111 --- [person-service] [           main] org.hibernate.type.BasicTypeRegistry     : Adding type registration character_nchar -> org.hibernate.type.BasicTypeReference@7079f8f0
2024-05-20T15:23:02.495-03:00 DEBUG 729111 --- [person-service] [           main] org.hibernate.type.BasicTypeRegistry     : Adding type registration string -> org.hibernate.type.BasicTypeReference@121cf6f4
2024-05-20T15:23:02.495-03:00 DEBUG 729111 --- [person-service] [           main] org.hibernate.type.BasicTypeRegistry     : Adding type registration java.lang.String -> org.hibernate.type.BasicTypeReference@121cf6f4
2024-05-20T15:23:02.495-03:00 DEBUG 729111 --- [person-service] [           main] org.hibernate.type.BasicTypeRegistry     : Adding type registration nstring -> org.hibernate.type.BasicTypeReference@7cdc4070
2024-05-20T15:23:02.495-03:00 DEBUG 729111 --- [person-service] [           main] org.hibernate.type.BasicTypeRegistry     : Adding type registration characters -> org.hibernate.type.BasicTypeReference@553fbe94
2024-05-20T15:23:02.495-03:00 DEBUG 729111 --- [person-service] [           main] org.hibernate.type.BasicTypeRegistry     : Adding type registration char[] -> org.hibernate.type.BasicTypeReference@553fbe94
2024-05-20T15:23:02.495-03:00 DEBUG 729111 --- [person-service] [           main] org.hibernate.type.BasicTypeRegistry     : Adding type registration [C -> org.hibernate.type.BasicTypeReference@553fbe94
2024-05-20T15:23:02.495-03:00 DEBUG 729111 --- [person-service] [           main] org.hibernate.type.BasicTypeRegistry     : Adding type registration wrapper-characters -> org.hibernate.type.BasicTypeReference@6abe62bb
2024-05-20T15:23:02.496-03:00 DEBUG 729111 --- [person-service] [           main] org.hibernate.type.BasicTypeRegistry     : Adding type registration text -> org.hibernate.type.BasicTypeReference@1f60824e
2024-05-20T15:23:02.496-03:00 DEBUG 729111 --- [person-service] [           main] org.hibernate.type.BasicTypeRegistry     : Adding type registration ntext -> org.hibernate.type.BasicTypeReference@1218e12
2024-05-20T15:23:02.496-03:00 DEBUG 729111 --- [person-service] [           main] org.hibernate.type.BasicTypeRegistry     : Adding type registration clob -> org.hibernate.type.BasicTypeReference@29c25bbc
2024-05-20T15:23:02.496-03:00 DEBUG 729111 --- [person-service] [           main] org.hibernate.type.BasicTypeRegistry     : Adding type registration java.sql.Clob -> org.hibernate.type.BasicTypeReference@29c25bbc
2024-05-20T15:23:02.496-03:00 DEBUG 729111 --- [person-service] [           main] org.hibernate.type.BasicTypeRegistry     : Adding type registration nclob -> org.hibernate.type.BasicTypeReference@30704f85
2024-05-20T15:23:02.496-03:00 DEBUG 729111 --- [person-service] [           main] org.hibernate.type.BasicTypeRegistry     : Adding type registration java.sql.NClob -> org.hibernate.type.BasicTypeReference@30704f85
2024-05-20T15:23:02.496-03:00 DEBUG 729111 --- [person-service] [           main] org.hibernate.type.BasicTypeRegistry     : Adding type registration materialized_clob -> org.hibernate.type.BasicTypeReference@2b99c937
2024-05-20T15:23:02.496-03:00 DEBUG 729111 --- [person-service] [           main] org.hibernate.type.BasicTypeRegistry     : Adding type registration materialized_clob_char_array -> org.hibernate.type.BasicTypeReference@26c59348
2024-05-20T15:23:02.496-03:00 DEBUG 729111 --- [person-service] [           main] org.hibernate.type.BasicTypeRegistry     : Adding type registration materialized_clob_character_array -> org.hibernate.type.BasicTypeReference@1de12397
2024-05-20T15:23:02.496-03:00 DEBUG 729111 --- [person-service] [           main] org.hibernate.type.BasicTypeRegistry     : Adding type registration materialized_nclob -> org.hibernate.type.BasicTypeReference@2f5f5bc9
2024-05-20T15:23:02.496-03:00 DEBUG 729111 --- [person-service] [           main] org.hibernate.type.BasicTypeRegistry     : Adding type registration materialized_nclob_character_array -> org.hibernate.type.BasicTypeReference@4aeaff64
2024-05-20T15:23:02.496-03:00 DEBUG 729111 --- [person-service] [           main] org.hibernate.type.BasicTypeRegistry     : Adding type registration materialized_nclob_char_array -> org.hibernate.type.BasicTypeReference@403f7aa2
2024-05-20T15:23:02.496-03:00 DEBUG 729111 --- [person-service] [           main] org.hibernate.type.BasicTypeRegistry     : Adding type registration Duration -> org.hibernate.type.BasicTypeReference@545604a9
2024-05-20T15:23:02.497-03:00 DEBUG 729111 --- [person-service] [           main] org.hibernate.type.BasicTypeRegistry     : Adding type registration java.time.Duration -> org.hibernate.type.BasicTypeReference@545604a9
2024-05-20T15:23:02.497-03:00 DEBUG 729111 --- [person-service] [           main] org.hibernate.type.BasicTypeRegistry     : Adding type registration LocalDateTime -> org.hibernate.type.BasicTypeReference@1029cf9
2024-05-20T15:23:02.497-03:00 DEBUG 729111 --- [person-service] [           main] org.hibernate.type.BasicTypeRegistry     : Adding type registration java.time.LocalDateTime -> org.hibernate.type.BasicTypeReference@1029cf9
2024-05-20T15:23:02.497-03:00 DEBUG 729111 --- [person-service] [           main] org.hibernate.type.BasicTypeRegistry     : Adding type registration LocalDate -> org.hibernate.type.BasicTypeReference@1c0e4262
2024-05-20T15:23:02.497-03:00 DEBUG 729111 --- [person-service] [           main] org.hibernate.type.BasicTypeRegistry     : Adding type registration java.time.LocalDate -> org.hibernate.type.BasicTypeReference@1c0e4262
2024-05-20T15:23:02.497-03:00 DEBUG 729111 --- [person-service] [           main] org.hibernate.type.BasicTypeRegistry     : Adding type registration LocalTime -> org.hibernate.type.BasicTypeReference@27dfd12b
2024-05-20T15:23:02.497-03:00 DEBUG 729111 --- [person-service] [           main] org.hibernate.type.BasicTypeRegistry     : Adding type registration java.time.LocalTime -> org.hibernate.type.BasicTypeReference@27dfd12b
2024-05-20T15:23:02.497-03:00 DEBUG 729111 --- [person-service] [           main] org.hibernate.type.BasicTypeRegistry     : Adding type registration OffsetDateTime -> org.hibernate.type.BasicTypeReference@4348fa35
2024-05-20T15:23:02.497-03:00 DEBUG 729111 --- [person-service] [           main] org.hibernate.type.BasicTypeRegistry     : Adding type registration java.time.OffsetDateTime -> org.hibernate.type.BasicTypeReference@4348fa35
2024-05-20T15:23:02.497-03:00 DEBUG 729111 --- [person-service] [           main] org.hibernate.type.BasicTypeRegistry     : Adding type registration OffsetDateTimeWithTimezone -> org.hibernate.type.BasicTypeReference@563843f1
2024-05-20T15:23:02.497-03:00 DEBUG 729111 --- [person-service] [           main] org.hibernate.type.BasicTypeRegistry     : Adding type registration OffsetDateTimeWithoutTimezone -> org.hibernate.type.BasicTypeReference@38cb1606
2024-05-20T15:23:02.497-03:00 DEBUG 729111 --- [person-service] [           main] org.hibernate.type.BasicTypeRegistry     : Adding type registration OffsetTime -> org.hibernate.type.BasicTypeReference@61c4cebd
2024-05-20T15:23:02.498-03:00 DEBUG 729111 --- [person-service] [           main] org.hibernate.type.BasicTypeRegistry     : Adding type registration java.time.OffsetTime -> org.hibernate.type.BasicTypeReference@61c4cebd
2024-05-20T15:23:02.498-03:00 DEBUG 729111 --- [person-service] [           main] org.hibernate.type.BasicTypeRegistry     : Adding type registration OffsetTimeUtc -> org.hibernate.type.BasicTypeReference@655909e2
2024-05-20T15:23:02.498-03:00 DEBUG 729111 --- [person-service] [           main] org.hibernate.type.BasicTypeRegistry     : Adding type registration OffsetTimeWithTimezone -> org.hibernate.type.BasicTypeReference@716ae973
2024-05-20T15:23:02.498-03:00 DEBUG 729111 --- [person-service] [           main] org.hibernate.type.BasicTypeRegistry     : Adding type registration OffsetTimeWithoutTimezone -> org.hibernate.type.BasicTypeReference@1171ba7e
2024-05-20T15:23:02.498-03:00 DEBUG 729111 --- [person-service] [           main] org.hibernate.type.BasicTypeRegistry     : Adding type registration ZonedDateTime -> org.hibernate.type.BasicTypeReference@56872fcb
2024-05-20T15:23:02.498-03:00 DEBUG 729111 --- [person-service] [           main] org.hibernate.type.BasicTypeRegistry     : Adding type registration java.time.ZonedDateTime -> org.hibernate.type.BasicTypeReference@56872fcb
2024-05-20T15:23:02.498-03:00 DEBUG 729111 --- [person-service] [           main] org.hibernate.type.BasicTypeRegistry     : Adding type registration ZonedDateTimeWithTimezone -> org.hibernate.type.BasicTypeReference@7b3c2ae0
2024-05-20T15:23:02.498-03:00 DEBUG 729111 --- [person-service] [           main] org.hibernate.type.BasicTypeRegistry     : Adding type registration ZonedDateTimeWithoutTimezone -> org.hibernate.type.BasicTypeReference@5d3b6585
2024-05-20T15:23:02.498-03:00 DEBUG 729111 --- [person-service] [           main] org.hibernate.type.BasicTypeRegistry     : Adding type registration date -> org.hibernate.type.BasicTypeReference@41059616
2024-05-20T15:23:02.499-03:00 DEBUG 729111 --- [person-service] [           main] org.hibernate.type.BasicTypeRegistry     : Adding type registration java.sql.Date -> org.hibernate.type.BasicTypeReference@41059616
2024-05-20T15:23:02.499-03:00 DEBUG 729111 --- [person-service] [           main] org.hibernate.type.BasicTypeRegistry     : Adding type registration time -> org.hibernate.type.BasicTypeReference@2e93108a
2024-05-20T15:23:02.499-03:00 DEBUG 729111 --- [person-service] [           main] org.hibernate.type.BasicTypeRegistry     : Adding type registration java.sql.Time -> org.hibernate.type.BasicTypeReference@2e93108a
2024-05-20T15:23:02.499-03:00 DEBUG 729111 --- [person-service] [           main] org.hibernate.type.BasicTypeRegistry     : Adding type registration timestamp -> org.hibernate.type.BasicTypeReference@34e25492
2024-05-20T15:23:02.499-03:00 DEBUG 729111 --- [person-service] [           main] org.hibernate.type.BasicTypeRegistry     : Adding type registration java.sql.Timestamp -> org.hibernate.type.BasicTypeReference@34e25492
2024-05-20T15:23:02.499-03:00 DEBUG 729111 --- [person-service] [           main] org.hibernate.type.BasicTypeRegistry     : Adding type registration java.util.Date -> org.hibernate.type.BasicTypeReference@34e25492
2024-05-20T15:23:02.499-03:00 DEBUG 729111 --- [person-service] [           main] org.hibernate.type.BasicTypeRegistry     : Adding type registration calendar -> org.hibernate.type.BasicTypeReference@32f308c6
2024-05-20T15:23:02.499-03:00 DEBUG 729111 --- [person-service] [           main] org.hibernate.type.BasicTypeRegistry     : Adding type registration java.util.Calendar -> org.hibernate.type.BasicTypeReference@32f308c6
2024-05-20T15:23:02.499-03:00 DEBUG 729111 --- [person-service] [           main] org.hibernate.type.BasicTypeRegistry     : Adding type registration java.util.GregorianCalendar -> org.hibernate.type.BasicTypeReference@32f308c6
2024-05-20T15:23:02.499-03:00 DEBUG 729111 --- [person-service] [           main] org.hibernate.type.BasicTypeRegistry     : Adding type registration calendar_date -> org.hibernate.type.BasicTypeReference@5f2b9da8
2024-05-20T15:23:02.499-03:00 DEBUG 729111 --- [person-service] [           main] org.hibernate.type.BasicTypeRegistry     : Adding type registration calendar_time -> org.hibernate.type.BasicTypeReference@698ac187
2024-05-20T15:23:02.499-03:00 DEBUG 729111 --- [person-service] [           main] org.hibernate.type.BasicTypeRegistry     : Adding type registration instant -> org.hibernate.type.BasicTypeReference@4fea5ee0
2024-05-20T15:23:02.499-03:00 DEBUG 729111 --- [person-service] [           main] org.hibernate.type.BasicTypeRegistry     : Adding type registration java.time.Instant -> org.hibernate.type.BasicTypeReference@4fea5ee0
2024-05-20T15:23:02.500-03:00 DEBUG 729111 --- [person-service] [           main] org.hibernate.type.BasicTypeRegistry     : Adding type registration uuid -> org.hibernate.type.BasicTypeReference@65f5cae3
2024-05-20T15:23:02.500-03:00 DEBUG 729111 --- [person-service] [           main] org.hibernate.type.BasicTypeRegistry     : Adding type registration java.util.UUID -> org.hibernate.type.BasicTypeReference@65f5cae3
2024-05-20T15:23:02.500-03:00 DEBUG 729111 --- [person-service] [           main] org.hibernate.type.BasicTypeRegistry     : Adding type registration pg-uuid -> org.hibernate.type.BasicTypeReference@65f5cae3
2024-05-20T15:23:02.500-03:00 DEBUG 729111 --- [person-service] [           main] org.hibernate.type.BasicTypeRegistry     : Adding type registration uuid-binary -> org.hibernate.type.BasicTypeReference@6630dd28
2024-05-20T15:23:02.500-03:00 DEBUG 729111 --- [person-service] [           main] org.hibernate.type.BasicTypeRegistry     : Adding type registration uuid-char -> org.hibernate.type.BasicTypeReference@5909ae90
2024-05-20T15:23:02.500-03:00 DEBUG 729111 --- [person-service] [           main] org.hibernate.type.BasicTypeRegistry     : Adding type registration class -> org.hibernate.type.BasicTypeReference@4489f60f
2024-05-20T15:23:02.500-03:00 DEBUG 729111 --- [person-service] [           main] org.hibernate.type.BasicTypeRegistry     : Adding type registration java.lang.Class -> org.hibernate.type.BasicTypeReference@4489f60f
2024-05-20T15:23:02.500-03:00 DEBUG 729111 --- [person-service] [           main] org.hibernate.type.BasicTypeRegistry     : Adding type registration currency -> org.hibernate.type.BasicTypeReference@fe08eaf
2024-05-20T15:23:02.500-03:00 DEBUG 729111 --- [person-service] [           main] org.hibernate.type.BasicTypeRegistry     : Adding type registration Currency -> org.hibernate.type.BasicTypeReference@fe08eaf
2024-05-20T15:23:02.500-03:00 DEBUG 729111 --- [person-service] [           main] org.hibernate.type.BasicTypeRegistry     : Adding type registration java.util.Currency -> org.hibernate.type.BasicTypeReference@fe08eaf
2024-05-20T15:23:02.500-03:00 DEBUG 729111 --- [person-service] [           main] org.hibernate.type.BasicTypeRegistry     : Adding type registration locale -> org.hibernate.type.BasicTypeReference@6fd9dbe6
2024-05-20T15:23:02.500-03:00 DEBUG 729111 --- [person-service] [           main] org.hibernate.type.BasicTypeRegistry     : Adding type registration java.util.Locale -> org.hibernate.type.BasicTypeReference@6fd9dbe6
2024-05-20T15:23:02.500-03:00 DEBUG 729111 --- [person-service] [           main] org.hibernate.type.BasicTypeRegistry     : Adding type registration serializable -> org.hibernate.type.BasicTypeReference@7b3085a3
2024-05-20T15:23:02.501-03:00 DEBUG 729111 --- [person-service] [           main] org.hibernate.type.BasicTypeRegistry     : Adding type registration java.io.Serializable -> org.hibernate.type.BasicTypeReference@7b3085a3
2024-05-20T15:23:02.501-03:00 DEBUG 729111 --- [person-service] [           main] org.hibernate.type.BasicTypeRegistry     : Adding type registration timezone -> org.hibernate.type.BasicTypeReference@70022d44
2024-05-20T15:23:02.501-03:00 DEBUG 729111 --- [person-service] [           main] org.hibernate.type.BasicTypeRegistry     : Adding type registration java.util.TimeZone -> org.hibernate.type.BasicTypeReference@70022d44
2024-05-20T15:23:02.501-03:00 DEBUG 729111 --- [person-service] [           main] org.hibernate.type.BasicTypeRegistry     : Adding type registration ZoneOffset -> org.hibernate.type.BasicTypeReference@7b1c501d
2024-05-20T15:23:02.501-03:00 DEBUG 729111 --- [person-service] [           main] org.hibernate.type.BasicTypeRegistry     : Adding type registration java.time.ZoneOffset -> org.hibernate.type.BasicTypeReference@7b1c501d
2024-05-20T15:23:02.501-03:00 DEBUG 729111 --- [person-service] [           main] org.hibernate.type.BasicTypeRegistry     : Adding type registration url -> org.hibernate.type.BasicTypeReference@5abbb273
2024-05-20T15:23:02.501-03:00 DEBUG 729111 --- [person-service] [           main] org.hibernate.type.BasicTypeRegistry     : Adding type registration java.net.URL -> org.hibernate.type.BasicTypeReference@5abbb273
2024-05-20T15:23:02.501-03:00 DEBUG 729111 --- [person-service] [           main] org.hibernate.type.BasicTypeRegistry     : Adding type registration vector -> org.hibernate.type.BasicTypeReference@25d9291a
2024-05-20T15:23:02.501-03:00 DEBUG 729111 --- [person-service] [           main] org.hibernate.type.BasicTypeRegistry     : Adding type registration row_version -> org.hibernate.type.BasicTypeReference@445058e8
2024-05-20T15:23:02.506-03:00 DEBUG 729111 --- [person-service] [           main] org.hibernate.type.BasicTypeRegistry     : Adding type registration object -> org.hibernate.type.JavaObjectType@ccd000e
2024-05-20T15:23:02.506-03:00 DEBUG 729111 --- [person-service] [           main] org.hibernate.type.BasicTypeRegistry     : Adding type registration java.lang.Object -> org.hibernate.type.JavaObjectType@ccd000e
2024-05-20T15:23:02.507-03:00 DEBUG 729111 --- [person-service] [           main] org.hibernate.type.BasicTypeRegistry     : Adding type registration null -> org.hibernate.type.NullType@43423d40
2024-05-20T15:23:02.507-03:00 DEBUG 729111 --- [person-service] [           main] org.hibernate.type.BasicTypeRegistry     : Adding type registration imm_date -> org.hibernate.type.BasicTypeReference@5f3f57ff
2024-05-20T15:23:02.508-03:00 DEBUG 729111 --- [person-service] [           main] org.hibernate.type.BasicTypeRegistry     : Adding type registration imm_time -> org.hibernate.type.BasicTypeReference@6200b644
2024-05-20T15:23:02.508-03:00 DEBUG 729111 --- [person-service] [           main] org.hibernate.type.BasicTypeRegistry     : Adding type registration imm_timestamp -> org.hibernate.type.BasicTypeReference@d4ecdb0
2024-05-20T15:23:02.508-03:00 DEBUG 729111 --- [person-service] [           main] org.hibernate.type.BasicTypeRegistry     : Adding type registration imm_calendar -> org.hibernate.type.BasicTypeReference@5fb44964
2024-05-20T15:23:02.508-03:00 DEBUG 729111 --- [person-service] [           main] org.hibernate.type.BasicTypeRegistry     : Adding type registration imm_calendar_date -> org.hibernate.type.BasicTypeReference@7a117dc2
2024-05-20T15:23:02.508-03:00 DEBUG 729111 --- [person-service] [           main] org.hibernate.type.BasicTypeRegistry     : Adding type registration imm_calendar_time -> org.hibernate.type.BasicTypeReference@1d444652
2024-05-20T15:23:02.508-03:00 DEBUG 729111 --- [person-service] [           main] org.hibernate.type.BasicTypeRegistry     : Adding type registration imm_binary -> org.hibernate.type.BasicTypeReference@669c2b07
2024-05-20T15:23:02.508-03:00 DEBUG 729111 --- [person-service] [           main] org.hibernate.type.BasicTypeRegistry     : Adding type registration imm_serializable -> org.hibernate.type.BasicTypeReference@1b1ea1d9
2024-05-20T15:23:02.514-03:00 DEBUG 729111 --- [person-service] [           main] o.h.boot.internal.BootstrapContextImpl   : Injecting JPA temp ClassLoader [org.springframework.instrument.classloading.SimpleThrowawayClassLoader@32d22650] into BootstrapContext; was [null]
2024-05-20T15:23:02.514-03:00 DEBUG 729111 --- [person-service] [           main] o.h.boot.internal.ClassLoaderAccessImpl  : ClassLoaderAccessImpl#injectTempClassLoader(org.springframework.instrument.classloading.SimpleThrowawayClassLoader@32d22650) [was null]
2024-05-20T15:23:02.515-03:00 DEBUG 729111 --- [person-service] [           main] o.h.boot.internal.BootstrapContextImpl   : Injecting ScanEnvironment [org.hibernate.jpa.boot.internal.StandardJpaScanEnvironmentImpl@23c05889] into BootstrapContext; was [null]
2024-05-20T15:23:02.515-03:00 DEBUG 729111 --- [person-service] [           main] o.h.boot.internal.BootstrapContextImpl   : Injecting ScanOptions [org.hibernate.boot.archive.scan.internal.StandardScanOptions@12166229] into BootstrapContext; was [org.hibernate.boot.archive.scan.internal.StandardScanOptions@208e5b23]
2024-05-20T15:23:02.549-03:00  INFO 729111 --- [person-service] [           main] o.s.o.j.p.SpringPersistenceUnitInfo      : No LoadTimeWeaver setup: ignoring JPA class transformer
2024-05-20T15:23:02.549-03:00 DEBUG 729111 --- [person-service] [           main] o.h.boot.internal.BootstrapContextImpl   : Injecting JPA temp ClassLoader [null] into BootstrapContext; was [org.springframework.instrument.classloading.SimpleThrowawayClassLoader@32d22650]
2024-05-20T15:23:02.549-03:00 DEBUG 729111 --- [person-service] [           main] o.h.boot.internal.ClassLoaderAccessImpl  : ClassLoaderAccessImpl#injectTempClassLoader(null) [was org.springframework.instrument.classloading.SimpleThrowawayClassLoader@32d22650]
2024-05-20T15:23:02.584-03:00  WARN 729111 --- [person-service] [           main] org.hibernate.orm.deprecation            : HHH90000025: H2Dialect does not need to be specified explicitly using 'hibernate.dialect' (remove the property setting and it will be selected by default)
2024-05-20T15:23:02.585-03:00 DEBUG 729111 --- [person-service] [           main] org.hibernate.orm.dialect                : HHH035001: Using dialect: org.hibernate.dialect.H2Dialect, version: 2.1.214
2024-05-20T15:23:02.599-03:00 DEBUG 729111 --- [person-service] [           main] org.hibernate.orm.jdbc.lob               : HHH10010002: Disabling contextual LOB creation as connection was null
2024-05-20T15:23:02.610-03:00 DEBUG 729111 --- [person-service] [           main] o.h.t.d.jdbc.spi.JdbcTypeRegistry        : addDescriptor(NCharTypeDescriptor) replaced previous registration(CharTypeDescriptor)
2024-05-20T15:23:02.610-03:00 DEBUG 729111 --- [person-service] [           main] o.h.t.d.jdbc.spi.JdbcTypeRegistry        : addDescriptor(NVarcharTypeDescriptor) replaced previous registration(VarcharTypeDescriptor)
2024-05-20T15:23:02.610-03:00 DEBUG 729111 --- [person-service] [           main] o.h.t.d.jdbc.spi.JdbcTypeRegistry        : addDescriptor(LongNVarcharTypeDescriptor) replaced previous registration(LongVarcharTypeDescriptor)
2024-05-20T15:23:02.612-03:00 DEBUG 729111 --- [person-service] [           main] o.h.t.d.jdbc.spi.JdbcTypeRegistry        : addDescriptor(NClobTypeDescriptor(DEFAULT)) replaced previous registration(ClobTypeDescriptor(DEFAULT))
2024-05-20T15:23:02.613-03:00 DEBUG 729111 --- [person-service] [           main] o.h.t.d.jdbc.spi.JdbcTypeRegistry        : addDescriptor(2005, ClobTypeDescriptor(STREAM_BINDING)) replaced previous registration(ClobTypeDescriptor(DEFAULT))
2024-05-20T15:23:02.625-03:00 DEBUG 729111 --- [person-service] [           main] o.h.t.d.jdbc.spi.JdbcTypeRegistry        : addDescriptor(TimestampUtcDescriptor) replaced previous registration(TimestampUtcDescriptor)
2024-05-20T15:23:02.629-03:00 DEBUG 729111 --- [person-service] [           main] org.hibernate.type.BasicTypeRegistry     : Adding type registration org.hibernate.type.DurationType -> basicType@1(java.time.Duration,3015)
2024-05-20T15:23:02.629-03:00 DEBUG 729111 --- [person-service] [           main] org.hibernate.type.BasicTypeRegistry     : Adding type registration Duration -> basicType@1(java.time.Duration,3015)
2024-05-20T15:23:02.630-03:00 DEBUG 729111 --- [person-service] [           main] org.hibernate.type.BasicTypeRegistry     : Adding type registration java.time.Duration -> basicType@1(java.time.Duration,3015)
2024-05-20T15:23:02.632-03:00 DEBUG 729111 --- [person-service] [           main] o.h.type.spi.TypeConfiguration$Scope     : Scoping TypeConfiguration [org.hibernate.type.spi.TypeConfiguration@6d6f6ca9] to MetadataBuildingContext [org.hibernate.boot.internal.MetadataBuildingContextRootImpl@54496c2d]
2024-05-20T15:23:02.658-03:00 DEBUG 729111 --- [person-service] [           main] o.h.boot.model.relational.Namespace      : Created database namespace [logicalName=Name{catalog=null, schema=null}, physicalName=Name{catalog=null, schema=null}]
2024-05-20T15:23:02.675-03:00 DEBUG 729111 --- [person-service] [           main] o.h.boot.model.internal.EntityBinder     : Binding entity from annotated class: com.srmasset.ports.outbound.database.config.ConfigDAO
2024-05-20T15:23:02.683-03:00 DEBUG 729111 --- [person-service] [           main] o.h.boot.model.internal.EntityBinder     : Import with entity name ConfigDAO
2024-05-20T15:23:02.688-03:00 DEBUG 729111 --- [person-service] [           main] o.h.boot.model.internal.EntityBinder     : Bind entity com.srmasset.ports.outbound.database.config.ConfigDAO on table config
2024-05-20T15:23:02.696-03:00 DEBUG 729111 --- [person-service] [           main] o.h.boot.model.internal.AnnotatedColumn  : Binding column: AnnotatedDiscriminatorColumn(column='DTYPE')
2024-05-20T15:23:02.709-03:00 DEBUG 729111 --- [person-service] [           main] o.h.boot.model.internal.AnnotatedColumn  : Binding column: AnnotatedColumn(column='ID')
2024-05-20T15:23:02.710-03:00 DEBUG 729111 --- [person-service] [           main] o.h.boot.internal.ClassLoaderAccessImpl  : Not known whether passed class name [com.srmasset.ports.outbound.database.config.ConfigDAO] is safe
2024-05-20T15:23:02.710-03:00 DEBUG 729111 --- [person-service] [           main] o.h.boot.internal.ClassLoaderAccessImpl  : No temp ClassLoader provided; using live ClassLoader for loading potentially unsafe class : com.srmasset.ports.outbound.database.config.ConfigDAO
2024-05-20T15:23:02.713-03:00 DEBUG 729111 --- [person-service] [           main] o.h.boot.model.internal.PropertyBinder   : MetadataSourceProcessor property id with lazy=false
2024-05-20T15:23:02.716-03:00 DEBUG 729111 --- [person-service] [           main] o.h.b.m.internal.AbstractPropertyHolder  : Attempting to locate auto-apply AttributeConverter for property [com.srmasset.ports.outbound.database.config.ConfigDAO:id]
2024-05-20T15:23:02.719-03:00 DEBUG 729111 --- [person-service] [           main] o.h.b.model.internal.BasicValueBinder    : building BasicValue for id
2024-05-20T15:23:02.721-03:00 DEBUG 729111 --- [person-service] [           main] org.hibernate.mapping.BasicValue         : Skipping column re-registration: config.id
2024-05-20T15:23:02.722-03:00 DEBUG 729111 --- [person-service] [           main] o.h.boot.model.internal.PropertyBinder   : Building property id
2024-05-20T15:23:02.724-03:00 DEBUG 729111 --- [person-service] [           main] o.h.boot.model.internal.BinderHelper     : #makeIdGenerator(BasicValue([Column(id)]), id, identity, , ...)
2024-05-20T15:23:02.725-03:00 DEBUG 729111 --- [person-service] [           main] o.h.boot.model.internal.AnnotatedColumn  : Binding column: AnnotatedColumn(column='IDENTIFIER_TYPE')
2024-05-20T15:23:02.726-03:00 DEBUG 729111 --- [person-service] [           main] o.h.boot.model.internal.PropertyBinder   : MetadataSourceProcessor property identifierType with lazy=false
2024-05-20T15:23:02.726-03:00 DEBUG 729111 --- [person-service] [           main] o.h.b.m.internal.AbstractPropertyHolder  : Attempting to locate auto-apply AttributeConverter for property [com.srmasset.ports.outbound.database.config.ConfigDAO:identifierType]
2024-05-20T15:23:02.726-03:00 DEBUG 729111 --- [person-service] [           main] o.h.b.model.internal.BasicValueBinder    : building BasicValue for identifierType
2024-05-20T15:23:02.726-03:00 DEBUG 729111 --- [person-service] [           main] org.hibernate.mapping.BasicValue         : Skipping column re-registration: config.identifier_type
2024-05-20T15:23:02.726-03:00 DEBUG 729111 --- [person-service] [           main] o.h.boot.model.internal.PropertyBinder   : Building property identifierType
2024-05-20T15:23:02.727-03:00 DEBUG 729111 --- [person-service] [           main] o.h.boot.model.internal.AnnotatedColumn  : Binding column: AnnotatedColumn(column='MAX_LOAN_VALUE')
2024-05-20T15:23:02.727-03:00 DEBUG 729111 --- [person-service] [           main] o.h.boot.model.internal.PropertyBinder   : MetadataSourceProcessor property maxLoanValue with lazy=false
2024-05-20T15:23:02.727-03:00 DEBUG 729111 --- [person-service] [           main] o.h.b.m.internal.AbstractPropertyHolder  : Attempting to locate auto-apply AttributeConverter for property [com.srmasset.ports.outbound.database.config.ConfigDAO:maxLoanValue]
2024-05-20T15:23:02.727-03:00 DEBUG 729111 --- [person-service] [           main] o.h.b.model.internal.BasicValueBinder    : building BasicValue for maxLoanValue
2024-05-20T15:23:02.727-03:00 DEBUG 729111 --- [person-service] [           main] org.hibernate.mapping.BasicValue         : Skipping column re-registration: config.max_loan_value
2024-05-20T15:23:02.727-03:00 DEBUG 729111 --- [person-service] [           main] o.h.boot.model.internal.PropertyBinder   : Building property maxLoanValue
2024-05-20T15:23:02.727-03:00 DEBUG 729111 --- [person-service] [           main] o.h.boot.model.internal.AnnotatedColumn  : Binding column: AnnotatedColumn(column='MIN_MONTHLY_VALUE')
2024-05-20T15:23:02.728-03:00 DEBUG 729111 --- [person-service] [           main] o.h.boot.model.internal.PropertyBinder   : MetadataSourceProcessor property minMonthlyValue with lazy=false
2024-05-20T15:23:02.728-03:00 DEBUG 729111 --- [person-service] [           main] o.h.b.m.internal.AbstractPropertyHolder  : Attempting to locate auto-apply AttributeConverter for property [com.srmasset.ports.outbound.database.config.ConfigDAO:minMonthlyValue]
2024-05-20T15:23:02.728-03:00 DEBUG 729111 --- [person-service] [           main] o.h.b.model.internal.BasicValueBinder    : building BasicValue for minMonthlyValue
2024-05-20T15:23:02.728-03:00 DEBUG 729111 --- [person-service] [           main] org.hibernate.mapping.BasicValue         : Skipping column re-registration: config.min_monthly_value
2024-05-20T15:23:02.728-03:00 DEBUG 729111 --- [person-service] [           main] o.h.boot.model.internal.PropertyBinder   : Building property minMonthlyValue
2024-05-20T15:23:02.729-03:00 DEBUG 729111 --- [person-service] [           main] o.h.b.r.c.i.ClassLoaderServiceImpl       : HHH000194: Package not found or wo package-info.java: com.srmasset.ports.outbound.database.config
2024-05-20T15:23:02.733-03:00 DEBUG 729111 --- [person-service] [           main] o.h.boot.model.internal.EntityBinder     : Binding entity from annotated class: com.srmasset.ports.outbound.database.person.dao.PersonDAO
2024-05-20T15:23:02.733-03:00 DEBUG 729111 --- [person-service] [           main] o.h.boot.model.internal.EntityBinder     : Import with entity name PersonDAO
2024-05-20T15:23:02.733-03:00 DEBUG 729111 --- [person-service] [           main] o.h.boot.model.internal.EntityBinder     : Bind entity com.srmasset.ports.outbound.database.person.dao.PersonDAO on table person
2024-05-20T15:23:02.734-03:00 DEBUG 729111 --- [person-service] [           main] o.h.boot.model.internal.AnnotatedColumn  : Binding column: AnnotatedDiscriminatorColumn(column='DTYPE')
2024-05-20T15:23:02.737-03:00 DEBUG 729111 --- [person-service] [           main] o.h.boot.model.internal.AnnotatedColumn  : Binding column: AnnotatedColumn(column='ID')
2024-05-20T15:23:02.737-03:00 DEBUG 729111 --- [person-service] [           main] o.h.boot.internal.ClassLoaderAccessImpl  : Not known whether passed class name [com.srmasset.ports.outbound.database.person.dao.PersonDAO] is safe
2024-05-20T15:23:02.737-03:00 DEBUG 729111 --- [person-service] [           main] o.h.boot.internal.ClassLoaderAccessImpl  : No temp ClassLoader provided; using live ClassLoader for loading potentially unsafe class : com.srmasset.ports.outbound.database.person.dao.PersonDAO
2024-05-20T15:23:02.737-03:00 DEBUG 729111 --- [person-service] [           main] o.h.boot.model.internal.PropertyBinder   : MetadataSourceProcessor property id with lazy=false
2024-05-20T15:23:02.737-03:00 DEBUG 729111 --- [person-service] [           main] o.h.b.m.internal.AbstractPropertyHolder  : Attempting to locate auto-apply AttributeConverter for property [com.srmasset.ports.outbound.database.person.dao.PersonDAO:id]
2024-05-20T15:23:02.737-03:00 DEBUG 729111 --- [person-service] [           main] o.h.b.model.internal.BasicValueBinder    : building BasicValue for id
2024-05-20T15:23:02.738-03:00 DEBUG 729111 --- [person-service] [           main] org.hibernate.mapping.BasicValue         : Skipping column re-registration: person.id
2024-05-20T15:23:02.738-03:00 DEBUG 729111 --- [person-service] [           main] o.h.boot.model.internal.PropertyBinder   : Building property id
2024-05-20T15:23:02.738-03:00 DEBUG 729111 --- [person-service] [           main] o.h.boot.model.internal.BinderHelper     : #makeIdGenerator(BasicValue([Column(id)]), id, identity, , ...)
2024-05-20T15:23:02.738-03:00 DEBUG 729111 --- [person-service] [           main] o.h.boot.model.internal.AnnotatedColumn  : Binding column: AnnotatedColumn(column='BIRTH_DATE')
2024-05-20T15:23:02.738-03:00 DEBUG 729111 --- [person-service] [           main] o.h.boot.model.internal.PropertyBinder   : MetadataSourceProcessor property birthDate with lazy=false
2024-05-20T15:23:02.738-03:00 DEBUG 729111 --- [person-service] [           main] o.h.b.m.internal.AbstractPropertyHolder  : Attempting to locate auto-apply AttributeConverter for property [com.srmasset.ports.outbound.database.person.dao.PersonDAO:birthDate]
2024-05-20T15:23:02.738-03:00 DEBUG 729111 --- [person-service] [           main] o.h.b.model.internal.BasicValueBinder    : building BasicValue for birthDate
2024-05-20T15:23:02.738-03:00 DEBUG 729111 --- [person-service] [           main] org.hibernate.mapping.BasicValue         : Skipping column re-registration: person.birth_date
2024-05-20T15:23:02.739-03:00 DEBUG 729111 --- [person-service] [           main] o.h.boot.model.internal.PropertyBinder   : Building property birthDate
2024-05-20T15:23:02.739-03:00 DEBUG 729111 --- [person-service] [           main] o.h.boot.model.internal.AnnotatedColumn  : Binding column: AnnotatedColumn(column='IDENTIFIER')
2024-05-20T15:23:02.739-03:00 DEBUG 729111 --- [person-service] [           main] o.h.boot.model.internal.PropertyBinder   : MetadataSourceProcessor property identifier with lazy=false
2024-05-20T15:23:02.739-03:00 DEBUG 729111 --- [person-service] [           main] o.h.b.m.internal.AbstractPropertyHolder  : Attempting to locate auto-apply AttributeConverter for property [com.srmasset.ports.outbound.database.person.dao.PersonDAO:identifier]
2024-05-20T15:23:02.739-03:00 DEBUG 729111 --- [person-service] [           main] o.h.b.model.internal.BasicValueBinder    : building BasicValue for identifier
2024-05-20T15:23:02.739-03:00 DEBUG 729111 --- [person-service] [           main] org.hibernate.mapping.BasicValue         : Skipping column re-registration: person.identifier
2024-05-20T15:23:02.739-03:00 DEBUG 729111 --- [person-service] [           main] o.h.boot.model.internal.PropertyBinder   : Building property identifier
2024-05-20T15:23:02.739-03:00 DEBUG 729111 --- [person-service] [           main] o.h.boot.model.internal.AnnotatedColumn  : Binding column: AnnotatedColumn(column='IDENTIFIER_TYPE')
2024-05-20T15:23:02.740-03:00 DEBUG 729111 --- [person-service] [           main] o.h.boot.model.internal.PropertyBinder   : MetadataSourceProcessor property identifierType with lazy=false
2024-05-20T15:23:02.740-03:00 DEBUG 729111 --- [person-service] [           main] o.h.b.m.internal.AbstractPropertyHolder  : Attempting to locate auto-apply AttributeConverter for property [com.srmasset.ports.outbound.database.person.dao.PersonDAO:identifierType]
2024-05-20T15:23:02.740-03:00 DEBUG 729111 --- [person-service] [           main] o.h.b.model.internal.BasicValueBinder    : building BasicValue for identifierType
2024-05-20T15:23:02.740-03:00 DEBUG 729111 --- [person-service] [           main] org.hibernate.mapping.BasicValue         : Skipping column re-registration: person.identifier_type
2024-05-20T15:23:02.740-03:00 DEBUG 729111 --- [person-service] [           main] o.h.boot.model.internal.PropertyBinder   : Building property identifierType
2024-05-20T15:23:02.740-03:00 DEBUG 729111 --- [person-service] [           main] o.h.boot.model.internal.AnnotatedColumn  : Binding column: AnnotatedColumn(column='MAX_LOAN_VALUE')
2024-05-20T15:23:02.740-03:00 DEBUG 729111 --- [person-service] [           main] o.h.boot.model.internal.PropertyBinder   : MetadataSourceProcessor property maxLoanValue with lazy=false
2024-05-20T15:23:02.740-03:00 DEBUG 729111 --- [person-service] [           main] o.h.b.m.internal.AbstractPropertyHolder  : Attempting to locate auto-apply AttributeConverter for property [com.srmasset.ports.outbound.database.person.dao.PersonDAO:maxLoanValue]
2024-05-20T15:23:02.740-03:00 DEBUG 729111 --- [person-service] [           main] o.h.b.model.internal.BasicValueBinder    : building BasicValue for maxLoanValue
2024-05-20T15:23:02.740-03:00 DEBUG 729111 --- [person-service] [           main] org.hibernate.mapping.BasicValue         : Skipping column re-registration: person.max_loan_value
2024-05-20T15:23:02.740-03:00 DEBUG 729111 --- [person-service] [           main] o.h.boot.model.internal.PropertyBinder   : Building property maxLoanValue
2024-05-20T15:23:02.741-03:00 DEBUG 729111 --- [person-service] [           main] o.h.boot.model.internal.AnnotatedColumn  : Binding column: AnnotatedColumn(column='MIN_MONTHLY_VALUE')
2024-05-20T15:23:02.741-03:00 DEBUG 729111 --- [person-service] [           main] o.h.boot.model.internal.PropertyBinder   : MetadataSourceProcessor property minMonthlyValue with lazy=false
2024-05-20T15:23:02.741-03:00 DEBUG 729111 --- [person-service] [           main] o.h.b.m.internal.AbstractPropertyHolder  : Attempting to locate auto-apply AttributeConverter for property [com.srmasset.ports.outbound.database.person.dao.PersonDAO:minMonthlyValue]
2024-05-20T15:23:02.741-03:00 DEBUG 729111 --- [person-service] [           main] o.h.b.model.internal.BasicValueBinder    : building BasicValue for minMonthlyValue
2024-05-20T15:23:02.741-03:00 DEBUG 729111 --- [person-service] [           main] org.hibernate.mapping.BasicValue         : Skipping column re-registration: person.min_monthly_value
2024-05-20T15:23:02.741-03:00 DEBUG 729111 --- [person-service] [           main] o.h.boot.model.internal.PropertyBinder   : Building property minMonthlyValue
2024-05-20T15:23:02.741-03:00 DEBUG 729111 --- [person-service] [           main] o.h.boot.model.internal.AnnotatedColumn  : Binding column: AnnotatedColumn(column='NAME')
2024-05-20T15:23:02.741-03:00 DEBUG 729111 --- [person-service] [           main] o.h.boot.model.internal.PropertyBinder   : MetadataSourceProcessor property name with lazy=false
2024-05-20T15:23:02.741-03:00 DEBUG 729111 --- [person-service] [           main] o.h.b.m.internal.AbstractPropertyHolder  : Attempting to locate auto-apply AttributeConverter for property [com.srmasset.ports.outbound.database.person.dao.PersonDAO:name]
2024-05-20T15:23:02.741-03:00 DEBUG 729111 --- [person-service] [           main] o.h.b.model.internal.BasicValueBinder    : building BasicValue for name
2024-05-20T15:23:02.742-03:00 DEBUG 729111 --- [person-service] [           main] org.hibernate.mapping.BasicValue         : Skipping column re-registration: person.name
2024-05-20T15:23:02.742-03:00 DEBUG 729111 --- [person-service] [           main] o.h.boot.model.internal.PropertyBinder   : Building property name
2024-05-20T15:23:02.742-03:00 DEBUG 729111 --- [person-service] [           main] o.h.b.r.c.i.ClassLoaderServiceImpl       : HHH000194: Package not found or wo package-info.java: com.srmasset.ports.outbound.database.person.dao
2024-05-20T15:23:02.743-03:00 DEBUG 729111 --- [person-service] [           main] o.h.b.model.internal.BasicValueBinder    : Starting `BasicValueBinder#fillSimpleValue` for id
2024-05-20T15:23:02.744-03:00 DEBUG 729111 --- [person-service] [           main] o.h.b.model.internal.BasicValueBinder    : Starting `BasicValueBinder#fillSimpleValue` for identifierType
2024-05-20T15:23:02.745-03:00 DEBUG 729111 --- [person-service] [           main] o.h.b.model.internal.BasicValueBinder    : Starting `BasicValueBinder#fillSimpleValue` for maxLoanValue
2024-05-20T15:23:02.745-03:00 DEBUG 729111 --- [person-service] [           main] o.h.b.model.internal.BasicValueBinder    : Starting `BasicValueBinder#fillSimpleValue` for minMonthlyValue
2024-05-20T15:23:02.745-03:00 DEBUG 729111 --- [person-service] [           main] o.h.b.model.internal.BasicValueBinder    : Starting `BasicValueBinder#fillSimpleValue` for id
2024-05-20T15:23:02.745-03:00 DEBUG 729111 --- [person-service] [           main] o.h.b.model.internal.BasicValueBinder    : Starting `BasicValueBinder#fillSimpleValue` for birthDate
2024-05-20T15:23:02.746-03:00 DEBUG 729111 --- [person-service] [           main] o.h.b.model.internal.BasicValueBinder    : Starting `BasicValueBinder#fillSimpleValue` for identifier
2024-05-20T15:23:02.746-03:00 DEBUG 729111 --- [person-service] [           main] o.h.b.model.internal.BasicValueBinder    : Starting `BasicValueBinder#fillSimpleValue` for identifierType
2024-05-20T15:23:02.746-03:00 DEBUG 729111 --- [person-service] [           main] o.h.b.model.internal.BasicValueBinder    : Starting `BasicValueBinder#fillSimpleValue` for maxLoanValue
2024-05-20T15:23:02.746-03:00 DEBUG 729111 --- [person-service] [           main] o.h.b.model.internal.BasicValueBinder    : Starting `BasicValueBinder#fillSimpleValue` for minMonthlyValue
2024-05-20T15:23:02.746-03:00 DEBUG 729111 --- [person-service] [           main] o.h.b.model.internal.BasicValueBinder    : Starting `BasicValueBinder#fillSimpleValue` for name
2024-05-20T15:23:02.748-03:00 DEBUG 729111 --- [person-service] [           main] org.hibernate.mapping.PrimaryKey         : Forcing column [id] to be non-null as it is part of the primary key for table [config]
2024-05-20T15:23:02.748-03:00 DEBUG 729111 --- [person-service] [           main] org.hibernate.mapping.PrimaryKey         : Forcing column [id] to be non-null as it is part of the primary key for table [person]
2024-05-20T15:23:02.788-03:00 DEBUG 729111 --- [person-service] [           main] o.hibernate.internal.SessionFactoryImpl  : Building session factory
2024-05-20T15:23:02.816-03:00 DEBUG 729111 --- [person-service] [           main] .h.s.i.SessionFactoryServiceRegistryImpl : EventListenerRegistry access via ServiceRegistry is deprecated.  Use `sessionFactory.getEventEngine().getListenerRegistry()` instead
2024-05-20T15:23:02.816-03:00 DEBUG 729111 --- [person-service] [           main] o.hibernate.internal.SessionFactoryImpl  : Instantiating SessionFactory with settings: {java.specification.version=17, hibernate.resource.beans.container=org.springframework.orm.hibernate5.SpringBeanContainer@771d4db, hibernate.connection.handling_mode=DELAYED_ACQUISITION_AND_HOLD, sun.jnu.encoding=UTF-8, hibernate.dialect=org.hibernate.dialect.H2Dialect, hibernate.implicit_naming_strategy=org.springframework.boot.orm.jpa.hibernate.SpringImplicitNamingStrategy, java.class.path=/home/thallyssonk/Área de trabalho/CurrentProjects/TesteTecnicoWeFin/person-service/target/test-classes:/home/thallyssonk/Área de trabalho/CurrentProjects/TesteTecnicoWeFin/person-service/target/classes:/home/thallyssonk/.m2/repository/org/springframework/boot/spring-boot-starter-web/3.2.5/spring-boot-starter-web-3.2.5.jar:/home/thallyssonk/.m2/repository/org/springframework/boot/spring-boot-starter/3.2.5/spring-boot-starter-3.2.5.jar:/home/thallyssonk/.m2/repository/org/springframework/boot/spring-boot/3.2.5/spring-boot-3.2.5.jar:/home/thallyssonk/.m2/repository/org/springframework/boot/spring-boot-autoconfigure/3.2.5/spring-boot-autoconfigure-3.2.5.jar:/home/thallyssonk/.m2/repository/org/springframework/boot/spring-boot-starter-logging/3.2.5/spring-boot-starter-logging-3.2.5.jar:/home/thallyssonk/.m2/repository/ch/qos/logback/logback-classic/1.4.14/logback-classic-1.4.14.jar:/home/thallyssonk/.m2/repository/ch/qos/logback/logback-core/1.4.14/logback-core-1.4.14.jar:/home/thallyssonk/.m2/repository/org/apache/logging/log4j/log4j-to-slf4j/2.21.1/log4j-to-slf4j-2.21.1.jar:/home/thallyssonk/.m2/repository/org/apache/logging/log4j/log4j-api/2.21.1/log4j-api-2.21.1.jar:/home/thallyssonk/.m2/repository/org/slf4j/jul-to-slf4j/2.0.13/jul-to-slf4j-2.0.13.jar:/home/thallyssonk/.m2/repository/jakarta/annotation/jakarta.annotation-api/2.1.1/jakarta.annotation-api-2.1.1.jar:/home/thallyssonk/.m2/repository/org/yaml/snakeyaml/2.2/snakeyaml-2.2.jar:/home/thallyssonk/.m2/repository/org/springframework/boot/spring-boot-starter-json/3.2.5/spring-boot-starter-json-3.2.5.jar:/home/thallyssonk/.m2/repository/com/fasterxml/jackson/core/jackson-databind/2.15.4/jackson-databind-2.15.4.jar:/home/thallyssonk/.m2/repository/com/fasterxml/jackson/core/jackson-annotations/2.15.4/jackson-annotations-2.15.4.jar:/home/thallyssonk/.m2/repository/com/fasterxml/jackson/core/jackson-core/2.15.4/jackson-core-2.15.4.jar:/home/thallyssonk/.m2/repository/com/fasterxml/jackson/datatype/jackson-datatype-jdk8/2.15.4/jackson-datatype-jdk8-2.15.4.jar:/home/thallyssonk/.m2/repository/com/fasterxml/jackson/datatype/jackson-datatype-jsr310/2.15.4/jackson-datatype-jsr310-2.15.4.jar:/home/thallyssonk/.m2/repository/com/fasterxml/jackson/module/jackson-module-parameter-names/2.15.4/jackson-module-parameter-names-2.15.4.jar:/home/thallyssonk/.m2/repository/org/springframework/boot/spring-boot-starter-tomcat/3.2.5/spring-boot-starter-tomcat-3.2.5.jar:/home/thallyssonk/.m2/repository/org/apache/tomcat/embed/tomcat-embed-core/10.1.20/tomcat-embed-core-10.1.20.jar:/home/thallyssonk/.m2/repository/org/apache/tomcat/embed/tomcat-embed-el/10.1.20/tomcat-embed-el-10.1.20.jar:/home/thallyssonk/.m2/repository/org/apache/tomcat/embed/tomcat-embed-websocket/10.1.20/tomcat-embed-websocket-10.1.20.jar:/home/thallyssonk/.m2/repository/org/springframework/spring-web/6.1.6/spring-web-6.1.6.jar:/home/thallyssonk/.m2/repository/org/springframework/spring-beans/6.1.6/spring-beans-6.1.6.jar:/home/thallyssonk/.m2/repository/io/micrometer/micrometer-observation/1.12.5/micrometer-observation-1.12.5.jar:/home/thallyssonk/.m2/repository/io/micrometer/micrometer-commons/1.12.5/micrometer-commons-1.12.5.jar:/home/thallyssonk/.m2/repository/org/springframework/spring-webmvc/6.1.6/spring-webmvc-6.1.6.jar:/home/thallyssonk/.m2/repository/org/springframework/spring-aop/6.1.6/spring-aop-6.1.6.jar:/home/thallyssonk/.m2/repository/org/springframework/spring-context/6.1.6/spring-context-6.1.6.jar:/home/thallyssonk/.m2/repository/org/springframework/spring-expression/6.1.6/spring-expression-6.1.6.jar:/home/thallyssonk/.m2/repository/com/mysql/mysql-connector-j/8.0.33/mysql-connector-j-8.0.33.jar:/home/thallyssonk/.m2/repository/org/springframework/cloud/spring-cloud-starter/4.1.2/spring-cloud-starter-4.1.2.jar:/home/thallyssonk/.m2/repository/org/springframework/cloud/spring-cloud-context/4.1.2/spring-cloud-context-4.1.2.jar:/home/thallyssonk/.m2/repository/org/springframework/security/spring-security-crypto/6.2.4/spring-security-crypto-6.2.4.jar:/home/thallyssonk/.m2/repository/org/springframework/cloud/spring-cloud-commons/4.1.2/spring-cloud-commons-4.1.2.jar:/home/thallyssonk/.m2/repository/org/springframework/security/spring-security-rsa/1.1.2/spring-security-rsa-1.1.2.jar:/home/thallyssonk/.m2/repository/org/bouncycastle/bcprov-jdk18on/1.77/bcprov-jdk18on-1.77.jar:/home/thallyssonk/.m2/repository/org/springframework/boot/spring-boot-starter-data-jpa/3.2.5/spring-boot-starter-data-jpa-3.2.5.jar:/home/thallyssonk/.m2/repository/org/springframework/boot/spring-boot-starter-aop/3.2.5/spring-boot-starter-aop-3.2.5.jar:/home/thallyssonk/.m2/repository/org/aspectj/aspectjweaver/1.9.22/aspectjweaver-1.9.22.jar:/home/thallyssonk/.m2/repository/org/hibernate/orm/hibernate-core/6.4.4.Final/hibernate-core-6.4.4.Final.jar:/home/thallyssonk/.m2/repository/jakarta/persistence/jakarta.persistence-api/3.1.0/jakarta.persistence-api-3.1.0.jar:/home/thallyssonk/.m2/repository/jakarta/transaction/jakarta.transaction-api/2.0.1/jakarta.transaction-api-2.0.1.jar:/home/thallyssonk/.m2/repository/org/jboss/logging/jboss-logging/3.5.3.Final/jboss-logging-3.5.3.Final.jar:/home/thallyssonk/.m2/repository/org/hibernate/common/hibernate-commons-annotations/6.0.6.Final/hibernate-commons-annotations-6.0.6.Final.jar:/home/thallyssonk/.m2/repository/io/smallrye/jandex/3.1.2/jandex-3.1.2.jar:/home/thallyssonk/.m2/repository/com/fasterxml/classmate/1.6.0/classmate-1.6.0.jar:/home/thallyssonk/.m2/repository/net/bytebuddy/byte-buddy/1.14.13/byte-buddy-1.14.13.jar:/home/thallyssonk/.m2/repository/org/glassfish/jaxb/jaxb-runtime/4.0.5/jaxb-runtime-4.0.5.jar:/home/thallyssonk/.m2/repository/org/glassfish/jaxb/jaxb-core/4.0.5/jaxb-core-4.0.5.jar:/home/thallyssonk/.m2/repository/org/eclipse/angus/angus-activation/2.0.2/angus-activation-2.0.2.jar:/home/thallyssonk/.m2/repository/org/glassfish/jaxb/txw2/4.0.5/txw2-4.0.5.jar:/home/thallyssonk/.m2/repository/com/sun/istack/istack-commons-runtime/4.1.2/istack-commons-runtime-4.1.2.jar:/home/thallyssonk/.m2/repository/jakarta/inject/jakarta.inject-api/2.0.1/jakarta.inject-api-2.0.1.jar:/home/thallyssonk/.m2/repository/org/antlr/antlr4-runtime/4.13.0/antlr4-runtime-4.13.0.jar:/home/thallyssonk/.m2/repository/org/springframework/data/spring-data-jpa/3.2.5/spring-data-jpa-3.2.5.jar:/home/thallyssonk/.m2/repository/org/springframework/data/spring-data-commons/3.2.5/spring-data-commons-3.2.5.jar:/home/thallyssonk/.m2/repository/org/springframework/spring-orm/6.1.6/spring-orm-6.1.6.jar:/home/thallyssonk/.m2/repository/org/springframework/spring-tx/6.1.6/spring-tx-6.1.6.jar:/home/thallyssonk/.m2/repository/org/slf4j/slf4j-api/2.0.13/slf4j-api-2.0.13.jar:/home/thallyssonk/.m2/repository/org/springframework/spring-aspects/6.1.6/spring-aspects-6.1.6.jar:/home/thallyssonk/.m2/repository/org/springframework/boot/spring-boot-starter-jdbc/3.2.5/spring-boot-starter-jdbc-3.2.5.jar:/home/thallyssonk/.m2/repository/com/zaxxer/HikariCP/5.0.1/HikariCP-5.0.1.jar:/home/thallyssonk/.m2/repository/org/springframework/spring-jdbc/6.1.6/spring-jdbc-6.1.6.jar:/home/thallyssonk/.m2/repository/javax/validation/validation-api/2.0.1.Final/validation-api-2.0.1.Final.jar:/home/thallyssonk/.m2/repository/org/projectlombok/lombok/1.18.32/lombok-1.18.32.jar:/home/thallyssonk/.m2/repository/org/springframework/boot/spring-boot-starter-test/3.2.5/spring-boot-starter-test-3.2.5.jar:/home/thallyssonk/.m2/repository/org/springframework/boot/spring-boot-test/3.2.5/spring-boot-test-3.2.5.jar:/home/thallyssonk/.m2/repository/org/springframework/boot/spring-boot-test-autoconfigure/3.2.5/spring-boot-test-autoconfigure-3.2.5.jar:/home/thallyssonk/.m2/repository/com/jayway/jsonpath/json-path/2.9.0/json-path-2.9.0.jar:/home/thallyssonk/.m2/repository/jakarta/xml/bind/jakarta.xml.bind-api/4.0.2/jakarta.xml.bind-api-4.0.2.jar:/home/thallyssonk/.m2/repository/jakarta/activation/jakarta.activation-api/2.1.3/jakarta.activation-api-2.1.3.jar:/home/thallyssonk/.m2/repository/net/minidev/json-smart/2.5.1/json-smart-2.5.1.jar:/home/thallyssonk/.m2/repository/net/minidev/accessors-smart/2.5.1/accessors-smart-2.5.1.jar:/home/thallyssonk/.m2/repository/org/ow2/asm/asm/9.6/asm-9.6.jar:/home/thallyssonk/.m2/repository/org/assertj/assertj-core/3.24.2/assertj-core-3.24.2.jar:/home/thallyssonk/.m2/repository/org/awaitility/awaitility/4.2.1/awaitility-4.2.1.jar:/home/thallyssonk/.m2/repository/org/hamcrest/hamcrest/2.2/hamcrest-2.2.jar:/home/thallyssonk/.m2/repository/org/junit/jupiter/junit-jupiter/5.10.2/junit-jupiter-5.10.2.jar:/home/thallyssonk/.m2/repository/org/junit/jupiter/junit-jupiter-api/5.10.2/junit-jupiter-api-5.10.2.jar:/home/thallyssonk/.m2/repository/org/opentest4j/opentest4j/1.3.0/opentest4j-1.3.0.jar:/home/thallyssonk/.m2/repository/org/junit/platform/junit-platform-commons/1.10.2/junit-platform-commons-1.10.2.jar:/home/thallyssonk/.m2/repository/org/apiguardian/apiguardian-api/1.1.2/apiguardian-api-1.1.2.jar:/home/thallyssonk/.m2/repository/org/junit/jupiter/junit-jupiter-params/5.10.2/junit-jupiter-params-5.10.2.jar:/home/thallyssonk/.m2/repository/org/junit/jupiter/junit-jupiter-engine/5.10.2/junit-jupiter-engine-5.10.2.jar:/home/thallyssonk/.m2/repository/org/junit/platform/junit-platform-engine/1.10.2/junit-platform-engine-1.10.2.jar:/home/thallyssonk/.m2/repository/org/mockito/mockito-core/5.7.0/mockito-core-5.7.0.jar:/home/thallyssonk/.m2/repository/net/bytebuddy/byte-buddy-agent/1.14.13/byte-buddy-agent-1.14.13.jar:/home/thallyssonk/.m2/repository/org/objenesis/objenesis/3.3/objenesis-3.3.jar:/home/thallyssonk/.m2/repository/org/mockito/mockito-junit-jupiter/5.7.0/mockito-junit-jupiter-5.7.0.jar:/home/thallyssonk/.m2/repository/org/skyscreamer/jsonassert/1.5.1/jsonassert-1.5.1.jar:/home/thallyssonk/.m2/repository/com/vaadin/external/google/android-json/0.0.20131108.vaadin1/android-json-0.0.20131108.vaadin1.jar:/home/thallyssonk/.m2/repository/org/springframework/spring-core/6.1.6/spring-core-6.1.6.jar:/home/thallyssonk/.m2/repository/org/springframework/spring-jcl/6.1.6/spring-jcl-6.1.6.jar:/home/thallyssonk/.m2/repository/org/springframework/spring-test/6.1.6/spring-test-6.1.6.jar:/home/thallyssonk/.m2/repository/org/xmlunit/xmlunit-core/2.9.1/xmlunit-core-2.9.1.jar:/home/thallyssonk/.m2/repository/com/datadoghq/dd-java-agent/1.34.0/dd-java-agent-1.34.0.jar:/home/thallyssonk/.m2/repository/com/datadoghq/dd-trace-api/1.34.0/dd-trace-api-1.34.0.jar:/home/thallyssonk/.m2/repository/com/github/ben-manes/caffeine/caffeine/3.1.8/caffeine-3.1.8.jar:/home/thallyssonk/.m2/repository/org/checkerframework/checker-qual/3.37.0/checker-qual-3.37.0.jar:/home/thallyssonk/.m2/repository/com/google/errorprone/error_prone_annotations/2.21.1/error_prone_annotations-2.21.1.jar:/home/thallyssonk/.m2/repository/org/springframework/boot/spring-boot-starter-cache/3.2.5/spring-boot-starter-cache-3.2.5.jar:/home/thallyssonk/.m2/repository/org/springframework/spring-context-support/6.1.6/spring-context-support-6.1.6.jar:/home/thallyssonk/.m2/repository/com/datadoghq/java-dogstatsd-client/4.3.0/java-dogstatsd-client-4.3.0.jar:/home/thallyssonk/.m2/repository/com/github/jnr/jnr-unixsocket/0.36/jnr-unixsocket-0.36.jar:/home/thallyssonk/.m2/repository/com/github/jnr/jnr-ffi/2.1.16/jnr-ffi-2.1.16.jar:/home/thallyssonk/.m2/repository/com/github/jnr/jffi/1.2.23/jffi-1.2.23.jar:/home/thallyssonk/.m2/repository/com/github/jnr/jffi/1.2.23/jffi-1.2.23-native.jar:/home/thallyssonk/.m2/repository/org/ow2/asm/asm-commons/7.1/asm-commons-7.1.jar:/home/thallyssonk/.m2/repository/org/ow2/asm/asm-analysis/7.1/asm-analysis-7.1.jar:/home/thallyssonk/.m2/repository/org/ow2/asm/asm-tree/7.1/asm-tree-7.1.jar:/home/thallyssonk/.m2/repository/org/ow2/asm/asm-util/7.1/asm-util-7.1.jar:/home/thallyssonk/.m2/repository/com/github/jnr/jnr-a64asm/1.0.0/jnr-a64asm-1.0.0.jar:/home/thallyssonk/.m2/repository/com/github/jnr/jnr-x86asm/1.0.2/jnr-x86asm-1.0.2.jar:/home/thallyssonk/.m2/repository/com/github/jnr/jnr-constants/0.9.17/jnr-constants-0.9.17.jar:/home/thallyssonk/.m2/repository/com/github/jnr/jnr-enxio/0.30/jnr-enxio-0.30.jar:/home/thallyssonk/.m2/repository/com/github/jnr/jnr-posix/3.0.61/jnr-posix-3.0.61.jar:/home/thallyssonk/.m2/repository/com/h2database/h2/2.2.224/h2-2.2.224.jar:, java.vm.vendor=Ubuntu, sun.arch.data.model=64, java.vendor.url=https://ubuntu.com/, user.timezone=America/Sao_Paulo, jakarta.persistence.sharedCache.mode=UNSPECIFIED, org.jboss.logging.provider=slf4j, java.vm.specification.version=17, os.name=Linux, jakarta.persistence.nonJtaDataSource=HikariDataSource (null), sun.java.launcher=SUN_STANDARD, user.country=BR, sun.boot.library.path=/usr/lib/jvm/java-17-openjdk-amd64/lib, sun.java.command=/home/thallyssonk/Área de trabalho/CurrentProjects/TesteTecnicoWeFin/person-service/target/surefire/surefirebooter-20240520152258940_3.jar /home/thallyssonk/Área de trabalho/CurrentProjects/TesteTecnicoWeFin/person-service/target/surefire 2024-05-20T15-22-58_854-jvmRun1 surefire-20240520152258940_1tmp surefire_0-20240520152258940_2tmp, javax.persistence.nonJtaDataSource=HikariDataSource (null), hibernate.transaction.jta.platform=org.hibernate.engine.transaction.jta.platform.internal.NoJtaPlatform@2d88c1bf, jdk.debug=release, surefire.test.class.path=/home/thallyssonk/Área de trabalho/CurrentProjects/TesteTecnicoWeFin/person-service/target/test-classes:/home/thallyssonk/Área de trabalho/CurrentProjects/TesteTecnicoWeFin/person-service/target/classes:/home/thallyssonk/.m2/repository/org/springframework/boot/spring-boot-starter-web/3.2.5/spring-boot-starter-web-3.2.5.jar:/home/thallyssonk/.m2/repository/org/springframework/boot/spring-boot-starter/3.2.5/spring-boot-starter-3.2.5.jar:/home/thallyssonk/.m2/repository/org/springframework/boot/spring-boot/3.2.5/spring-boot-3.2.5.jar:/home/thallyssonk/.m2/repository/org/springframework/boot/spring-boot-autoconfigure/3.2.5/spring-boot-autoconfigure-3.2.5.jar:/home/thallyssonk/.m2/repository/org/springframework/boot/spring-boot-starter-logging/3.2.5/spring-boot-starter-logging-3.2.5.jar:/home/thallyssonk/.m2/repository/ch/qos/logback/logback-classic/1.4.14/logback-classic-1.4.14.jar:/home/thallyssonk/.m2/repository/ch/qos/logback/logback-core/1.4.14/logback-core-1.4.14.jar:/home/thallyssonk/.m2/repository/org/apache/logging/log4j/log4j-to-slf4j/2.21.1/log4j-to-slf4j-2.21.1.jar:/home/thallyssonk/.m2/repository/org/apache/logging/log4j/log4j-api/2.21.1/log4j-api-2.21.1.jar:/home/thallyssonk/.m2/repository/org/slf4j/jul-to-slf4j/2.0.13/jul-to-slf4j-2.0.13.jar:/home/thallyssonk/.m2/repository/jakarta/annotation/jakarta.annotation-api/2.1.1/jakarta.annotation-api-2.1.1.jar:/home/thallyssonk/.m2/repository/org/yaml/snakeyaml/2.2/snakeyaml-2.2.jar:/home/thallyssonk/.m2/repository/org/springframework/boot/spring-boot-starter-json/3.2.5/spring-boot-starter-json-3.2.5.jar:/home/thallyssonk/.m2/repository/com/fasterxml/jackson/core/jackson-databind/2.15.4/jackson-databind-2.15.4.jar:/home/thallyssonk/.m2/repository/com/fasterxml/jackson/core/jackson-annotations/2.15.4/jackson-annotations-2.15.4.jar:/home/thallyssonk/.m2/repository/com/fasterxml/jackson/core/jackson-core/2.15.4/jackson-core-2.15.4.jar:/home/thallyssonk/.m2/repository/com/fasterxml/jackson/datatype/jackson-datatype-jdk8/2.15.4/jackson-datatype-jdk8-2.15.4.jar:/home/thallyssonk/.m2/repository/com/fasterxml/jackson/datatype/jackson-datatype-jsr310/2.15.4/jackson-datatype-jsr310-2.15.4.jar:/home/thallyssonk/.m2/repository/com/fasterxml/jackson/module/jackson-module-parameter-names/2.15.4/jackson-module-parameter-names-2.15.4.jar:/home/thallyssonk/.m2/repository/org/springframework/boot/spring-boot-starter-tomcat/3.2.5/spring-boot-starter-tomcat-3.2.5.jar:/home/thallyssonk/.m2/repository/org/apache/tomcat/embed/tomcat-embed-core/10.1.20/tomcat-embed-core-10.1.20.jar:/home/thallyssonk/.m2/repository/org/apache/tomcat/embed/tomcat-embed-el/10.1.20/tomcat-embed-el-10.1.20.jar:/home/thallyssonk/.m2/repository/org/apache/tomcat/embed/tomcat-embed-websocket/10.1.20/tomcat-embed-websocket-10.1.20.jar:/home/thallyssonk/.m2/repository/org/springframework/spring-web/6.1.6/spring-web-6.1.6.jar:/home/thallyssonk/.m2/repository/org/springframework/spring-beans/6.1.6/spring-beans-6.1.6.jar:/home/thallyssonk/.m2/repository/io/micrometer/micrometer-observation/1.12.5/micrometer-observation-1.12.5.jar:/home/thallyssonk/.m2/repository/io/micrometer/micrometer-commons/1.12.5/micrometer-commons-1.12.5.jar:/home/thallyssonk/.m2/repository/org/springframework/spring-webmvc/6.1.6/spring-webmvc-6.1.6.jar:/home/thallyssonk/.m2/repository/org/springframework/spring-aop/6.1.6/spring-aop-6.1.6.jar:/home/thallyssonk/.m2/repository/org/springframework/spring-context/6.1.6/spring-context-6.1.6.jar:/home/thallyssonk/.m2/repository/org/springframework/spring-expression/6.1.6/spring-expression-6.1.6.jar:/home/thallyssonk/.m2/repository/com/mysql/mysql-connector-j/8.0.33/mysql-connector-j-8.0.33.jar:/home/thallyssonk/.m2/repository/org/springframework/cloud/spring-cloud-starter/4.1.2/spring-cloud-starter-4.1.2.jar:/home/thallyssonk/.m2/repository/org/springframework/cloud/spring-cloud-context/4.1.2/spring-cloud-context-4.1.2.jar:/home/thallyssonk/.m2/repository/org/springframework/security/spring-security-crypto/6.2.4/spring-security-crypto-6.2.4.jar:/home/thallyssonk/.m2/repository/org/springframework/cloud/spring-cloud-commons/4.1.2/spring-cloud-commons-4.1.2.jar:/home/thallyssonk/.m2/repository/org/springframework/security/spring-security-rsa/1.1.2/spring-security-rsa-1.1.2.jar:/home/thallyssonk/.m2/repository/org/bouncycastle/bcprov-jdk18on/1.77/bcprov-jdk18on-1.77.jar:/home/thallyssonk/.m2/repository/org/springframework/boot/spring-boot-starter-data-jpa/3.2.5/spring-boot-starter-data-jpa-3.2.5.jar:/home/thallyssonk/.m2/repository/org/springframework/boot/spring-boot-starter-aop/3.2.5/spring-boot-starter-aop-3.2.5.jar:/home/thallyssonk/.m2/repository/org/aspectj/aspectjweaver/1.9.22/aspectjweaver-1.9.22.jar:/home/thallyssonk/.m2/repository/org/hibernate/orm/hibernate-core/6.4.4.Final/hibernate-core-6.4.4.Final.jar:/home/thallyssonk/.m2/repository/jakarta/persistence/jakarta.persistence-api/3.1.0/jakarta.persistence-api-3.1.0.jar:/home/thallyssonk/.m2/repository/jakarta/transaction/jakarta.transaction-api/2.0.1/jakarta.transaction-api-2.0.1.jar:/home/thallyssonk/.m2/repository/org/jboss/logging/jboss-logging/3.5.3.Final/jboss-logging-3.5.3.Final.jar:/home/thallyssonk/.m2/repository/org/hibernate/common/hibernate-commons-annotations/6.0.6.Final/hibernate-commons-annotations-6.0.6.Final.jar:/home/thallyssonk/.m2/repository/io/smallrye/jandex/3.1.2/jandex-3.1.2.jar:/home/thallyssonk/.m2/repository/com/fasterxml/classmate/1.6.0/classmate-1.6.0.jar:/home/thallyssonk/.m2/repository/net/bytebuddy/byte-buddy/1.14.13/byte-buddy-1.14.13.jar:/home/thallyssonk/.m2/repository/org/glassfish/jaxb/jaxb-runtime/4.0.5/jaxb-runtime-4.0.5.jar:/home/thallyssonk/.m2/repository/org/glassfish/jaxb/jaxb-core/4.0.5/jaxb-core-4.0.5.jar:/home/thallyssonk/.m2/repository/org/eclipse/angus/angus-activation/2.0.2/angus-activation-2.0.2.jar:/home/thallyssonk/.m2/repository/org/glassfish/jaxb/txw2/4.0.5/txw2-4.0.5.jar:/home/thallyssonk/.m2/repository/com/sun/istack/istack-commons-runtime/4.1.2/istack-commons-runtime-4.1.2.jar:/home/thallyssonk/.m2/repository/jakarta/inject/jakarta.inject-api/2.0.1/jakarta.inject-api-2.0.1.jar:/home/thallyssonk/.m2/repository/org/antlr/antlr4-runtime/4.13.0/antlr4-runtime-4.13.0.jar:/home/thallyssonk/.m2/repository/org/springframework/data/spring-data-jpa/3.2.5/spring-data-jpa-3.2.5.jar:/home/thallyssonk/.m2/repository/org/springframework/data/spring-data-commons/3.2.5/spring-data-commons-3.2.5.jar:/home/thallyssonk/.m2/repository/org/springframework/spring-orm/6.1.6/spring-orm-6.1.6.jar:/home/thallyssonk/.m2/repository/org/springframework/spring-tx/6.1.6/spring-tx-6.1.6.jar:/home/thallyssonk/.m2/repository/org/slf4j/slf4j-api/2.0.13/slf4j-api-2.0.13.jar:/home/thallyssonk/.m2/repository/org/springframework/spring-aspects/6.1.6/spring-aspects-6.1.6.jar:/home/thallyssonk/.m2/repository/org/springframework/boot/spring-boot-starter-jdbc/3.2.5/spring-boot-starter-jdbc-3.2.5.jar:/home/thallyssonk/.m2/repository/com/zaxxer/HikariCP/5.0.1/HikariCP-5.0.1.jar:/home/thallyssonk/.m2/repository/org/springframework/spring-jdbc/6.1.6/spring-jdbc-6.1.6.jar:/home/thallyssonk/.m2/repository/javax/validation/validation-api/2.0.1.Final/validation-api-2.0.1.Final.jar:/home/thallyssonk/.m2/repository/org/projectlombok/lombok/1.18.32/lombok-1.18.32.jar:/home/thallyssonk/.m2/repository/org/springframework/boot/spring-boot-starter-test/3.2.5/spring-boot-starter-test-3.2.5.jar:/home/thallyssonk/.m2/repository/org/springframework/boot/spring-boot-test/3.2.5/spring-boot-test-3.2.5.jar:/home/thallyssonk/.m2/repository/org/springframework/boot/spring-boot-test-autoconfigure/3.2.5/spring-boot-test-autoconfigure-3.2.5.jar:/home/thallyssonk/.m2/repository/com/jayway/jsonpath/json-path/2.9.0/json-path-2.9.0.jar:/home/thallyssonk/.m2/repository/jakarta/xml/bind/jakarta.xml.bind-api/4.0.2/jakarta.xml.bind-api-4.0.2.jar:/home/thallyssonk/.m2/repository/jakarta/activation/jakarta.activation-api/2.1.3/jakarta.activation-api-2.1.3.jar:/home/thallyssonk/.m2/repository/net/minidev/json-smart/2.5.1/json-smart-2.5.1.jar:/home/thallyssonk/.m2/repository/net/minidev/accessors-smart/2.5.1/accessors-smart-2.5.1.jar:/home/thallyssonk/.m2/repository/org/ow2/asm/asm/9.6/asm-9.6.jar:/home/thallyssonk/.m2/repository/org/assertj/assertj-core/3.24.2/assertj-core-3.24.2.jar:/home/thallyssonk/.m2/repository/org/awaitility/awaitility/4.2.1/awaitility-4.2.1.jar:/home/thallyssonk/.m2/repository/org/hamcrest/hamcrest/2.2/hamcrest-2.2.jar:/home/thallyssonk/.m2/repository/org/junit/jupiter/junit-jupiter/5.10.2/junit-jupiter-5.10.2.jar:/home/thallyssonk/.m2/repository/org/junit/jupiter/junit-jupiter-api/5.10.2/junit-jupiter-api-5.10.2.jar:/home/thallyssonk/.m2/repository/org/opentest4j/opentest4j/1.3.0/opentest4j-1.3.0.jar:/home/thallyssonk/.m2/repository/org/junit/platform/junit-platform-commons/1.10.2/junit-platform-commons-1.10.2.jar:/home/thallyssonk/.m2/repository/org/apiguardian/apiguardian-api/1.1.2/apiguardian-api-1.1.2.jar:/home/thallyssonk/.m2/repository/org/junit/jupiter/junit-jupiter-params/5.10.2/junit-jupiter-params-5.10.2.jar:/home/thallyssonk/.m2/repository/org/junit/jupiter/junit-jupiter-engine/5.10.2/junit-jupiter-engine-5.10.2.jar:/home/thallyssonk/.m2/repository/org/junit/platform/junit-platform-engine/1.10.2/junit-platform-engine-1.10.2.jar:/home/thallyssonk/.m2/repository/org/mockito/mockito-core/5.7.0/mockito-core-5.7.0.jar:/home/thallyssonk/.m2/repository/net/bytebuddy/byte-buddy-agent/1.14.13/byte-buddy-agent-1.14.13.jar:/home/thallyssonk/.m2/repository/org/objenesis/objenesis/3.3/objenesis-3.3.jar:/home/thallyssonk/.m2/repository/org/mockito/mockito-junit-jupiter/5.7.0/mockito-junit-jupiter-5.7.0.jar:/home/thallyssonk/.m2/repository/org/skyscreamer/jsonassert/1.5.1/jsonassert-1.5.1.jar:/home/thallyssonk/.m2/repository/com/vaadin/external/google/android-json/0.0.20131108.vaadin1/android-json-0.0.20131108.vaadin1.jar:/home/thallyssonk/.m2/repository/org/springframework/spring-core/6.1.6/spring-core-6.1.6.jar:/home/thallyssonk/.m2/repository/org/springframework/spring-jcl/6.1.6/spring-jcl-6.1.6.jar:/home/thallyssonk/.m2/repository/org/springframework/spring-test/6.1.6/spring-test-6.1.6.jar:/home/thallyssonk/.m2/repository/org/xmlunit/xmlunit-core/2.9.1/xmlunit-core-2.9.1.jar:/home/thallyssonk/.m2/repository/com/datadoghq/dd-java-agent/1.34.0/dd-java-agent-1.34.0.jar:/home/thallyssonk/.m2/repository/com/datadoghq/dd-trace-api/1.34.0/dd-trace-api-1.34.0.jar:/home/thallyssonk/.m2/repository/com/github/ben-manes/caffeine/caffeine/3.1.8/caffeine-3.1.8.jar:/home/thallyssonk/.m2/repository/org/checkerframework/checker-qual/3.37.0/checker-qual-3.37.0.jar:/home/thallyssonk/.m2/repository/com/google/errorprone/error_prone_annotations/2.21.1/error_prone_annotations-2.21.1.jar:/home/thallyssonk/.m2/repository/org/springframework/boot/spring-boot-starter-cache/3.2.5/spring-boot-starter-cache-3.2.5.jar:/home/thallyssonk/.m2/repository/org/springframework/spring-context-support/6.1.6/spring-context-support-6.1.6.jar:/home/thallyssonk/.m2/repository/com/datadoghq/java-dogstatsd-client/4.3.0/java-dogstatsd-client-4.3.0.jar:/home/thallyssonk/.m2/repository/com/github/jnr/jnr-unixsocket/0.36/jnr-unixsocket-0.36.jar:/home/thallyssonk/.m2/repository/com/github/jnr/jnr-ffi/2.1.16/jnr-ffi-2.1.16.jar:/home/thallyssonk/.m2/repository/com/github/jnr/jffi/1.2.23/jffi-1.2.23.jar:/home/thallyssonk/.m2/repository/com/github/jnr/jffi/1.2.23/jffi-1.2.23-native.jar:/home/thallyssonk/.m2/repository/org/ow2/asm/asm-commons/7.1/asm-commons-7.1.jar:/home/thallyssonk/.m2/repository/org/ow2/asm/asm-analysis/7.1/asm-analysis-7.1.jar:/home/thallyssonk/.m2/repository/org/ow2/asm/asm-tree/7.1/asm-tree-7.1.jar:/home/thallyssonk/.m2/repository/org/ow2/asm/asm-util/7.1/asm-util-7.1.jar:/home/thallyssonk/.m2/repository/com/github/jnr/jnr-a64asm/1.0.0/jnr-a64asm-1.0.0.jar:/home/thallyssonk/.m2/repository/com/github/jnr/jnr-x86asm/1.0.2/jnr-x86asm-1.0.2.jar:/home/thallyssonk/.m2/repository/com/github/jnr/jnr-constants/0.9.17/jnr-constants-0.9.17.jar:/home/thallyssonk/.m2/repository/com/github/jnr/jnr-enxio/0.30/jnr-enxio-0.30.jar:/home/thallyssonk/.m2/repository/com/github/jnr/jnr-posix/3.0.61/jnr-posix-3.0.61.jar:/home/thallyssonk/.m2/repository/com/h2database/h2/2.2.224/h2-2.2.224.jar:, sun.cpu.endian=little, hibernate.cdi.extensions=true, user.home=/home/thallyssonk, user.language=pt, java.specification.vendor=Oracle Corporation, java.version.date=2024-04-16, java.home=/usr/lib/jvm/java-17-openjdk-amd64, file.separator=/, basedir=/home/thallyssonk/Área de trabalho/CurrentProjects/TesteTecnicoWeFin/person-service, java.vm.compressedOopsMode=Zero based, line.separator=
, hibernate.persistenceUnitName=default, java.specification.name=Java Platform API Specification, java.vm.specification.vendor=Oracle Corporation, FILE_LOG_CHARSET=UTF-8, hibernate.transaction.coordinator_class=class org.hibernate.resource.transaction.backend.jdbc.internal.JdbcResourceLocalTransactionCoordinatorBuilderImpl, java.awt.headless=true, surefire.real.class.path=/home/thallyssonk/Área de trabalho/CurrentProjects/TesteTecnicoWeFin/person-service/target/surefire/surefirebooter-20240520152258940_3.jar, jakarta.persistence.validation.mode=AUTO, hibernate.hbm2ddl.auto=create-drop, sun.management.compiler=HotSpot 64-Bit Tiered Compilers, java.runtime.version=17.0.11+9-Ubuntu-1, user.name=thallyssonk, path.separator=:, os.version=6.8.0-31-generic, java.runtime.name=OpenJDK Runtime Environment, file.encoding=UTF-8, java.vm.name=OpenJDK 64-Bit Server VM, hibernate.show_sql=true, localRepository=/home/thallyssonk/.m2/repository, java.vendor.url.bug=https://bugs.launchpad.net/ubuntu/+source/openjdk-17, java.io.tmpdir=/tmp, idea.version=2024.1.1, java.version=17.0.11, hibernate.physical_naming_strategy=org.hibernate.boot.model.naming.CamelCaseToUnderscoresNamingStrategy, user.dir=/home/thallyssonk/Área de trabalho/CurrentProjects/TesteTecnicoWeFin/person-service, os.arch=amd64, java.vm.specification.name=Java Virtual Machine Specification, PID=729111, CONSOLE_LOG_CHARSET=UTF-8, hibernate.boot.CfgXmlAccessService.key=org.hibernate.boot.registry.StandardServiceRegistryBuilder$1@3636f2a7, native.encoding=UTF-8, java.library.path=/usr/java/packages/lib:/usr/lib/x86_64-linux-gnu/jni:/lib/x86_64-linux-gnu:/usr/lib/x86_64-linux-gnu:/usr/lib/jni:/lib:/usr/lib, java.vendor=Ubuntu, java.vm.info=mixed mode, sharing, hibernate.temp.use_jdbc_metadata_defaults=false, java.vm.version=17.0.11+9-Ubuntu-1, sun.io.unicode.encoding=UnicodeLittle, hibernate.archive.scanner=org.hibernate.boot.archive.scan.internal.DisabledScanner, hibernate.connection.datasource=HikariDataSource (null), java.class.version=61.0, LOGGED_APPLICATION_NAME=[person-service] }
2024-05-20T15:23:02.819-03:00 DEBUG 729111 --- [person-service] [           main] o.hibernate.internal.SessionFactoryImpl  : Session factory constructed with filter configurations : {}
2024-05-20T15:23:02.851-03:00 DEBUG 729111 --- [person-service] [           main] o.h.q.sqm.function.SqmFunctionRegistry   : Registered SqmFunctionTemplate [NamedSqmFunctionTemplate(max)] under max; prior registration was null
2024-05-20T15:23:02.851-03:00 DEBUG 729111 --- [person-service] [           main] o.h.q.sqm.function.SqmFunctionRegistry   : Registered SqmFunctionTemplate [NamedSqmFunctionTemplate(min)] under min; prior registration was null
2024-05-20T15:23:02.851-03:00 DEBUG 729111 --- [person-service] [           main] o.h.q.sqm.function.SqmFunctionRegistry   : Registered SqmFunctionTemplate [NamedSqmFunctionTemplate(sum)] under sum; prior registration was null
2024-05-20T15:23:02.852-03:00 DEBUG 729111 --- [person-service] [           main] o.h.q.sqm.function.SqmFunctionRegistry   : Registered SqmFunctionTemplate [NamedSqmFunctionTemplate(avg)] under avg; prior registration was null
2024-05-20T15:23:02.853-03:00 DEBUG 729111 --- [person-service] [           main] o.h.q.sqm.function.SqmFunctionRegistry   : Registered SqmFunctionTemplate [org.hibernate.dialect.function.CountFunction@10f397d0] under count; prior registration was null
2024-05-20T15:23:02.853-03:00 DEBUG 729111 --- [person-service] [           main] o.h.q.sqm.function.SqmFunctionRegistry   : Registered SqmFunctionTemplate [org.hibernate.dialect.function.EveryAnyEmulation@1eda309d] under every; prior registration was null
2024-05-20T15:23:02.853-03:00 DEBUG 729111 --- [person-service] [           main] o.h.q.sqm.function.SqmFunctionRegistry   : Registered SqmFunctionTemplate [org.hibernate.dialect.function.EveryAnyEmulation@248d2cec] under any; prior registration was null
2024-05-20T15:23:02.854-03:00 DEBUG 729111 --- [person-service] [           main] o.h.q.sqm.function.SqmFunctionRegistry   : Registered SqmFunctionTemplate [NamedSqmFunctionTemplate(floor)] under floor; prior registration was null
2024-05-20T15:23:02.854-03:00 DEBUG 729111 --- [person-service] [           main] o.h.q.sqm.function.SqmFunctionRegistry   : Registered SqmFunctionTemplate [NamedSqmFunctionTemplate(ceiling)] under ceiling; prior registration was null
2024-05-20T15:23:02.854-03:00 DEBUG 729111 --- [person-service] [           main] o.h.q.sqm.function.SqmFunctionRegistry   : Registered SqmFunctionTemplate [NamedSqmFunctionTemplate(mod)] under mod; prior registration was null
2024-05-20T15:23:02.854-03:00 DEBUG 729111 --- [person-service] [           main] o.h.q.sqm.function.SqmFunctionRegistry   : Registered SqmFunctionTemplate [NamedSqmFunctionTemplate(abs)] under abs; prior registration was null
2024-05-20T15:23:02.854-03:00 DEBUG 729111 --- [person-service] [           main] o.h.q.sqm.function.SqmFunctionRegistry   : Registered SqmFunctionTemplate [NamedSqmFunctionTemplate(sign)] under sign; prior registration was null
2024-05-20T15:23:02.854-03:00 DEBUG 729111 --- [person-service] [           main] o.h.q.sqm.function.SqmFunctionRegistry   : Registered SqmFunctionTemplate [NamedSqmFunctionTemplate(sqrt)] under sqrt; prior registration was null
2024-05-20T15:23:02.854-03:00 DEBUG 729111 --- [person-service] [           main] o.h.q.sqm.function.SqmFunctionRegistry   : Registered SqmFunctionTemplate [NamedSqmFunctionTemplate(ln)] under ln; prior registration was null
2024-05-20T15:23:02.854-03:00 DEBUG 729111 --- [person-service] [           main] o.h.q.sqm.function.SqmFunctionRegistry   : Registered SqmFunctionTemplate [NamedSqmFunctionTemplate(exp)] under exp; prior registration was null
2024-05-20T15:23:02.854-03:00 DEBUG 729111 --- [person-service] [           main] o.h.q.sqm.function.SqmFunctionRegistry   : Registered SqmFunctionTemplate [NamedSqmFunctionTemplate(power)] under power; prior registration was null
2024-05-20T15:23:02.854-03:00 DEBUG 729111 --- [person-service] [           main] o.h.q.sqm.function.SqmFunctionRegistry   : Registered SqmFunctionTemplate [NamedSqmFunctionTemplate(round)] under round; prior registration was null
2024-05-20T15:23:02.854-03:00 DEBUG 729111 --- [person-service] [           main] o.h.q.sqm.function.SqmFunctionRegistry   : Registered SqmFunctionTemplate [NamedSqmFunctionTemplate(sin)] under sin; prior registration was null
2024-05-20T15:23:02.854-03:00 DEBUG 729111 --- [person-service] [           main] o.h.q.sqm.function.SqmFunctionRegistry   : Registered SqmFunctionTemplate [NamedSqmFunctionTemplate(cos)] under cos; prior registration was null
2024-05-20T15:23:02.855-03:00 DEBUG 729111 --- [person-service] [           main] o.h.q.sqm.function.SqmFunctionRegistry   : Registered SqmFunctionTemplate [NamedSqmFunctionTemplate(tan)] under tan; prior registration was null
2024-05-20T15:23:02.855-03:00 DEBUG 729111 --- [person-service] [           main] o.h.q.sqm.function.SqmFunctionRegistry   : Registered SqmFunctionTemplate [NamedSqmFunctionTemplate(asin)] under asin; prior registration was null
2024-05-20T15:23:02.855-03:00 DEBUG 729111 --- [person-service] [           main] o.h.q.sqm.function.SqmFunctionRegistry   : Registered SqmFunctionTemplate [NamedSqmFunctionTemplate(acos)] under acos; prior registration was null
2024-05-20T15:23:02.855-03:00 DEBUG 729111 --- [person-service] [           main] o.h.q.sqm.function.SqmFunctionRegistry   : Registered SqmFunctionTemplate [NamedSqmFunctionTemplate(atan)] under atan; prior registration was null
2024-05-20T15:23:02.855-03:00 DEBUG 729111 --- [person-service] [           main] o.h.q.sqm.function.SqmFunctionRegistry   : Registered SqmFunctionTemplate [NamedSqmFunctionTemplate(atan2)] under atan2; prior registration was null
2024-05-20T15:23:02.856-03:00 DEBUG 729111 --- [person-service] [           main] o.h.q.sqm.function.SqmFunctionRegistry   : Registered SqmFunctionTemplate [org.hibernate.query.sqm.function.PatternBasedSqmFunctionDescriptor@47d4e28a] under sinh; prior registration was null
2024-05-20T15:23:02.856-03:00 DEBUG 729111 --- [person-service] [           main] o.h.q.sqm.function.SqmFunctionRegistry   : Registered SqmFunctionTemplate [org.hibernate.query.sqm.function.PatternBasedSqmFunctionDescriptor@177068db] under cosh; prior registration was null
2024-05-20T15:23:02.856-03:00 DEBUG 729111 --- [person-service] [           main] o.h.q.sqm.function.SqmFunctionRegistry   : Registered SqmFunctionTemplate [org.hibernate.query.sqm.function.PatternBasedSqmFunctionDescriptor@60f3239f] under tanh; prior registration was null
2024-05-20T15:23:02.856-03:00 DEBUG 729111 --- [person-service] [           main] o.h.q.sqm.function.SqmFunctionRegistry   : Registered SqmFunctionTemplate [org.hibernate.query.sqm.function.PatternBasedSqmFunctionDescriptor@6b103db7] under pi; prior registration was null
2024-05-20T15:23:02.856-03:00 DEBUG 729111 --- [person-service] [           main] o.h.q.sqm.function.SqmFunctionRegistry   : Registered SqmFunctionTemplate [org.hibernate.query.sqm.function.PatternBasedSqmFunctionDescriptor@b3042ed] under log; prior registration was null
2024-05-20T15:23:02.857-03:00 DEBUG 729111 --- [person-service] [           main] o.h.q.sqm.function.SqmFunctionRegistry   : Registered SqmFunctionTemplate [NamedSqmFunctionTemplate(coalesce)] under coalesce; prior registration was null
2024-05-20T15:23:02.857-03:00 DEBUG 729111 --- [person-service] [           main] o.h.q.sqm.function.SqmFunctionRegistry   : Registered SqmFunctionTemplate [NamedSqmFunctionTemplate(nullif)] under nullif; prior registration was null
2024-05-20T15:23:02.857-03:00 DEBUG 729111 --- [person-service] [           main] o.h.q.sqm.function.SqmFunctionRegistry   : Registered SqmFunctionTemplate [NamedSqmFunctionTemplate(left)] under left; prior registration was null
2024-05-20T15:23:02.857-03:00 DEBUG 729111 --- [person-service] [           main] o.h.q.sqm.function.SqmFunctionRegistry   : Registered SqmFunctionTemplate [NamedSqmFunctionTemplate(right)] under right; prior registration was null
2024-05-20T15:23:02.857-03:00 DEBUG 729111 --- [person-service] [           main] o.h.q.sqm.function.SqmFunctionRegistry   : Registered SqmFunctionTemplate [NamedSqmFunctionTemplate(replace)] under replace; prior registration was null
2024-05-20T15:23:02.857-03:00 DEBUG 729111 --- [person-service] [           main] o.h.q.sqm.function.SqmFunctionRegistry   : Registered SqmFunctionTemplate [NamedSqmFunctionTemplate(concat)] under concat; prior registration was null
2024-05-20T15:23:02.857-03:00 DEBUG 729111 --- [person-service] [           main] o.h.q.sqm.function.SqmFunctionRegistry   : Registered SqmFunctionTemplate [NamedSqmFunctionTemplate(lower)] under lower; prior registration was null
2024-05-20T15:23:02.857-03:00 DEBUG 729111 --- [person-service] [           main] o.h.q.sqm.function.SqmFunctionRegistry   : Registered SqmFunctionTemplate [NamedSqmFunctionTemplate(upper)] under upper; prior registration was null
2024-05-20T15:23:02.857-03:00 DEBUG 729111 --- [person-service] [           main] o.h.q.sqm.function.SqmFunctionRegistry   : Registered SqmFunctionTemplate [NamedSqmFunctionTemplate(substring)] under substring; prior registration was null
2024-05-20T15:23:02.857-03:00 DEBUG 729111 --- [person-service] [           main] o.h.q.sqm.function.SqmFunctionRegistry   : Registered SqmFunctionTemplate [NamedSqmFunctionTemplate(locate)] under locate; prior registration was null
2024-05-20T15:23:02.857-03:00 DEBUG 729111 --- [person-service] [           main] o.h.q.sqm.function.SqmFunctionRegistry   : Registered SqmFunctionTemplate [NamedSqmFunctionTemplate(character_length)] under character_length; prior registration was null
2024-05-20T15:23:02.857-03:00 DEBUG 729111 --- [person-service] [           main] o.h.q.sqm.function.SqmFunctionRegistry   : Registering alternate key : length -> character_length
2024-05-20T15:23:02.858-03:00 DEBUG 729111 --- [person-service] [           main] o.h.q.sqm.function.SqmFunctionRegistry   : Registered SqmFunctionTemplate [org.hibernate.dialect.function.LocatePositionEmulation@4fef5792] under position; prior registration was null
2024-05-20T15:23:02.868-03:00 DEBUG 729111 --- [person-service] [           main] o.h.q.sqm.function.SqmFunctionRegistry   : Registered SqmFunctionTemplate [org.hibernate.dialect.function.InsertSubstringOverlayEmulation@1e32037d] under overlay; prior registration was null
2024-05-20T15:23:02.869-03:00 DEBUG 729111 --- [person-service] [           main] o.h.q.sqm.function.SqmFunctionRegistry   : Registered SqmFunctionTemplate [org.hibernate.dialect.function.TrimFunction@4de93edd] under trim; prior registration was null
2024-05-20T15:23:02.869-03:00 DEBUG 729111 --- [person-service] [           main] o.h.q.sqm.function.SqmFunctionRegistry   : Registered SqmFunctionTemplate [org.hibernate.dialect.function.CastFunction@35260785] under cast; prior registration was null
2024-05-20T15:23:02.869-03:00 DEBUG 729111 --- [person-service] [           main] o.h.q.sqm.function.SqmFunctionRegistry   : Registered SqmFunctionTemplate [org.hibernate.query.sqm.function.PatternBasedSqmFunctionDescriptor@76d828ff] under collate; prior registration was null
2024-05-20T15:23:02.870-03:00 DEBUG 729111 --- [person-service] [           main] o.h.q.sqm.function.SqmFunctionRegistry   : Registered SqmFunctionTemplate [org.hibernate.dialect.function.ExtractFunction@4067634b] under extract; prior registration was null
2024-05-20T15:23:02.870-03:00 DEBUG 729111 --- [person-service] [           main] o.h.q.sqm.function.SqmFunctionRegistry   : Registered SqmFunctionTemplate [NamedSqmFunctionTemplate(least)] under least; prior registration was null
2024-05-20T15:23:02.870-03:00 DEBUG 729111 --- [person-service] [           main] o.h.q.sqm.function.SqmFunctionRegistry   : Registered SqmFunctionTemplate [NamedSqmFunctionTemplate(greatest)] under greatest; prior registration was null
2024-05-20T15:23:02.870-03:00 DEBUG 729111 --- [person-service] [           main] o.h.q.sqm.function.SqmFunctionRegistry   : Registered SqmFunctionTemplate [org.hibernate.dialect.function.CoalesceIfnullEmulation@3c5e4aac] under ifnull; prior registration was null
2024-05-20T15:23:02.870-03:00 DEBUG 729111 --- [person-service] [           main] o.h.q.sqm.function.SqmFunctionRegistry   : Registered SqmFunctionTemplate [NamedSqmFunctionTemplate(lpad)] under lpad; prior registration was null
2024-05-20T15:23:02.870-03:00 DEBUG 729111 --- [person-service] [           main] o.h.q.sqm.function.SqmFunctionRegistry   : Registered SqmFunctionTemplate [NamedSqmFunctionTemplate(rpad)] under rpad; prior registration was null
2024-05-20T15:23:02.871-03:00 DEBUG 729111 --- [person-service] [           main] o.h.q.sqm.function.SqmFunctionRegistry   : Registered SqmFunctionTemplate [org.hibernate.dialect.function.LpadRpadPadEmulation@4cded2cd] under pad; prior registration was null
2024-05-20T15:23:02.871-03:00 DEBUG 729111 --- [person-service] [           main] o.h.q.sqm.function.SqmFunctionRegistry   : Registered SqmFunctionTemplate [org.hibernate.dialect.function.CastStrEmulation@5db04bd2] under str; prior registration was null
2024-05-20T15:23:02.872-03:00 DEBUG 729111 --- [person-service] [           main] o.h.q.sqm.function.SqmFunctionRegistry   : Registered SqmFunctionTemplate [org.hibernate.dialect.function.FormatFunction@7b2dd35d] under format; prior registration was null
2024-05-20T15:23:02.872-03:00 DEBUG 729111 --- [person-service] [           main] o.h.q.sqm.function.SqmFunctionRegistry   : Registered SqmFunctionTemplate [org.hibernate.dialect.function.TimestampaddFunction@4d8522ff] under timestampadd; prior registration was null
2024-05-20T15:23:02.872-03:00 DEBUG 729111 --- [person-service] [           main] o.h.q.sqm.function.SqmFunctionRegistry   : Registered SqmFunctionTemplate [org.hibernate.dialect.function.TimestampdiffFunction@798b36fd] under timestampdiff; prior registration was null
2024-05-20T15:23:02.872-03:00 DEBUG 729111 --- [person-service] [           main] o.h.q.sqm.function.SqmFunctionRegistry   : Registering alternate key : dateadd -> timestampadd
2024-05-20T15:23:02.873-03:00 DEBUG 729111 --- [person-service] [           main] o.h.q.sqm.function.SqmFunctionRegistry   : Registering alternate key : datediff -> timestampdiff
2024-05-20T15:23:02.873-03:00 DEBUG 729111 --- [person-service] [           main] o.h.q.sqm.function.SqmFunctionRegistry   : Registered SqmFunctionTemplate [org.hibernate.dialect.function.CurrentFunction@434a8938] under current_date; prior registration was null
2024-05-20T15:23:02.873-03:00 DEBUG 729111 --- [person-service] [           main] o.h.q.sqm.function.SqmFunctionRegistry   : Registered SqmFunctionTemplate [org.hibernate.dialect.function.CurrentFunction@237cd264] under current_time; prior registration was null
2024-05-20T15:23:02.873-03:00 DEBUG 729111 --- [person-service] [           main] o.h.q.sqm.function.SqmFunctionRegistry   : Registered SqmFunctionTemplate [org.hibernate.dialect.function.CurrentFunction@51cd2d2] under current_timestamp; prior registration was null
2024-05-20T15:23:02.873-03:00 DEBUG 729111 --- [person-service] [           main] o.h.q.sqm.function.SqmFunctionRegistry   : Registering alternate key : current date -> current_date
2024-05-20T15:23:02.873-03:00 DEBUG 729111 --- [person-service] [           main] o.h.q.sqm.function.SqmFunctionRegistry   : Registering alternate key : current time -> current_time
2024-05-20T15:23:02.873-03:00 DEBUG 729111 --- [person-service] [           main] o.h.q.sqm.function.SqmFunctionRegistry   : Registering alternate key : current timestamp -> current_timestamp
2024-05-20T15:23:02.873-03:00 DEBUG 729111 --- [person-service] [           main] o.h.q.sqm.function.SqmFunctionRegistry   : Registered SqmFunctionTemplate [org.hibernate.dialect.function.CurrentFunction@5521407f] under local_date; prior registration was null
2024-05-20T15:23:02.873-03:00 DEBUG 729111 --- [person-service] [           main] o.h.q.sqm.function.SqmFunctionRegistry   : Registered SqmFunctionTemplate [org.hibernate.dialect.function.CurrentFunction@42b500aa] under local_time; prior registration was null
2024-05-20T15:23:02.873-03:00 DEBUG 729111 --- [person-service] [           main] o.h.q.sqm.function.SqmFunctionRegistry   : Registered SqmFunctionTemplate [org.hibernate.dialect.function.CurrentFunction@71f056a] under local_datetime; prior registration was null
2024-05-20T15:23:02.873-03:00 DEBUG 729111 --- [person-service] [           main] o.h.q.sqm.function.SqmFunctionRegistry   : Registered SqmFunctionTemplate [org.hibernate.dialect.function.CurrentFunction@64f6dd19] under offset_datetime; prior registration was null
2024-05-20T15:23:02.873-03:00 DEBUG 729111 --- [person-service] [           main] o.h.q.sqm.function.SqmFunctionRegistry   : Registering alternate key : local date -> local_date
2024-05-20T15:23:02.873-03:00 DEBUG 729111 --- [person-service] [           main] o.h.q.sqm.function.SqmFunctionRegistry   : Registering alternate key : local time -> local_time
2024-05-20T15:23:02.873-03:00 DEBUG 729111 --- [person-service] [           main] o.h.q.sqm.function.SqmFunctionRegistry   : Registering alternate key : local datetime -> local_datetime
2024-05-20T15:23:02.873-03:00 DEBUG 729111 --- [person-service] [           main] o.h.q.sqm.function.SqmFunctionRegistry   : Registering alternate key : offset datetime -> offset_datetime
2024-05-20T15:23:02.873-03:00 DEBUG 729111 --- [person-service] [           main] o.h.q.sqm.function.SqmFunctionRegistry   : Registered SqmFunctionTemplate [org.hibernate.dialect.function.CurrentFunction@3b8b5b40] under instant; prior registration was null
2024-05-20T15:23:02.874-03:00 DEBUG 729111 --- [person-service] [           main] o.h.q.sqm.function.SqmFunctionRegistry   : Registering alternate key : current_instant -> instant
2024-05-20T15:23:02.874-03:00 DEBUG 729111 --- [person-service] [           main] o.h.q.sqm.function.SqmFunctionRegistry   : Registered SqmFunctionTemplate [org.hibernate.dialect.function.SqlFunction@1de6dc80] under sql; prior registration was null
2024-05-20T15:23:02.874-03:00 DEBUG 729111 --- [person-service] [           main] o.h.q.sqm.function.SqmFunctionRegistry   : Registered SqmFunctionTemplate [NamedSqmFunctionTemplate(max)] under max; prior registration was NamedSqmFunctionTemplate(max)
2024-05-20T15:23:02.874-03:00 DEBUG 729111 --- [person-service] [           main] o.h.q.sqm.function.SqmFunctionRegistry   : Registered SqmFunctionTemplate [NamedSqmFunctionTemplate(min)] under min; prior registration was NamedSqmFunctionTemplate(min)
2024-05-20T15:23:02.874-03:00 DEBUG 729111 --- [person-service] [           main] o.h.q.sqm.function.SqmFunctionRegistry   : Registered SqmFunctionTemplate [NamedSqmFunctionTemplate(sum)] under sum; prior registration was NamedSqmFunctionTemplate(sum)
2024-05-20T15:23:02.874-03:00 DEBUG 729111 --- [person-service] [           main] o.h.q.sqm.function.SqmFunctionRegistry   : Registered SqmFunctionTemplate [NamedSqmFunctionTemplate(avg)] under avg; prior registration was NamedSqmFunctionTemplate(avg)
2024-05-20T15:23:02.874-03:00 DEBUG 729111 --- [person-service] [           main] o.h.q.sqm.function.SqmFunctionRegistry   : Registered SqmFunctionTemplate [org.hibernate.dialect.function.CountFunction@418d1c03] under count; prior registration was org.hibernate.dialect.function.CountFunction@10f397d0
2024-05-20T15:23:02.875-03:00 DEBUG 729111 --- [person-service] [           main] o.h.q.sqm.function.SqmFunctionRegistry   : Registered SqmFunctionTemplate [org.hibernate.dialect.function.AvgFunction@71687d8f] under avg; prior registration was NamedSqmFunctionTemplate(avg)
2024-05-20T15:23:02.875-03:00 DEBUG 729111 --- [person-service] [           main] o.h.q.sqm.function.SqmFunctionRegistry   : Registered SqmFunctionTemplate [NamedSqmFunctionTemplate(pi)] under pi; prior registration was org.hibernate.query.sqm.function.PatternBasedSqmFunctionDescriptor@6b103db7
2024-05-20T15:23:02.875-03:00 DEBUG 729111 --- [person-service] [           main] o.h.q.sqm.function.SqmFunctionRegistry   : Registered SqmFunctionTemplate [NamedSqmFunctionTemplate(cot)] under cot; prior registration was null
2024-05-20T15:23:02.875-03:00 DEBUG 729111 --- [person-service] [           main] o.h.q.sqm.function.SqmFunctionRegistry   : Registered SqmFunctionTemplate [NamedSqmFunctionTemplate(radians)] under radians; prior registration was null
2024-05-20T15:23:02.875-03:00 DEBUG 729111 --- [person-service] [           main] o.h.q.sqm.function.SqmFunctionRegistry   : Registered SqmFunctionTemplate [NamedSqmFunctionTemplate(degrees)] under degrees; prior registration was null
2024-05-20T15:23:02.875-03:00 DEBUG 729111 --- [person-service] [           main] o.h.q.sqm.function.SqmFunctionRegistry   : Registered SqmFunctionTemplate [NamedSqmFunctionTemplate(log10)] under log10; prior registration was null
2024-05-20T15:23:02.875-03:00 DEBUG 729111 --- [person-service] [           main] o.h.q.sqm.function.SqmFunctionRegistry   : Registered SqmFunctionTemplate [org.hibernate.query.sqm.function.PatternBasedSqmFunctionDescriptor@443253a6] under mod; prior registration was NamedSqmFunctionTemplate(mod)
2024-05-20T15:23:02.875-03:00 DEBUG 729111 --- [person-service] [           main] o.h.q.sqm.function.SqmFunctionRegistry   : Registered SqmFunctionTemplate [NamedSqmFunctionTemplate(rand)] under rand; prior registration was null
2024-05-20T15:23:02.875-03:00 DEBUG 729111 --- [person-service] [           main] o.h.q.sqm.function.SqmFunctionRegistry   : Registered SqmFunctionTemplate [NamedSqmFunctionTemplate(soundex)] under soundex; prior registration was null
2024-05-20T15:23:02.875-03:00 DEBUG 729111 --- [person-service] [           main] o.h.q.sqm.function.SqmFunctionRegistry   : Registered SqmFunctionTemplate [NamedSqmFunctionTemplate(translate)] under translate; prior registration was null
2024-05-20T15:23:02.875-03:00 DEBUG 729111 --- [person-service] [           main] o.h.q.sqm.function.SqmFunctionRegistry   : Registered SqmFunctionTemplate [NamedSqmFunctionTemplate(bitand)] under bitand; prior registration was null
2024-05-20T15:23:02.875-03:00 DEBUG 729111 --- [person-service] [           main] o.h.q.sqm.function.SqmFunctionRegistry   : Registered SqmFunctionTemplate [NamedSqmFunctionTemplate(bitor)] under bitor; prior registration was null
2024-05-20T15:23:02.875-03:00 DEBUG 729111 --- [person-service] [           main] o.h.q.sqm.function.SqmFunctionRegistry   : Registered SqmFunctionTemplate [NamedSqmFunctionTemplate(bitxor)] under bitxor; prior registration was null
2024-05-20T15:23:02.875-03:00 DEBUG 729111 --- [person-service] [           main] o.h.q.sqm.function.SqmFunctionRegistry   : Registered SqmFunctionTemplate [NamedSqmFunctionTemplate(bit_and)] under bit_and; prior registration was null
2024-05-20T15:23:02.875-03:00 DEBUG 729111 --- [person-service] [           main] o.h.q.sqm.function.SqmFunctionRegistry   : Registered SqmFunctionTemplate [NamedSqmFunctionTemplate(bit_or)] under bit_or; prior registration was null
2024-05-20T15:23:02.875-03:00 DEBUG 729111 --- [person-service] [           main] o.h.q.sqm.function.SqmFunctionRegistry   : Registered SqmFunctionTemplate [NamedSqmFunctionTemplate(day)] under day; prior registration was null
2024-05-20T15:23:02.875-03:00 DEBUG 729111 --- [person-service] [           main] o.h.q.sqm.function.SqmFunctionRegistry   : Registered SqmFunctionTemplate [NamedSqmFunctionTemplate(month)] under month; prior registration was null
2024-05-20T15:23:02.875-03:00 DEBUG 729111 --- [person-service] [           main] o.h.q.sqm.function.SqmFunctionRegistry   : Registered SqmFunctionTemplate [NamedSqmFunctionTemplate(year)] under year; prior registration was null
2024-05-20T15:23:02.875-03:00 DEBUG 729111 --- [person-service] [           main] o.h.q.sqm.function.SqmFunctionRegistry   : Registered SqmFunctionTemplate [NamedSqmFunctionTemplate(hour)] under hour; prior registration was null
2024-05-20T15:23:02.876-03:00 DEBUG 729111 --- [person-service] [           main] o.h.q.sqm.function.SqmFunctionRegistry   : Registered SqmFunctionTemplate [NamedSqmFunctionTemplate(minute)] under minute; prior registration was null
2024-05-20T15:23:02.876-03:00 DEBUG 729111 --- [person-service] [           main] o.h.q.sqm.function.SqmFunctionRegistry   : Registered SqmFunctionTemplate [NamedSqmFunctionTemplate(second)] under second; prior registration was null
2024-05-20T15:23:02.876-03:00 DEBUG 729111 --- [person-service] [           main] o.h.q.sqm.function.SqmFunctionRegistry   : Registered SqmFunctionTemplate [NamedSqmFunctionTemplate(microsecond)] under microsecond; prior registration was null
2024-05-20T15:23:02.876-03:00 DEBUG 729111 --- [person-service] [           main] o.h.q.sqm.function.SqmFunctionRegistry   : Registered SqmFunctionTemplate [NamedSqmFunctionTemplate(day_of_week)] under day_of_week; prior registration was null
2024-05-20T15:23:02.876-03:00 DEBUG 729111 --- [person-service] [           main] o.h.q.sqm.function.SqmFunctionRegistry   : Registered SqmFunctionTemplate [NamedSqmFunctionTemplate(day_of_month)] under day_of_month; prior registration was null
2024-05-20T15:23:02.876-03:00 DEBUG 729111 --- [person-service] [           main] o.h.q.sqm.function.SqmFunctionRegistry   : Registering alternate key : day -> day_of_month
2024-05-20T15:23:02.876-03:00 DEBUG 729111 --- [person-service] [           main] o.h.q.sqm.function.SqmFunctionRegistry   : Registered SqmFunctionTemplate [NamedSqmFunctionTemplate(day_of_year)] under day_of_year; prior registration was null
2024-05-20T15:23:02.876-03:00 DEBUG 729111 --- [person-service] [           main] o.h.q.sqm.function.SqmFunctionRegistry   : Registered SqmFunctionTemplate [NamedSqmFunctionTemplate(week)] under week; prior registration was null
2024-05-20T15:23:02.876-03:00 DEBUG 729111 --- [person-service] [           main] o.h.q.sqm.function.SqmFunctionRegistry   : Registered SqmFunctionTemplate [NamedSqmFunctionTemplate(quarter)] under quarter; prior registration was null
2024-05-20T15:23:02.876-03:00 DEBUG 729111 --- [person-service] [           main] o.h.q.sqm.function.SqmFunctionRegistry   : Registered SqmFunctionTemplate [NamedSqmFunctionTemplate(monthname)] under monthname; prior registration was null
2024-05-20T15:23:02.876-03:00 DEBUG 729111 --- [person-service] [           main] o.h.q.sqm.function.SqmFunctionRegistry   : Registered SqmFunctionTemplate [NamedSqmFunctionTemplate(dayname)] under dayname; prior registration was null
2024-05-20T15:23:02.876-03:00 DEBUG 729111 --- [person-service] [           main] o.h.q.sqm.function.SqmFunctionRegistry   : Registered SqmFunctionTemplate [NamedSqmFunctionTemplate(localtime)] under localtime; prior registration was null
2024-05-20T15:23:02.876-03:00 DEBUG 729111 --- [person-service] [           main] o.h.q.sqm.function.SqmFunctionRegistry   : Registered SqmFunctionTemplate [NamedSqmFunctionTemplate(localtimestamp)] under localtimestamp; prior registration was null
2024-05-20T15:23:02.876-03:00 DEBUG 729111 --- [person-service] [           main] o.h.q.sqm.function.SqmFunctionRegistry   : Registered SqmFunctionTemplate [NamedSqmFunctionTemplate(localtime)] under local_time; prior registration was org.hibernate.dialect.function.CurrentFunction@42b500aa
2024-05-20T15:23:02.876-03:00 DEBUG 729111 --- [person-service] [           main] o.h.q.sqm.function.SqmFunctionRegistry   : Registered SqmFunctionTemplate [NamedSqmFunctionTemplate(localtimestamp)] under local_datetime; prior registration was org.hibernate.dialect.function.CurrentFunction@71f056a
2024-05-20T15:23:02.878-03:00 DEBUG 729111 --- [person-service] [           main] o.h.q.sqm.function.SqmFunctionRegistry   : Registered SqmFunctionTemplate [org.hibernate.dialect.function.TruncFunction@4cb82b09] under trunc; prior registration was null
2024-05-20T15:23:02.878-03:00 DEBUG 729111 --- [person-service] [           main] o.h.q.sqm.function.SqmFunctionRegistry   : Registering alternate key : truncate -> trunc
2024-05-20T15:23:02.878-03:00 DEBUG 729111 --- [person-service] [           main] o.h.q.sqm.function.SqmFunctionRegistry   : Registered SqmFunctionTemplate [org.hibernate.query.sqm.function.PatternBasedSqmFunctionDescriptor@49665f92] under date_trunc; prior registration was null
2024-05-20T15:23:02.878-03:00 DEBUG 729111 --- [person-service] [           main] o.h.q.sqm.function.SqmFunctionRegistry   : Registered SqmFunctionTemplate [NamedSqmFunctionTemplate(bit_length)] under bit_length; prior registration was null
2024-05-20T15:23:02.878-03:00 DEBUG 729111 --- [person-service] [           main] o.h.q.sqm.function.SqmFunctionRegistry   : Registered SqmFunctionTemplate [NamedSqmFunctionTemplate(octet_length)] under octet_length; prior registration was null
2024-05-20T15:23:02.878-03:00 DEBUG 729111 --- [person-service] [           main] o.h.q.sqm.function.SqmFunctionRegistry   : Registered SqmFunctionTemplate [NamedSqmFunctionTemplate(ascii)] under ascii; prior registration was null
2024-05-20T15:23:02.878-03:00 DEBUG 729111 --- [person-service] [           main] o.h.q.sqm.function.SqmFunctionRegistry   : Registered SqmFunctionTemplate [NamedSqmFunctionTemplate(octet_length)] under octet_length; prior registration was NamedSqmFunctionTemplate(octet_length)
2024-05-20T15:23:02.879-03:00 DEBUG 729111 --- [person-service] [           main] o.h.q.sqm.function.SqmFunctionRegistry   : Registered SqmFunctionTemplate [NamedSqmFunctionTemplate(space)] under space; prior registration was null
2024-05-20T15:23:02.879-03:00 DEBUG 729111 --- [person-service] [           main] o.h.q.sqm.function.SqmFunctionRegistry   : Registered SqmFunctionTemplate [NamedSqmFunctionTemplate(repeat)] under repeat; prior registration was null
2024-05-20T15:23:02.879-03:00 DEBUG 729111 --- [person-service] [           main] o.h.q.sqm.function.SqmFunctionRegistry   : Registered SqmFunctionTemplate [NamedSqmFunctionTemplate(char)] under char; prior registration was null
2024-05-20T15:23:02.879-03:00 DEBUG 729111 --- [person-service] [           main] o.h.q.sqm.function.SqmFunctionRegistry   : Registering alternate key : chr -> char
2024-05-20T15:23:02.879-03:00 DEBUG 729111 --- [person-service] [           main] o.h.q.sqm.function.SqmFunctionRegistry   : Registered SqmFunctionTemplate [NamedSqmFunctionTemplate(instr)] under instr; prior registration was null
2024-05-20T15:23:02.879-03:00 DEBUG 729111 --- [person-service] [           main] o.h.q.sqm.function.SqmFunctionRegistry   : Registered SqmFunctionTemplate [NamedSqmFunctionTemplate(substr)] under substr; prior registration was null
2024-05-20T15:23:02.879-03:00 DEBUG 729111 --- [person-service] [           main] o.h.q.sqm.function.SqmFunctionRegistry   : Registered SqmFunctionTemplate [org.hibernate.query.sqm.function.PatternBasedSqmFunctionDescriptor@b68932b] under position; prior registration was org.hibernate.dialect.function.LocatePositionEmulation@4fef5792
2024-05-20T15:23:02.879-03:00 DEBUG 729111 --- [person-service] [           main] o.h.q.sqm.function.SqmFunctionRegistry   : Registered SqmFunctionTemplate [NamedSqmFunctionTemplate(ltrim)] under ltrim; prior registration was null
2024-05-20T15:23:02.879-03:00 DEBUG 729111 --- [person-service] [           main] o.h.q.sqm.function.SqmFunctionRegistry   : Registered SqmFunctionTemplate [NamedSqmFunctionTemplate(rtrim)] under rtrim; prior registration was null
2024-05-20T15:23:02.879-03:00 DEBUG 729111 --- [person-service] [           main] o.h.q.sqm.function.SqmFunctionRegistry   : Registered SqmFunctionTemplate [org.hibernate.query.sqm.function.PatternBasedSqmFunctionDescriptor@77b27b57] under concat; prior registration was NamedSqmFunctionTemplate(concat)
2024-05-20T15:23:02.879-03:00 DEBUG 729111 --- [person-service] [           main] o.h.q.sqm.function.SqmFunctionRegistry   : Registered SqmFunctionTemplate [NamedSqmFunctionTemplate(curtime)] under curtime; prior registration was null
2024-05-20T15:23:02.879-03:00 DEBUG 729111 --- [person-service] [           main] o.h.q.sqm.function.SqmFunctionRegistry   : Registered SqmFunctionTemplate [NamedSqmFunctionTemplate(curdate)] under curdate; prior registration was null
2024-05-20T15:23:02.879-03:00 DEBUG 729111 --- [person-service] [           main] o.h.q.sqm.function.SqmFunctionRegistry   : Registered SqmFunctionTemplate [NamedSqmFunctionTemplate(now)] under now; prior registration was null
2024-05-20T15:23:02.879-03:00 DEBUG 729111 --- [person-service] [           main] o.h.q.sqm.function.SqmFunctionRegistry   : Registered SqmFunctionTemplate [NamedSqmFunctionTemplate(sysdate)] under sysdate; prior registration was null
2024-05-20T15:23:02.879-03:00 DEBUG 729111 --- [person-service] [           main] o.h.q.sqm.function.SqmFunctionRegistry   : Registered SqmFunctionTemplate [NamedSqmFunctionTemplate(insert)] under insert; prior registration was null
2024-05-20T15:23:02.879-03:00 DEBUG 729111 --- [person-service] [           main] o.h.q.sqm.function.SqmFunctionRegistry   : Registered SqmFunctionTemplate [NamedSqmFunctionTemplate(bool_and)] under bool_and; prior registration was null
2024-05-20T15:23:02.879-03:00 DEBUG 729111 --- [person-service] [           main] o.h.q.sqm.function.SqmFunctionRegistry   : Registering alternate key : every -> bool_and
2024-05-20T15:23:02.879-03:00 DEBUG 729111 --- [person-service] [           main] o.h.q.sqm.function.SqmFunctionRegistry   : Registered SqmFunctionTemplate [NamedSqmFunctionTemplate(bool_or)] under bool_or; prior registration was null
2024-05-20T15:23:02.879-03:00 DEBUG 729111 --- [person-service] [           main] o.h.q.sqm.function.SqmFunctionRegistry   : Registering alternate key : any -> bool_or
2024-05-20T15:23:02.880-03:00 DEBUG 729111 --- [person-service] [           main] o.h.q.sqm.function.SqmFunctionRegistry   : Registered SqmFunctionTemplate [NamedSqmFunctionTemplate(median)] under median; prior registration was null
2024-05-20T15:23:02.880-03:00 DEBUG 729111 --- [person-service] [           main] o.h.q.sqm.function.SqmFunctionRegistry   : Registered SqmFunctionTemplate [NamedSqmFunctionTemplate(stddev_pop)] under stddev_pop; prior registration was null
2024-05-20T15:23:02.880-03:00 DEBUG 729111 --- [person-service] [           main] o.h.q.sqm.function.SqmFunctionRegistry   : Registered SqmFunctionTemplate [NamedSqmFunctionTemplate(stddev_samp)] under stddev_samp; prior registration was null
2024-05-20T15:23:02.880-03:00 DEBUG 729111 --- [person-service] [           main] o.h.q.sqm.function.SqmFunctionRegistry   : Registered SqmFunctionTemplate [NamedSqmFunctionTemplate(var_pop)] under var_pop; prior registration was null
2024-05-20T15:23:02.880-03:00 DEBUG 729111 --- [person-service] [           main] o.h.q.sqm.function.SqmFunctionRegistry   : Registered SqmFunctionTemplate [NamedSqmFunctionTemplate(var_samp)] under var_samp; prior registration was null
2024-05-20T15:23:02.880-03:00 DEBUG 729111 --- [person-service] [           main] o.h.q.sqm.function.SqmFunctionRegistry   : Registered SqmFunctionTemplate [org.hibernate.dialect.function.FormatFunction@7adff6cb] under format; prior registration was org.hibernate.dialect.function.FormatFunction@7b2dd35d
2024-05-20T15:23:02.880-03:00 DEBUG 729111 --- [person-service] [           main] o.h.q.sqm.function.SqmFunctionRegistry   : Registered SqmFunctionTemplate [NamedSqmFunctionTemplate(rownum)] under rownum; prior registration was null
2024-05-20T15:23:02.880-03:00 DEBUG 729111 --- [person-service] [           main] o.h.q.sqm.function.SqmFunctionRegistry   : Registered SqmFunctionTemplate [NamedSqmFunctionTemplate(row_number)] under row_number; prior registration was null
2024-05-20T15:23:02.880-03:00 DEBUG 729111 --- [person-service] [           main] o.h.q.sqm.function.SqmFunctionRegistry   : Registered SqmFunctionTemplate [NamedSqmFunctionTemplate(lag)] under lag; prior registration was null
2024-05-20T15:23:02.880-03:00 DEBUG 729111 --- [person-service] [           main] o.h.q.sqm.function.SqmFunctionRegistry   : Registered SqmFunctionTemplate [NamedSqmFunctionTemplate(lead)] under lead; prior registration was null
2024-05-20T15:23:02.880-03:00 DEBUG 729111 --- [person-service] [           main] o.h.q.sqm.function.SqmFunctionRegistry   : Registered SqmFunctionTemplate [NamedSqmFunctionTemplate(first_value)] under first_value; prior registration was null
2024-05-20T15:23:02.880-03:00 DEBUG 729111 --- [person-service] [           main] o.h.q.sqm.function.SqmFunctionRegistry   : Registered SqmFunctionTemplate [NamedSqmFunctionTemplate(last_value)] under last_value; prior registration was null
2024-05-20T15:23:02.880-03:00 DEBUG 729111 --- [person-service] [           main] o.h.q.sqm.function.SqmFunctionRegistry   : Registered SqmFunctionTemplate [NamedSqmFunctionTemplate(nth_value)] under nth_value; prior registration was null
2024-05-20T15:23:02.881-03:00 DEBUG 729111 --- [person-service] [           main] o.h.q.sqm.function.SqmFunctionRegistry   : Registered SqmFunctionTemplate [org.hibernate.dialect.function.ListaggFunction@5bccef9f] under listagg; prior registration was null
2024-05-20T15:23:02.882-03:00 DEBUG 729111 --- [person-service] [           main] o.h.q.sqm.function.SqmFunctionRegistry   : Registered SqmFunctionTemplate [org.hibernate.dialect.function.InverseDistributionFunction@2ee095c9] under mode; prior registration was null
2024-05-20T15:23:02.882-03:00 DEBUG 729111 --- [person-service] [           main] o.h.q.sqm.function.SqmFunctionRegistry   : Registered SqmFunctionTemplate [org.hibernate.dialect.function.InverseDistributionFunction@185a0811] under percentile_cont; prior registration was null
2024-05-20T15:23:02.882-03:00 DEBUG 729111 --- [person-service] [           main] o.h.q.sqm.function.SqmFunctionRegistry   : Registered SqmFunctionTemplate [org.hibernate.dialect.function.InverseDistributionFunction@77fb1002] under percentile_disc; prior registration was null
2024-05-20T15:23:02.882-03:00 DEBUG 729111 --- [person-service] [           main] o.h.q.sqm.function.SqmFunctionRegistry   : Registered SqmFunctionTemplate [org.hibernate.dialect.function.HypotheticalSetFunction@434d001d] under rank; prior registration was null
2024-05-20T15:23:02.882-03:00 DEBUG 729111 --- [person-service] [           main] o.h.q.sqm.function.SqmFunctionRegistry   : Registered SqmFunctionTemplate [org.hibernate.dialect.function.HypotheticalSetFunction@36453773] under dense_rank; prior registration was null
2024-05-20T15:23:02.882-03:00 DEBUG 729111 --- [person-service] [           main] o.h.q.sqm.function.SqmFunctionRegistry   : Registered SqmFunctionTemplate [org.hibernate.dialect.function.HypotheticalSetFunction@4db16677] under percent_rank; prior registration was null
2024-05-20T15:23:02.882-03:00 DEBUG 729111 --- [person-service] [           main] o.h.q.sqm.function.SqmFunctionRegistry   : Registered SqmFunctionTemplate [org.hibernate.dialect.function.HypotheticalSetFunction@6abb44cb] under cume_dist; prior registration was null
2024-05-20T15:23:02.883-03:00 DEBUG 729111 --- [person-service] [           main] o.h.q.sqm.function.SqmFunctionRegistry   : Registered SqmFunctionTemplate [org.hibernate.dialect.function.array.ArrayConstructorFunction@6f976c] under array; prior registration was null
2024-05-20T15:23:02.883-03:00 DEBUG 729111 --- [person-service] [           main] o.h.q.sqm.function.SqmFunctionRegistry   : Registered SqmFunctionTemplate [org.hibernate.dialect.function.array.ArrayConstructorFunction@1324e70a] under array_list; prior registration was null
2024-05-20T15:23:02.884-03:00 DEBUG 729111 --- [person-service] [           main] o.h.q.sqm.function.SqmFunctionRegistry   : Registered SqmFunctionTemplate [org.hibernate.dialect.function.array.ArrayAggFunction@4f2d8175] under array_agg; prior registration was null
2024-05-20T15:23:02.885-03:00 DEBUG 729111 --- [person-service] [           main] o.h.q.sqm.function.SqmFunctionRegistry   : Registered SqmFunctionTemplate [org.hibernate.dialect.function.array.H2ArrayPositionFunction@5981f2c6] under array_position; prior registration was null
2024-05-20T15:23:02.889-03:00 DEBUG 729111 --- [person-service] [           main] o.h.q.sqm.function.SqmFunctionRegistry   : Registered SqmFunctionTemplate [org.hibernate.dialect.function.array.H2ArrayPositionsFunction@1325f967] under array_positions; prior registration was null
2024-05-20T15:23:02.891-03:00 DEBUG 729111 --- [person-service] [           main] o.h.q.sqm.function.SqmFunctionRegistry   : Registered SqmFunctionTemplate [org.hibernate.dialect.function.array.H2ArrayPositionsFunction@5bdb6ea8] under array_positions_list; prior registration was null
2024-05-20T15:23:02.891-03:00 DEBUG 729111 --- [person-service] [           main] o.h.q.sqm.function.SqmFunctionRegistry   : Registered SqmFunctionTemplate [org.hibernate.query.sqm.function.PatternBasedSqmFunctionDescriptor@3e55eeb9] under array_length; prior registration was null
2024-05-20T15:23:02.892-03:00 DEBUG 729111 --- [person-service] [           main] o.h.q.sqm.function.SqmFunctionRegistry   : Registered SqmFunctionTemplate [org.hibernate.dialect.function.array.ArrayConcatFunction@3a589eed] under array_concat; prior registration was null
2024-05-20T15:23:02.892-03:00 DEBUG 729111 --- [person-service] [           main] o.h.q.sqm.function.SqmFunctionRegistry   : Registered SqmFunctionTemplate [org.hibernate.dialect.function.array.ArrayConcatElementFunction@9499643] under array_prepend; prior registration was null
2024-05-20T15:23:02.892-03:00 DEBUG 729111 --- [person-service] [           main] o.h.q.sqm.function.SqmFunctionRegistry   : Registered SqmFunctionTemplate [org.hibernate.dialect.function.array.ArrayConcatElementFunction@776d8097] under array_append; prior registration was null
2024-05-20T15:23:02.893-03:00 DEBUG 729111 --- [person-service] [           main] o.h.q.sqm.function.SqmFunctionRegistry   : Registered SqmFunctionTemplate [org.hibernate.dialect.function.array.H2ArrayContainsFunction@52035328] under array_contains; prior registration was null
2024-05-20T15:23:02.894-03:00 DEBUG 729111 --- [person-service] [           main] o.h.q.sqm.function.SqmFunctionRegistry   : Registered SqmFunctionTemplate [org.hibernate.dialect.function.array.H2ArrayContainsFunction@5614ae05] under array_contains_nullable; prior registration was null
2024-05-20T15:23:02.894-03:00 DEBUG 729111 --- [person-service] [           main] o.h.q.sqm.function.SqmFunctionRegistry   : Registered SqmFunctionTemplate [org.hibernate.dialect.function.array.H2ArrayOverlapsFunction@3700994c] under array_overlaps; prior registration was null
2024-05-20T15:23:02.894-03:00 DEBUG 729111 --- [person-service] [           main] o.h.q.sqm.function.SqmFunctionRegistry   : Registered SqmFunctionTemplate [org.hibernate.dialect.function.array.H2ArrayOverlapsFunction@78a165db] under array_overlaps_nullable; prior registration was null
2024-05-20T15:23:02.895-03:00 DEBUG 729111 --- [person-service] [           main] o.h.q.sqm.function.SqmFunctionRegistry   : Registered SqmFunctionTemplate [org.hibernate.query.sqm.function.PatternBasedSqmFunctionDescriptor@6dbeaef8] under array_get; prior registration was null
2024-05-20T15:23:02.895-03:00 DEBUG 729111 --- [person-service] [           main] o.h.q.sqm.function.SqmFunctionRegistry   : Registered SqmFunctionTemplate [org.hibernate.dialect.function.array.H2ArraySetFunction@ba87c11] under array_set; prior registration was null
2024-05-20T15:23:02.896-03:00 DEBUG 729111 --- [person-service] [           main] o.h.q.sqm.function.SqmFunctionRegistry   : Registered SqmFunctionTemplate [org.hibernate.dialect.function.array.H2ArrayRemoveFunction@6032622] under array_remove; prior registration was null
2024-05-20T15:23:02.896-03:00 DEBUG 729111 --- [person-service] [           main] o.h.q.sqm.function.SqmFunctionRegistry   : Registered SqmFunctionTemplate [org.hibernate.dialect.function.array.H2ArrayRemoveIndexFunction@113c4ad6] under array_remove_index; prior registration was null
2024-05-20T15:23:02.896-03:00 DEBUG 729111 --- [person-service] [           main] o.h.q.sqm.function.SqmFunctionRegistry   : Registered SqmFunctionTemplate [org.hibernate.query.sqm.function.PatternBasedSqmFunctionDescriptor@7be859de] under array_slice; prior registration was null
2024-05-20T15:23:02.897-03:00 DEBUG 729111 --- [person-service] [           main] o.h.q.sqm.function.SqmFunctionRegistry   : Registered SqmFunctionTemplate [org.hibernate.dialect.function.array.H2ArrayReplaceFunction@2ff8d39b] under array_replace; prior registration was null
2024-05-20T15:23:02.897-03:00 DEBUG 729111 --- [person-service] [           main] o.h.q.sqm.function.SqmFunctionRegistry   : Registered SqmFunctionTemplate [org.hibernate.query.sqm.function.PatternBasedSqmFunctionDescriptor@684a802a] under array_trim; prior registration was null
2024-05-20T15:23:02.898-03:00 DEBUG 729111 --- [person-service] [           main] o.h.q.sqm.function.SqmFunctionRegistry   : Registered SqmFunctionTemplate [org.hibernate.dialect.function.array.H2ArrayFillFunction@5bb39285] under array_fill; prior registration was null
2024-05-20T15:23:02.898-03:00 DEBUG 729111 --- [person-service] [           main] o.h.q.sqm.function.SqmFunctionRegistry   : Registered SqmFunctionTemplate [org.hibernate.dialect.function.array.H2ArrayFillFunction@2b0d85bd] under array_fill_list; prior registration was null
2024-05-20T15:23:02.898-03:00 DEBUG 729111 --- [person-service] [           main] o.h.q.sqm.function.SqmFunctionRegistry   : Registered SqmFunctionTemplate [org.hibernate.dialect.function.array.H2ArrayToStringFunction@3a917017] under array_to_string; prior registration was null
2024-05-20T15:23:02.900-03:00 DEBUG 729111 --- [person-service] [           main] org.hibernate.HQL_FUNCTIONS              : abs(NUMERIC arg)
2024-05-20T15:23:02.900-03:00 DEBUG 729111 --- [person-service] [           main] org.hibernate.HQL_FUNCTIONS              : Double acos(NUMERIC arg)
2024-05-20T15:23:02.900-03:00 DEBUG 729111 --- [person-service] [           main] org.hibernate.HQL_FUNCTIONS              : Boolean any(BOOLEAN predicate)
2024-05-20T15:23:02.900-03:00 DEBUG 729111 --- [person-service] [           main] org.hibernate.HQL_FUNCTIONS              : array( ... )
2024-05-20T15:23:02.900-03:00 DEBUG 729111 --- [person-service] [           main] org.hibernate.HQL_FUNCTIONS              : array_agg(arg)
2024-05-20T15:23:02.900-03:00 DEBUG 729111 --- [person-service] [           main] org.hibernate.HQL_FUNCTIONS              : array_append( ... )
2024-05-20T15:23:02.900-03:00 DEBUG 729111 --- [person-service] [           main] org.hibernate.HQL_FUNCTIONS              : array_concat( ... )
2024-05-20T15:23:02.900-03:00 DEBUG 729111 --- [person-service] [           main] org.hibernate.HQL_FUNCTIONS              : Boolean array_contains(ARRAY haystackArray, OBJECT needleElementOrArray)
2024-05-20T15:23:02.900-03:00 DEBUG 729111 --- [person-service] [           main] org.hibernate.HQL_FUNCTIONS              : Boolean array_contains_nullable(ARRAY haystackArray, OBJECT needleElementOrArray)
2024-05-20T15:23:02.900-03:00 DEBUG 729111 --- [person-service] [           main] org.hibernate.HQL_FUNCTIONS              : array_fill(OBJECT element, INTEGER elementCount)
2024-05-20T15:23:02.900-03:00 DEBUG 729111 --- [person-service] [           main] org.hibernate.HQL_FUNCTIONS              : array_fill_list(OBJECT element, INTEGER elementCount)
2024-05-20T15:23:02.901-03:00 DEBUG 729111 --- [person-service] [           main] org.hibernate.HQL_FUNCTIONS              : array_get(ARRAY array, INTEGER index)
2024-05-20T15:23:02.901-03:00 DEBUG 729111 --- [person-service] [           main] org.hibernate.HQL_FUNCTIONS              : Integer array_length(ARRAY array)
2024-05-20T15:23:02.901-03:00 DEBUG 729111 --- [person-service] [           main] org.hibernate.HQL_FUNCTIONS              : array_list( ... )
2024-05-20T15:23:02.901-03:00 DEBUG 729111 --- [person-service] [           main] org.hibernate.HQL_FUNCTIONS              : Boolean array_overlaps(ARRAY array0, OBJECT array1)
2024-05-20T15:23:02.901-03:00 DEBUG 729111 --- [person-service] [           main] org.hibernate.HQL_FUNCTIONS              : Boolean array_overlaps_nullable(ARRAY array0, OBJECT array1)
2024-05-20T15:23:02.901-03:00 DEBUG 729111 --- [person-service] [           main] org.hibernate.HQL_FUNCTIONS              : Integer array_position(ARRAY array, OBJECT element[, INTEGER startPosition])
2024-05-20T15:23:02.901-03:00 DEBUG 729111 --- [person-service] [           main] org.hibernate.HQL_FUNCTIONS              : int[] array_positions(ARRAY array, OBJECT element)
2024-05-20T15:23:02.901-03:00 DEBUG 729111 --- [person-service] [           main] org.hibernate.HQL_FUNCTIONS              : List array_positions_list(ARRAY array, OBJECT element)
2024-05-20T15:23:02.901-03:00 DEBUG 729111 --- [person-service] [           main] org.hibernate.HQL_FUNCTIONS              : array_prepend( ... )
2024-05-20T15:23:02.901-03:00 DEBUG 729111 --- [person-service] [           main] org.hibernate.HQL_FUNCTIONS              : array_remove( ... )
2024-05-20T15:23:02.901-03:00 DEBUG 729111 --- [person-service] [           main] org.hibernate.HQL_FUNCTIONS              : array_remove_index( ... )
2024-05-20T15:23:02.901-03:00 DEBUG 729111 --- [person-service] [           main] org.hibernate.HQL_FUNCTIONS              : array_replace( ... )
2024-05-20T15:23:02.901-03:00 DEBUG 729111 --- [person-service] [           main] org.hibernate.HQL_FUNCTIONS              : array_set( ... )
2024-05-20T15:23:02.901-03:00 DEBUG 729111 --- [person-service] [           main] org.hibernate.HQL_FUNCTIONS              : array_slice(ARRAY array, INTEGER start, INTEGER end)
2024-05-20T15:23:02.901-03:00 DEBUG 729111 --- [person-service] [           main] org.hibernate.HQL_FUNCTIONS              : String array_to_string( ... )
2024-05-20T15:23:02.901-03:00 DEBUG 729111 --- [person-service] [           main] org.hibernate.HQL_FUNCTIONS              : array_trim(ARRAY array, INTEGER elementsToRemove)
2024-05-20T15:23:02.901-03:00 DEBUG 729111 --- [person-service] [           main] org.hibernate.HQL_FUNCTIONS              : Integer ascii(STRING arg)
2024-05-20T15:23:02.901-03:00 DEBUG 729111 --- [person-service] [           main] org.hibernate.HQL_FUNCTIONS              : Double asin(NUMERIC arg)
2024-05-20T15:23:02.901-03:00 DEBUG 729111 --- [person-service] [           main] org.hibernate.HQL_FUNCTIONS              : Double atan(NUMERIC arg)
2024-05-20T15:23:02.901-03:00 DEBUG 729111 --- [person-service] [           main] org.hibernate.HQL_FUNCTIONS              : Double atan2(NUMERIC arg0, NUMERIC arg1)
2024-05-20T15:23:02.901-03:00 DEBUG 729111 --- [person-service] [           main] org.hibernate.HQL_FUNCTIONS              : avg(NUMERIC arg)
2024-05-20T15:23:02.901-03:00 DEBUG 729111 --- [person-service] [           main] org.hibernate.HQL_FUNCTIONS              : bit_and(arg)
2024-05-20T15:23:02.901-03:00 DEBUG 729111 --- [person-service] [           main] org.hibernate.HQL_FUNCTIONS              : Integer bit_length(STRING_OR_CLOB arg)
2024-05-20T15:23:02.901-03:00 DEBUG 729111 --- [person-service] [           main] org.hibernate.HQL_FUNCTIONS              : bit_or(arg)
2024-05-20T15:23:02.901-03:00 DEBUG 729111 --- [person-service] [           main] org.hibernate.HQL_FUNCTIONS              : bitand(arg0, arg1)
2024-05-20T15:23:02.901-03:00 DEBUG 729111 --- [person-service] [           main] org.hibernate.HQL_FUNCTIONS              : bitor(arg0, arg1)
2024-05-20T15:23:02.902-03:00 DEBUG 729111 --- [person-service] [           main] org.hibernate.HQL_FUNCTIONS              : bitxor(arg0, arg1)
2024-05-20T15:23:02.902-03:00 DEBUG 729111 --- [person-service] [           main] org.hibernate.HQL_FUNCTIONS              : Boolean bool_and(BOOLEAN predicate)
2024-05-20T15:23:02.902-03:00 DEBUG 729111 --- [person-service] [           main] org.hibernate.HQL_FUNCTIONS              : Boolean bool_or(BOOLEAN predicate)
2024-05-20T15:23:02.902-03:00 DEBUG 729111 --- [person-service] [           main] org.hibernate.HQL_FUNCTIONS              : cast(arg as Type)
2024-05-20T15:23:02.902-03:00 DEBUG 729111 --- [person-service] [           main] org.hibernate.HQL_FUNCTIONS              : ceiling(NUMERIC arg)
2024-05-20T15:23:02.902-03:00 DEBUG 729111 --- [person-service] [           main] org.hibernate.HQL_FUNCTIONS              : Character char(INTEGER arg)
2024-05-20T15:23:02.902-03:00 DEBUG 729111 --- [person-service] [           main] org.hibernate.HQL_FUNCTIONS              : Integer character_length(STRING_OR_CLOB arg)
2024-05-20T15:23:02.902-03:00 DEBUG 729111 --- [person-service] [           main] org.hibernate.HQL_FUNCTIONS              : Character chr(INTEGER arg)
2024-05-20T15:23:02.902-03:00 DEBUG 729111 --- [person-service] [           main] org.hibernate.HQL_FUNCTIONS              : coalesce(arg0[, arg1[, ...]])
2024-05-20T15:23:02.902-03:00 DEBUG 729111 --- [person-service] [           main] org.hibernate.HQL_FUNCTIONS              : String collate(STRING string as COLLATION collation)
2024-05-20T15:23:02.902-03:00 DEBUG 729111 --- [person-service] [           main] org.hibernate.HQL_FUNCTIONS              : String concat(STRING string0[, STRING string1[, ...]])
2024-05-20T15:23:02.902-03:00 DEBUG 729111 --- [person-service] [           main] org.hibernate.HQL_FUNCTIONS              : Double cos(NUMERIC arg)
2024-05-20T15:23:02.902-03:00 DEBUG 729111 --- [person-service] [           main] org.hibernate.HQL_FUNCTIONS              : Double cosh(NUMERIC arg)
2024-05-20T15:23:02.902-03:00 DEBUG 729111 --- [person-service] [           main] org.hibernate.HQL_FUNCTIONS              : Double cot(NUMERIC arg)
2024-05-20T15:23:02.902-03:00 DEBUG 729111 --- [person-service] [           main] org.hibernate.HQL_FUNCTIONS              : Long count([distinct ]{arg|*})
2024-05-20T15:23:02.902-03:00 DEBUG 729111 --- [person-service] [           main] org.hibernate.HQL_FUNCTIONS              : Double cume_dist([arg0[, ...]])
2024-05-20T15:23:02.902-03:00 DEBUG 729111 --- [person-service] [           main] org.hibernate.HQL_FUNCTIONS              : Date curdate()
2024-05-20T15:23:02.902-03:00 DEBUG 729111 --- [person-service] [           main] org.hibernate.HQL_FUNCTIONS              : Date current date
2024-05-20T15:23:02.902-03:00 DEBUG 729111 --- [person-service] [           main] org.hibernate.HQL_FUNCTIONS              : Time current time
2024-05-20T15:23:02.902-03:00 DEBUG 729111 --- [person-service] [           main] org.hibernate.HQL_FUNCTIONS              : Timestamp current timestamp
2024-05-20T15:23:02.902-03:00 DEBUG 729111 --- [person-service] [           main] org.hibernate.HQL_FUNCTIONS              : Date current_date
2024-05-20T15:23:02.902-03:00 DEBUG 729111 --- [person-service] [           main] org.hibernate.HQL_FUNCTIONS              : Instant current_instant
2024-05-20T15:23:02.902-03:00 DEBUG 729111 --- [person-service] [           main] org.hibernate.HQL_FUNCTIONS              : Time current_time
2024-05-20T15:23:02.903-03:00 DEBUG 729111 --- [person-service] [           main] org.hibernate.HQL_FUNCTIONS              : Timestamp current_timestamp
2024-05-20T15:23:02.903-03:00 DEBUG 729111 --- [person-service] [           main] org.hibernate.HQL_FUNCTIONS              : Time curtime()
2024-05-20T15:23:02.903-03:00 DEBUG 729111 --- [person-service] [           main] org.hibernate.HQL_FUNCTIONS              : date_trunc(STRING field, TEMPORAL datetime)
2024-05-20T15:23:02.903-03:00 DEBUG 729111 --- [person-service] [           main] org.hibernate.HQL_FUNCTIONS              : dateadd(TEMPORAL_UNIT field, INTEGER magnitude, TEMPORAL datetime)
2024-05-20T15:23:02.903-03:00 DEBUG 729111 --- [person-service] [           main] org.hibernate.HQL_FUNCTIONS              : basicType@2(java.lang.Long,-5)|basicType@18(java.lang.Double,8) datediff(TEMPORAL_UNIT field, TEMPORAL start, TEMPORAL end)
2024-05-20T15:23:02.903-03:00 DEBUG 729111 --- [person-service] [           main] org.hibernate.HQL_FUNCTIONS              : Integer day(DATE arg)
2024-05-20T15:23:02.903-03:00 DEBUG 729111 --- [person-service] [           main] org.hibernate.HQL_FUNCTIONS              : Integer day_of_month(DATE arg)
2024-05-20T15:23:02.903-03:00 DEBUG 729111 --- [person-service] [           main] org.hibernate.HQL_FUNCTIONS              : Integer day_of_week(DATE arg)
2024-05-20T15:23:02.903-03:00 DEBUG 729111 --- [person-service] [           main] org.hibernate.HQL_FUNCTIONS              : Integer day_of_year(DATE arg)
2024-05-20T15:23:02.903-03:00 DEBUG 729111 --- [person-service] [           main] org.hibernate.HQL_FUNCTIONS              : String dayname(DATE arg)
2024-05-20T15:23:02.903-03:00 DEBUG 729111 --- [person-service] [           main] org.hibernate.HQL_FUNCTIONS              : Double degrees(NUMERIC arg)
2024-05-20T15:23:02.903-03:00 DEBUG 729111 --- [person-service] [           main] org.hibernate.HQL_FUNCTIONS              : Long dense_rank([arg0[, ...]])
2024-05-20T15:23:02.903-03:00 DEBUG 729111 --- [person-service] [           main] org.hibernate.HQL_FUNCTIONS              : Boolean every(BOOLEAN predicate)
2024-05-20T15:23:02.903-03:00 DEBUG 729111 --- [person-service] [           main] org.hibernate.HQL_FUNCTIONS              : Double exp(NUMERIC arg)
2024-05-20T15:23:02.904-03:00 DEBUG 729111 --- [person-service] [           main] org.hibernate.HQL_FUNCTIONS              : extract(TEMPORAL_UNIT field from TEMPORAL arg)
2024-05-20T15:23:02.904-03:00 DEBUG 729111 --- [person-service] [           main] org.hibernate.HQL_FUNCTIONS              : first_valueANY value
2024-05-20T15:23:02.904-03:00 DEBUG 729111 --- [person-service] [           main] org.hibernate.HQL_FUNCTIONS              : floor(NUMERIC arg)
2024-05-20T15:23:02.904-03:00 DEBUG 729111 --- [person-service] [           main] org.hibernate.HQL_FUNCTIONS              : String format(TEMPORAL datetime as STRING pattern)
2024-05-20T15:23:02.904-03:00 DEBUG 729111 --- [person-service] [           main] org.hibernate.HQL_FUNCTIONS              : greatest(COMPARABLE arg0, COMPARABLE arg1[, arg2[, ...]])
2024-05-20T15:23:02.904-03:00 DEBUG 729111 --- [person-service] [           main] org.hibernate.HQL_FUNCTIONS              : Integer hour(TIME arg)
2024-05-20T15:23:02.904-03:00 DEBUG 729111 --- [person-service] [           main] org.hibernate.HQL_FUNCTIONS              : ifnull(arg0, arg1)
2024-05-20T15:23:02.904-03:00 DEBUG 729111 --- [person-service] [           main] org.hibernate.HQL_FUNCTIONS              : String insert(STRING string, INTEGER start, INTEGER length, STRING replacement)
2024-05-20T15:23:02.904-03:00 DEBUG 729111 --- [person-service] [           main] org.hibernate.HQL_FUNCTIONS              : Instant instant
2024-05-20T15:23:02.904-03:00 DEBUG 729111 --- [person-service] [           main] org.hibernate.HQL_FUNCTIONS              : Integer instr(STRING string, STRING pattern[, INTEGER start[, INTEGER occurrence]])
2024-05-20T15:23:02.904-03:00 DEBUG 729111 --- [person-service] [           main] org.hibernate.HQL_FUNCTIONS              : lagANY value[, INTEGER offset[, ANY default]]
2024-05-20T15:23:02.904-03:00 DEBUG 729111 --- [person-service] [           main] org.hibernate.HQL_FUNCTIONS              : last_valueANY value
2024-05-20T15:23:02.904-03:00 DEBUG 729111 --- [person-service] [           main] org.hibernate.HQL_FUNCTIONS              : leadANY value[, INTEGER offset[, ANY default]]
2024-05-20T15:23:02.904-03:00 DEBUG 729111 --- [person-service] [           main] org.hibernate.HQL_FUNCTIONS              : least(COMPARABLE arg0, COMPARABLE arg1[, arg2[, ...]])
2024-05-20T15:23:02.904-03:00 DEBUG 729111 --- [person-service] [           main] org.hibernate.HQL_FUNCTIONS              : String left(STRING string, INTEGER length)
2024-05-20T15:23:02.904-03:00 DEBUG 729111 --- [person-service] [           main] org.hibernate.HQL_FUNCTIONS              : Integer length(STRING_OR_CLOB arg)
2024-05-20T15:23:02.904-03:00 DEBUG 729111 --- [person-service] [           main] org.hibernate.HQL_FUNCTIONS              : String listagg(STRING arg0, STRING arg1)
2024-05-20T15:23:02.905-03:00 DEBUG 729111 --- [person-service] [           main] org.hibernate.HQL_FUNCTIONS              : Double ln(NUMERIC arg)
2024-05-20T15:23:02.905-03:00 DEBUG 729111 --- [person-service] [           main] org.hibernate.HQL_FUNCTIONS              : LocalDate local date
2024-05-20T15:23:02.905-03:00 DEBUG 729111 --- [person-service] [           main] org.hibernate.HQL_FUNCTIONS              : LocalDateTime local datetime
2024-05-20T15:23:02.905-03:00 DEBUG 729111 --- [person-service] [           main] org.hibernate.HQL_FUNCTIONS              : LocalTime local time
2024-05-20T15:23:02.905-03:00 DEBUG 729111 --- [person-service] [           main] org.hibernate.HQL_FUNCTIONS              : LocalDate local_date
2024-05-20T15:23:02.905-03:00 DEBUG 729111 --- [person-service] [           main] org.hibernate.HQL_FUNCTIONS              : LocalDateTime local_datetime
2024-05-20T15:23:02.905-03:00 DEBUG 729111 --- [person-service] [           main] org.hibernate.HQL_FUNCTIONS              : LocalTime local_time
2024-05-20T15:23:02.905-03:00 DEBUG 729111 --- [person-service] [           main] org.hibernate.HQL_FUNCTIONS              : Time localtime
2024-05-20T15:23:02.905-03:00 DEBUG 729111 --- [person-service] [           main] org.hibernate.HQL_FUNCTIONS              : Timestamp localtimestamp
2024-05-20T15:23:02.905-03:00 DEBUG 729111 --- [person-service] [           main] org.hibernate.HQL_FUNCTIONS              : Integer locate(STRING pattern, STRING string[, INTEGER start])
2024-05-20T15:23:02.905-03:00 DEBUG 729111 --- [person-service] [           main] org.hibernate.HQL_FUNCTIONS              : Double log(NUMERIC base, NUMERIC arg)
2024-05-20T15:23:02.905-03:00 DEBUG 729111 --- [person-service] [           main] org.hibernate.HQL_FUNCTIONS              : Double log10(NUMERIC arg)
2024-05-20T15:23:02.905-03:00 DEBUG 729111 --- [person-service] [           main] org.hibernate.HQL_FUNCTIONS              : String lower(STRING string)
2024-05-20T15:23:02.905-03:00 DEBUG 729111 --- [person-service] [           main] org.hibernate.HQL_FUNCTIONS              : String lpad(STRING string, INTEGER length[, STRING padding])
2024-05-20T15:23:02.905-03:00 DEBUG 729111 --- [person-service] [           main] org.hibernate.HQL_FUNCTIONS              : String ltrim(STRING string)
2024-05-20T15:23:02.905-03:00 DEBUG 729111 --- [person-service] [           main] org.hibernate.HQL_FUNCTIONS              : max(COMPARABLE arg)
2024-05-20T15:23:02.905-03:00 DEBUG 729111 --- [person-service] [           main] org.hibernate.HQL_FUNCTIONS              : Double median(NUMERIC arg)
2024-05-20T15:23:02.905-03:00 DEBUG 729111 --- [person-service] [           main] org.hibernate.HQL_FUNCTIONS              : Integer microsecond(TIME arg)
2024-05-20T15:23:02.905-03:00 DEBUG 729111 --- [person-service] [           main] org.hibernate.HQL_FUNCTIONS              : min(COMPARABLE arg)
2024-05-20T15:23:02.905-03:00 DEBUG 729111 --- [person-service] [           main] org.hibernate.HQL_FUNCTIONS              : Integer minute(TIME arg)
2024-05-20T15:23:02.905-03:00 DEBUG 729111 --- [person-service] [           main] org.hibernate.HQL_FUNCTIONS              : Integer mod(INTEGER arg0, INTEGER arg1)
2024-05-20T15:23:02.905-03:00 DEBUG 729111 --- [person-service] [           main] org.hibernate.HQL_FUNCTIONS              : mode()
2024-05-20T15:23:02.905-03:00 DEBUG 729111 --- [person-service] [           main] org.hibernate.HQL_FUNCTIONS              : Integer month(DATE arg)
2024-05-20T15:23:02.905-03:00 DEBUG 729111 --- [person-service] [           main] org.hibernate.HQL_FUNCTIONS              : String monthname(DATE arg)
2024-05-20T15:23:02.906-03:00 DEBUG 729111 --- [person-service] [           main] org.hibernate.HQL_FUNCTIONS              : Timestamp now()
2024-05-20T15:23:02.906-03:00 DEBUG 729111 --- [person-service] [           main] org.hibernate.HQL_FUNCTIONS              : nth_valueANY value, INTEGER nth
2024-05-20T15:23:02.906-03:00 DEBUG 729111 --- [person-service] [           main] org.hibernate.HQL_FUNCTIONS              : nullif(arg0, arg1)
2024-05-20T15:23:02.906-03:00 DEBUG 729111 --- [person-service] [           main] org.hibernate.HQL_FUNCTIONS              : Integer octet_length(STRING_OR_CLOB arg)
2024-05-20T15:23:02.906-03:00 DEBUG 729111 --- [person-service] [           main] org.hibernate.HQL_FUNCTIONS              : OffsetDateTime offset datetime
2024-05-20T15:23:02.906-03:00 DEBUG 729111 --- [person-service] [           main] org.hibernate.HQL_FUNCTIONS              : OffsetDateTime offset_datetime
2024-05-20T15:23:02.906-03:00 DEBUG 729111 --- [person-service] [           main] org.hibernate.HQL_FUNCTIONS              : String overlay(STRING string placing STRING replacement from INTEGER start[ for INTEGER length])
2024-05-20T15:23:02.906-03:00 DEBUG 729111 --- [person-service] [           main] org.hibernate.HQL_FUNCTIONS              : String pad(STRING string with INTEGER length {leading|trailing}[ STRING character])
2024-05-20T15:23:02.906-03:00 DEBUG 729111 --- [person-service] [           main] org.hibernate.HQL_FUNCTIONS              : Double percent_rank([arg0[, ...]])
2024-05-20T15:23:02.906-03:00 DEBUG 729111 --- [person-service] [           main] org.hibernate.HQL_FUNCTIONS              : percentile_cont(NUMERIC arg)
2024-05-20T15:23:02.906-03:00 DEBUG 729111 --- [person-service] [           main] org.hibernate.HQL_FUNCTIONS              : percentile_disc(NUMERIC arg)
2024-05-20T15:23:02.906-03:00 DEBUG 729111 --- [person-service] [           main] org.hibernate.HQL_FUNCTIONS              : Double pi
2024-05-20T15:23:02.906-03:00 DEBUG 729111 --- [person-service] [           main] org.hibernate.HQL_FUNCTIONS              : Integer position(STRING pattern in STRING string)
2024-05-20T15:23:02.906-03:00 DEBUG 729111 --- [person-service] [           main] org.hibernate.HQL_FUNCTIONS              : Double power(NUMERIC arg0, NUMERIC arg1)
2024-05-20T15:23:02.906-03:00 DEBUG 729111 --- [person-service] [           main] org.hibernate.HQL_FUNCTIONS              : Integer quarter(DATE arg)
2024-05-20T15:23:02.906-03:00 DEBUG 729111 --- [person-service] [           main] org.hibernate.HQL_FUNCTIONS              : Double radians(NUMERIC arg)
2024-05-20T15:23:02.906-03:00 DEBUG 729111 --- [person-service] [           main] org.hibernate.HQL_FUNCTIONS              : Double rand([INTEGER seed])
2024-05-20T15:23:02.906-03:00 DEBUG 729111 --- [person-service] [           main] org.hibernate.HQL_FUNCTIONS              : Long rank([arg0[, ...]])
2024-05-20T15:23:02.906-03:00 DEBUG 729111 --- [person-service] [           main] org.hibernate.HQL_FUNCTIONS              : String repeat(STRING string, INTEGER times)
2024-05-20T15:23:02.906-03:00 DEBUG 729111 --- [person-service] [           main] org.hibernate.HQL_FUNCTIONS              : String replace(STRING string, STRING pattern, STRING replacement)
2024-05-20T15:23:02.906-03:00 DEBUG 729111 --- [person-service] [           main] org.hibernate.HQL_FUNCTIONS              : String right(STRING string, INTEGER length)
2024-05-20T15:23:02.906-03:00 DEBUG 729111 --- [person-service] [           main] org.hibernate.HQL_FUNCTIONS              : round(NUMERIC number[, INTEGER places])
2024-05-20T15:23:02.906-03:00 DEBUG 729111 --- [person-service] [           main] org.hibernate.HQL_FUNCTIONS              : Long row_number()
2024-05-20T15:23:02.906-03:00 DEBUG 729111 --- [person-service] [           main] org.hibernate.HQL_FUNCTIONS              : Long rownum()
2024-05-20T15:23:02.906-03:00 DEBUG 729111 --- [person-service] [           main] org.hibernate.HQL_FUNCTIONS              : String rpad(STRING string, INTEGER length[, STRING padding])
2024-05-20T15:23:02.906-03:00 DEBUG 729111 --- [person-service] [           main] org.hibernate.HQL_FUNCTIONS              : String rtrim(STRING string)
2024-05-20T15:23:02.907-03:00 DEBUG 729111 --- [person-service] [           main] org.hibernate.HQL_FUNCTIONS              : Integer second(TIME arg)
2024-05-20T15:23:02.907-03:00 DEBUG 729111 --- [person-service] [           main] org.hibernate.HQL_FUNCTIONS              : Integer sign(NUMERIC arg)
2024-05-20T15:23:02.907-03:00 DEBUG 729111 --- [person-service] [           main] org.hibernate.HQL_FUNCTIONS              : Double sin(NUMERIC arg)
2024-05-20T15:23:02.907-03:00 DEBUG 729111 --- [person-service] [           main] org.hibernate.HQL_FUNCTIONS              : Double sinh(NUMERIC arg)
2024-05-20T15:23:02.907-03:00 DEBUG 729111 --- [person-service] [           main] org.hibernate.HQL_FUNCTIONS              : String soundex(arg)
2024-05-20T15:23:02.907-03:00 DEBUG 729111 --- [person-service] [           main] org.hibernate.HQL_FUNCTIONS              : String space(INTEGER arg)
2024-05-20T15:23:02.907-03:00 DEBUG 729111 --- [person-service] [           main] org.hibernate.HQL_FUNCTIONS              : Object sql
2024-05-20T15:23:02.907-03:00 DEBUG 729111 --- [person-service] [           main] org.hibernate.HQL_FUNCTIONS              : Double sqrt(NUMERIC arg)
2024-05-20T15:23:02.907-03:00 DEBUG 729111 --- [person-service] [           main] org.hibernate.HQL_FUNCTIONS              : Double stddev_pop(NUMERIC arg)
2024-05-20T15:23:02.907-03:00 DEBUG 729111 --- [person-service] [           main] org.hibernate.HQL_FUNCTIONS              : Double stddev_samp(NUMERIC arg)
2024-05-20T15:23:02.907-03:00 DEBUG 729111 --- [person-service] [           main] org.hibernate.HQL_FUNCTIONS              : String str(arg)
2024-05-20T15:23:02.907-03:00 DEBUG 729111 --- [person-service] [           main] org.hibernate.HQL_FUNCTIONS              : String substr(STRING string, INTEGER start[, INTEGER length])
2024-05-20T15:23:02.907-03:00 DEBUG 729111 --- [person-service] [           main] org.hibernate.HQL_FUNCTIONS              : String substring(STRING string{ from|,} INTEGER start[{ for|,} INTEGER length])
2024-05-20T15:23:02.907-03:00 DEBUG 729111 --- [person-service] [           main] org.hibernate.HQL_FUNCTIONS              : sum(arg)
2024-05-20T15:23:02.907-03:00 DEBUG 729111 --- [person-service] [           main] org.hibernate.HQL_FUNCTIONS              : Timestamp sysdate
2024-05-20T15:23:02.907-03:00 DEBUG 729111 --- [person-service] [           main] org.hibernate.HQL_FUNCTIONS              : Double tan(NUMERIC arg)
2024-05-20T15:23:02.907-03:00 DEBUG 729111 --- [person-service] [           main] org.hibernate.HQL_FUNCTIONS              : Double tanh(NUMERIC arg)
2024-05-20T15:23:02.907-03:00 DEBUG 729111 --- [person-service] [           main] org.hibernate.HQL_FUNCTIONS              : timestampadd(TEMPORAL_UNIT field, INTEGER magnitude, TEMPORAL datetime)
2024-05-20T15:23:02.907-03:00 DEBUG 729111 --- [person-service] [           main] org.hibernate.HQL_FUNCTIONS              : basicType@2(java.lang.Long,-5)|basicType@18(java.lang.Double,8) timestampdiff(TEMPORAL_UNIT field, TEMPORAL start, TEMPORAL end)
2024-05-20T15:23:02.907-03:00 DEBUG 729111 --- [person-service] [           main] org.hibernate.HQL_FUNCTIONS              : String translate(STRING arg0, STRING arg1, STRING arg2)
2024-05-20T15:23:02.908-03:00 DEBUG 729111 --- [person-service] [           main] org.hibernate.HQL_FUNCTIONS              : String trim([[{leading|trailing|both} ][STRING arg0 ]from] STRING arg1)
2024-05-20T15:23:02.908-03:00 DEBUG 729111 --- [person-service] [           main] org.hibernate.HQL_FUNCTIONS              : trunc( ... )
2024-05-20T15:23:02.908-03:00 DEBUG 729111 --- [person-service] [           main] org.hibernate.HQL_FUNCTIONS              : truncate( ... )
2024-05-20T15:23:02.908-03:00 DEBUG 729111 --- [person-service] [           main] org.hibernate.HQL_FUNCTIONS              : String upper(STRING string)
2024-05-20T15:23:02.908-03:00 DEBUG 729111 --- [person-service] [           main] org.hibernate.HQL_FUNCTIONS              : Double var_pop(NUMERIC arg)
2024-05-20T15:23:02.908-03:00 DEBUG 729111 --- [person-service] [           main] org.hibernate.HQL_FUNCTIONS              : Double var_samp(NUMERIC arg)
2024-05-20T15:23:02.908-03:00 DEBUG 729111 --- [person-service] [           main] org.hibernate.HQL_FUNCTIONS              : Integer week(DATE arg)
2024-05-20T15:23:02.908-03:00 DEBUG 729111 --- [person-service] [           main] org.hibernate.HQL_FUNCTIONS              : Integer year(DATE arg)
2024-05-20T15:23:02.912-03:00 DEBUG 729111 --- [person-service] [           main] org.hibernate.orm.query.plan.cache       : Starting QueryInterpretationCache(2048)
2024-05-20T15:23:02.985-03:00 DEBUG 729111 --- [person-service] [           main] .h.s.i.SessionFactoryServiceRegistryImpl : EventListenerRegistry access via ServiceRegistry is deprecated.  Use `sessionFactory.getEventEngine().getListenerRegistry()` instead
2024-05-20T15:23:02.991-03:00 DEBUG 729111 --- [person-service] [           main] h.e.i.EntityCopyObserverFactoryInitiator : Configured EntityCopyObserver strategy: disallow
2024-05-20T15:23:03.048-03:00 DEBUG 729111 --- [person-service] [           main] o.h.boot.internal.ClassLoaderAccessImpl  : Not known whether passed class name [com.srmasset.ports.outbound.database.config.ConfigDAO] is safe
2024-05-20T15:23:03.049-03:00 DEBUG 729111 --- [person-service] [           main] o.h.boot.internal.ClassLoaderAccessImpl  : No temp ClassLoader provided; using live ClassLoader for loading potentially unsafe class : com.srmasset.ports.outbound.database.config.ConfigDAO
2024-05-20T15:23:03.092-03:00 DEBUG 729111 --- [person-service] [           main] o.h.b.i.bytebuddy.BytecodeProviderImpl   : HHH000513: Unable to create the ReflectionOptimizer for [com.srmasset.ports.outbound.database.config.ConfigDAO]: private accessor [identifierType]
2024-05-20T15:23:03.111-03:00 DEBUG 729111 --- [person-service] [           main] o.h.boot.internal.ClassLoaderAccessImpl  : Not known whether passed class name [com.srmasset.ports.outbound.database.person.dao.PersonDAO] is safe
2024-05-20T15:23:03.111-03:00 DEBUG 729111 --- [person-service] [           main] o.h.boot.internal.ClassLoaderAccessImpl  : No temp ClassLoader provided; using live ClassLoader for loading potentially unsafe class : com.srmasset.ports.outbound.database.person.dao.PersonDAO
2024-05-20T15:23:03.127-03:00 DEBUG 729111 --- [person-service] [           main] o.h.b.i.bytebuddy.BytecodeProviderImpl   : HHH000513: Unable to create the ReflectionOptimizer for [com.srmasset.ports.outbound.database.person.dao.PersonDAO]: private accessor [birthDate]
2024-05-20T15:23:03.139-03:00 DEBUG 729111 --- [person-service] [           main] o.hibernate.orm.model.mapping.creation   : Starting post-init callbacks
2024-05-20T15:23:03.139-03:00 DEBUG 729111 --- [person-service] [           main] o.hibernate.orm.model.mapping.creation   : Starting PostInitCallbackEntry : Entity(com.srmasset.ports.outbound.database.config.ConfigDAO) `staticFetchableList` generator
2024-05-20T15:23:03.139-03:00 DEBUG 729111 --- [person-service] [           main] o.hibernate.orm.model.mapping.creation   : Starting PostInitCallbackEntry : Entity(com.srmasset.ports.outbound.database.person.dao.PersonDAO) `staticFetchableList` generator
2024-05-20T15:23:03.205-03:00 DEBUG 729111 --- [person-service] [           main] org.hibernate.orm.sql.ast.create         : Created new SQL alias : cd1_0
2024-05-20T15:23:03.208-03:00 DEBUG 729111 --- [person-service] [           main] org.hibernate.orm.sql.ast.create         : Registration of TableGroup [StandardTableGroup(com.srmasset.ports.outbound.database.config.ConfigDAO)] with identifierForTableGroup [com.srmasset.ports.outbound.database.config.ConfigDAO] for NavigablePath [com.srmasset.ports.outbound.database.config.ConfigDAO] 
2024-05-20T15:23:03.223-03:00 DEBUG 729111 --- [person-service] [           main] org.hibernate.orm.results.graph.AST      : DomainResult Graph:
 \-EntityResultImpl [com.srmasset.ports.outbound.database.config.ConfigDAO]
 |  +-BasicFetch [com.srmasset.ports.outbound.database.config.ConfigDAO.identifierType]
 |  +-BasicFetch [com.srmasset.ports.outbound.database.config.ConfigDAO.maxLoanValue]
 |  \-BasicFetch [com.srmasset.ports.outbound.database.config.ConfigDAO.minMonthlyValue]

2024-05-20T15:23:03.226-03:00 DEBUG 729111 --- [person-service] [           main] org.hibernate.orm.sql.ast.tree           : SQL AST Tree:
    SelectStatement {
      FromClause {
        StandardTableGroup (cd1 : com.srmasset.ports.outbound.database.config.ConfigDAO) {
          primaryTableReference : config as cd1_0
        }
      }
    }

2024-05-20T15:23:03.232-03:00 DEBUG 729111 --- [person-service] [           main] o.h.p.entity.AbstractEntityPersister     : Static SQL for entity: com.srmasset.ports.outbound.database.config.ConfigDAO
2024-05-20T15:23:03.232-03:00 DEBUG 729111 --- [person-service] [           main] o.h.p.entity.AbstractEntityPersister     :  Version select: select id from config where id=?
2024-05-20T15:23:03.232-03:00 DEBUG 729111 --- [person-service] [           main] o.h.p.entity.AbstractEntityPersister     :  Insert (0): insert into config (identifier_type,max_loan_value,min_monthly_value,id) values (?,?,?,default)
2024-05-20T15:23:03.232-03:00 DEBUG 729111 --- [person-service] [           main] o.h.p.entity.AbstractEntityPersister     :  Update (0): update config set identifier_type=?,max_loan_value=?,min_monthly_value=? where id=?
2024-05-20T15:23:03.232-03:00 DEBUG 729111 --- [person-service] [           main] o.h.p.entity.AbstractEntityPersister     :  Delete (0): delete from config where id=?
2024-05-20T15:23:03.232-03:00 DEBUG 729111 --- [person-service] [           main] org.hibernate.orm.sql.ast.create         : Created new SQL alias : pd1_0
2024-05-20T15:23:03.233-03:00 DEBUG 729111 --- [person-service] [           main] org.hibernate.orm.sql.ast.create         : Registration of TableGroup [StandardTableGroup(com.srmasset.ports.outbound.database.person.dao.PersonDAO)] with identifierForTableGroup [com.srmasset.ports.outbound.database.person.dao.PersonDAO] for NavigablePath [com.srmasset.ports.outbound.database.person.dao.PersonDAO] 
2024-05-20T15:23:03.233-03:00 DEBUG 729111 --- [person-service] [           main] org.hibernate.orm.results.graph.AST      : DomainResult Graph:
 \-EntityResultImpl [com.srmasset.ports.outbound.database.person.dao.PersonDAO]
 |  +-BasicFetch [com.srmasset.ports.outbound.database.person.dao.PersonDAO.birthDate]
 |  +-BasicFetch [com.srmasset.ports.outbound.database.person.dao.PersonDAO.identifier]
 |  +-BasicFetch [com.srmasset.ports.outbound.database.person.dao.PersonDAO.identifierType]
 |  +-BasicFetch [com.srmasset.ports.outbound.database.person.dao.PersonDAO.maxLoanValue]
 |  +-BasicFetch [com.srmasset.ports.outbound.database.person.dao.PersonDAO.minMonthlyValue]
 |  \-BasicFetch [com.srmasset.ports.outbound.database.person.dao.PersonDAO.name]

2024-05-20T15:23:03.233-03:00 DEBUG 729111 --- [person-service] [           main] org.hibernate.orm.sql.ast.tree           : SQL AST Tree:
    SelectStatement {
      FromClause {
        StandardTableGroup (pd1 : com.srmasset.ports.outbound.database.person.dao.PersonDAO) {
          primaryTableReference : person as pd1_0
        }
      }
    }

2024-05-20T15:23:03.234-03:00 DEBUG 729111 --- [person-service] [           main] o.h.p.entity.AbstractEntityPersister     : Static SQL for entity: com.srmasset.ports.outbound.database.person.dao.PersonDAO
2024-05-20T15:23:03.234-03:00 DEBUG 729111 --- [person-service] [           main] o.h.p.entity.AbstractEntityPersister     :  Version select: select id from person where id=?
2024-05-20T15:23:03.234-03:00 DEBUG 729111 --- [person-service] [           main] o.h.p.entity.AbstractEntityPersister     :  Insert (0): insert into person (birth_date,identifier,identifier_type,max_loan_value,min_monthly_value,name,id) values (?,?,?,?,?,?,default)
2024-05-20T15:23:03.234-03:00 DEBUG 729111 --- [person-service] [           main] o.h.p.entity.AbstractEntityPersister     :  Update (0): update person set birth_date=?,identifier=?,identifier_type=?,max_loan_value=?,min_monthly_value=?,name=? where id=?
2024-05-20T15:23:03.234-03:00 DEBUG 729111 --- [person-service] [           main] o.h.p.entity.AbstractEntityPersister     :  Delete (0): delete from person where id=?
2024-05-20T15:23:03.256-03:00  INFO 729111 --- [person-service] [           main] o.h.e.t.j.p.i.JtaPlatformInitiator       : HHH000489: No JTA platform available (set 'hibernate.transaction.jta.platform' to enable JTA platform integration)
2024-05-20T15:23:03.257-03:00 DEBUG 729111 --- [person-service] [           main] o.h.type.spi.TypeConfiguration$Scope     : Scoping TypeConfiguration [org.hibernate.type.spi.TypeConfiguration@6d6f6ca9] to SessionFactoryImplementor [org.hibernate.internal.SessionFactoryImpl@6e612122]
2024-05-20T15:23:03.258-03:00 DEBUG 729111 --- [person-service] [           main] o.h.query.named.NamedObjectRepository    : Checking 0 named HQL queries
2024-05-20T15:23:03.258-03:00 DEBUG 729111 --- [person-service] [           main] o.h.query.named.NamedObjectRepository    : Checking 0 named SQL queries
2024-05-20T15:23:03.272-03:00 DEBUG 729111 --- [person-service] [           main] org.hibernate.SQL                        : drop table if exists config cascade 
Hibernate: drop table if exists config cascade 
2024-05-20T15:23:03.273-03:00 DEBUG 729111 --- [person-service] [           main] com.zaxxer.hikari.HikariConfig           : HikariPool-1 - configuration:
2024-05-20T15:23:03.278-03:00 DEBUG 729111 --- [person-service] [           main] com.zaxxer.hikari.HikariConfig           : allowPoolSuspension.............false
2024-05-20T15:23:03.278-03:00 DEBUG 729111 --- [person-service] [           main] com.zaxxer.hikari.HikariConfig           : autoCommit......................true
2024-05-20T15:23:03.278-03:00 DEBUG 729111 --- [person-service] [           main] com.zaxxer.hikari.HikariConfig           : catalog.........................none
2024-05-20T15:23:03.278-03:00 DEBUG 729111 --- [person-service] [           main] com.zaxxer.hikari.HikariConfig           : connectionInitSql...............none
2024-05-20T15:23:03.279-03:00 DEBUG 729111 --- [person-service] [           main] com.zaxxer.hikari.HikariConfig           : connectionTestQuery.............none
2024-05-20T15:23:03.279-03:00 DEBUG 729111 --- [person-service] [           main] com.zaxxer.hikari.HikariConfig           : connectionTimeout...............30000
2024-05-20T15:23:03.279-03:00 DEBUG 729111 --- [person-service] [           main] com.zaxxer.hikari.HikariConfig           : dataSource......................none
2024-05-20T15:23:03.279-03:00 DEBUG 729111 --- [person-service] [           main] com.zaxxer.hikari.HikariConfig           : dataSourceClassName.............none
2024-05-20T15:23:03.279-03:00 DEBUG 729111 --- [person-service] [           main] com.zaxxer.hikari.HikariConfig           : dataSourceJNDI..................none
2024-05-20T15:23:03.279-03:00 DEBUG 729111 --- [person-service] [           main] com.zaxxer.hikari.HikariConfig           : dataSourceProperties............{password=<masked>}
2024-05-20T15:23:03.279-03:00 DEBUG 729111 --- [person-service] [           main] com.zaxxer.hikari.HikariConfig           : driverClassName................."org.h2.Driver"
2024-05-20T15:23:03.279-03:00 DEBUG 729111 --- [person-service] [           main] com.zaxxer.hikari.HikariConfig           : exceptionOverrideClassName......none
2024-05-20T15:23:03.279-03:00 DEBUG 729111 --- [person-service] [           main] com.zaxxer.hikari.HikariConfig           : healthCheckProperties...........{}
2024-05-20T15:23:03.280-03:00 DEBUG 729111 --- [person-service] [           main] com.zaxxer.hikari.HikariConfig           : healthCheckRegistry.............none
2024-05-20T15:23:03.280-03:00 DEBUG 729111 --- [person-service] [           main] com.zaxxer.hikari.HikariConfig           : idleTimeout.....................600000
2024-05-20T15:23:03.280-03:00 DEBUG 729111 --- [person-service] [           main] com.zaxxer.hikari.HikariConfig           : initializationFailTimeout.......1
2024-05-20T15:23:03.280-03:00 DEBUG 729111 --- [person-service] [           main] com.zaxxer.hikari.HikariConfig           : isolateInternalQueries..........false
2024-05-20T15:23:03.280-03:00 DEBUG 729111 --- [person-service] [           main] com.zaxxer.hikari.HikariConfig           : jdbcUrl.........................jdbc:h2:mem:testdb;DB_CLOSE_DELAY=-1;DB_CLOSE_ON_EXIT=FALSE
2024-05-20T15:23:03.280-03:00 DEBUG 729111 --- [person-service] [           main] com.zaxxer.hikari.HikariConfig           : keepaliveTime...................0
2024-05-20T15:23:03.280-03:00 DEBUG 729111 --- [person-service] [           main] com.zaxxer.hikari.HikariConfig           : leakDetectionThreshold..........0
2024-05-20T15:23:03.280-03:00 DEBUG 729111 --- [person-service] [           main] com.zaxxer.hikari.HikariConfig           : maxLifetime.....................1800000
2024-05-20T15:23:03.280-03:00 DEBUG 729111 --- [person-service] [           main] com.zaxxer.hikari.HikariConfig           : maximumPoolSize.................10
2024-05-20T15:23:03.280-03:00 DEBUG 729111 --- [person-service] [           main] com.zaxxer.hikari.HikariConfig           : metricRegistry..................none
2024-05-20T15:23:03.280-03:00 DEBUG 729111 --- [person-service] [           main] com.zaxxer.hikari.HikariConfig           : metricsTrackerFactory...........none
2024-05-20T15:23:03.280-03:00 DEBUG 729111 --- [person-service] [           main] com.zaxxer.hikari.HikariConfig           : minimumIdle.....................10
2024-05-20T15:23:03.280-03:00 DEBUG 729111 --- [person-service] [           main] com.zaxxer.hikari.HikariConfig           : password........................<masked>
2024-05-20T15:23:03.281-03:00 DEBUG 729111 --- [person-service] [           main] com.zaxxer.hikari.HikariConfig           : poolName........................"HikariPool-1"
2024-05-20T15:23:03.281-03:00 DEBUG 729111 --- [person-service] [           main] com.zaxxer.hikari.HikariConfig           : readOnly........................false
2024-05-20T15:23:03.281-03:00 DEBUG 729111 --- [person-service] [           main] com.zaxxer.hikari.HikariConfig           : registerMbeans..................false
2024-05-20T15:23:03.281-03:00 DEBUG 729111 --- [person-service] [           main] com.zaxxer.hikari.HikariConfig           : scheduledExecutor...............none
2024-05-20T15:23:03.281-03:00 DEBUG 729111 --- [person-service] [           main] com.zaxxer.hikari.HikariConfig           : schema..........................none
2024-05-20T15:23:03.281-03:00 DEBUG 729111 --- [person-service] [           main] com.zaxxer.hikari.HikariConfig           : threadFactory...................internal
2024-05-20T15:23:03.281-03:00 DEBUG 729111 --- [person-service] [           main] com.zaxxer.hikari.HikariConfig           : transactionIsolation............default
2024-05-20T15:23:03.281-03:00 DEBUG 729111 --- [person-service] [           main] com.zaxxer.hikari.HikariConfig           : username........................"sa"
2024-05-20T15:23:03.281-03:00 DEBUG 729111 --- [person-service] [           main] com.zaxxer.hikari.HikariConfig           : validationTimeout...............5000
2024-05-20T15:23:03.281-03:00  INFO 729111 --- [person-service] [           main] com.zaxxer.hikari.HikariDataSource       : HikariPool-1 - Starting...
2024-05-20T15:23:03.447-03:00  INFO 729111 --- [person-service] [           main] com.zaxxer.hikari.pool.HikariPool        : HikariPool-1 - Added connection conn0: url=jdbc:h2:mem:testdb user=SA
2024-05-20T15:23:03.449-03:00  INFO 729111 --- [person-service] [           main] com.zaxxer.hikari.HikariDataSource       : HikariPool-1 - Start completed.
2024-05-20T15:23:03.453-03:00 DEBUG 729111 --- [person-service] [           main] org.hibernate.SQL                        : drop table if exists person cascade 
Hibernate: drop table if exists person cascade 
2024-05-20T15:23:03.461-03:00 DEBUG 729111 --- [person-service] [           main] org.hibernate.SQL                        : create table config (max_loan_value numeric(18,4) not null, min_monthly_value numeric(18,4) not null, id bigint generated by default as identity, identifier_type varchar(255) not null check (identifier_type in ('PF','PJ','EU','AP')), primary key (id))
Hibernate: create table config (max_loan_value numeric(18,4) not null, min_monthly_value numeric(18,4) not null, id bigint generated by default as identity, identifier_type varchar(255) not null check (identifier_type in ('PF','PJ','EU','AP')), primary key (id))
2024-05-20T15:23:03.471-03:00 DEBUG 729111 --- [person-service] [           main] org.hibernate.SQL                        : create table person (birth_date date not null, max_loan_value numeric(18,4) not null, min_monthly_value numeric(18,4) not null, id bigint generated by default as identity, identifier varchar(14) not null, name varchar(50) not null, identifier_type varchar(255) not null check (identifier_type in ('PF','PJ','EU','AP')), primary key (id))
Hibernate: create table person (birth_date date not null, max_loan_value numeric(18,4) not null, min_monthly_value numeric(18,4) not null, id bigint generated by default as identity, identifier varchar(14) not null, name varchar(50) not null, identifier_type varchar(255) not null check (identifier_type in ('PF','PJ','EU','AP')), primary key (id))
2024-05-20T15:23:03.474-03:00 DEBUG 729111 --- [person-service] [           main] o.h.internal.SessionFactoryRegistry      : Initializing SessionFactoryRegistry : org.hibernate.internal.SessionFactoryRegistry@3113595e
2024-05-20T15:23:03.474-03:00 DEBUG 729111 --- [person-service] [           main] o.h.internal.SessionFactoryRegistry      : Registering SessionFactory: 9ff8a106-bc0d-4650-87de-a0180b472fa0 (<unnamed>)
2024-05-20T15:23:03.475-03:00 DEBUG 729111 --- [person-service] [           main] o.h.internal.SessionFactoryRegistry      : Not binding SessionFactory to JNDI, no JNDI name configured
2024-05-20T15:23:03.475-03:00 DEBUG 729111 --- [person-service] [           main] o.hibernate.internal.SessionFactoryImpl  : Instantiated SessionFactory
2024-05-20T15:23:03.475-03:00  INFO 729111 --- [person-service] [           main] j.LocalContainerEntityManagerFactoryBean : Initialized JPA EntityManagerFactory for persistence unit 'default'
2024-05-20T15:23:03.480-03:00 DEBUG 729111 --- [person-service] [           main] o.s.b.f.s.DefaultListableBeanFactory     : Creating shared instance of singleton bean 'application'
2024-05-20T15:23:03.482-03:00 DEBUG 729111 --- [person-service] [           main] o.s.b.f.s.DefaultListableBeanFactory     : Creating shared instance of singleton bean 'inboundPersonAdapter'
2024-05-20T15:23:03.486-03:00 DEBUG 729111 --- [person-service] [           main] o.s.b.f.s.DefaultListableBeanFactory     : Creating shared instance of singleton bean 'outboundPersonAdapter'
2024-05-20T15:23:03.487-03:00 DEBUG 729111 --- [person-service] [           main] o.s.b.f.s.DefaultListableBeanFactory     : Creating shared instance of singleton bean 'outboundPersonRepositoryPort'
2024-05-20T15:23:03.493-03:00 DEBUG 729111 --- [person-service] [           main] o.s.b.f.s.DefaultListableBeanFactory     : Creating shared instance of singleton bean 'jpa.named-queries#1'
2024-05-20T15:23:03.496-03:00 DEBUG 729111 --- [person-service] [           main] o.s.b.f.s.DefaultListableBeanFactory     : Creating shared instance of singleton bean 'jpa.OutboundPersonRepositoryPort.fragments#0'
2024-05-20T15:23:03.503-03:00 DEBUG 729111 --- [person-service] [           main] o.s.b.f.s.DefaultListableBeanFactory     : Creating shared instance of singleton bean 'jpaSharedEM_entityManagerFactory'
2024-05-20T15:23:03.542-03:00 DEBUG 729111 --- [person-service] [           main] o.s.b.f.s.DefaultListableBeanFactory     : Creating shared instance of singleton bean 'jpaMappingContext'
2024-05-20T15:23:03.542-03:00 DEBUG 729111 --- [person-service] [           main] .c.JpaMetamodelMappingContextFactoryBean : Initializing JpaMetamodelMappingContext…
2024-05-20T15:23:03.549-03:00 DEBUG 729111 --- [person-service] [l-1 housekeeper] com.zaxxer.hikari.pool.HikariPool        : HikariPool-1 - Pool stats (total=1, active=0, idle=1, waiting=0)
2024-05-20T15:23:03.550-03:00 DEBUG 729111 --- [person-service] [onnection adder] com.zaxxer.hikari.pool.HikariPool        : HikariPool-1 - Added connection conn1: url=jdbc:h2:mem:testdb user=SA
2024-05-20T15:23:03.558-03:00 DEBUG 729111 --- [person-service] [           main] .c.JpaMetamodelMappingContextFactoryBean : Finished initializing JpaMetamodelMappingContext
2024-05-20T15:23:03.561-03:00 DEBUG 729111 --- [person-service] [onnection adder] com.zaxxer.hikari.pool.HikariPool        : HikariPool-1 - Added connection conn2: url=jdbc:h2:mem:testdb user=SA
2024-05-20T15:23:03.573-03:00 DEBUG 729111 --- [person-service] [onnection adder] com.zaxxer.hikari.pool.HikariPool        : HikariPool-1 - Added connection conn3: url=jdbc:h2:mem:testdb user=SA
2024-05-20T15:23:03.585-03:00 DEBUG 729111 --- [person-service] [onnection adder] com.zaxxer.hikari.pool.HikariPool        : HikariPool-1 - Added connection conn4: url=jdbc:h2:mem:testdb user=SA
2024-05-20T15:23:03.588-03:00 DEBUG 729111 --- [person-service] [           main] tor$SharedEntityManagerInvocationHandler : Creating new EntityManager for shared EntityManager invocation
2024-05-20T15:23:03.597-03:00 DEBUG 729111 --- [person-service] [onnection adder] com.zaxxer.hikari.pool.HikariPool        : HikariPool-1 - Added connection conn5: url=jdbc:h2:mem:testdb user=SA
2024-05-20T15:23:03.610-03:00 DEBUG 729111 --- [person-service] [onnection adder] com.zaxxer.hikari.pool.HikariPool        : HikariPool-1 - Added connection conn6: url=jdbc:h2:mem:testdb user=SA
2024-05-20T15:23:03.623-03:00 DEBUG 729111 --- [person-service] [onnection adder] com.zaxxer.hikari.pool.HikariPool        : HikariPool-1 - Added connection conn7: url=jdbc:h2:mem:testdb user=SA
2024-05-20T15:23:03.634-03:00 DEBUG 729111 --- [person-service] [onnection adder] com.zaxxer.hikari.pool.HikariPool        : HikariPool-1 - Added connection conn8: url=jdbc:h2:mem:testdb user=SA
2024-05-20T15:23:03.644-03:00 DEBUG 729111 --- [person-service] [           main] o.h.stat.internal.StatisticsInitiator    : Statistics initialized [enabled=false]
2024-05-20T15:23:03.646-03:00 DEBUG 729111 --- [person-service] [onnection adder] com.zaxxer.hikari.pool.HikariPool        : HikariPool-1 - Added connection conn9: url=jdbc:h2:mem:testdb user=SA
2024-05-20T15:23:03.654-03:00 DEBUG 729111 --- [person-service] [           main] tor$SharedEntityManagerInvocationHandler : Creating new EntityManager for shared EntityManager invocation
2024-05-20T15:23:03.660-03:00 DEBUG 729111 --- [person-service] [onnection adder] com.zaxxer.hikari.pool.HikariPool        : HikariPool-1 - After adding stats (total=10, active=0, idle=10, waiting=0)
2024-05-20T15:23:03.710-03:00 DEBUG 729111 --- [person-service] [           main] o.s.d.r.c.s.RepositoryFactorySupport     : Initializing repository instance for com.srmasset.ports.outbound.database.person.OutboundPersonRepositoryPort…
2024-05-20T15:23:03.725-03:00 DEBUG 729111 --- [person-service] [           main] tor$SharedEntityManagerInvocationHandler : Creating new EntityManager for shared EntityManager invocation
2024-05-20T15:23:03.758-03:00 DEBUG 729111 --- [person-service] [           main] o.s.d.r.c.s.RepositoryFactorySupport     : Finished creation of repository instance for com.srmasset.ports.outbound.database.person.OutboundPersonRepositoryPort.
2024-05-20T15:23:03.771-03:00 DEBUG 729111 --- [person-service] [           main] o.s.b.f.s.DefaultListableBeanFactory     : Creating shared instance of singleton bean 'personService'
2024-05-20T15:23:03.771-03:00 DEBUG 729111 --- [person-service] [           main] o.s.b.f.s.DefaultListableBeanFactory     : Creating shared instance of singleton bean 'outboundConfigAdapter'
2024-05-20T15:23:03.773-03:00 DEBUG 729111 --- [person-service] [           main] o.s.b.f.s.DefaultListableBeanFactory     : Creating shared instance of singleton bean 'outboundConfigRepositoryPort'
2024-05-20T15:23:03.774-03:00 DEBUG 729111 --- [person-service] [           main] o.s.b.f.s.DefaultListableBeanFactory     : Creating shared instance of singleton bean 'jpa.named-queries#0'
2024-05-20T15:23:03.775-03:00 DEBUG 729111 --- [person-service] [           main] o.s.b.f.s.DefaultListableBeanFactory     : Creating shared instance of singleton bean 'jpa.OutboundConfigRepositoryPort.fragments#0'
2024-05-20T15:23:03.776-03:00 DEBUG 729111 --- [person-service] [           main] tor$SharedEntityManagerInvocationHandler : Creating new EntityManager for shared EntityManager invocation
2024-05-20T15:23:03.779-03:00 DEBUG 729111 --- [person-service] [           main] o.s.d.r.c.s.RepositoryFactorySupport     : Initializing repository instance for com.srmasset.ports.outbound.database.config.OutboundConfigRepositoryPort…
2024-05-20T15:23:03.780-03:00 DEBUG 729111 --- [person-service] [           main] tor$SharedEntityManagerInvocationHandler : Creating new EntityManager for shared EntityManager invocation
2024-05-20T15:23:03.784-03:00 DEBUG 729111 --- [person-service] [           main] o.s.d.r.c.s.RepositoryFactorySupport     : Finished creation of repository instance for com.srmasset.ports.outbound.database.config.OutboundConfigRepositoryPort.
2024-05-20T15:23:03.850-03:00 DEBUG 729111 --- [person-service] [           main] o.s.b.f.s.DefaultListableBeanFactory     : Creating shared instance of singleton bean 'testConfiguration'
2024-05-20T15:23:03.852-03:00 DEBUG 729111 --- [person-service] [           main] o.s.b.f.s.DefaultListableBeanFactory     : Creating shared instance of singleton bean 'globalErrorHandler'
2024-05-20T15:23:03.859-03:00 DEBUG 729111 --- [person-service] [           main] o.s.b.f.s.DefaultListableBeanFactory     : Creating shared instance of singleton bean 'personController'
2024-05-20T15:23:03.865-03:00 DEBUG 729111 --- [person-service] [           main] o.s.b.f.s.DefaultListableBeanFactory     : Creating shared instance of singleton bean 'org.springframework.boot.autoconfigure.context.PropertyPlaceholderAutoConfiguration'
2024-05-20T15:23:03.866-03:00 DEBUG 729111 --- [person-service] [           main] o.s.b.f.s.DefaultListableBeanFactory     : Creating shared instance of singleton bean 'org.springframework.boot.autoconfigure.ssl.SslAutoConfiguration'
2024-05-20T15:23:03.867-03:00 DEBUG 729111 --- [person-service] [           main] o.s.b.f.s.DefaultListableBeanFactory     : Creating shared instance of singleton bean 'spring.ssl-org.springframework.boot.autoconfigure.ssl.SslProperties'
2024-05-20T15:23:03.870-03:00 DEBUG 729111 --- [person-service] [           main] o.s.b.f.s.DefaultListableBeanFactory     : Autowiring by type from bean name 'org.springframework.boot.autoconfigure.ssl.SslAutoConfiguration' via constructor to bean named 'spring.ssl-org.springframework.boot.autoconfigure.ssl.SslProperties'
2024-05-20T15:23:03.871-03:00 DEBUG 729111 --- [person-service] [           main] o.s.b.f.s.DefaultListableBeanFactory     : Creating shared instance of singleton bean 'fileWatcher'
2024-05-20T15:23:03.873-03:00 DEBUG 729111 --- [person-service] [           main] o.s.b.f.s.DefaultListableBeanFactory     : Creating shared instance of singleton bean 'sslPropertiesSslBundleRegistrar'
2024-05-20T15:23:03.874-03:00 DEBUG 729111 --- [person-service] [           main] o.s.b.f.s.DefaultListableBeanFactory     : Autowiring by type from bean name 'sslPropertiesSslBundleRegistrar' via factory method to bean named 'fileWatcher'
2024-05-20T15:23:03.875-03:00 DEBUG 729111 --- [person-service] [           main] o.s.b.f.s.DefaultListableBeanFactory     : Creating shared instance of singleton bean 'sslBundleRegistry'
2024-05-20T15:23:03.880-03:00 DEBUG 729111 --- [person-service] [           main] o.s.b.f.s.DefaultListableBeanFactory     : Creating shared instance of singleton bean 'org.springframework.boot.context.properties.EnableConfigurationPropertiesRegistrar.methodValidationExcludeFilter'
2024-05-20T15:23:03.881-03:00 DEBUG 729111 --- [person-service] [           main] o.s.b.f.s.DefaultListableBeanFactory     : Creating shared instance of singleton bean 'org.springframework.boot.autoconfigure.websocket.servlet.WebSocketServletAutoConfiguration$TomcatWebSocketConfiguration'
2024-05-20T15:23:03.882-03:00 DEBUG 729111 --- [person-service] [           main] o.s.b.f.s.DefaultListableBeanFactory     : Creating shared instance of singleton bean 'websocketServletWebServerCustomizer'
2024-05-20T15:23:03.884-03:00 DEBUG 729111 --- [person-service] [           main] o.s.b.f.s.DefaultListableBeanFactory     : Creating shared instance of singleton bean 'org.springframework.boot.autoconfigure.websocket.servlet.WebSocketServletAutoConfiguration'
2024-05-20T15:23:03.885-03:00 DEBUG 729111 --- [person-service] [           main] o.s.b.f.s.DefaultListableBeanFactory     : Creating shared instance of singleton bean 'org.springframework.boot.autoconfigure.web.servlet.ServletWebServerFactoryConfiguration$EmbeddedTomcat'
2024-05-20T15:23:03.885-03:00 DEBUG 729111 --- [person-service] [           main] o.s.b.f.s.DefaultListableBeanFactory     : Creating shared instance of singleton bean 'tomcatServletWebServerFactory'
2024-05-20T15:23:03.900-03:00 DEBUG 729111 --- [person-service] [           main] o.a.catalina.core.AprLifecycleListener   : The Apache Tomcat Native library could not be found using names [tcnative-2, libtcnative-2, tcnative-1, libtcnative-1] on the java.library.path [/usr/java/packages/lib:/usr/lib/x86_64-linux-gnu/jni:/lib/x86_64-linux-gnu:/usr/lib/x86_64-linux-gnu:/usr/lib/jni:/lib:/usr/lib]. The errors reported were [Can't load library: /home/thallyssonk/Área de trabalho/CurrentProjects/TesteTecnicoWeFin/person-service/bin/libtcnative-2.so, Can't load library: /home/thallyssonk/Área de trabalho/CurrentProjects/TesteTecnicoWeFin/person-service/bin/liblibtcnative-2.so, Can't load library: /home/thallyssonk/Área de trabalho/CurrentProjects/TesteTecnicoWeFin/person-service/bin/libtcnative-1.so, Can't load library: /home/thallyssonk/Área de trabalho/CurrentProjects/TesteTecnicoWeFin/person-service/bin/liblibtcnative-1.so, no tcnative-2 in java.library.path: /usr/java/packages/lib:/usr/lib/x86_64-linux-gnu/jni:/lib/x86_64-linux-gnu:/usr/lib/x86_64-linux-gnu:/usr/lib/jni:/lib:/usr/lib, no libtcnative-2 in java.library.path: /usr/java/packages/lib:/usr/lib/x86_64-linux-gnu/jni:/lib/x86_64-linux-gnu:/usr/lib/x86_64-linux-gnu:/usr/lib/jni:/lib:/usr/lib, no tcnative-1 in java.library.path: /usr/java/packages/lib:/usr/lib/x86_64-linux-gnu/jni:/lib/x86_64-linux-gnu:/usr/lib/x86_64-linux-gnu:/usr/lib/jni:/lib:/usr/lib, no libtcnative-1 in java.library.path: /usr/java/packages/lib:/usr/lib/x86_64-linux-gnu/jni:/lib/x86_64-linux-gnu:/usr/lib/x86_64-linux-gnu:/usr/lib/jni:/lib:/usr/lib]

org.apache.tomcat.jni.LibraryNotFoundError: Can't load library: /home/thallyssonk/Área de trabalho/CurrentProjects/TesteTecnicoWeFin/person-service/bin/libtcnative-2.so, Can't load library: /home/thallyssonk/Área de trabalho/CurrentProjects/TesteTecnicoWeFin/person-service/bin/liblibtcnative-2.so, Can't load library: /home/thallyssonk/Área de trabalho/CurrentProjects/TesteTecnicoWeFin/person-service/bin/libtcnative-1.so, Can't load library: /home/thallyssonk/Área de trabalho/CurrentProjects/TesteTecnicoWeFin/person-service/bin/liblibtcnative-1.so, no tcnative-2 in java.library.path: /usr/java/packages/lib:/usr/lib/x86_64-linux-gnu/jni:/lib/x86_64-linux-gnu:/usr/lib/x86_64-linux-gnu:/usr/lib/jni:/lib:/usr/lib, no libtcnative-2 in java.library.path: /usr/java/packages/lib:/usr/lib/x86_64-linux-gnu/jni:/lib/x86_64-linux-gnu:/usr/lib/x86_64-linux-gnu:/usr/lib/jni:/lib:/usr/lib, no tcnative-1 in java.library.path: /usr/java/packages/lib:/usr/lib/x86_64-linux-gnu/jni:/lib/x86_64-linux-gnu:/usr/lib/x86_64-linux-gnu:/usr/lib/jni:/lib:/usr/lib, no libtcnative-1 in java.library.path: /usr/java/packages/lib:/usr/lib/x86_64-linux-gnu/jni:/lib/x86_64-linux-gnu:/usr/lib/x86_64-linux-gnu:/usr/lib/jni:/lib:/usr/lib
	at org.apache.tomcat.jni.Library.<init>(Library.java:91) ~[tomcat-embed-core-10.1.20.jar:10.1.20]
	at org.apache.tomcat.jni.Library.initialize(Library.java:147) ~[tomcat-embed-core-10.1.20.jar:10.1.20]
	at org.apache.catalina.core.AprLifecycleListener.init(AprLifecycleListener.java:189) ~[tomcat-embed-core-10.1.20.jar:10.1.20]
	at org.apache.catalina.core.AprLifecycleListener.isAprAvailable(AprLifecycleListener.java:106) ~[tomcat-embed-core-10.1.20.jar:10.1.20]
	at org.springframework.boot.web.embedded.tomcat.TomcatServletWebServerFactory.getDefaultServerLifecycleListeners(TomcatServletWebServerFactory.java:189) ~[spring-boot-3.2.5.jar:3.2.5]
	at org.springframework.boot.web.embedded.tomcat.TomcatServletWebServerFactory.<init>(TomcatServletWebServerFactory.java:136) ~[spring-boot-3.2.5.jar:3.2.5]
	at org.springframework.boot.autoconfigure.web.servlet.ServletWebServerFactoryConfiguration$EmbeddedTomcat.tomcatServletWebServerFactory(ServletWebServerFactoryConfiguration.java:73) ~[spring-boot-autoconfigure-3.2.5.jar:3.2.5]
	at java.base/jdk.internal.reflect.NativeMethodAccessorImpl.invoke0(Native Method) ~[na:na]
	at java.base/jdk.internal.reflect.NativeMethodAccessorImpl.invoke(NativeMethodAccessorImpl.java:77) ~[na:na]
	at java.base/jdk.internal.reflect.DelegatingMethodAccessorImpl.invoke(DelegatingMethodAccessorImpl.java:43) ~[na:na]
	at java.base/java.lang.reflect.Method.invoke(Method.java:568) ~[na:na]
	at org.springframework.beans.factory.support.SimpleInstantiationStrategy.instantiate(SimpleInstantiationStrategy.java:140) ~[spring-beans-6.1.6.jar:6.1.6]
	at org.springframework.beans.factory.support.ConstructorResolver.instantiate(ConstructorResolver.java:644) ~[spring-beans-6.1.6.jar:6.1.6]
	at org.springframework.beans.factory.support.ConstructorResolver.instantiateUsingFactoryMethod(ConstructorResolver.java:636) ~[spring-beans-6.1.6.jar:6.1.6]
	at org.springframework.beans.factory.support.AbstractAutowireCapableBeanFactory.instantiateUsingFactoryMethod(AbstractAutowireCapableBeanFactory.java:1335) ~[spring-beans-6.1.6.jar:6.1.6]
	at org.springframework.beans.factory.support.AbstractAutowireCapableBeanFactory.createBeanInstance(AbstractAutowireCapableBeanFactory.java:1165) ~[spring-beans-6.1.6.jar:6.1.6]
	at org.springframework.beans.factory.support.AbstractAutowireCapableBeanFactory.doCreateBean(AbstractAutowireCapableBeanFactory.java:562) ~[spring-beans-6.1.6.jar:6.1.6]
	at org.springframework.beans.factory.support.AbstractAutowireCapableBeanFactory.createBean(AbstractAutowireCapableBeanFactory.java:522) ~[spring-beans-6.1.6.jar:6.1.6]
	at org.springframework.beans.factory.support.AbstractBeanFactory.lambda$doGetBean$0(AbstractBeanFactory.java:326) ~[spring-beans-6.1.6.jar:6.1.6]
	at org.springframework.beans.factory.support.DefaultSingletonBeanRegistry.getSingleton(DefaultSingletonBeanRegistry.java:234) ~[spring-beans-6.1.6.jar:6.1.6]
	at org.springframework.beans.factory.support.AbstractBeanFactory.doGetBean(AbstractBeanFactory.java:324) ~[spring-beans-6.1.6.jar:6.1.6]
	at org.springframework.beans.factory.support.AbstractBeanFactory.getBean(AbstractBeanFactory.java:200) ~[spring-beans-6.1.6.jar:6.1.6]
	at org.springframework.beans.factory.support.DefaultListableBeanFactory.preInstantiateSingletons(DefaultListableBeanFactory.java:975) ~[spring-beans-6.1.6.jar:6.1.6]
	at org.springframework.context.support.AbstractApplicationContext.finishBeanFactoryInitialization(AbstractApplicationContext.java:962) ~[spring-context-6.1.6.jar:6.1.6]
	at org.springframework.context.support.AbstractApplicationContext.refresh(AbstractApplicationContext.java:624) ~[spring-context-6.1.6.jar:6.1.6]
	at org.springframework.boot.SpringApplication.refresh(SpringApplication.java:754) ~[spring-boot-3.2.5.jar:3.2.5]
	at org.springframework.boot.SpringApplication.refreshContext(SpringApplication.java:456) ~[spring-boot-3.2.5.jar:3.2.5]
	at org.springframework.boot.SpringApplication.run(SpringApplication.java:334) ~[spring-boot-3.2.5.jar:3.2.5]
	at org.springframework.boot.test.context.SpringBootContextLoader.lambda$loadContext$3(SpringBootContextLoader.java:137) ~[spring-boot-test-3.2.5.jar:3.2.5]
	at org.springframework.util.function.ThrowingSupplier.get(ThrowingSupplier.java:58) ~[spring-core-6.1.6.jar:6.1.6]
	at org.springframework.util.function.ThrowingSupplier.get(ThrowingSupplier.java:46) ~[spring-core-6.1.6.jar:6.1.6]
	at org.springframework.boot.SpringApplication.withHook(SpringApplication.java:1454) ~[spring-boot-3.2.5.jar:3.2.5]
	at org.springframework.boot.test.context.SpringBootContextLoader$ContextLoaderHook.run(SpringBootContextLoader.java:553) ~[spring-boot-test-3.2.5.jar:3.2.5]
	at org.springframework.boot.test.context.SpringBootContextLoader.loadContext(SpringBootContextLoader.java:137) ~[spring-boot-test-3.2.5.jar:3.2.5]
	at org.springframework.boot.test.context.SpringBootContextLoader.loadContext(SpringBootContextLoader.java:108) ~[spring-boot-test-3.2.5.jar:3.2.5]
	at org.springframework.test.context.cache.DefaultCacheAwareContextLoaderDelegate.loadContextInternal(DefaultCacheAwareContextLoaderDelegate.java:225) ~[spring-test-6.1.6.jar:6.1.6]
	at org.springframework.test.context.cache.DefaultCacheAwareContextLoaderDelegate.loadContext(DefaultCacheAwareContextLoaderDelegate.java:152) ~[spring-test-6.1.6.jar:6.1.6]
	at org.springframework.test.context.support.DefaultTestContext.getApplicationContext(DefaultTestContext.java:130) ~[spring-test-6.1.6.jar:6.1.6]
	at org.springframework.test.context.web.ServletTestExecutionListener.setUpRequestContextIfNecessary(ServletTestExecutionListener.java:191) ~[spring-test-6.1.6.jar:6.1.6]
	at org.springframework.test.context.web.ServletTestExecutionListener.prepareTestInstance(ServletTestExecutionListener.java:130) ~[spring-test-6.1.6.jar:6.1.6]
	at org.springframework.test.context.TestContextManager.prepareTestInstance(TestContextManager.java:260) ~[spring-test-6.1.6.jar:6.1.6]
	at org.springframework.test.context.junit.jupiter.SpringExtension.postProcessTestInstance(SpringExtension.java:163) ~[spring-test-6.1.6.jar:6.1.6]
	at org.junit.jupiter.engine.descriptor.ClassBasedTestDescriptor.lambda$invokeTestInstancePostProcessors$10(ClassBasedTestDescriptor.java:378) ~[junit-jupiter-engine-5.10.2.jar:5.10.2]
	at org.junit.jupiter.engine.descriptor.ClassBasedTestDescriptor.executeAndMaskThrowable(ClassBasedTestDescriptor.java:383) ~[junit-jupiter-engine-5.10.2.jar:5.10.2]
	at org.junit.jupiter.engine.descriptor.ClassBasedTestDescriptor.lambda$invokeTestInstancePostProcessors$11(ClassBasedTestDescriptor.java:378) ~[junit-jupiter-engine-5.10.2.jar:5.10.2]
	at java.base/java.util.stream.ReferencePipeline$3$1.accept(ReferencePipeline.java:197) ~[na:na]
	at java.base/java.util.stream.ReferencePipeline$2$1.accept(ReferencePipeline.java:179) ~[na:na]
	at java.base/java.util.ArrayList$ArrayListSpliterator.forEachRemaining(ArrayList.java:1625) ~[na:na]
	at java.base/java.util.stream.AbstractPipeline.copyInto(AbstractPipeline.java:509) ~[na:na]
	at java.base/java.util.stream.AbstractPipeline.wrapAndCopyInto(AbstractPipeline.java:499) ~[na:na]
	at java.base/java.util.stream.StreamSpliterators$WrappingSpliterator.forEachRemaining(StreamSpliterators.java:310) ~[na:na]
	at java.base/java.util.stream.Streams$ConcatSpliterator.forEachRemaining(Streams.java:735) ~[na:na]
	at java.base/java.util.stream.Streams$ConcatSpliterator.forEachRemaining(Streams.java:734) ~[na:na]
	at java.base/java.util.stream.ReferencePipeline$Head.forEach(ReferencePipeline.java:762) ~[na:na]
	at org.junit.jupiter.engine.descriptor.ClassBasedTestDescriptor.invokeTestInstancePostProcessors(ClassBasedTestDescriptor.java:377) ~[junit-jupiter-engine-5.10.2.jar:5.10.2]
	at org.junit.jupiter.engine.descriptor.ClassBasedTestDescriptor.lambda$instantiateAndPostProcessTestInstance$6(ClassBasedTestDescriptor.java:290) ~[junit-jupiter-engine-5.10.2.jar:5.10.2]
	at org.junit.platform.engine.support.hierarchical.ThrowableCollector.execute(ThrowableCollector.java:73) ~[junit-platform-engine-1.10.2.jar:1.10.2]
	at org.junit.jupiter.engine.descriptor.ClassBasedTestDescriptor.instantiateAndPostProcessTestInstance(ClassBasedTestDescriptor.java:289) ~[junit-jupiter-engine-5.10.2.jar:5.10.2]
	at org.junit.jupiter.engine.descriptor.ClassBasedTestDescriptor.lambda$testInstancesProvider$4(ClassBasedTestDescriptor.java:279) ~[junit-jupiter-engine-5.10.2.jar:5.10.2]
	at java.base/java.util.Optional.orElseGet(Optional.java:364) ~[na:na]
	at org.junit.jupiter.engine.descriptor.ClassBasedTestDescriptor.lambda$testInstancesProvider$5(ClassBasedTestDescriptor.java:278) ~[junit-jupiter-engine-5.10.2.jar:5.10.2]
	at org.junit.jupiter.engine.execution.TestInstancesProvider.getTestInstances(TestInstancesProvider.java:31) ~[junit-jupiter-engine-5.10.2.jar:5.10.2]
	at org.junit.jupiter.engine.descriptor.TestMethodTestDescriptor.lambda$prepare$0(TestMethodTestDescriptor.java:106) ~[junit-jupiter-engine-5.10.2.jar:5.10.2]
	at org.junit.platform.engine.support.hierarchical.ThrowableCollector.execute(ThrowableCollector.java:73) ~[junit-platform-engine-1.10.2.jar:1.10.2]
	at org.junit.jupiter.engine.descriptor.TestMethodTestDescriptor.prepare(TestMethodTestDescriptor.java:105) ~[junit-jupiter-engine-5.10.2.jar:5.10.2]
	at org.junit.jupiter.engine.descriptor.TestMethodTestDescriptor.prepare(TestMethodTestDescriptor.java:69) ~[junit-jupiter-engine-5.10.2.jar:5.10.2]
	at org.junit.platform.engine.support.hierarchical.NodeTestTask.lambda$prepare$2(NodeTestTask.java:123) ~[junit-platform-engine-1.10.2.jar:1.10.2]
	at org.junit.platform.engine.support.hierarchical.ThrowableCollector.execute(ThrowableCollector.java:73) ~[junit-platform-engine-1.10.2.jar:1.10.2]
	at org.junit.platform.engine.support.hierarchical.NodeTestTask.prepare(NodeTestTask.java:123) ~[junit-platform-engine-1.10.2.jar:1.10.2]
	at org.junit.platform.engine.support.hierarchical.NodeTestTask.execute(NodeTestTask.java:90) ~[junit-platform-engine-1.10.2.jar:1.10.2]
	at java.base/java.util.ArrayList.forEach(ArrayList.java:1511) ~[na:na]
	at org.junit.platform.engine.support.hierarchical.SameThreadHierarchicalTestExecutorService.invokeAll(SameThreadHierarchicalTestExecutorService.java:41) ~[junit-platform-engine-1.10.2.jar:1.10.2]
	at org.junit.platform.engine.support.hierarchical.NodeTestTask.lambda$executeRecursively$6(NodeTestTask.java:155) ~[junit-platform-engine-1.10.2.jar:1.10.2]
	at org.junit.platform.engine.support.hierarchical.ThrowableCollector.execute(ThrowableCollector.java:73) ~[junit-platform-engine-1.10.2.jar:1.10.2]
	at org.junit.platform.engine.support.hierarchical.NodeTestTask.lambda$executeRecursively$8(NodeTestTask.java:141) ~[junit-platform-engine-1.10.2.jar:1.10.2]
	at org.junit.platform.engine.support.hierarchical.Node.around(Node.java:137) ~[junit-platform-engine-1.10.2.jar:1.10.2]
	at org.junit.platform.engine.support.hierarchical.NodeTestTask.lambda$executeRecursively$9(NodeTestTask.java:139) ~[junit-platform-engine-1.10.2.jar:1.10.2]
	at org.junit.platform.engine.support.hierarchical.ThrowableCollector.execute(ThrowableCollector.java:73) ~[junit-platform-engine-1.10.2.jar:1.10.2]
	at org.junit.platform.engine.support.hierarchical.NodeTestTask.executeRecursively(NodeTestTask.java:138) ~[junit-platform-engine-1.10.2.jar:1.10.2]
	at org.junit.platform.engine.support.hierarchical.NodeTestTask.execute(NodeTestTask.java:95) ~[junit-platform-engine-1.10.2.jar:1.10.2]
	at java.base/java.util.ArrayList.forEach(ArrayList.java:1511) ~[na:na]
	at org.junit.platform.engine.support.hierarchical.SameThreadHierarchicalTestExecutorService.invokeAll(SameThreadHierarchicalTestExecutorService.java:41) ~[junit-platform-engine-1.10.2.jar:1.10.2]
	at org.junit.platform.engine.support.hierarchical.NodeTestTask.lambda$executeRecursively$6(NodeTestTask.java:155) ~[junit-platform-engine-1.10.2.jar:1.10.2]
	at org.junit.platform.engine.support.hierarchical.ThrowableCollector.execute(ThrowableCollector.java:73) ~[junit-platform-engine-1.10.2.jar:1.10.2]
	at org.junit.platform.engine.support.hierarchical.NodeTestTask.lambda$executeRecursively$8(NodeTestTask.java:141) ~[junit-platform-engine-1.10.2.jar:1.10.2]
	at org.junit.platform.engine.support.hierarchical.Node.around(Node.java:137) ~[junit-platform-engine-1.10.2.jar:1.10.2]
	at org.junit.platform.engine.support.hierarchical.NodeTestTask.lambda$executeRecursively$9(NodeTestTask.java:139) ~[junit-platform-engine-1.10.2.jar:1.10.2]
	at org.junit.platform.engine.support.hierarchical.ThrowableCollector.execute(ThrowableCollector.java:73) ~[junit-platform-engine-1.10.2.jar:1.10.2]
	at org.junit.platform.engine.support.hierarchical.NodeTestTask.executeRecursively(NodeTestTask.java:138) ~[junit-platform-engine-1.10.2.jar:1.10.2]
	at org.junit.platform.engine.support.hierarchical.NodeTestTask.execute(NodeTestTask.java:95) ~[junit-platform-engine-1.10.2.jar:1.10.2]
	at org.junit.platform.engine.support.hierarchical.SameThreadHierarchicalTestExecutorService.submit(SameThreadHierarchicalTestExecutorService.java:35) ~[junit-platform-engine-1.10.2.jar:1.10.2]
	at org.junit.platform.engine.support.hierarchical.HierarchicalTestExecutor.execute(HierarchicalTestExecutor.java:57) ~[junit-platform-engine-1.10.2.jar:1.10.2]
	at org.junit.platform.engine.support.hierarchical.HierarchicalTestEngine.execute(HierarchicalTestEngine.java:54) ~[junit-platform-engine-1.10.2.jar:1.10.2]
	at org.junit.platform.launcher.core.EngineExecutionOrchestrator.execute(EngineExecutionOrchestrator.java:198) ~[junit-platform-launcher-1.10.2.jar:1.10.2]
	at org.junit.platform.launcher.core.EngineExecutionOrchestrator.execute(EngineExecutionOrchestrator.java:169) ~[junit-platform-launcher-1.10.2.jar:1.10.2]
	at org.junit.platform.launcher.core.EngineExecutionOrchestrator.execute(EngineExecutionOrchestrator.java:93) ~[junit-platform-launcher-1.10.2.jar:1.10.2]
	at org.junit.platform.launcher.core.EngineExecutionOrchestrator.lambda$execute$0(EngineExecutionOrchestrator.java:58) ~[junit-platform-launcher-1.10.2.jar:1.10.2]
	at org.junit.platform.launcher.core.EngineExecutionOrchestrator.withInterceptedStreams(EngineExecutionOrchestrator.java:141) ~[junit-platform-launcher-1.10.2.jar:1.10.2]
	at org.junit.platform.launcher.core.EngineExecutionOrchestrator.execute(EngineExecutionOrchestrator.java:57) ~[junit-platform-launcher-1.10.2.jar:1.10.2]
	at org.junit.platform.launcher.core.DefaultLauncher.execute(DefaultLauncher.java:103) ~[junit-platform-launcher-1.10.2.jar:1.10.2]
	at org.junit.platform.launcher.core.DefaultLauncher.execute(DefaultLauncher.java:85) ~[junit-platform-launcher-1.10.2.jar:1.10.2]
	at org.junit.platform.launcher.core.DelegatingLauncher.execute(DelegatingLauncher.java:47) ~[junit-platform-launcher-1.10.2.jar:1.10.2]
	at org.apache.maven.surefire.junitplatform.LazyLauncher.execute(LazyLauncher.java:56) ~[surefire-junit-platform-3.1.2.jar:3.1.2]
	at org.apache.maven.surefire.junitplatform.JUnitPlatformProvider.execute(JUnitPlatformProvider.java:184) ~[surefire-junit-platform-3.1.2.jar:3.1.2]
	at org.apache.maven.surefire.junitplatform.JUnitPlatformProvider.invokeAllTests(JUnitPlatformProvider.java:148) ~[surefire-junit-platform-3.1.2.jar:3.1.2]
	at org.apache.maven.surefire.junitplatform.JUnitPlatformProvider.invoke(JUnitPlatformProvider.java:122) ~[surefire-junit-platform-3.1.2.jar:3.1.2]
	at org.apache.maven.surefire.booter.ForkedBooter.runSuitesInProcess(ForkedBooter.java:385) ~[surefire-booter-3.1.2.jar:3.1.2]
	at org.apache.maven.surefire.booter.ForkedBooter.execute(ForkedBooter.java:162) ~[surefire-booter-3.1.2.jar:3.1.2]
	at org.apache.maven.surefire.booter.ForkedBooter.run(ForkedBooter.java:507) ~[surefire-booter-3.1.2.jar:3.1.2]
	at org.apache.maven.surefire.booter.ForkedBooter.main(ForkedBooter.java:495) ~[surefire-booter-3.1.2.jar:3.1.2]

2024-05-20T15:23:03.913-03:00 DEBUG 729111 --- [person-service] [           main] o.s.b.f.s.DefaultListableBeanFactory     : Creating shared instance of singleton bean 'servletWebServerFactoryCustomizer'
2024-05-20T15:23:03.913-03:00 DEBUG 729111 --- [person-service] [           main] o.s.b.f.s.DefaultListableBeanFactory     : Creating shared instance of singleton bean 'org.springframework.boot.autoconfigure.web.servlet.ServletWebServerFactoryAutoConfiguration'
2024-05-20T15:23:03.914-03:00 DEBUG 729111 --- [person-service] [           main] o.s.b.f.s.DefaultListableBeanFactory     : Creating shared instance of singleton bean 'server-org.springframework.boot.autoconfigure.web.ServerProperties'
2024-05-20T15:23:03.922-03:00 DEBUG 729111 --- [person-service] [           main] o.s.b.f.s.DefaultListableBeanFactory     : Autowiring by type from bean name 'servletWebServerFactoryCustomizer' via factory method to bean named 'server-org.springframework.boot.autoconfigure.web.ServerProperties'
2024-05-20T15:23:03.924-03:00 DEBUG 729111 --- [person-service] [           main] o.s.b.f.s.DefaultListableBeanFactory     : Creating shared instance of singleton bean 'tomcatServletWebServerFactoryCustomizer'
2024-05-20T15:23:03.924-03:00 DEBUG 729111 --- [person-service] [           main] o.s.b.f.s.DefaultListableBeanFactory     : Autowiring by type from bean name 'tomcatServletWebServerFactoryCustomizer' via factory method to bean named 'server-org.springframework.boot.autoconfigure.web.ServerProperties'
2024-05-20T15:23:03.924-03:00 DEBUG 729111 --- [person-service] [           main] o.s.b.f.s.DefaultListableBeanFactory     : Creating shared instance of singleton bean 'localeCharsetMappingsCustomizer'
2024-05-20T15:23:03.925-03:00 DEBUG 729111 --- [person-service] [           main] o.s.b.f.s.DefaultListableBeanFactory     : Creating shared instance of singleton bean 'org.springframework.boot.autoconfigure.web.servlet.HttpEncodingAutoConfiguration'
2024-05-20T15:23:03.925-03:00 DEBUG 729111 --- [person-service] [           main] o.s.b.f.s.DefaultListableBeanFactory     : Autowiring by type from bean name 'org.springframework.boot.autoconfigure.web.servlet.HttpEncodingAutoConfiguration' via constructor to bean named 'server-org.springframework.boot.autoconfigure.web.ServerProperties'
2024-05-20T15:23:03.933-03:00 DEBUG 729111 --- [person-service] [           main] o.s.b.f.s.DefaultListableBeanFactory     : Creating shared instance of singleton bean 'errorPageCustomizer'
2024-05-20T15:23:03.933-03:00 DEBUG 729111 --- [person-service] [           main] o.s.b.f.s.DefaultListableBeanFactory     : Creating shared instance of singleton bean 'org.springframework.boot.autoconfigure.web.servlet.error.ErrorMvcAutoConfiguration'
2024-05-20T15:23:03.933-03:00 DEBUG 729111 --- [person-service] [           main] o.s.b.f.s.DefaultListableBeanFactory     : Autowiring by type from bean name 'org.springframework.boot.autoconfigure.web.servlet.error.ErrorMvcAutoConfiguration' via constructor to bean named 'server-org.springframework.boot.autoconfigure.web.ServerProperties'
2024-05-20T15:23:03.934-03:00 DEBUG 729111 --- [person-service] [           main] o.s.b.f.s.DefaultListableBeanFactory     : Creating shared instance of singleton bean 'dispatcherServletRegistration'
2024-05-20T15:23:03.934-03:00 DEBUG 729111 --- [person-service] [           main] o.s.b.f.s.DefaultListableBeanFactory     : Creating shared instance of singleton bean 'org.springframework.boot.autoconfigure.web.servlet.DispatcherServletAutoConfiguration$DispatcherServletRegistrationConfiguration'
2024-05-20T15:23:03.935-03:00 DEBUG 729111 --- [person-service] [           main] o.s.b.f.s.DefaultListableBeanFactory     : Creating shared instance of singleton bean 'dispatcherServlet'
2024-05-20T15:23:03.935-03:00 DEBUG 729111 --- [person-service] [           main] o.s.b.f.s.DefaultListableBeanFactory     : Creating shared instance of singleton bean 'org.springframework.boot.autoconfigure.web.servlet.DispatcherServletAutoConfiguration$DispatcherServletConfiguration'
2024-05-20T15:23:03.936-03:00 DEBUG 729111 --- [person-service] [           main] o.s.b.f.s.DefaultListableBeanFactory     : Creating shared instance of singleton bean 'spring.mvc-org.springframework.boot.autoconfigure.web.servlet.WebMvcProperties'
2024-05-20T15:23:03.940-03:00 DEBUG 729111 --- [person-service] [           main] o.s.b.f.s.DefaultListableBeanFactory     : Autowiring by type from bean name 'dispatcherServlet' via factory method to bean named 'spring.mvc-org.springframework.boot.autoconfigure.web.servlet.WebMvcProperties'
2024-05-20T15:23:03.951-03:00 DEBUG 729111 --- [person-service] [           main] o.s.b.f.s.DefaultListableBeanFactory     : Autowiring by type from bean name 'dispatcherServletRegistration' via factory method to bean named 'dispatcherServlet'
2024-05-20T15:23:03.952-03:00 DEBUG 729111 --- [person-service] [           main] o.s.b.f.s.DefaultListableBeanFactory     : Autowiring by type from bean name 'dispatcherServletRegistration' via factory method to bean named 'spring.mvc-org.springframework.boot.autoconfigure.web.servlet.WebMvcProperties'
2024-05-20T15:23:03.953-03:00 DEBUG 729111 --- [person-service] [           main] o.s.b.f.s.DefaultListableBeanFactory     : Creating shared instance of singleton bean 'multipartConfigElement'
2024-05-20T15:23:03.953-03:00 DEBUG 729111 --- [person-service] [           main] o.s.b.f.s.DefaultListableBeanFactory     : Creating shared instance of singleton bean 'org.springframework.boot.autoconfigure.web.servlet.MultipartAutoConfiguration'
2024-05-20T15:23:03.954-03:00 DEBUG 729111 --- [person-service] [           main] o.s.b.f.s.DefaultListableBeanFactory     : Creating shared instance of singleton bean 'spring.servlet.multipart-org.springframework.boot.autoconfigure.web.servlet.MultipartProperties'
2024-05-20T15:23:03.957-03:00 DEBUG 729111 --- [person-service] [           main] o.s.b.f.s.DefaultListableBeanFactory     : Autowiring by type from bean name 'org.springframework.boot.autoconfigure.web.servlet.MultipartAutoConfiguration' via constructor to bean named 'spring.servlet.multipart-org.springframework.boot.autoconfigure.web.servlet.MultipartProperties'
2024-05-20T15:23:03.961-03:00 DEBUG 729111 --- [person-service] [           main] o.s.b.f.s.DefaultListableBeanFactory     : Autowiring by type from bean name 'errorPageCustomizer' via factory method to bean named 'dispatcherServletRegistration'
2024-05-20T15:23:03.967-03:00 DEBUG 729111 --- [person-service] [           main] o.s.b.f.s.DefaultListableBeanFactory     : Creating shared instance of singleton bean 'org.springframework.boot.autoconfigure.web.servlet.DispatcherServletAutoConfiguration'
2024-05-20T15:23:03.968-03:00 DEBUG 729111 --- [person-service] [           main] o.s.b.f.s.DefaultListableBeanFactory     : Creating shared instance of singleton bean 'org.springframework.boot.autoconfigure.task.TaskExecutorConfigurations$ThreadPoolTaskExecutorBuilderConfiguration'
2024-05-20T15:23:03.968-03:00 DEBUG 729111 --- [person-service] [           main] o.s.b.f.s.DefaultListableBeanFactory     : Creating shared instance of singleton bean 'threadPoolTaskExecutorBuilder'
2024-05-20T15:23:03.969-03:00 DEBUG 729111 --- [person-service] [           main] o.s.b.f.s.DefaultListableBeanFactory     : Creating shared instance of singleton bean 'spring.task.execution-org.springframework.boot.autoconfigure.task.TaskExecutionProperties'
2024-05-20T15:23:03.971-03:00 DEBUG 729111 --- [person-service] [           main] o.s.b.f.s.DefaultListableBeanFactory     : Autowiring by type from bean name 'threadPoolTaskExecutorBuilder' via factory method to bean named 'spring.task.execution-org.springframework.boot.autoconfigure.task.TaskExecutionProperties'
2024-05-20T15:23:03.973-03:00 DEBUG 729111 --- [person-service] [           main] o.s.b.f.s.DefaultListableBeanFactory     : Creating shared instance of singleton bean 'org.springframework.boot.autoconfigure.task.TaskExecutorConfigurations$TaskExecutorBuilderConfiguration'
2024-05-20T15:23:03.974-03:00 DEBUG 729111 --- [person-service] [           main] o.s.b.f.s.DefaultListableBeanFactory     : Creating shared instance of singleton bean 'taskExecutorBuilder'
2024-05-20T15:23:03.974-03:00 DEBUG 729111 --- [person-service] [           main] o.s.b.f.s.DefaultListableBeanFactory     : Autowiring by type from bean name 'taskExecutorBuilder' via factory method to bean named 'spring.task.execution-org.springframework.boot.autoconfigure.task.TaskExecutionProperties'
2024-05-20T15:23:03.975-03:00 DEBUG 729111 --- [person-service] [           main] o.s.b.f.s.DefaultListableBeanFactory     : Creating shared instance of singleton bean 'org.springframework.boot.autoconfigure.task.TaskExecutorConfigurations$SimpleAsyncTaskExecutorBuilderConfiguration'
2024-05-20T15:23:03.975-03:00 DEBUG 729111 --- [person-service] [           main] o.s.b.f.s.DefaultListableBeanFactory     : Autowiring by type from bean name 'org.springframework.boot.autoconfigure.task.TaskExecutorConfigurations$SimpleAsyncTaskExecutorBuilderConfiguration' via constructor to bean named 'spring.task.execution-org.springframework.boot.autoconfigure.task.TaskExecutionProperties'
2024-05-20T15:23:03.976-03:00 DEBUG 729111 --- [person-service] [           main] o.s.b.f.s.DefaultListableBeanFactory     : Creating shared instance of singleton bean 'simpleAsyncTaskExecutorBuilder'
2024-05-20T15:23:03.977-03:00 DEBUG 729111 --- [person-service] [           main] o.s.b.f.s.DefaultListableBeanFactory     : Creating shared instance of singleton bean 'org.springframework.boot.autoconfigure.task.TaskExecutorConfigurations$TaskExecutorConfiguration'
2024-05-20T15:23:03.978-03:00 DEBUG 729111 --- [person-service] [           main] o.s.b.f.s.DefaultListableBeanFactory     : Creating shared instance of singleton bean 'org.springframework.boot.autoconfigure.task.TaskExecutionAutoConfiguration'
2024-05-20T15:23:03.978-03:00 DEBUG 729111 --- [person-service] [           main] o.s.b.f.s.DefaultListableBeanFactory     : Creating shared instance of singleton bean 'org.springframework.boot.autoconfigure.web.servlet.error.ErrorMvcAutoConfiguration$WhitelabelErrorViewConfiguration'
2024-05-20T15:23:03.979-03:00 DEBUG 729111 --- [person-service] [           main] o.s.b.f.s.DefaultListableBeanFactory     : Creating shared instance of singleton bean 'error'
2024-05-20T15:23:03.979-03:00 DEBUG 729111 --- [person-service] [           main] o.s.b.f.s.DefaultListableBeanFactory     : Creating shared instance of singleton bean 'beanNameViewResolver'
2024-05-20T15:23:03.981-03:00 DEBUG 729111 --- [person-service] [           main] o.s.b.f.s.DefaultListableBeanFactory     : Creating shared instance of singleton bean 'org.springframework.boot.autoconfigure.web.servlet.error.ErrorMvcAutoConfiguration$DefaultErrorViewResolverConfiguration'
2024-05-20T15:23:03.982-03:00 DEBUG 729111 --- [person-service] [           main] o.s.b.f.s.DefaultListableBeanFactory     : Creating shared instance of singleton bean 'spring.web-org.springframework.boot.autoconfigure.web.WebProperties'
2024-05-20T15:23:03.984-03:00 DEBUG 729111 --- [person-service] [           main] o.s.b.f.s.DefaultListableBeanFactory     : Autowiring by type from bean name 'org.springframework.boot.autoconfigure.web.servlet.error.ErrorMvcAutoConfiguration$DefaultErrorViewResolverConfiguration' via constructor to bean named 'org.springframework.web.context.support.GenericWebApplicationContext@38600b'
2024-05-20T15:23:03.984-03:00 DEBUG 729111 --- [person-service] [           main] o.s.b.f.s.DefaultListableBeanFactory     : Autowiring by type from bean name 'org.springframework.boot.autoconfigure.web.servlet.error.ErrorMvcAutoConfiguration$DefaultErrorViewResolverConfiguration' via constructor to bean named 'spring.web-org.springframework.boot.autoconfigure.web.WebProperties'
2024-05-20T15:23:03.984-03:00 DEBUG 729111 --- [person-service] [           main] o.s.b.f.s.DefaultListableBeanFactory     : Creating shared instance of singleton bean 'conventionErrorViewResolver'
2024-05-20T15:23:03.986-03:00 DEBUG 729111 --- [person-service] [           main] o.s.b.f.s.DefaultListableBeanFactory     : Creating shared instance of singleton bean 'errorAttributes'
2024-05-20T15:23:03.987-03:00 DEBUG 729111 --- [person-service] [           main] o.s.b.f.s.DefaultListableBeanFactory     : Creating shared instance of singleton bean 'basicErrorController'
2024-05-20T15:23:03.988-03:00 DEBUG 729111 --- [person-service] [           main] o.s.b.f.s.DefaultListableBeanFactory     : Autowiring by type from bean name 'basicErrorController' via factory method to bean named 'errorAttributes'
2024-05-20T15:23:03.991-03:00 DEBUG 729111 --- [person-service] [           main] o.s.b.f.s.DefaultListableBeanFactory     : Creating shared instance of singleton bean 'org.springframework.boot.autoconfigure.web.servlet.WebMvcAutoConfiguration$EnableWebMvcConfiguration'
2024-05-20T15:23:03.992-03:00 DEBUG 729111 --- [person-service] [           main] o.s.b.f.s.DefaultListableBeanFactory     : Autowiring by type from bean name 'org.springframework.boot.autoconfigure.web.servlet.WebMvcAutoConfiguration$EnableWebMvcConfiguration' via constructor to bean named 'spring.mvc-org.springframework.boot.autoconfigure.web.servlet.WebMvcProperties'
2024-05-20T15:23:03.992-03:00 DEBUG 729111 --- [person-service] [           main] o.s.b.f.s.DefaultListableBeanFactory     : Autowiring by type from bean name 'org.springframework.boot.autoconfigure.web.servlet.WebMvcAutoConfiguration$EnableWebMvcConfiguration' via constructor to bean named 'spring.web-org.springframework.boot.autoconfigure.web.WebProperties'
2024-05-20T15:23:03.992-03:00 DEBUG 729111 --- [person-service] [           main] o.s.b.f.s.DefaultListableBeanFactory     : Autowiring by type from bean name 'org.springframework.boot.autoconfigure.web.servlet.WebMvcAutoConfiguration$EnableWebMvcConfiguration' via constructor to bean named 'org.springframework.beans.factory.support.DefaultListableBeanFactory@466d49f0'
2024-05-20T15:23:03.995-03:00 DEBUG 729111 --- [person-service] [           main] o.s.b.f.s.DefaultListableBeanFactory     : Creating shared instance of singleton bean 'org.springframework.boot.autoconfigure.web.servlet.WebMvcAutoConfiguration$WebMvcAutoConfigurationAdapter'
2024-05-20T15:23:03.996-03:00 DEBUG 729111 --- [person-service] [           main] o.s.b.f.s.DefaultListableBeanFactory     : Autowiring by type from bean name 'org.springframework.boot.autoconfigure.web.servlet.WebMvcAutoConfiguration$WebMvcAutoConfigurationAdapter' via constructor to bean named 'spring.web-org.springframework.boot.autoconfigure.web.WebProperties'
2024-05-20T15:23:03.996-03:00 DEBUG 729111 --- [person-service] [           main] o.s.b.f.s.DefaultListableBeanFactory     : Autowiring by type from bean name 'org.springframework.boot.autoconfigure.web.servlet.WebMvcAutoConfiguration$WebMvcAutoConfigurationAdapter' via constructor to bean named 'spring.mvc-org.springframework.boot.autoconfigure.web.servlet.WebMvcProperties'
2024-05-20T15:23:03.996-03:00 DEBUG 729111 --- [person-service] [           main] o.s.b.f.s.DefaultListableBeanFactory     : Autowiring by type from bean name 'org.springframework.boot.autoconfigure.web.servlet.WebMvcAutoConfiguration$WebMvcAutoConfigurationAdapter' via constructor to bean named 'org.springframework.beans.factory.support.DefaultListableBeanFactory@466d49f0'
2024-05-20T15:23:03.999-03:00 DEBUG 729111 --- [person-service] [           main] o.s.b.f.s.DefaultListableBeanFactory     : Creating shared instance of singleton bean 'openEntityManagerInViewInterceptorConfigurer'
2024-05-20T15:23:04.000-03:00 DEBUG 729111 --- [person-service] [           main] o.s.b.f.s.DefaultListableBeanFactory     : Creating shared instance of singleton bean 'org.springframework.boot.autoconfigure.orm.jpa.JpaBaseConfiguration$JpaWebConfiguration'
2024-05-20T15:23:04.001-03:00 DEBUG 729111 --- [person-service] [           main] o.s.b.f.s.DefaultListableBeanFactory     : Autowiring by type from bean name 'org.springframework.boot.autoconfigure.orm.jpa.JpaBaseConfiguration$JpaWebConfiguration' via constructor to bean named 'spring.jpa-org.springframework.boot.autoconfigure.orm.jpa.JpaProperties'
2024-05-20T15:23:04.002-03:00 DEBUG 729111 --- [person-service] [           main] o.s.b.f.s.DefaultListableBeanFactory     : Creating shared instance of singleton bean 'openEntityManagerInViewInterceptor'
2024-05-20T15:23:04.002-03:00  WARN 729111 --- [person-service] [           main] JpaBaseConfiguration$JpaWebConfiguration : spring.jpa.open-in-view is enabled by default. Therefore, database queries may be performed during view rendering. Explicitly configure spring.jpa.open-in-view to disable this warning
2024-05-20T15:23:04.004-03:00 DEBUG 729111 --- [person-service] [           main] o.s.b.f.s.DefaultListableBeanFactory     : Autowiring by type from bean name 'openEntityManagerInViewInterceptorConfigurer' via factory method to bean named 'openEntityManagerInViewInterceptor'
2024-05-20T15:23:04.006-03:00 DEBUG 729111 --- [person-service] [           main] o.s.b.f.s.DefaultListableBeanFactory     : Creating shared instance of singleton bean 'org.springframework.data.web.config.SpringDataWebConfiguration'
2024-05-20T15:23:04.007-03:00 DEBUG 729111 --- [person-service] [           main] o.s.b.f.s.DefaultListableBeanFactory     : Autowiring by type from bean name 'org.springframework.data.web.config.SpringDataWebConfiguration' via constructor to bean named 'org.springframework.web.context.support.GenericWebApplicationContext@38600b'
2024-05-20T15:23:04.009-03:00 DEBUG 729111 --- [person-service] [           main] o.s.b.f.s.DefaultListableBeanFactory     : Creating shared instance of singleton bean 'org.springframework.cloud.commons.security.ResourceServerTokenRelayAutoConfiguration$ResourceServerTokenRelayRegistrationAutoConfiguration'
2024-05-20T15:23:04.018-03:00 DEBUG 729111 --- [person-service] [           main] o.s.b.f.s.DefaultListableBeanFactory     : Creating shared instance of singleton bean 'welcomePageHandlerMapping'
2024-05-20T15:23:04.019-03:00 DEBUG 729111 --- [person-service] [           main] o.s.b.f.s.DefaultListableBeanFactory     : Creating shared instance of singleton bean 'mvcConversionService'
2024-05-20T15:23:04.032-03:00 DEBUG 729111 --- [person-service] [           main] o.s.b.f.s.DefaultListableBeanFactory     : Creating shared instance of singleton bean 'mvcResourceUrlProvider'
2024-05-20T15:23:04.036-03:00 DEBUG 729111 --- [person-service] [           main] o.s.b.f.s.DefaultListableBeanFactory     : Autowiring by type from bean name 'welcomePageHandlerMapping' via factory method to bean named 'org.springframework.web.context.support.GenericWebApplicationContext@38600b'
2024-05-20T15:23:04.036-03:00 DEBUG 729111 --- [person-service] [           main] o.s.b.f.s.DefaultListableBeanFactory     : Autowiring by type from bean name 'welcomePageHandlerMapping' via factory method to bean named 'mvcConversionService'
2024-05-20T15:23:04.036-03:00 DEBUG 729111 --- [person-service] [           main] o.s.b.f.s.DefaultListableBeanFactory     : Autowiring by type from bean name 'welcomePageHandlerMapping' via factory method to bean named 'mvcResourceUrlProvider'
2024-05-20T15:23:04.057-03:00 DEBUG 729111 --- [person-service] [           main] o.s.b.f.s.DefaultListableBeanFactory     : Creating shared instance of singleton bean 'welcomePageNotAcceptableHandlerMapping'
2024-05-20T15:23:04.057-03:00 DEBUG 729111 --- [person-service] [           main] o.s.b.f.s.DefaultListableBeanFactory     : Autowiring by type from bean name 'welcomePageNotAcceptableHandlerMapping' via factory method to bean named 'org.springframework.web.context.support.GenericWebApplicationContext@38600b'
2024-05-20T15:23:04.057-03:00 DEBUG 729111 --- [person-service] [           main] o.s.b.f.s.DefaultListableBeanFactory     : Autowiring by type from bean name 'welcomePageNotAcceptableHandlerMapping' via factory method to bean named 'mvcConversionService'
2024-05-20T15:23:04.057-03:00 DEBUG 729111 --- [person-service] [           main] o.s.b.f.s.DefaultListableBeanFactory     : Autowiring by type from bean name 'welcomePageNotAcceptableHandlerMapping' via factory method to bean named 'mvcResourceUrlProvider'
2024-05-20T15:23:04.064-03:00 DEBUG 729111 --- [person-service] [           main] o.s.b.f.s.DefaultListableBeanFactory     : Creating shared instance of singleton bean 'localeResolver'
2024-05-20T15:23:04.067-03:00 DEBUG 729111 --- [person-service] [           main] o.s.b.f.s.DefaultListableBeanFactory     : Creating shared instance of singleton bean 'themeResolver'
2024-05-20T15:23:04.069-03:00 DEBUG 729111 --- [person-service] [           main] o.s.b.f.s.DefaultListableBeanFactory     : Creating shared instance of singleton bean 'flashMapManager'
2024-05-20T15:23:04.072-03:00 DEBUG 729111 --- [person-service] [           main] o.s.b.f.s.DefaultListableBeanFactory     : Creating shared instance of singleton bean 'mvcValidator'
2024-05-20T15:23:04.075-03:00 DEBUG 729111 --- [person-service] [           main] o.s.b.f.s.DefaultListableBeanFactory     : Creating shared instance of singleton bean 'mvcContentNegotiationManager'
2024-05-20T15:23:04.079-03:00 DEBUG 729111 --- [person-service] [           main] o.s.b.f.s.DefaultListableBeanFactory     : Creating shared instance of singleton bean 'requestMappingHandlerMapping'
2024-05-20T15:23:04.081-03:00 DEBUG 729111 --- [person-service] [           main] o.s.b.f.s.DefaultListableBeanFactory     : Autowiring by type from bean name 'requestMappingHandlerMapping' via factory method to bean named 'mvcContentNegotiationManager'
2024-05-20T15:23:04.082-03:00 DEBUG 729111 --- [person-service] [           main] o.s.b.f.s.DefaultListableBeanFactory     : Autowiring by type from bean name 'requestMappingHandlerMapping' via factory method to bean named 'mvcConversionService'
2024-05-20T15:23:04.082-03:00 DEBUG 729111 --- [person-service] [           main] o.s.b.f.s.DefaultListableBeanFactory     : Autowiring by type from bean name 'requestMappingHandlerMapping' via factory method to bean named 'mvcResourceUrlProvider'
2024-05-20T15:23:04.118-03:00 DEBUG 729111 --- [person-service] [           main] _.s.web.servlet.HandlerMapping.Mappings  : 
	c.s.p.i.h.c.PersonController:
	{POST [/person]}: createPerson(InboundPersonDTO)
	{GET [/person]}: getPerson(Long)
2024-05-20T15:23:04.123-03:00 DEBUG 729111 --- [person-service] [           main] _.s.web.servlet.HandlerMapping.Mappings  : 
	o.s.b.a.w.s.e.BasicErrorController:
	{ [/error]}: error(HttpServletRequest)
	{ [/error], produces [text/html]}: errorHtml(HttpServletRequest,HttpServletResponse)
2024-05-20T15:23:04.126-03:00 DEBUG 729111 --- [person-service] [           main] s.w.s.m.m.a.RequestMappingHandlerMapping : 4 mappings in 'requestMappingHandlerMapping'
2024-05-20T15:23:04.133-03:00 DEBUG 729111 --- [person-service] [           main] o.s.b.f.s.DefaultListableBeanFactory     : Creating shared instance of singleton bean 'mvcPatternParser'
2024-05-20T15:23:04.134-03:00 DEBUG 729111 --- [person-service] [           main] o.s.b.f.s.DefaultListableBeanFactory     : Creating shared instance of singleton bean 'mvcUrlPathHelper'
2024-05-20T15:23:04.135-03:00 DEBUG 729111 --- [person-service] [           main] o.s.b.f.s.DefaultListableBeanFactory     : Creating shared instance of singleton bean 'mvcPathMatcher'
2024-05-20T15:23:04.136-03:00 DEBUG 729111 --- [person-service] [           main] o.s.b.f.s.DefaultListableBeanFactory     : Creating shared instance of singleton bean 'viewControllerHandlerMapping'
2024-05-20T15:23:04.137-03:00 DEBUG 729111 --- [person-service] [           main] o.s.b.f.s.DefaultListableBeanFactory     : Autowiring by type from bean name 'viewControllerHandlerMapping' via factory method to bean named 'mvcConversionService'
2024-05-20T15:23:04.137-03:00 DEBUG 729111 --- [person-service] [           main] o.s.b.f.s.DefaultListableBeanFactory     : Autowiring by type from bean name 'viewControllerHandlerMapping' via factory method to bean named 'mvcResourceUrlProvider'
2024-05-20T15:23:04.137-03:00 DEBUG 729111 --- [person-service] [           main] o.s.b.f.s.DefaultListableBeanFactory     : Creating shared instance of singleton bean 'beanNameHandlerMapping'
2024-05-20T15:23:04.138-03:00 DEBUG 729111 --- [person-service] [           main] o.s.b.f.s.DefaultListableBeanFactory     : Autowiring by type from bean name 'beanNameHandlerMapping' via factory method to bean named 'mvcConversionService'
2024-05-20T15:23:04.138-03:00 DEBUG 729111 --- [person-service] [           main] o.s.b.f.s.DefaultListableBeanFactory     : Autowiring by type from bean name 'beanNameHandlerMapping' via factory method to bean named 'mvcResourceUrlProvider'
2024-05-20T15:23:04.140-03:00 DEBUG 729111 --- [person-service] [           main] _.s.web.servlet.HandlerMapping.Mappings  : 'beanNameHandlerMapping' {}
2024-05-20T15:23:04.143-03:00 DEBUG 729111 --- [person-service] [           main] o.s.b.f.s.DefaultListableBeanFactory     : Creating shared instance of singleton bean 'routerFunctionMapping'
2024-05-20T15:23:04.144-03:00 DEBUG 729111 --- [person-service] [           main] o.s.b.f.s.DefaultListableBeanFactory     : Autowiring by type from bean name 'routerFunctionMapping' via factory method to bean named 'mvcConversionService'
2024-05-20T15:23:04.144-03:00 DEBUG 729111 --- [person-service] [           main] o.s.b.f.s.DefaultListableBeanFactory     : Autowiring by type from bean name 'routerFunctionMapping' via factory method to bean named 'mvcResourceUrlProvider'
2024-05-20T15:23:04.145-03:00 DEBUG 729111 --- [person-service] [           main] o.s.b.f.s.DefaultListableBeanFactory     : Creating shared instance of singleton bean 'messageConverters'
2024-05-20T15:23:04.145-03:00 DEBUG 729111 --- [person-service] [           main] o.s.b.f.s.DefaultListableBeanFactory     : Creating shared instance of singleton bean 'org.springframework.boot.autoconfigure.http.HttpMessageConvertersAutoConfiguration'
2024-05-20T15:23:04.148-03:00 DEBUG 729111 --- [person-service] [           main] o.s.b.f.s.DefaultListableBeanFactory     : Creating shared instance of singleton bean 'stringHttpMessageConverter'
2024-05-20T15:23:04.148-03:00 DEBUG 729111 --- [person-service] [           main] o.s.b.f.s.DefaultListableBeanFactory     : Creating shared instance of singleton bean 'org.springframework.boot.autoconfigure.http.HttpMessageConvertersAutoConfiguration$StringHttpMessageConverterConfiguration'
2024-05-20T15:23:04.149-03:00 DEBUG 729111 --- [person-service] [           main] o.s.b.f.s.DefaultListableBeanFactory     : Autowiring by type from bean name 'stringHttpMessageConverter' via factory method to bean named 'environment'
2024-05-20T15:23:04.154-03:00 DEBUG 729111 --- [person-service] [           main] o.s.b.f.s.DefaultListableBeanFactory     : Creating shared instance of singleton bean 'mappingJackson2HttpMessageConverter'
2024-05-20T15:23:04.154-03:00 DEBUG 729111 --- [person-service] [           main] o.s.b.f.s.DefaultListableBeanFactory     : Creating shared instance of singleton bean 'org.springframework.boot.autoconfigure.http.JacksonHttpMessageConvertersConfiguration$MappingJackson2HttpMessageConverterConfiguration'
2024-05-20T15:23:04.155-03:00 DEBUG 729111 --- [person-service] [           main] o.s.b.f.s.DefaultListableBeanFactory     : Creating shared instance of singleton bean 'jacksonObjectMapper'
2024-05-20T15:23:04.155-03:00 DEBUG 729111 --- [person-service] [           main] o.s.b.f.s.DefaultListableBeanFactory     : Creating shared instance of singleton bean 'org.springframework.boot.autoconfigure.jackson.JacksonAutoConfiguration$JacksonObjectMapperConfiguration'
2024-05-20T15:23:04.156-03:00 DEBUG 729111 --- [person-service] [           main] o.s.b.f.s.DefaultListableBeanFactory     : Creating shared instance of singleton bean 'org.springframework.boot.autoconfigure.jackson.JacksonAutoConfiguration$JacksonObjectMapperBuilderConfiguration'
2024-05-20T15:23:04.157-03:00 DEBUG 729111 --- [person-service] [           main] o.s.b.f.s.DefaultListableBeanFactory     : Creating shared instance of singleton bean 'standardJacksonObjectMapperBuilderCustomizer'
2024-05-20T15:23:04.157-03:00 DEBUG 729111 --- [person-service] [           main] o.s.b.f.s.DefaultListableBeanFactory     : Creating shared instance of singleton bean 'org.springframework.boot.autoconfigure.jackson.JacksonAutoConfiguration$Jackson2ObjectMapperBuilderCustomizerConfiguration'
2024-05-20T15:23:04.159-03:00 DEBUG 729111 --- [person-service] [           main] o.s.b.f.s.DefaultListableBeanFactory     : Creating shared instance of singleton bean 'spring.jackson-org.springframework.boot.autoconfigure.jackson.JacksonProperties'
2024-05-20T15:23:04.166-03:00 DEBUG 729111 --- [person-service] [           main] o.s.b.f.s.DefaultListableBeanFactory     : Autowiring by type from bean name 'standardJacksonObjectMapperBuilderCustomizer' via factory method to bean named 'spring.jackson-org.springframework.boot.autoconfigure.jackson.JacksonProperties'
2024-05-20T15:23:04.167-03:00 DEBUG 729111 --- [person-service] [           main] o.s.b.f.s.DefaultListableBeanFactory     : Creating shared instance of singleton bean 'parameterNamesModule'
2024-05-20T15:23:04.167-03:00 DEBUG 729111 --- [person-service] [           main] o.s.b.f.s.DefaultListableBeanFactory     : Creating shared instance of singleton bean 'org.springframework.boot.autoconfigure.jackson.JacksonAutoConfiguration$ParameterNamesModuleConfiguration'
2024-05-20T15:23:04.171-03:00 DEBUG 729111 --- [person-service] [           main] o.s.b.f.s.DefaultListableBeanFactory     : Creating shared instance of singleton bean 'jsonMixinModule'
2024-05-20T15:23:04.171-03:00 DEBUG 729111 --- [person-service] [           main] o.s.b.f.s.DefaultListableBeanFactory     : Creating shared instance of singleton bean 'org.springframework.boot.autoconfigure.jackson.JacksonAutoConfiguration$JacksonMixinConfiguration'
2024-05-20T15:23:04.172-03:00 DEBUG 729111 --- [person-service] [           main] o.s.b.f.s.DefaultListableBeanFactory     : Creating shared instance of singleton bean 'jsonMixinModuleEntries'
2024-05-20T15:23:04.172-03:00 DEBUG 729111 --- [person-service] [           main] o.s.b.f.s.DefaultListableBeanFactory     : Autowiring by type from bean name 'jsonMixinModuleEntries' via factory method to bean named 'org.springframework.web.context.support.GenericWebApplicationContext@38600b'
2024-05-20T15:23:04.179-03:00 DEBUG 729111 --- [person-service] [           main] o.s.b.f.s.DefaultListableBeanFactory     : Autowiring by type from bean name 'jsonMixinModule' via factory method to bean named 'org.springframework.web.context.support.GenericWebApplicationContext@38600b'
2024-05-20T15:23:04.179-03:00 DEBUG 729111 --- [person-service] [           main] o.s.b.f.s.DefaultListableBeanFactory     : Autowiring by type from bean name 'jsonMixinModule' via factory method to bean named 'jsonMixinModuleEntries'
2024-05-20T15:23:04.181-03:00 DEBUG 729111 --- [person-service] [           main] o.s.b.f.s.DefaultListableBeanFactory     : Creating shared instance of singleton bean 'jsonComponentModule'
2024-05-20T15:23:04.181-03:00 DEBUG 729111 --- [person-service] [           main] o.s.b.f.s.DefaultListableBeanFactory     : Creating shared instance of singleton bean 'org.springframework.boot.autoconfigure.jackson.JacksonAutoConfiguration'
2024-05-20T15:23:04.186-03:00 DEBUG 729111 --- [person-service] [           main] o.s.b.f.s.DefaultListableBeanFactory     : Creating shared instance of singleton bean 'jacksonGeoModule'
2024-05-20T15:23:04.186-03:00 DEBUG 729111 --- [person-service] [           main] o.s.b.f.s.DefaultListableBeanFactory     : Creating shared instance of singleton bean 'org.springframework.data.web.config.SpringDataJacksonConfiguration'
2024-05-20T15:23:04.189-03:00 DEBUG 729111 --- [person-service] [           main] o.s.b.f.s.DefaultListableBeanFactory     : Creating shared instance of singleton bean 'pageModule'
2024-05-20T15:23:04.192-03:00 DEBUG 729111 --- [person-service] [           main] o.s.b.f.s.DefaultListableBeanFactory     : Autowiring by type from bean name 'jacksonObjectMapperBuilder' via factory method to bean named 'org.springframework.web.context.support.GenericWebApplicationContext@38600b'
2024-05-20T15:23:04.192-03:00 DEBUG 729111 --- [person-service] [           main] o.s.b.f.s.DefaultListableBeanFactory     : Autowiring by type from bean name 'jacksonObjectMapperBuilder' via factory method to bean named 'standardJacksonObjectMapperBuilderCustomizer'
2024-05-20T15:23:04.194-03:00 DEBUG 729111 --- [person-service] [           main] o.s.b.f.s.DefaultListableBeanFactory     : Autowiring by type from bean name 'jacksonObjectMapper' via factory method to bean named 'jacksonObjectMapperBuilder'
2024-05-20T15:23:04.215-03:00 DEBUG 729111 --- [person-service] [           main] o.s.b.f.s.DefaultListableBeanFactory     : Autowiring by type from bean name 'mappingJackson2HttpMessageConverter' via factory method to bean named 'jacksonObjectMapper'
2024-05-20T15:23:04.248-03:00 DEBUG 729111 --- [person-service] [           main] o.s.b.f.s.DefaultListableBeanFactory     : Creating shared instance of singleton bean 'resourceHandlerMapping'
2024-05-20T15:23:04.249-03:00 DEBUG 729111 --- [person-service] [           main] o.s.b.f.s.DefaultListableBeanFactory     : Autowiring by type from bean name 'resourceHandlerMapping' via factory method to bean named 'mvcContentNegotiationManager'
2024-05-20T15:23:04.249-03:00 DEBUG 729111 --- [person-service] [           main] o.s.b.f.s.DefaultListableBeanFactory     : Autowiring by type from bean name 'resourceHandlerMapping' via factory method to bean named 'mvcConversionService'
2024-05-20T15:23:04.249-03:00 DEBUG 729111 --- [person-service] [           main] o.s.b.f.s.DefaultListableBeanFactory     : Autowiring by type from bean name 'resourceHandlerMapping' via factory method to bean named 'mvcResourceUrlProvider'
2024-05-20T15:23:04.256-03:00 DEBUG 729111 --- [person-service] [           main] _.s.web.servlet.HandlerMapping.Mappings  : 'resourceHandlerMapping' {/webjars/**=ResourceHttpRequestHandler [classpath [META-INF/resources/webjars/]], /**=ResourceHttpRequestHandler [classpath [META-INF/resources/], classpath [resources/], classpath [static/], classpath [public/], ServletContext [/]]}
2024-05-20T15:23:04.259-03:00 DEBUG 729111 --- [person-service] [           main] o.s.b.f.s.DefaultListableBeanFactory     : Creating shared instance of singleton bean 'defaultServletHandlerMapping'
2024-05-20T15:23:04.259-03:00 DEBUG 729111 --- [person-service] [           main] o.s.b.f.s.DefaultListableBeanFactory     : Creating shared instance of singleton bean 'requestMappingHandlerAdapter'
2024-05-20T15:23:04.260-03:00 DEBUG 729111 --- [person-service] [           main] o.s.b.f.s.DefaultListableBeanFactory     : Autowiring by type from bean name 'requestMappingHandlerAdapter' via factory method to bean named 'mvcContentNegotiationManager'
2024-05-20T15:23:04.260-03:00 DEBUG 729111 --- [person-service] [           main] o.s.b.f.s.DefaultListableBeanFactory     : Autowiring by type from bean name 'requestMappingHandlerAdapter' via factory method to bean named 'mvcConversionService'
2024-05-20T15:23:04.260-03:00 DEBUG 729111 --- [person-service] [           main] o.s.b.f.s.DefaultListableBeanFactory     : Autowiring by type from bean name 'requestMappingHandlerAdapter' via factory method to bean named 'mvcValidator'
2024-05-20T15:23:04.265-03:00 DEBUG 729111 --- [person-service] [           main] o.s.b.f.s.DefaultListableBeanFactory     : Creating shared instance of singleton bean 'sortResolver'
2024-05-20T15:23:04.266-03:00 DEBUG 729111 --- [person-service] [           main] o.s.b.f.s.DefaultListableBeanFactory     : Creating shared instance of singleton bean 'sortCustomizer'
2024-05-20T15:23:04.266-03:00 DEBUG 729111 --- [person-service] [           main] o.s.b.f.s.DefaultListableBeanFactory     : Creating shared instance of singleton bean 'org.springframework.boot.autoconfigure.data.web.SpringDataWebAutoConfiguration'
2024-05-20T15:23:04.267-03:00 DEBUG 729111 --- [person-service] [           main] o.s.b.f.s.DefaultListableBeanFactory     : Creating shared instance of singleton bean 'spring.data.web-org.springframework.boot.autoconfigure.data.web.SpringDataWebProperties'
2024-05-20T15:23:04.268-03:00 DEBUG 729111 --- [person-service] [           main] o.s.b.f.s.DefaultListableBeanFactory     : Autowiring by type from bean name 'org.springframework.boot.autoconfigure.data.web.SpringDataWebAutoConfiguration' via constructor to bean named 'spring.data.web-org.springframework.boot.autoconfigure.data.web.SpringDataWebProperties'
2024-05-20T15:23:04.270-03:00 DEBUG 729111 --- [person-service] [           main] o.s.b.f.s.DefaultListableBeanFactory     : Creating shared instance of singleton bean 'pageableResolver'
2024-05-20T15:23:04.272-03:00 DEBUG 729111 --- [person-service] [           main] o.s.b.f.s.DefaultListableBeanFactory     : Creating shared instance of singleton bean 'pageableCustomizer'
2024-05-20T15:23:04.275-03:00 DEBUG 729111 --- [person-service] [           main] o.s.b.f.s.DefaultListableBeanFactory     : Creating shared instance of singleton bean 'applicationTaskExecutor'
2024-05-20T15:23:04.275-03:00 DEBUG 729111 --- [person-service] [           main] o.s.b.f.s.DefaultListableBeanFactory     : Autowiring by type from bean name 'applicationTaskExecutor' via factory method to bean named 'taskExecutorBuilder'
2024-05-20T15:23:04.280-03:00 DEBUG 729111 --- [person-service] [           main] o.s.s.concurrent.ThreadPoolTaskExecutor  : Initializing ExecutorService 'applicationTaskExecutor'
2024-05-20T15:23:04.293-03:00 DEBUG 729111 --- [person-service] [           main] s.w.s.m.m.a.RequestMappingHandlerAdapter : ControllerAdvice beans: 0 @ModelAttribute, 0 @InitBinder, 1 RequestBodyAdvice, 1 ResponseBodyAdvice
2024-05-20T15:23:04.348-03:00 DEBUG 729111 --- [person-service] [           main] o.s.b.f.s.DefaultListableBeanFactory     : Creating shared instance of singleton bean 'handlerFunctionAdapter'
2024-05-20T15:23:04.350-03:00 DEBUG 729111 --- [person-service] [           main] o.s.b.f.s.DefaultListableBeanFactory     : Creating shared instance of singleton bean 'mvcUriComponentsContributor'
2024-05-20T15:23:04.353-03:00 DEBUG 729111 --- [person-service] [           main] o.s.b.f.s.DefaultListableBeanFactory     : Autowiring by type from bean name 'mvcUriComponentsContributor' via factory method to bean named 'mvcConversionService'
2024-05-20T15:23:04.353-03:00 DEBUG 729111 --- [person-service] [           main] o.s.b.f.s.DefaultListableBeanFactory     : Autowiring by type from bean name 'mvcUriComponentsContributor' via factory method to bean named 'requestMappingHandlerAdapter'
2024-05-20T15:23:04.356-03:00 DEBUG 729111 --- [person-service] [           main] o.s.b.f.s.DefaultListableBeanFactory     : Creating shared instance of singleton bean 'httpRequestHandlerAdapter'
2024-05-20T15:23:04.358-03:00 DEBUG 729111 --- [person-service] [           main] o.s.b.f.s.DefaultListableBeanFactory     : Creating shared instance of singleton bean 'simpleControllerHandlerAdapter'
2024-05-20T15:23:04.359-03:00 DEBUG 729111 --- [person-service] [           main] o.s.b.f.s.DefaultListableBeanFactory     : Creating shared instance of singleton bean 'handlerExceptionResolver'
2024-05-20T15:23:04.360-03:00 DEBUG 729111 --- [person-service] [           main] o.s.b.f.s.DefaultListableBeanFactory     : Autowiring by type from bean name 'handlerExceptionResolver' via factory method to bean named 'mvcContentNegotiationManager'
2024-05-20T15:23:04.366-03:00 DEBUG 729111 --- [person-service] [           main] .m.m.a.ExceptionHandlerExceptionResolver : ControllerAdvice beans: 1 @ExceptionHandler, 1 ResponseBodyAdvice
2024-05-20T15:23:04.370-03:00 DEBUG 729111 --- [person-service] [           main] o.s.b.f.s.DefaultListableBeanFactory     : Creating shared instance of singleton bean 'mvcViewResolver'
2024-05-20T15:23:04.371-03:00 DEBUG 729111 --- [person-service] [           main] o.s.b.f.s.DefaultListableBeanFactory     : Autowiring by type from bean name 'mvcViewResolver' via factory method to bean named 'mvcContentNegotiationManager'
2024-05-20T15:23:04.374-03:00 DEBUG 729111 --- [person-service] [           main] o.s.b.f.s.DefaultListableBeanFactory     : Creating shared instance of singleton bean 'viewNameTranslator'
2024-05-20T15:23:04.376-03:00 DEBUG 729111 --- [person-service] [           main] o.s.b.f.s.DefaultListableBeanFactory     : Creating shared instance of singleton bean 'defaultViewResolver'
2024-05-20T15:23:04.388-03:00 DEBUG 729111 --- [person-service] [           main] o.s.b.f.s.DefaultListableBeanFactory     : Creating shared instance of singleton bean 'viewResolver'
2024-05-20T15:23:04.390-03:00 DEBUG 729111 --- [person-service] [           main] o.s.b.f.s.DefaultListableBeanFactory     : Autowiring by type from bean name 'viewResolver' via factory method to bean named 'org.springframework.beans.factory.support.DefaultListableBeanFactory@466d49f0'
2024-05-20T15:23:04.393-03:00 DEBUG 729111 --- [person-service] [           main] o.s.b.f.s.DefaultListableBeanFactory     : Creating shared instance of singleton bean 'viewResolver'
2024-05-20T15:23:04.397-03:00 DEBUG 729111 --- [person-service] [           main] o.s.b.f.s.DefaultListableBeanFactory     : Creating shared instance of singleton bean 'requestContextFilter'
2024-05-20T15:23:04.403-03:00 DEBUG 729111 --- [person-service] [           main] o.s.b.f.s.DefaultListableBeanFactory     : Creating shared instance of singleton bean 'org.springframework.boot.autoconfigure.web.servlet.WebMvcAutoConfiguration'
2024-05-20T15:23:04.405-03:00 DEBUG 729111 --- [person-service] [           main] o.s.b.f.s.DefaultListableBeanFactory     : Creating shared instance of singleton bean 'formContentFilter'
2024-05-20T15:23:04.410-03:00 DEBUG 729111 --- [person-service] [           main] o.s.b.f.s.DefaultListableBeanFactory     : Creating shared instance of singleton bean 'org.springframework.boot.autoconfigure.aop.AopAutoConfiguration$AspectJAutoProxyingConfiguration$CglibAutoProxyConfiguration'
2024-05-20T15:23:04.411-03:00 DEBUG 729111 --- [person-service] [           main] o.s.b.f.s.DefaultListableBeanFactory     : Creating shared instance of singleton bean 'org.springframework.boot.autoconfigure.aop.AopAutoConfiguration$AspectJAutoProxyingConfiguration'
2024-05-20T15:23:04.412-03:00 DEBUG 729111 --- [person-service] [           main] o.s.b.f.s.DefaultListableBeanFactory     : Creating shared instance of singleton bean 'org.springframework.boot.autoconfigure.aop.AopAutoConfiguration'
2024-05-20T15:23:04.412-03:00 DEBUG 729111 --- [person-service] [           main] o.s.b.f.s.DefaultListableBeanFactory     : Creating shared instance of singleton bean 'org.springframework.boot.autoconfigure.availability.ApplicationAvailabilityAutoConfiguration'
2024-05-20T15:23:04.413-03:00 DEBUG 729111 --- [person-service] [           main] o.s.b.f.s.DefaultListableBeanFactory     : Creating shared instance of singleton bean 'applicationAvailability'
2024-05-20T15:23:04.415-03:00 DEBUG 729111 --- [person-service] [           main] o.s.b.f.s.DefaultListableBeanFactory     : Creating shared instance of singleton bean 'org.springframework.boot.autoconfigure.transaction.jta.JtaAutoConfiguration'
2024-05-20T15:23:04.416-03:00 DEBUG 729111 --- [person-service] [           main] o.s.b.f.s.DefaultListableBeanFactory     : Creating shared instance of singleton bean 'org.springframework.boot.autoconfigure.jdbc.metadata.DataSourcePoolMetadataProvidersConfiguration'
2024-05-20T15:23:04.417-03:00 DEBUG 729111 --- [person-service] [           main] o.s.b.f.s.DefaultListableBeanFactory     : Creating shared instance of singleton bean 'org.springframework.boot.autoconfigure.jdbc.DataSourceAutoConfiguration'
2024-05-20T15:23:04.417-03:00 DEBUG 729111 --- [person-service] [           main] o.s.b.f.s.DefaultListableBeanFactory     : Creating shared instance of singleton bean 'org.springframework.boot.autoconfigure.transaction.TransactionManagerCustomizationAutoConfiguration'
2024-05-20T15:23:04.418-03:00 DEBUG 729111 --- [person-service] [           main] o.s.b.f.s.DefaultListableBeanFactory     : Creating shared instance of singleton bean 'platformTransactionManagerCustomizers'
2024-05-20T15:23:04.420-03:00 DEBUG 729111 --- [person-service] [           main] o.s.b.f.s.DefaultListableBeanFactory     : Creating shared instance of singleton bean 'transactionExecutionListeners'
2024-05-20T15:23:04.422-03:00 DEBUG 729111 --- [person-service] [           main] o.s.b.f.s.DefaultListableBeanFactory     : Creating shared instance of singleton bean 'spring.transaction-org.springframework.boot.autoconfigure.transaction.TransactionProperties'
2024-05-20T15:23:04.428-03:00 DEBUG 729111 --- [person-service] [           main] o.s.b.f.s.DefaultListableBeanFactory     : Creating shared instance of singleton bean 'org.springframework.cloud.autoconfigure.RefreshAutoConfiguration'
2024-05-20T15:23:04.430-03:00 DEBUG 729111 --- [person-service] [           main] o.s.b.f.s.DefaultListableBeanFactory     : Creating shared instance of singleton bean 'loggingRebinder'
2024-05-20T15:23:04.432-03:00 DEBUG 729111 --- [person-service] [           main] o.s.b.f.s.DefaultListableBeanFactory     : Creating shared instance of singleton bean 'configDataContextRefresher'
2024-05-20T15:23:04.434-03:00 DEBUG 729111 --- [person-service] [           main] o.s.b.f.s.DefaultListableBeanFactory     : Creating shared instance of singleton bean 'spring.cloud.refresh-org.springframework.cloud.autoconfigure.RefreshAutoConfiguration$RefreshProperties'
2024-05-20T15:23:04.436-03:00 DEBUG 729111 --- [person-service] [           main] o.s.b.f.s.DefaultListableBeanFactory     : Autowiring by type from bean name 'configDataContextRefresher' via factory method to bean named 'org.springframework.web.context.support.GenericWebApplicationContext@38600b'
2024-05-20T15:23:04.437-03:00 DEBUG 729111 --- [person-service] [           main] o.s.b.f.s.DefaultListableBeanFactory     : Autowiring by type from bean name 'configDataContextRefresher' via factory method to bean named 'refreshScope'
2024-05-20T15:23:04.437-03:00 DEBUG 729111 --- [person-service] [           main] o.s.b.f.s.DefaultListableBeanFactory     : Autowiring by type from bean name 'configDataContextRefresher' via factory method to bean named 'spring.cloud.refresh-org.springframework.cloud.autoconfigure.RefreshAutoConfiguration$RefreshProperties'
2024-05-20T15:23:04.439-03:00 DEBUG 729111 --- [person-service] [           main] o.s.b.f.s.DefaultListableBeanFactory     : Creating shared instance of singleton bean 'refreshScopeLifecycle'
2024-05-20T15:23:04.440-03:00 DEBUG 729111 --- [person-service] [           main] o.s.b.f.s.DefaultListableBeanFactory     : Autowiring by type from bean name 'refreshScopeLifecycle' via factory method to bean named 'configDataContextRefresher'
2024-05-20T15:23:04.441-03:00 DEBUG 729111 --- [person-service] [           main] o.s.b.f.s.DefaultListableBeanFactory     : Creating shared instance of singleton bean 'refreshEventListener'
2024-05-20T15:23:04.441-03:00 DEBUG 729111 --- [person-service] [           main] o.s.b.f.s.DefaultListableBeanFactory     : Autowiring by type from bean name 'refreshEventListener' via factory method to bean named 'configDataContextRefresher'
2024-05-20T15:23:04.443-03:00 DEBUG 729111 --- [person-service] [           main] o.s.b.f.s.DefaultListableBeanFactory     : Creating shared instance of singleton bean 'org.springframework.boot.autoconfigure.orm.jpa.JpaBaseConfiguration$PersistenceManagedTypesConfiguration'
2024-05-20T15:23:04.444-03:00 DEBUG 729111 --- [person-service] [           main] o.s.b.f.s.DefaultListableBeanFactory     : Creating shared instance of singleton bean 'transactionManager'
2024-05-20T15:23:04.452-03:00 DEBUG 729111 --- [person-service] [           main] o.s.b.f.s.DefaultListableBeanFactory     : Creating shared instance of singleton bean 'org.springframework.boot.autoconfigure.orm.jpa.HibernateJpaAutoConfiguration'
2024-05-20T15:23:04.453-03:00 DEBUG 729111 --- [person-service] [           main] o.s.b.f.s.DefaultListableBeanFactory     : Creating shared instance of singleton bean 'java.lang.Object'
2024-05-20T15:23:04.453-03:00 DEBUG 729111 --- [person-service] [           main] o.s.b.f.s.DefaultListableBeanFactory     : Creating shared instance of singleton bean 'cacheAutoConfigurationValidator'
2024-05-20T15:23:04.454-03:00 DEBUG 729111 --- [person-service] [           main] o.s.b.f.s.DefaultListableBeanFactory     : Autowiring by type from bean name 'cacheAutoConfigurationValidator' via factory method to bean named 'spring.cache-org.springframework.boot.autoconfigure.cache.CacheProperties'
2024-05-20T15:23:04.456-03:00 DEBUG 729111 --- [person-service] [           main] o.s.b.f.s.DefaultListableBeanFactory     : Creating shared instance of singleton bean 'org.springframework.boot.autoconfigure.context.ConfigurationPropertiesAutoConfiguration'
2024-05-20T15:23:04.456-03:00 DEBUG 729111 --- [person-service] [           main] o.s.b.f.s.DefaultListableBeanFactory     : Creating shared instance of singleton bean 'org.springframework.boot.autoconfigure.context.LifecycleAutoConfiguration'
2024-05-20T15:23:04.457-03:00 DEBUG 729111 --- [person-service] [           main] o.s.b.f.s.DefaultListableBeanFactory     : Creating shared instance of singleton bean 'lifecycleProcessor'
2024-05-20T15:23:04.457-03:00 DEBUG 729111 --- [person-service] [           main] o.s.b.f.s.DefaultListableBeanFactory     : Creating shared instance of singleton bean 'spring.lifecycle-org.springframework.boot.autoconfigure.context.LifecycleProperties'
2024-05-20T15:23:04.459-03:00 DEBUG 729111 --- [person-service] [           main] o.s.b.f.s.DefaultListableBeanFactory     : Autowiring by type from bean name 'lifecycleProcessor' via factory method to bean named 'spring.lifecycle-org.springframework.boot.autoconfigure.context.LifecycleProperties'
2024-05-20T15:23:04.461-03:00 DEBUG 729111 --- [person-service] [           main] o.s.b.f.s.DefaultListableBeanFactory     : Creating shared instance of singleton bean 'org.springframework.boot.autoconfigure.dao.PersistenceExceptionTranslationAutoConfiguration'
2024-05-20T15:23:04.461-03:00 DEBUG 729111 --- [person-service] [           main] o.s.b.f.s.DefaultListableBeanFactory     : Creating shared instance of singleton bean 'org.springframework.boot.autoconfigure.data.jpa.JpaRepositoriesAutoConfiguration'
2024-05-20T15:23:04.462-03:00 DEBUG 729111 --- [person-service] [           main] o.s.b.f.s.DefaultListableBeanFactory     : Creating shared instance of singleton bean 'org.springframework.data.jpa.util.JpaMetamodelCacheCleanup'
2024-05-20T15:23:04.462-03:00 DEBUG 729111 --- [person-service] [           main] o.s.b.f.s.DefaultListableBeanFactory     : Creating shared instance of singleton bean 'org.springframework.data.jpa.repository.support.JpaEvaluationContextExtension'
2024-05-20T15:23:04.463-03:00 DEBUG 729111 --- [person-service] [           main] o.s.b.f.s.DefaultListableBeanFactory     : Creating shared instance of singleton bean 'data-jpa.repository-aot-processor#0'
2024-05-20T15:23:04.467-03:00 DEBUG 729111 --- [person-service] [           main] o.s.b.f.s.DefaultListableBeanFactory     : Creating shared instance of singleton bean 'org.springframework.boot.autoconfigure.http.JacksonHttpMessageConvertersConfiguration'
2024-05-20T15:23:04.468-03:00 DEBUG 729111 --- [person-service] [           main] o.s.b.f.s.DefaultListableBeanFactory     : Creating shared instance of singleton bean 'org.springframework.data.web.config.ProjectingArgumentResolverRegistrar'
2024-05-20T15:23:04.468-03:00 DEBUG 729111 --- [person-service] [           main] o.s.b.f.s.DefaultListableBeanFactory     : Creating shared instance of singleton bean 'offsetResolver'
2024-05-20T15:23:04.471-03:00 DEBUG 729111 --- [person-service] [           main] o.s.b.f.s.DefaultListableBeanFactory     : Creating shared instance of singleton bean 'org.springframework.boot.autoconfigure.info.ProjectInfoAutoConfiguration'
2024-05-20T15:23:04.473-03:00 DEBUG 729111 --- [person-service] [           main] o.s.b.f.s.DefaultListableBeanFactory     : Creating shared instance of singleton bean 'spring.info-org.springframework.boot.autoconfigure.info.ProjectInfoProperties'
2024-05-20T15:23:04.475-03:00 DEBUG 729111 --- [person-service] [           main] o.s.b.f.s.DefaultListableBeanFactory     : Autowiring by type from bean name 'org.springframework.boot.autoconfigure.info.ProjectInfoAutoConfiguration' via constructor to bean named 'spring.info-org.springframework.boot.autoconfigure.info.ProjectInfoProperties'
2024-05-20T15:23:04.476-03:00 DEBUG 729111 --- [person-service] [           main] o.s.b.f.s.DefaultListableBeanFactory     : Creating shared instance of singleton bean 'org.springframework.boot.autoconfigure.jdbc.JdbcTemplateConfiguration'
2024-05-20T15:23:04.476-03:00 DEBUG 729111 --- [person-service] [           main] o.s.b.f.s.DefaultListableBeanFactory     : Creating shared instance of singleton bean 'jdbcTemplate'
2024-05-20T15:23:04.478-03:00 DEBUG 729111 --- [person-service] [           main] o.s.b.f.s.DefaultListableBeanFactory     : Creating shared instance of singleton bean 'spring.jdbc-org.springframework.boot.autoconfigure.jdbc.JdbcProperties'
2024-05-20T15:23:04.479-03:00 DEBUG 729111 --- [person-service] [           main] o.s.b.f.s.DefaultListableBeanFactory     : Autowiring by type from bean name 'jdbcTemplate' via factory method to bean named 'dataSource'
2024-05-20T15:23:04.479-03:00 DEBUG 729111 --- [person-service] [           main] o.s.b.f.s.DefaultListableBeanFactory     : Autowiring by type from bean name 'jdbcTemplate' via factory method to bean named 'spring.jdbc-org.springframework.boot.autoconfigure.jdbc.JdbcProperties'
2024-05-20T15:23:04.492-03:00 DEBUG 729111 --- [person-service] [           main] o.s.b.f.s.DefaultListableBeanFactory     : Creating shared instance of singleton bean 'org.springframework.boot.autoconfigure.jdbc.NamedParameterJdbcTemplateConfiguration'
2024-05-20T15:23:04.493-03:00 DEBUG 729111 --- [person-service] [           main] o.s.b.f.s.DefaultListableBeanFactory     : Creating shared instance of singleton bean 'namedParameterJdbcTemplate'
2024-05-20T15:23:04.493-03:00 DEBUG 729111 --- [person-service] [           main] o.s.b.f.s.DefaultListableBeanFactory     : Autowiring by type from bean name 'namedParameterJdbcTemplate' via factory method to bean named 'jdbcTemplate'
2024-05-20T15:23:04.498-03:00 DEBUG 729111 --- [person-service] [           main] o.s.b.f.s.DefaultListableBeanFactory     : Creating shared instance of singleton bean 'org.springframework.boot.autoconfigure.jdbc.JdbcTemplateAutoConfiguration'
2024-05-20T15:23:04.498-03:00 DEBUG 729111 --- [person-service] [           main] o.s.b.f.s.DefaultListableBeanFactory     : Creating shared instance of singleton bean 'org.springframework.boot.autoconfigure.jdbc.JdbcClientAutoConfiguration'
2024-05-20T15:23:04.499-03:00 DEBUG 729111 --- [person-service] [           main] o.s.b.f.s.DefaultListableBeanFactory     : Creating shared instance of singleton bean 'jdbcClient'
2024-05-20T15:23:04.499-03:00 DEBUG 729111 --- [person-service] [           main] o.s.b.f.s.DefaultListableBeanFactory     : Autowiring by type from bean name 'jdbcClient' via factory method to bean named 'namedParameterJdbcTemplate'
2024-05-20T15:23:04.500-03:00 DEBUG 729111 --- [person-service] [           main] o.s.b.f.s.DefaultListableBeanFactory     : Creating shared instance of singleton bean 'org.springframework.boot.autoconfigure.task.TaskSchedulingConfigurations$ThreadPoolTaskSchedulerBuilderConfiguration'
2024-05-20T15:23:04.500-03:00 DEBUG 729111 --- [person-service] [           main] o.s.b.f.s.DefaultListableBeanFactory     : Creating shared instance of singleton bean 'threadPoolTaskSchedulerBuilder'
2024-05-20T15:23:04.501-03:00 DEBUG 729111 --- [person-service] [           main] o.s.b.f.s.DefaultListableBeanFactory     : Creating shared instance of singleton bean 'spring.task.scheduling-org.springframework.boot.autoconfigure.task.TaskSchedulingProperties'
2024-05-20T15:23:04.502-03:00 DEBUG 729111 --- [person-service] [           main] o.s.b.f.s.DefaultListableBeanFactory     : Autowiring by type from bean name 'threadPoolTaskSchedulerBuilder' via factory method to bean named 'spring.task.scheduling-org.springframework.boot.autoconfigure.task.TaskSchedulingProperties'
2024-05-20T15:23:04.504-03:00 DEBUG 729111 --- [person-service] [           main] o.s.b.f.s.DefaultListableBeanFactory     : Creating shared instance of singleton bean 'org.springframework.boot.autoconfigure.task.TaskSchedulingConfigurations$TaskSchedulerBuilderConfiguration'
2024-05-20T15:23:04.505-03:00 DEBUG 729111 --- [person-service] [           main] o.s.b.f.s.DefaultListableBeanFactory     : Creating shared instance of singleton bean 'taskSchedulerBuilder'
2024-05-20T15:23:04.505-03:00 DEBUG 729111 --- [person-service] [           main] o.s.b.f.s.DefaultListableBeanFactory     : Autowiring by type from bean name 'taskSchedulerBuilder' via factory method to bean named 'spring.task.scheduling-org.springframework.boot.autoconfigure.task.TaskSchedulingProperties'
2024-05-20T15:23:04.506-03:00 DEBUG 729111 --- [person-service] [           main] o.s.b.f.s.DefaultListableBeanFactory     : Creating shared instance of singleton bean 'org.springframework.boot.autoconfigure.task.TaskSchedulingConfigurations$SimpleAsyncTaskSchedulerBuilderConfiguration'
2024-05-20T15:23:04.506-03:00 DEBUG 729111 --- [person-service] [           main] o.s.b.f.s.DefaultListableBeanFactory     : Autowiring by type from bean name 'org.springframework.boot.autoconfigure.task.TaskSchedulingConfigurations$SimpleAsyncTaskSchedulerBuilderConfiguration' via constructor to bean named 'spring.task.scheduling-org.springframework.boot.autoconfigure.task.TaskSchedulingProperties'
2024-05-20T15:23:04.507-03:00 DEBUG 729111 --- [person-service] [           main] o.s.b.f.s.DefaultListableBeanFactory     : Creating shared instance of singleton bean 'simpleAsyncTaskSchedulerBuilder'
2024-05-20T15:23:04.509-03:00 DEBUG 729111 --- [person-service] [           main] o.s.b.f.s.DefaultListableBeanFactory     : Creating shared instance of singleton bean 'org.springframework.boot.autoconfigure.task.TaskSchedulingAutoConfiguration'
2024-05-20T15:23:04.509-03:00 DEBUG 729111 --- [person-service] [           main] o.s.b.f.s.DefaultListableBeanFactory     : Creating shared instance of singleton bean 'org.springframework.boot.autoconfigure.jdbc.DataSourceTransactionManagerAutoConfiguration$JdbcTransactionManagerConfiguration'
2024-05-20T15:23:04.510-03:00 DEBUG 729111 --- [person-service] [           main] o.s.b.f.s.DefaultListableBeanFactory     : Creating shared instance of singleton bean 'org.springframework.boot.autoconfigure.jdbc.DataSourceTransactionManagerAutoConfiguration'
2024-05-20T15:23:04.510-03:00 DEBUG 729111 --- [person-service] [           main] o.s.b.f.s.DefaultListableBeanFactory     : Creating shared instance of singleton bean 'org.springframework.boot.autoconfigure.transaction.TransactionAutoConfiguration$EnableTransactionManagementConfiguration$CglibAutoProxyConfiguration'
2024-05-20T15:23:04.510-03:00 DEBUG 729111 --- [person-service] [           main] o.s.b.f.s.DefaultListableBeanFactory     : Creating shared instance of singleton bean 'org.springframework.boot.autoconfigure.transaction.TransactionAutoConfiguration$EnableTransactionManagementConfiguration'
2024-05-20T15:23:04.510-03:00 DEBUG 729111 --- [person-service] [           main] o.s.b.f.s.DefaultListableBeanFactory     : Creating shared instance of singleton bean 'org.springframework.boot.autoconfigure.transaction.TransactionAutoConfiguration$TransactionTemplateConfiguration'
2024-05-20T15:23:04.511-03:00 DEBUG 729111 --- [person-service] [           main] o.s.b.f.s.DefaultListableBeanFactory     : Creating shared instance of singleton bean 'transactionTemplate'
2024-05-20T15:23:04.511-03:00 DEBUG 729111 --- [person-service] [           main] o.s.b.f.s.DefaultListableBeanFactory     : Autowiring by type from bean name 'transactionTemplate' via factory method to bean named 'transactionManager'
2024-05-20T15:23:04.513-03:00 DEBUG 729111 --- [person-service] [           main] o.s.b.f.s.DefaultListableBeanFactory     : Creating shared instance of singleton bean 'org.springframework.boot.autoconfigure.transaction.TransactionAutoConfiguration'
2024-05-20T15:23:04.514-03:00 DEBUG 729111 --- [person-service] [           main] o.s.b.f.s.DefaultListableBeanFactory     : Creating shared instance of singleton bean 'org.springframework.boot.autoconfigure.web.client.RestClientAutoConfiguration'
2024-05-20T15:23:04.514-03:00 DEBUG 729111 --- [person-service] [           main] o.s.b.f.s.DefaultListableBeanFactory     : Creating shared instance of singleton bean 'httpMessageConvertersRestClientCustomizer'
2024-05-20T15:23:04.515-03:00 DEBUG 729111 --- [person-service] [           main] o.s.b.f.s.DefaultListableBeanFactory     : Creating shared instance of singleton bean 'restClientSsl'
2024-05-20T15:23:04.515-03:00 DEBUG 729111 --- [person-service] [           main] o.s.b.f.s.DefaultListableBeanFactory     : Autowiring by type from bean name 'restClientSsl' via factory method to bean named 'sslBundleRegistry'
2024-05-20T15:23:04.515-03:00 DEBUG 729111 --- [person-service] [           main] o.s.b.f.s.DefaultListableBeanFactory     : Creating shared instance of singleton bean 'restClientBuilderConfigurer'
2024-05-20T15:23:04.516-03:00 DEBUG 729111 --- [person-service] [           main] o.s.b.f.s.DefaultListableBeanFactory     : Creating shared instance of singleton bean 'org.springframework.boot.autoconfigure.web.client.RestTemplateAutoConfiguration'
2024-05-20T15:23:04.517-03:00 DEBUG 729111 --- [person-service] [           main] o.s.b.f.s.DefaultListableBeanFactory     : Creating shared instance of singleton bean 'characterEncodingFilter'
2024-05-20T15:23:04.519-03:00 DEBUG 729111 --- [person-service] [           main] o.s.b.f.s.DefaultListableBeanFactory     : Creating shared instance of singleton bean 'multipartResolver'
2024-05-20T15:23:04.520-03:00 DEBUG 729111 --- [person-service] [           main] o.s.b.f.s.DefaultListableBeanFactory     : Creating shared instance of singleton bean 'org.springframework.cloud.autoconfigure.ConfigurationPropertiesRebinderAutoConfiguration'
2024-05-20T15:23:04.521-03:00 DEBUG 729111 --- [person-service] [           main] o.s.b.f.s.DefaultListableBeanFactory     : Creating shared instance of singleton bean 'configurationPropertiesRebinder'
2024-05-20T15:23:04.522-03:00 DEBUG 729111 --- [person-service] [           main] o.s.b.f.s.DefaultListableBeanFactory     : Autowiring by type from bean name 'configurationPropertiesRebinder' via factory method to bean named 'configurationPropertiesBeans'
2024-05-20T15:23:04.525-03:00 DEBUG 729111 --- [person-service] [           main] o.s.b.f.s.DefaultListableBeanFactory     : Creating shared instance of singleton bean 'org.springframework.cloud.autoconfigure.LifecycleMvcEndpointAutoConfiguration'
2024-05-20T15:23:04.526-03:00 DEBUG 729111 --- [person-service] [           main] o.s.b.f.s.DefaultListableBeanFactory     : Creating shared instance of singleton bean 'environmentManager'
2024-05-20T15:23:04.526-03:00 DEBUG 729111 --- [person-service] [           main] o.s.b.f.s.DefaultListableBeanFactory     : Autowiring by type from bean name 'environmentManager' via factory method to bean named 'environment'
2024-05-20T15:23:04.527-03:00 DEBUG 729111 --- [person-service] [           main] o.s.b.f.s.DefaultListableBeanFactory     : Creating shared instance of singleton bean 'org.springframework.cloud.client.discovery.composite.CompositeDiscoveryClientAutoConfiguration'
2024-05-20T15:23:04.527-03:00 DEBUG 729111 --- [person-service] [           main] o.s.b.f.s.DefaultListableBeanFactory     : Creating shared instance of singleton bean 'compositeDiscoveryClient'
2024-05-20T15:23:04.528-03:00 DEBUG 729111 --- [person-service] [           main] o.s.b.f.s.DefaultListableBeanFactory     : Creating shared instance of singleton bean 'simpleDiscoveryClient'
2024-05-20T15:23:04.528-03:00 DEBUG 729111 --- [person-service] [           main] o.s.b.f.s.DefaultListableBeanFactory     : Creating shared instance of singleton bean 'org.springframework.cloud.client.discovery.simple.SimpleDiscoveryClientAutoConfiguration'
2024-05-20T15:23:04.531-03:00 DEBUG 729111 --- [person-service] [           main] o.s.b.f.s.DefaultListableBeanFactory     : Creating shared instance of singleton bean 'inetUtils'
2024-05-20T15:23:04.531-03:00 DEBUG 729111 --- [person-service] [           main] o.s.b.f.s.DefaultListableBeanFactory     : Creating shared instance of singleton bean 'org.springframework.cloud.commons.util.UtilAutoConfiguration'
2024-05-20T15:23:04.532-03:00 DEBUG 729111 --- [person-service] [           main] o.s.b.f.s.DefaultListableBeanFactory     : Creating shared instance of singleton bean 'inetUtilsProperties'
2024-05-20T15:23:04.535-03:00 DEBUG 729111 --- [person-service] [           main] o.s.b.f.s.DefaultListableBeanFactory     : Autowiring by type from bean name 'inetUtils' via factory method to bean named 'inetUtilsProperties'
2024-05-20T15:23:04.537-03:00 DEBUG 729111 --- [person-service] [           main] o.s.b.f.s.DefaultListableBeanFactory     : Creating shared instance of singleton bean 'simpleDiscoveryProperties'
2024-05-20T15:23:04.537-03:00 DEBUG 729111 --- [person-service] [           main] o.s.c.e.PropertySourcesPropertyResolver  : Found key 'spring.application.name' in PropertySource 'environmentProperties' with value of type String
2024-05-20T15:23:04.561-03:00 DEBUG 729111 --- [person-service] [           main] o.s.b.f.s.DefaultListableBeanFactory     : Autowiring by type from bean name 'simpleDiscoveryClient' via factory method to bean named 'simpleDiscoveryProperties'
2024-05-20T15:23:04.561-03:00 DEBUG 729111 --- [person-service] [           main] o.s.b.f.s.DefaultListableBeanFactory     : Autowiring by type from bean name 'compositeDiscoveryClient' via factory method to bean named 'simpleDiscoveryClient'
2024-05-20T15:23:04.562-03:00 DEBUG 729111 --- [person-service] [           main] o.s.b.f.s.DefaultListableBeanFactory     : Creating shared instance of singleton bean 'org.springframework.cloud.client.CommonsClientAutoConfiguration'
2024-05-20T15:23:04.562-03:00 DEBUG 729111 --- [person-service] [           main] o.s.b.f.s.DefaultListableBeanFactory     : Creating shared instance of singleton bean 'org.springframework.cloud.client.ReactiveCommonsClientAutoConfiguration'
2024-05-20T15:23:04.562-03:00 DEBUG 729111 --- [person-service] [           main] o.s.b.f.s.DefaultListableBeanFactory     : Creating shared instance of singleton bean 'org.springframework.cloud.client.serviceregistry.AutoServiceRegistrationConfiguration'
2024-05-20T15:23:04.562-03:00 DEBUG 729111 --- [person-service] [           main] o.s.b.f.s.DefaultListableBeanFactory     : Creating shared instance of singleton bean 'spring.cloud.service-registry.auto-registration-org.springframework.cloud.client.serviceregistry.AutoServiceRegistrationProperties'
2024-05-20T15:23:04.564-03:00 DEBUG 729111 --- [person-service] [           main] o.s.b.f.s.DefaultListableBeanFactory     : Creating shared instance of singleton bean 'org.springframework.cloud.client.serviceregistry.AutoServiceRegistrationAutoConfiguration'
2024-05-20T15:23:04.565-03:00 DEBUG 729111 --- [person-service] [           main] o.s.b.f.s.DefaultListableBeanFactory     : Creating shared instance of singleton bean 'org.springframework.cloud.client.serviceregistry.ServiceRegistryAutoConfiguration'
2024-05-20T15:23:04.565-03:00 DEBUG 729111 --- [person-service] [           main] o.s.b.f.s.DefaultListableBeanFactory     : Creating shared instance of singleton bean 'org.springframework.cloud.commons.security.ResourceServerTokenRelayAutoConfiguration'
2024-05-20T15:23:04.565-03:00 DEBUG 729111 --- [person-service] [           main] o.s.b.f.s.DefaultListableBeanFactory     : Creating shared instance of singleton bean 'org.springframework.cloud.configuration.CompatibilityVerifierAutoConfiguration'
2024-05-20T15:23:04.566-03:00 DEBUG 729111 --- [person-service] [           main] o.s.b.f.s.DefaultListableBeanFactory     : Creating shared instance of singleton bean 'compositeCompatibilityVerifier'
2024-05-20T15:23:04.566-03:00 DEBUG 729111 --- [person-service] [           main] o.s.b.f.s.DefaultListableBeanFactory     : Creating shared instance of singleton bean 'springBootVersionVerifier'
2024-05-20T15:23:04.566-03:00 DEBUG 729111 --- [person-service] [           main] o.s.b.f.s.DefaultListableBeanFactory     : Creating shared instance of singleton bean 'spring.cloud.compatibility-verifier-org.springframework.cloud.configuration.CompatibilityVerifierProperties'
2024-05-20T15:23:04.567-03:00 DEBUG 729111 --- [person-service] [           main] o.s.b.f.s.DefaultListableBeanFactory     : Autowiring by type from bean name 'springBootVersionVerifier' via factory method to bean named 'spring.cloud.compatibility-verifier-org.springframework.cloud.configuration.CompatibilityVerifierProperties'
2024-05-20T15:23:04.569-03:00 DEBUG 729111 --- [person-service] [           main] o.s.b.f.s.DefaultListableBeanFactory     : Creating shared instance of singleton bean 'sleuthPresentVerifier'
2024-05-20T15:23:04.569-03:00 DEBUG 729111 --- [person-service] [           main] o.s.b.f.s.DefaultListableBeanFactory     : Autowiring by type from bean name 'compositeCompatibilityVerifier' via factory method to bean named 'springBootVersionVerifier'
2024-05-20T15:23:04.569-03:00 DEBUG 729111 --- [person-service] [           main] o.s.b.f.s.DefaultListableBeanFactory     : Autowiring by type from bean name 'compositeCompatibilityVerifier' via factory method to bean named 'sleuthPresentVerifier'
2024-05-20T15:23:04.570-03:00 DEBUG 729111 --- [person-service] [           main] o.s.c.c.SpringBootVersionVerifier        : Version found in Boot manifest [3.2.5]
2024-05-20T15:23:04.570-03:00 DEBUG 729111 --- [person-service] [           main] o.s.c.c.CompositeCompatibilityVerifier   : All conditions are passing
2024-05-20T15:23:04.580-03:00 DEBUG 729111 --- [person-service] [           main] o.s.c.support.DefaultLifecycleProcessor  : Starting beans in phase -2147483647
2024-05-20T15:23:04.581-03:00 DEBUG 729111 --- [person-service] [           main] o.s.c.support.DefaultLifecycleProcessor  : Successfully started bean 'springBootLoggingLifecycle'
2024-05-20T15:23:04.581-03:00 DEBUG 729111 --- [person-service] [           main] o.s.c.support.DefaultLifecycleProcessor  : Starting beans in phase 2147483647
2024-05-20T15:23:04.592-03:00 DEBUG 729111 --- [person-service] [           main] .s.b.a.l.ConditionEvaluationReportLogger : 


============================
CONDITIONS EVALUATION REPORT
============================


Positive matches:
-----------------

   AopAutoConfiguration matched:
      - @ConditionalOnProperty (spring.aop.auto=true) matched (OnPropertyCondition)

   AopAutoConfiguration.AspectJAutoProxyingConfiguration matched:
      - @ConditionalOnClass found required class 'org.aspectj.weaver.Advice' (OnClassCondition)

   AopAutoConfiguration.AspectJAutoProxyingConfiguration.CglibAutoProxyConfiguration matched:
      - @ConditionalOnProperty (spring.aop.proxy-target-class=true) matched (OnPropertyCondition)

   ApplicationAvailabilityAutoConfiguration#applicationAvailability matched:
      - @ConditionalOnMissingBean (types: org.springframework.boot.availability.ApplicationAvailability; SearchStrategy: all) did not find any beans (OnBeanCondition)

   AutoServiceRegistrationAutoConfiguration matched:
      - @ConditionalOnProperty (spring.cloud.service-registry.auto-registration.enabled) matched (OnPropertyCondition)

   AutoServiceRegistrationConfiguration matched:
      - @ConditionalOnProperty (spring.cloud.service-registry.auto-registration.enabled) matched (OnPropertyCondition)

   CacheAutoConfiguration matched:
      - @ConditionalOnClass found required class 'org.springframework.cache.CacheManager' (OnClassCondition)
      - @ConditionalOnBean (types: org.springframework.cache.interceptor.CacheAspectSupport; SearchStrategy: all) found bean 'cacheInterceptor'; @ConditionalOnMissingBean (names: cacheResolver types: org.springframework.cache.CacheManager; SearchStrategy: all) did not find any beans (OnBeanCondition)

   CacheAutoConfiguration#cacheManagerCustomizers matched:
      - @ConditionalOnMissingBean (types: org.springframework.boot.autoconfigure.cache.CacheManagerCustomizers; SearchStrategy: all) did not find any beans (OnBeanCondition)

   CacheAutoConfiguration.CacheManagerEntityManagerFactoryDependsOnPostProcessor matched:
      - @ConditionalOnClass found required class 'org.springframework.orm.jpa.LocalContainerEntityManagerFactoryBean' (OnClassCondition)
      - @ConditionalOnBean (types: org.springframework.orm.jpa.AbstractEntityManagerFactoryBean; SearchStrategy: all) found bean '&entityManagerFactory' (OnBeanCondition)

   CaffeineCacheConfiguration matched:
      - @ConditionalOnClass found required classes 'com.github.benmanes.caffeine.cache.Caffeine', 'org.springframework.cache.caffeine.CaffeineCacheManager' (OnClassCondition)
      - Cache org.springframework.boot.autoconfigure.cache.CaffeineCacheConfiguration CAFFEINE cache type (CacheCondition)
      - @ConditionalOnMissingBean (types: org.springframework.cache.CacheManager; SearchStrategy: all) did not find any beans (OnBeanCondition)

   CompatibilityVerifierAutoConfiguration matched:
      - @ConditionalOnProperty (spring.cloud.compatibility-verifier.enabled) matched (OnPropertyCondition)

   ConfigurationPropertiesRebinderAutoConfiguration matched:
      - @ConditionalOnBean (types: org.springframework.boot.context.properties.ConfigurationPropertiesBindingPostProcessor; SearchStrategy: all) found bean 'org.springframework.boot.context.properties.ConfigurationPropertiesBindingPostProcessor' (OnBeanCondition)

   ConfigurationPropertiesRebinderAutoConfiguration#configurationPropertiesBeans matched:
      - @ConditionalOnMissingBean (types: org.springframework.cloud.context.properties.ConfigurationPropertiesBeans; SearchStrategy: current) did not find any beans (OnBeanCondition)

   ConfigurationPropertiesRebinderAutoConfiguration#configurationPropertiesRebinder matched:
      - @ConditionalOnMissingBean (types: org.springframework.cloud.context.properties.ConfigurationPropertiesRebinder; SearchStrategy: current) did not find any beans (OnBeanCondition)

   DataSourceAutoConfiguration matched:
      - @ConditionalOnClass found required classes 'javax.sql.DataSource', 'org.springframework.jdbc.datasource.embedded.EmbeddedDatabaseType' (OnClassCondition)
      - @ConditionalOnMissingBean (types: io.r2dbc.spi.ConnectionFactory; SearchStrategy: all) did not find any beans (OnBeanCondition)

   DataSourceAutoConfiguration.PooledDataSourceConfiguration matched:
      - AnyNestedCondition 1 matched 1 did not; NestedCondition on DataSourceAutoConfiguration.PooledDataSourceCondition.PooledDataSourceAvailable PooledDataSource found supported DataSource; NestedCondition on DataSourceAutoConfiguration.PooledDataSourceCondition.ExplicitType @ConditionalOnProperty (spring.datasource.type) did not find property 'type' (DataSourceAutoConfiguration.PooledDataSourceCondition)
      - @ConditionalOnMissingBean (types: javax.sql.DataSource,javax.sql.XADataSource; SearchStrategy: all) did not find any beans (OnBeanCondition)

   DataSourceAutoConfiguration.PooledDataSourceConfiguration#jdbcConnectionDetails matched:
      - @ConditionalOnMissingBean (types: org.springframework.boot.autoconfigure.jdbc.JdbcConnectionDetails; SearchStrategy: all) did not find any beans (OnBeanCondition)

   DataSourceConfiguration.Hikari matched:
      - @ConditionalOnClass found required class 'com.zaxxer.hikari.HikariDataSource' (OnClassCondition)
      - @ConditionalOnProperty (spring.datasource.type=com.zaxxer.hikari.HikariDataSource) matched (OnPropertyCondition)
      - @ConditionalOnMissingBean (types: javax.sql.DataSource; SearchStrategy: all) did not find any beans (OnBeanCondition)

   DataSourcePoolMetadataProvidersConfiguration.HikariPoolDataSourceMetadataProviderConfiguration matched:
      - @ConditionalOnClass found required class 'com.zaxxer.hikari.HikariDataSource' (OnClassCondition)

   DataSourceTransactionManagerAutoConfiguration matched:
      - @ConditionalOnClass found required classes 'org.springframework.jdbc.core.JdbcTemplate', 'org.springframework.transaction.TransactionManager' (OnClassCondition)

   DataSourceTransactionManagerAutoConfiguration.JdbcTransactionManagerConfiguration matched:
      - @ConditionalOnSingleCandidate (types: javax.sql.DataSource; SearchStrategy: all) found a single bean 'dataSource' (OnBeanCondition)

   DispatcherServletAutoConfiguration matched:
      - @ConditionalOnClass found required class 'org.springframework.web.servlet.DispatcherServlet' (OnClassCondition)
      - found 'session' scope (OnWebApplicationCondition)

   DispatcherServletAutoConfiguration.DispatcherServletConfiguration matched:
      - @ConditionalOnClass found required class 'jakarta.servlet.ServletRegistration' (OnClassCondition)
      - Default DispatcherServlet did not find dispatcher servlet beans (DispatcherServletAutoConfiguration.DefaultDispatcherServletCondition)

   DispatcherServletAutoConfiguration.DispatcherServletRegistrationConfiguration matched:
      - @ConditionalOnClass found required class 'jakarta.servlet.ServletRegistration' (OnClassCondition)
      - DispatcherServlet Registration did not find servlet registration bean (DispatcherServletAutoConfiguration.DispatcherServletRegistrationCondition)

   DispatcherServletAutoConfiguration.DispatcherServletRegistrationConfiguration#dispatcherServletRegistration matched:
      - @ConditionalOnBean (names: dispatcherServlet types: org.springframework.web.servlet.DispatcherServlet; SearchStrategy: all) found bean 'dispatcherServlet' (OnBeanCondition)

   ErrorMvcAutoConfiguration matched:
      - @ConditionalOnClass found required classes 'jakarta.servlet.Servlet', 'org.springframework.web.servlet.DispatcherServlet' (OnClassCondition)
      - found 'session' scope (OnWebApplicationCondition)

   ErrorMvcAutoConfiguration#basicErrorController matched:
      - @ConditionalOnMissingBean (types: org.springframework.boot.web.servlet.error.ErrorController; SearchStrategy: current) did not find any beans (OnBeanCondition)

   ErrorMvcAutoConfiguration#errorAttributes matched:
      - @ConditionalOnMissingBean (types: org.springframework.boot.web.servlet.error.ErrorAttributes; SearchStrategy: current) did not find any beans (OnBeanCondition)

   ErrorMvcAutoConfiguration.DefaultErrorViewResolverConfiguration#conventionErrorViewResolver matched:
      - @ConditionalOnBean (types: org.springframework.web.servlet.DispatcherServlet; SearchStrategy: all) found bean 'dispatcherServlet'; @ConditionalOnMissingBean (types: org.springframework.boot.autoconfigure.web.servlet.error.ErrorViewResolver; SearchStrategy: all) did not find any beans (OnBeanCondition)

   ErrorMvcAutoConfiguration.WhitelabelErrorViewConfiguration matched:
      - @ConditionalOnProperty (server.error.whitelabel.enabled) matched (OnPropertyCondition)
      - ErrorTemplate Missing did not find error template view (ErrorMvcAutoConfiguration.ErrorTemplateMissingCondition)

   ErrorMvcAutoConfiguration.WhitelabelErrorViewConfiguration#beanNameViewResolver matched:
      - @ConditionalOnMissingBean (types: org.springframework.web.servlet.view.BeanNameViewResolver; SearchStrategy: all) did not find any beans (OnBeanCondition)

   ErrorMvcAutoConfiguration.WhitelabelErrorViewConfiguration#defaultErrorView matched:
      - @ConditionalOnMissingBean (names: error; SearchStrategy: all) did not find any beans (OnBeanCondition)

   HibernateJpaAutoConfiguration matched:
      - @ConditionalOnClass found required classes 'org.springframework.orm.jpa.LocalContainerEntityManagerFactoryBean', 'jakarta.persistence.EntityManager', 'org.hibernate.engine.spi.SessionImplementor' (OnClassCondition)

   HibernateJpaConfiguration matched:
      - @ConditionalOnSingleCandidate (types: javax.sql.DataSource; SearchStrategy: all) found a single bean 'dataSource' (OnBeanCondition)

   HttpEncodingAutoConfiguration matched:
      - @ConditionalOnClass found required class 'org.springframework.web.filter.CharacterEncodingFilter' (OnClassCondition)
      - found 'session' scope (OnWebApplicationCondition)
      - @ConditionalOnProperty (server.servlet.encoding.enabled) matched (OnPropertyCondition)

   HttpEncodingAutoConfiguration#characterEncodingFilter matched:
      - @ConditionalOnMissingBean (types: org.springframework.web.filter.CharacterEncodingFilter; SearchStrategy: all) did not find any beans (OnBeanCondition)

   HttpMessageConvertersAutoConfiguration matched:
      - @ConditionalOnClass found required class 'org.springframework.http.converter.HttpMessageConverter' (OnClassCondition)
      - NoneNestedConditions 0 matched 1 did not; NestedCondition on HttpMessageConvertersAutoConfiguration.NotReactiveWebApplicationCondition.ReactiveWebApplication did not find reactive web application classes (HttpMessageConvertersAutoConfiguration.NotReactiveWebApplicationCondition)

   HttpMessageConvertersAutoConfiguration#messageConverters matched:
      - @ConditionalOnMissingBean (types: org.springframework.boot.autoconfigure.http.HttpMessageConverters; SearchStrategy: all) did not find any beans (OnBeanCondition)

   HttpMessageConvertersAutoConfiguration.StringHttpMessageConverterConfiguration matched:
      - @ConditionalOnClass found required class 'org.springframework.http.converter.StringHttpMessageConverter' (OnClassCondition)

   HttpMessageConvertersAutoConfiguration.StringHttpMessageConverterConfiguration#stringHttpMessageConverter matched:
      - @ConditionalOnMissingBean (types: org.springframework.http.converter.StringHttpMessageConverter; SearchStrategy: all) did not find any beans (OnBeanCondition)

   JacksonAutoConfiguration matched:
      - @ConditionalOnClass found required class 'com.fasterxml.jackson.databind.ObjectMapper' (OnClassCondition)

   JacksonAutoConfiguration.Jackson2ObjectMapperBuilderCustomizerConfiguration matched:
      - @ConditionalOnClass found required class 'org.springframework.http.converter.json.Jackson2ObjectMapperBuilder' (OnClassCondition)

   JacksonAutoConfiguration.JacksonObjectMapperBuilderConfiguration matched:
      - @ConditionalOnClass found required class 'org.springframework.http.converter.json.Jackson2ObjectMapperBuilder' (OnClassCondition)

   JacksonAutoConfiguration.JacksonObjectMapperBuilderConfiguration#jacksonObjectMapperBuilder matched:
      - @ConditionalOnMissingBean (types: org.springframework.http.converter.json.Jackson2ObjectMapperBuilder; SearchStrategy: all) did not find any beans (OnBeanCondition)

   JacksonAutoConfiguration.JacksonObjectMapperConfiguration matched:
      - @ConditionalOnClass found required class 'org.springframework.http.converter.json.Jackson2ObjectMapperBuilder' (OnClassCondition)

   JacksonAutoConfiguration.JacksonObjectMapperConfiguration#jacksonObjectMapper matched:
      - @ConditionalOnMissingBean (types: com.fasterxml.jackson.databind.ObjectMapper; SearchStrategy: all) did not find any beans (OnBeanCondition)

   JacksonAutoConfiguration.ParameterNamesModuleConfiguration matched:
      - @ConditionalOnClass found required class 'com.fasterxml.jackson.module.paramnames.ParameterNamesModule' (OnClassCondition)

   JacksonAutoConfiguration.ParameterNamesModuleConfiguration#parameterNamesModule matched:
      - @ConditionalOnMissingBean (types: com.fasterxml.jackson.module.paramnames.ParameterNamesModule; SearchStrategy: all) did not find any beans (OnBeanCondition)

   JacksonHttpMessageConvertersConfiguration.MappingJackson2HttpMessageConverterConfiguration matched:
      - @ConditionalOnClass found required class 'com.fasterxml.jackson.databind.ObjectMapper' (OnClassCondition)
      - @ConditionalOnProperty (spring.mvc.converters.preferred-json-mapper=jackson) matched (OnPropertyCondition)
      - @ConditionalOnBean (types: com.fasterxml.jackson.databind.ObjectMapper; SearchStrategy: all) found bean 'jacksonObjectMapper' (OnBeanCondition)

   JacksonHttpMessageConvertersConfiguration.MappingJackson2HttpMessageConverterConfiguration#mappingJackson2HttpMessageConverter matched:
      - @ConditionalOnMissingBean (types: org.springframework.http.converter.json.MappingJackson2HttpMessageConverter ignored: org.springframework.hateoas.server.mvc.TypeConstrainedMappingJackson2HttpMessageConverter,org.springframework.data.rest.webmvc.alps.AlpsJsonHttpMessageConverter; SearchStrategy: all) did not find any beans (OnBeanCondition)

   JdbcClientAutoConfiguration matched:
      - @ConditionalOnSingleCandidate (types: org.springframework.jdbc.core.namedparam.NamedParameterJdbcTemplate; SearchStrategy: all) found a single bean 'namedParameterJdbcTemplate'; @ConditionalOnMissingBean (types: org.springframework.jdbc.core.simple.JdbcClient; SearchStrategy: all) did not find any beans (OnBeanCondition)

   JdbcTemplateAutoConfiguration matched:
      - @ConditionalOnClass found required classes 'javax.sql.DataSource', 'org.springframework.jdbc.core.JdbcTemplate' (OnClassCondition)
      - @ConditionalOnSingleCandidate (types: javax.sql.DataSource; SearchStrategy: all) found a single bean 'dataSource' (OnBeanCondition)

   JdbcTemplateConfiguration matched:
      - @ConditionalOnMissingBean (types: org.springframework.jdbc.core.JdbcOperations; SearchStrategy: all) did not find any beans (OnBeanCondition)

   JpaBaseConfiguration#entityManagerFactory matched:
      - @ConditionalOnMissingBean (types: org.springframework.orm.jpa.LocalContainerEntityManagerFactoryBean,jakarta.persistence.EntityManagerFactory; SearchStrategy: all) did not find any beans (OnBeanCondition)

   JpaBaseConfiguration#entityManagerFactoryBuilder matched:
      - @ConditionalOnMissingBean (types: org.springframework.boot.orm.jpa.EntityManagerFactoryBuilder; SearchStrategy: all) did not find any beans (OnBeanCondition)

   JpaBaseConfiguration#jpaVendorAdapter matched:
      - @ConditionalOnMissingBean (types: org.springframework.orm.jpa.JpaVendorAdapter; SearchStrategy: all) did not find any beans (OnBeanCondition)

   JpaBaseConfiguration#transactionManager matched:
      - @ConditionalOnMissingBean (types: org.springframework.transaction.TransactionManager; SearchStrategy: all) did not find any beans (OnBeanCondition)

   JpaBaseConfiguration.JpaWebConfiguration matched:
      - @ConditionalOnClass found required class 'org.springframework.web.servlet.config.annotation.WebMvcConfigurer' (OnClassCondition)
      - found 'session' scope (OnWebApplicationCondition)
      - @ConditionalOnProperty (spring.jpa.open-in-view=true) matched (OnPropertyCondition)
      - @ConditionalOnMissingBean (types: org.springframework.orm.jpa.support.OpenEntityManagerInViewInterceptor,org.springframework.orm.jpa.support.OpenEntityManagerInViewFilter; SearchStrategy: all) did not find any beans (OnBeanCondition)

   JpaBaseConfiguration.PersistenceManagedTypesConfiguration matched:
      - @ConditionalOnMissingBean (types: org.springframework.orm.jpa.LocalContainerEntityManagerFactoryBean,jakarta.persistence.EntityManagerFactory; SearchStrategy: all) did not find any beans (OnBeanCondition)

   JpaBaseConfiguration.PersistenceManagedTypesConfiguration#persistenceManagedTypes matched:
      - @ConditionalOnMissingBean (types: org.springframework.orm.jpa.persistenceunit.PersistenceManagedTypes; SearchStrategy: all) did not find any beans (OnBeanCondition)

   JpaRepositoriesAutoConfiguration matched:
      - @ConditionalOnClass found required class 'org.springframework.data.jpa.repository.JpaRepository' (OnClassCondition)
      - @ConditionalOnProperty (spring.data.jpa.repositories.enabled=true) matched (OnPropertyCondition)
      - @ConditionalOnBean (types: javax.sql.DataSource; SearchStrategy: all) found bean 'dataSource'; @ConditionalOnMissingBean (types: org.springframework.data.jpa.repository.support.JpaRepositoryFactoryBean,org.springframework.data.jpa.repository.config.JpaRepositoryConfigExtension; SearchStrategy: all) did not find any beans (OnBeanCondition)

   JtaAutoConfiguration matched:
      - @ConditionalOnClass found required class 'jakarta.transaction.Transaction' (OnClassCondition)
      - @ConditionalOnProperty (spring.jta.enabled) matched (OnPropertyCondition)

   LifecycleAutoConfiguration#defaultLifecycleProcessor matched:
      - @ConditionalOnMissingBean (names: lifecycleProcessor; SearchStrategy: current) did not find any beans (OnBeanCondition)

   LifecycleMvcEndpointAutoConfiguration#environmentManager matched:
      - @ConditionalOnMissingBean (types: org.springframework.cloud.context.environment.EnvironmentManager; SearchStrategy: all) did not find any beans (OnBeanCondition)

   MultipartAutoConfiguration matched:
      - @ConditionalOnClass found required classes 'jakarta.servlet.Servlet', 'org.springframework.web.multipart.support.StandardServletMultipartResolver', 'jakarta.servlet.MultipartConfigElement' (OnClassCondition)
      - found 'session' scope (OnWebApplicationCondition)
      - @ConditionalOnProperty (spring.servlet.multipart.enabled) matched (OnPropertyCondition)

   MultipartAutoConfiguration#multipartConfigElement matched:
      - @ConditionalOnMissingBean (types: jakarta.servlet.MultipartConfigElement; SearchStrategy: all) did not find any beans (OnBeanCondition)

   MultipartAutoConfiguration#multipartResolver matched:
      - @ConditionalOnMissingBean (types: org.springframework.web.multipart.MultipartResolver; SearchStrategy: all) did not find any beans (OnBeanCondition)

   NamedParameterJdbcTemplateConfiguration matched:
      - @ConditionalOnSingleCandidate (types: org.springframework.jdbc.core.JdbcTemplate; SearchStrategy: all) found a single bean 'jdbcTemplate'; @ConditionalOnMissingBean (types: org.springframework.jdbc.core.namedparam.NamedParameterJdbcOperations; SearchStrategy: all) did not find any beans (OnBeanCondition)

   PersistenceExceptionTranslationAutoConfiguration matched:
      - @ConditionalOnClass found required class 'org.springframework.dao.annotation.PersistenceExceptionTranslationPostProcessor' (OnClassCondition)

   PersistenceExceptionTranslationAutoConfiguration#persistenceExceptionTranslationPostProcessor matched:
      - @ConditionalOnProperty (spring.dao.exceptiontranslation.enabled) matched (OnPropertyCondition)
      - @ConditionalOnMissingBean (types: org.springframework.dao.annotation.PersistenceExceptionTranslationPostProcessor; SearchStrategy: all) did not find any beans (OnBeanCondition)

   PropertyPlaceholderAutoConfiguration#propertySourcesPlaceholderConfigurer matched:
      - @ConditionalOnMissingBean (types: org.springframework.context.support.PropertySourcesPlaceholderConfigurer; SearchStrategy: current) did not find any beans (OnBeanCondition)

   RefreshAutoConfiguration matched:
      - @ConditionalOnClass found required class 'org.springframework.cloud.context.scope.refresh.RefreshScope' (OnClassCondition)
      - @ConditionalOnProperty (spring.cloud.refresh.enabled) matched (OnPropertyCondition)

   RefreshAutoConfiguration#configDataContextRefresher matched:
      - @ConditionalOnMissingBean (types: org.springframework.cloud.context.refresh.ConfigDataContextRefresher; SearchStrategy: all) did not find any beans (OnBeanCondition)
      - NoneNestedConditions 0 matched 3 did not; NestedCondition on ConditionalOnBootstrapDisabled.OnBootstrapDisabledCondition.OnBootstrapEnabled @ConditionalOnProperty (spring.cloud.bootstrap.enabled) did not find property 'spring.cloud.bootstrap.enabled'; NestedCondition on ConditionalOnBootstrapDisabled.OnBootstrapDisabledCondition.OnUseLegacyProcessingEnabled @ConditionalOnProperty (spring.config.use-legacy-processing) did not find property 'spring.config.use-legacy-processing'; NestedCondition on ConditionalOnBootstrapDisabled.OnBootstrapDisabledCondition.OnBootstrapMarkerClassPresent @ConditionalOnClass did not find required class 'org.springframework.cloud.bootstrap.marker.Marker' (ConditionalOnBootstrapDisabled.OnBootstrapDisabledCondition)

   RefreshAutoConfiguration#loggingRebinder matched:
      - @ConditionalOnMissingBean (types: org.springframework.cloud.logging.LoggingRebinder; SearchStrategy: all) did not find any beans (OnBeanCondition)

   RefreshAutoConfiguration#refreshScope matched:
      - @ConditionalOnMissingBean (types: org.springframework.cloud.context.scope.refresh.RefreshScope; SearchStrategy: all) did not find any beans (OnBeanCondition)

   RefreshAutoConfiguration#refreshScopeLifecycle matched:
      - @ConditionalOnProperty (spring.cloud.refresh.on-restart.enabled) matched (OnPropertyCondition)

   ResourceServerTokenRelayAutoConfiguration matched:
      - @ConditionalOnClass found required class 'org.springframework.web.servlet.config.annotation.WebMvcConfigurer' (OnClassCondition)
      - found 'session' scope (OnWebApplicationCondition)
      - @ConditionalOnProperty (spring.cloud.mvc.token-relay.enabled) matched (OnPropertyCondition)

   RestClientAutoConfiguration matched:
      - @ConditionalOnClass found required class 'org.springframework.web.client.RestClient' (OnClassCondition)
      - NoneNestedConditions 0 matched 1 did not; NestedCondition on NotReactiveWebApplicationCondition.ReactiveWebApplication did not find reactive web application classes (NotReactiveWebApplicationCondition)

   RestClientAutoConfiguration#httpMessageConvertersRestClientCustomizer matched:
      - @ConditionalOnMissingBean (types: org.springframework.boot.autoconfigure.web.client.HttpMessageConvertersRestClientCustomizer; SearchStrategy: all) did not find any beans (OnBeanCondition)

   RestClientAutoConfiguration#restClientBuilder matched:
      - @ConditionalOnMissingBean (types: org.springframework.web.client.RestClient$Builder; SearchStrategy: all) did not find any beans (OnBeanCondition)

   RestClientAutoConfiguration#restClientBuilderConfigurer matched:
      - @ConditionalOnMissingBean (types: org.springframework.boot.autoconfigure.web.client.RestClientBuilderConfigurer; SearchStrategy: all) did not find any beans (OnBeanCondition)

   RestClientAutoConfiguration#restClientSsl matched:
      - @ConditionalOnBean (types: org.springframework.boot.ssl.SslBundles; SearchStrategy: all) found bean 'sslBundleRegistry'; @ConditionalOnMissingBean (types: org.springframework.boot.autoconfigure.web.client.RestClientSsl; SearchStrategy: all) did not find any beans (OnBeanCondition)

   RestTemplateAutoConfiguration matched:
      - @ConditionalOnClass found required class 'org.springframework.web.client.RestTemplate' (OnClassCondition)
      - NoneNestedConditions 0 matched 1 did not; NestedCondition on NotReactiveWebApplicationCondition.ReactiveWebApplication did not find reactive web application classes (NotReactiveWebApplicationCondition)

   RestTemplateAutoConfiguration#restTemplateBuilder matched:
      - @ConditionalOnMissingBean (types: org.springframework.boot.web.client.RestTemplateBuilder; SearchStrategy: all) did not find any beans (OnBeanCondition)

   ServletWebServerFactoryAutoConfiguration matched:
      - @ConditionalOnClass found required class 'jakarta.servlet.ServletRequest' (OnClassCondition)
      - found 'session' scope (OnWebApplicationCondition)

   ServletWebServerFactoryAutoConfiguration#tomcatServletWebServerFactoryCustomizer matched:
      - @ConditionalOnClass found required class 'org.apache.catalina.startup.Tomcat' (OnClassCondition)

   ServletWebServerFactoryConfiguration.EmbeddedTomcat matched:
      - @ConditionalOnClass found required classes 'jakarta.servlet.Servlet', 'org.apache.catalina.startup.Tomcat', 'org.apache.coyote.UpgradeProtocol' (OnClassCondition)
      - @ConditionalOnMissingBean (types: org.springframework.boot.web.servlet.server.ServletWebServerFactory; SearchStrategy: current) did not find any beans (OnBeanCondition)

   SimpleDiscoveryClientAutoConfiguration#simpleDiscoveryProperties matched:
      - @ConditionalOnMissingBean (types: org.springframework.cloud.client.discovery.simple.SimpleDiscoveryProperties; SearchStrategy: all) did not find any beans (OnBeanCondition)

   SpringDataWebAutoConfiguration matched:
      - @ConditionalOnClass found required classes 'org.springframework.data.web.PageableHandlerMethodArgumentResolver', 'org.springframework.web.servlet.config.annotation.WebMvcConfigurer' (OnClassCondition)
      - found 'session' scope (OnWebApplicationCondition)
      - @ConditionalOnMissingBean (types: org.springframework.data.web.PageableHandlerMethodArgumentResolver; SearchStrategy: all) did not find any beans (OnBeanCondition)

   SpringDataWebAutoConfiguration#pageableCustomizer matched:
      - @ConditionalOnMissingBean (types: org.springframework.data.web.config.PageableHandlerMethodArgumentResolverCustomizer; SearchStrategy: all) did not find any beans (OnBeanCondition)

   SpringDataWebAutoConfiguration#sortCustomizer matched:
      - @ConditionalOnMissingBean (types: org.springframework.data.web.config.SortHandlerMethodArgumentResolverCustomizer; SearchStrategy: all) did not find any beans (OnBeanCondition)

   SslAutoConfiguration#sslBundleRegistry matched:
      - @ConditionalOnMissingBean (types: org.springframework.boot.ssl.SslBundleRegistry,org.springframework.boot.ssl.SslBundles; SearchStrategy: all) did not find any beans (OnBeanCondition)

   TaskExecutionAutoConfiguration matched:
      - @ConditionalOnClass found required class 'org.springframework.scheduling.concurrent.ThreadPoolTaskExecutor' (OnClassCondition)

   TaskExecutorConfigurations.SimpleAsyncTaskExecutorBuilderConfiguration#simpleAsyncTaskExecutorBuilder matched:
      - @ConditionalOnMissingBean (types: org.springframework.boot.task.SimpleAsyncTaskExecutorBuilder; SearchStrategy: all) did not find any beans (OnBeanCondition)
      - @ConditionalOnThreading found PLATFORM (OnThreadingCondition)

   TaskExecutorConfigurations.TaskExecutorBuilderConfiguration#taskExecutorBuilder matched:
      - @ConditionalOnMissingBean (types: org.springframework.boot.task.TaskExecutorBuilder; SearchStrategy: all) did not find any beans (OnBeanCondition)

   TaskExecutorConfigurations.TaskExecutorConfiguration matched:
      - @ConditionalOnMissingBean (types: java.util.concurrent.Executor; SearchStrategy: all) did not find any beans (OnBeanCondition)

   TaskExecutorConfigurations.TaskExecutorConfiguration#applicationTaskExecutor matched:
      - @ConditionalOnThreading found PLATFORM (OnThreadingCondition)

   TaskExecutorConfigurations.ThreadPoolTaskExecutorBuilderConfiguration#threadPoolTaskExecutorBuilder matched:
      - @ConditionalOnMissingBean (types: org.springframework.boot.task.TaskExecutorBuilder,org.springframework.boot.task.ThreadPoolTaskExecutorBuilder; SearchStrategy: all) did not find any beans (OnBeanCondition)

   TaskSchedulingAutoConfiguration matched:
      - @ConditionalOnClass found required class 'org.springframework.scheduling.concurrent.ThreadPoolTaskScheduler' (OnClassCondition)

   TaskSchedulingConfigurations.SimpleAsyncTaskSchedulerBuilderConfiguration#simpleAsyncTaskSchedulerBuilder matched:
      - @ConditionalOnMissingBean (types: org.springframework.boot.task.SimpleAsyncTaskSchedulerBuilder; SearchStrategy: all) did not find any beans (OnBeanCondition)
      - @ConditionalOnThreading found PLATFORM (OnThreadingCondition)

   TaskSchedulingConfigurations.TaskSchedulerBuilderConfiguration#taskSchedulerBuilder matched:
      - @ConditionalOnMissingBean (types: org.springframework.boot.task.TaskSchedulerBuilder; SearchStrategy: all) did not find any beans (OnBeanCondition)

   TaskSchedulingConfigurations.ThreadPoolTaskSchedulerBuilderConfiguration#threadPoolTaskSchedulerBuilder matched:
      - @ConditionalOnMissingBean (types: org.springframework.boot.task.TaskSchedulerBuilder,org.springframework.boot.task.ThreadPoolTaskSchedulerBuilder; SearchStrategy: all) did not find any beans (OnBeanCondition)

   TransactionAutoConfiguration matched:
      - @ConditionalOnClass found required class 'org.springframework.transaction.PlatformTransactionManager' (OnClassCondition)

   TransactionAutoConfiguration.EnableTransactionManagementConfiguration matched:
      - @ConditionalOnBean (types: org.springframework.transaction.TransactionManager; SearchStrategy: all) found bean 'transactionManager'; @ConditionalOnMissingBean (types: org.springframework.transaction.annotation.AbstractTransactionManagementConfiguration; SearchStrategy: all) did not find any beans (OnBeanCondition)

   TransactionAutoConfiguration.EnableTransactionManagementConfiguration.CglibAutoProxyConfiguration matched:
      - @ConditionalOnProperty (spring.aop.proxy-target-class=true) matched (OnPropertyCondition)

   TransactionAutoConfiguration.TransactionTemplateConfiguration matched:
      - @ConditionalOnSingleCandidate (types: org.springframework.transaction.PlatformTransactionManager; SearchStrategy: all) found a single bean 'transactionManager' (OnBeanCondition)

   TransactionAutoConfiguration.TransactionTemplateConfiguration#transactionTemplate matched:
      - @ConditionalOnMissingBean (types: org.springframework.transaction.support.TransactionOperations; SearchStrategy: all) did not find any beans (OnBeanCondition)

   TransactionManagerCustomizationAutoConfiguration matched:
      - @ConditionalOnClass found required class 'org.springframework.transaction.PlatformTransactionManager' (OnClassCondition)

   TransactionManagerCustomizationAutoConfiguration#platformTransactionManagerCustomizers matched:
      - @ConditionalOnMissingBean (types: org.springframework.boot.autoconfigure.transaction.TransactionManagerCustomizers; SearchStrategy: all) did not find any beans (OnBeanCondition)

   UtilAutoConfiguration matched:
      - @ConditionalOnProperty (spring.cloud.util.enabled) matched (OnPropertyCondition)

   UtilAutoConfiguration#inetUtils matched:
      - @ConditionalOnMissingBean (types: org.springframework.cloud.commons.util.InetUtils; SearchStrategy: all) did not find any beans (OnBeanCondition)

   WebMvcAutoConfiguration matched:
      - @ConditionalOnClass found required classes 'jakarta.servlet.Servlet', 'org.springframework.web.servlet.DispatcherServlet', 'org.springframework.web.servlet.config.annotation.WebMvcConfigurer' (OnClassCondition)
      - found 'session' scope (OnWebApplicationCondition)
      - @ConditionalOnMissingBean (types: org.springframework.web.servlet.config.annotation.WebMvcConfigurationSupport; SearchStrategy: all) did not find any beans (OnBeanCondition)

   WebMvcAutoConfiguration#formContentFilter matched:
      - @ConditionalOnProperty (spring.mvc.formcontent.filter.enabled) matched (OnPropertyCondition)
      - @ConditionalOnMissingBean (types: org.springframework.web.filter.FormContentFilter; SearchStrategy: all) did not find any beans (OnBeanCondition)

   WebMvcAutoConfiguration.EnableWebMvcConfiguration#flashMapManager matched:
      - @ConditionalOnMissingBean (names: flashMapManager; SearchStrategy: all) did not find any beans (OnBeanCondition)

   WebMvcAutoConfiguration.EnableWebMvcConfiguration#localeResolver matched:
      - @ConditionalOnMissingBean (names: localeResolver; SearchStrategy: all) did not find any beans (OnBeanCondition)

   WebMvcAutoConfiguration.EnableWebMvcConfiguration#themeResolver matched:
      - @ConditionalOnMissingBean (names: themeResolver; SearchStrategy: all) did not find any beans (OnBeanCondition)

   WebMvcAutoConfiguration.WebMvcAutoConfigurationAdapter#defaultViewResolver matched:
      - @ConditionalOnMissingBean (types: org.springframework.web.servlet.view.InternalResourceViewResolver; SearchStrategy: all) did not find any beans (OnBeanCondition)

   WebMvcAutoConfiguration.WebMvcAutoConfigurationAdapter#requestContextFilter matched:
      - @ConditionalOnMissingBean (types: org.springframework.web.context.request.RequestContextListener,org.springframework.web.filter.RequestContextFilter; SearchStrategy: all) did not find any beans (OnBeanCondition)

   WebMvcAutoConfiguration.WebMvcAutoConfigurationAdapter#viewResolver matched:
      - @ConditionalOnBean (types: org.springframework.web.servlet.ViewResolver; SearchStrategy: all) found beans 'defaultViewResolver', 'beanNameViewResolver', 'mvcViewResolver'; @ConditionalOnMissingBean (names: viewResolver types: org.springframework.web.servlet.view.ContentNegotiatingViewResolver; SearchStrategy: all) did not find any beans (OnBeanCondition)

   WebSocketServletAutoConfiguration matched:
      - @ConditionalOnClass found required classes 'jakarta.servlet.Servlet', 'jakarta.websocket.server.ServerContainer' (OnClassCondition)
      - found 'session' scope (OnWebApplicationCondition)

   WebSocketServletAutoConfiguration.TomcatWebSocketConfiguration matched:
      - @ConditionalOnClass found required classes 'org.apache.catalina.startup.Tomcat', 'org.apache.tomcat.websocket.server.WsSci' (OnClassCondition)

   WebSocketServletAutoConfiguration.TomcatWebSocketConfiguration#websocketServletWebServerCustomizer matched:
      - @ConditionalOnMissingBean (names: websocketServletWebServerCustomizer; SearchStrategy: all) did not find any beans (OnBeanCondition)


Negative matches:
-----------------

   ActiveMQAutoConfiguration:
      Did not match:
         - @ConditionalOnClass did not find required class 'jakarta.jms.ConnectionFactory' (OnClassCondition)

   AopAutoConfiguration.AspectJAutoProxyingConfiguration.JdkDynamicAutoProxyConfiguration:
      Did not match:
         - @ConditionalOnProperty (spring.aop.proxy-target-class=false) did not find property 'proxy-target-class' (OnPropertyCondition)

   AopAutoConfiguration.ClassProxyingConfiguration:
      Did not match:
         - @ConditionalOnMissingClass found unwanted class 'org.aspectj.weaver.Advice' (OnClassCondition)

   ArtemisAutoConfiguration:
      Did not match:
         - @ConditionalOnClass did not find required class 'jakarta.jms.ConnectionFactory' (OnClassCondition)

   BatchAutoConfiguration:
      Did not match:
         - @ConditionalOnClass did not find required class 'org.springframework.batch.core.launch.JobLauncher' (OnClassCondition)

   Cache2kCacheConfiguration:
      Did not match:
         - @ConditionalOnClass did not find required class 'org.cache2k.Cache2kBuilder' (OnClassCondition)

   CassandraAutoConfiguration:
      Did not match:
         - @ConditionalOnClass did not find required class 'com.datastax.oss.driver.api.core.CqlSession' (OnClassCondition)

   CassandraDataAutoConfiguration:
      Did not match:
         - @ConditionalOnClass did not find required class 'com.datastax.oss.driver.api.core.CqlSession' (OnClassCondition)

   CassandraReactiveDataAutoConfiguration:
      Did not match:
         - @ConditionalOnClass did not find required class 'com.datastax.oss.driver.api.core.CqlSession' (OnClassCondition)

   CassandraReactiveRepositoriesAutoConfiguration:
      Did not match:
         - @ConditionalOnClass did not find required class 'org.springframework.data.cassandra.ReactiveSession' (OnClassCondition)

   CassandraRepositoriesAutoConfiguration:
      Did not match:
         - @ConditionalOnClass did not find required class 'com.datastax.oss.driver.api.core.CqlSession' (OnClassCondition)

   ClientHttpConnectorAutoConfiguration:
      Did not match:
         - @ConditionalOnClass did not find required class 'org.springframework.web.reactive.function.client.WebClient' (OnClassCondition)

   CloudHypermediaAutoConfiguration:
      Did not match:
         - @ConditionalOnClass did not find required class 'org.springframework.hateoas.Link' (OnClassCondition)

   CodecsAutoConfiguration:
      Did not match:
         - @ConditionalOnClass did not find required class 'org.springframework.web.reactive.function.client.WebClient' (OnClassCondition)

   CommonsClientAutoConfiguration.ActuatorConfiguration:
      Did not match:
         - @ConditionalOnClass did not find required class 'org.springframework.boot.actuate.endpoint.annotation.Endpoint' (OnClassCondition)

   CommonsClientAutoConfiguration.DiscoveryLoadBalancerConfiguration:
      Did not match:
         - @ConditionalOnClass did not find required class 'org.springframework.boot.actuate.health.HealthIndicator' (OnClassCondition)

   CouchbaseAutoConfiguration:
      Did not match:
         - @ConditionalOnClass did not find required class 'com.couchbase.client.java.Cluster' (OnClassCondition)

   CouchbaseCacheConfiguration:
      Did not match:
         - @ConditionalOnClass did not find required class 'com.couchbase.client.java.Cluster' (OnClassCondition)

   CouchbaseDataAutoConfiguration:
      Did not match:
         - @ConditionalOnClass did not find required class 'com.couchbase.client.java.Bucket' (OnClassCondition)

   CouchbaseReactiveDataAutoConfiguration:
      Did not match:
         - @ConditionalOnClass did not find required class 'com.couchbase.client.java.Cluster' (OnClassCondition)

   CouchbaseReactiveRepositoriesAutoConfiguration:
      Did not match:
         - @ConditionalOnClass did not find required class 'com.couchbase.client.java.Cluster' (OnClassCondition)

   CouchbaseRepositoriesAutoConfiguration:
      Did not match:
         - @ConditionalOnClass did not find required class 'com.couchbase.client.java.Bucket' (OnClassCondition)

   DataSourceAutoConfiguration.EmbeddedDatabaseConfiguration:
      Did not match:
         - EmbeddedDataSource spring.datasource.url is set (DataSourceAutoConfiguration.EmbeddedDatabaseCondition)

   DataSourceCheckpointRestoreConfiguration:
      Did not match:
         - @ConditionalOnClass did not find required class 'org.crac.Resource' (OnClassCondition)

   DataSourceConfiguration.Dbcp2:
      Did not match:
         - @ConditionalOnClass did not find required class 'org.apache.commons.dbcp2.BasicDataSource' (OnClassCondition)

   DataSourceConfiguration.Generic:
      Did not match:
         - @ConditionalOnProperty (spring.datasource.type) did not find property 'spring.datasource.type' (OnPropertyCondition)

   DataSourceConfiguration.OracleUcp:
      Did not match:
         - @ConditionalOnClass did not find required classes 'oracle.ucp.jdbc.PoolDataSourceImpl', 'oracle.jdbc.OracleConnection' (OnClassCondition)

   DataSourceConfiguration.Tomcat:
      Did not match:
         - @ConditionalOnClass did not find required class 'org.apache.tomcat.jdbc.pool.DataSource' (OnClassCondition)

   DataSourceJmxConfiguration:
      Did not match:
         - @ConditionalOnProperty (spring.jmx.enabled=true) found different value in property 'enabled' (OnPropertyCondition)

   DataSourcePoolMetadataProvidersConfiguration.CommonsDbcp2PoolDataSourceMetadataProviderConfiguration:
      Did not match:
         - @ConditionalOnClass did not find required class 'org.apache.commons.dbcp2.BasicDataSource' (OnClassCondition)

   DataSourcePoolMetadataProvidersConfiguration.OracleUcpPoolDataSourceMetadataProviderConfiguration:
      Did not match:
         - @ConditionalOnClass did not find required classes 'oracle.ucp.jdbc.PoolDataSource', 'oracle.jdbc.OracleConnection' (OnClassCondition)

   DataSourcePoolMetadataProvidersConfiguration.TomcatDataSourcePoolMetadataProviderConfiguration:
      Did not match:
         - @ConditionalOnClass did not find required class 'org.apache.tomcat.jdbc.pool.DataSource' (OnClassCondition)

   DataSourceTransactionManagerAutoConfiguration.JdbcTransactionManagerConfiguration#transactionManager:
      Did not match:
         - @ConditionalOnMissingBean (types: org.springframework.transaction.TransactionManager; SearchStrategy: all) found beans of type 'org.springframework.transaction.TransactionManager' transactionManager (OnBeanCondition)

   DispatcherServletAutoConfiguration.DispatcherServletConfiguration#multipartResolver:
      Did not match:
         - @ConditionalOnBean (types: org.springframework.web.multipart.MultipartResolver; SearchStrategy: all) did not find any beans of type org.springframework.web.multipart.MultipartResolver (OnBeanCondition)

   ElasticsearchClientAutoConfiguration:
      Did not match:
         - @ConditionalOnClass did not find required class 'co.elastic.clients.elasticsearch.ElasticsearchClient' (OnClassCondition)

   ElasticsearchDataAutoConfiguration:
      Did not match:
         - @ConditionalOnClass did not find required class 'org.springframework.data.elasticsearch.client.elc.ElasticsearchTemplate' (OnClassCondition)

   ElasticsearchRepositoriesAutoConfiguration:
      Did not match:
         - @ConditionalOnClass did not find required class 'org.springframework.data.elasticsearch.repository.ElasticsearchRepository' (OnClassCondition)

   ElasticsearchRestClientAutoConfiguration:
      Did not match:
         - @ConditionalOnClass did not find required class 'org.elasticsearch.client.RestClientBuilder' (OnClassCondition)

   EmbeddedLdapAutoConfiguration:
      Did not match:
         - @ConditionalOnClass did not find required class 'com.unboundid.ldap.listener.InMemoryDirectoryServer' (OnClassCondition)

   EmbeddedWebServerFactoryCustomizerAutoConfiguration:
      Did not match:
         - Application is deployed as a WAR file. (OnWarDeploymentCondition)
      Matched:
         - @ConditionalOnWebApplication (required) found 'session' scope (OnWebApplicationCondition)

   ErrorWebFluxAutoConfiguration:
      Did not match:
         - @ConditionalOnClass did not find required class 'org.springframework.web.reactive.config.WebFluxConfigurer' (OnClassCondition)

   FlywayAutoConfiguration:
      Did not match:
         - @ConditionalOnClass did not find required class 'org.flywaydb.core.Flyway' (OnClassCondition)

   FreeMarkerAutoConfiguration:
      Did not match:
         - @ConditionalOnClass did not find required class 'freemarker.template.Configuration' (OnClassCondition)

   GenericCacheConfiguration:
      Did not match:
         - Cache org.springframework.boot.autoconfigure.cache.GenericCacheConfiguration unknown cache type (CacheCondition)

   GraphQlAutoConfiguration:
      Did not match:
         - @ConditionalOnClass did not find required class 'graphql.GraphQL' (OnClassCondition)

   GraphQlQueryByExampleAutoConfiguration:
      Did not match:
         - @ConditionalOnClass did not find required class 'graphql.GraphQL' (OnClassCondition)

   GraphQlQuerydslAutoConfiguration:
      Did not match:
         - @ConditionalOnClass did not find required class 'com.querydsl.core.Query' (OnClassCondition)

   GraphQlRSocketAutoConfiguration:
      Did not match:
         - @ConditionalOnClass did not find required class 'graphql.GraphQL' (OnClassCondition)

   GraphQlReactiveQueryByExampleAutoConfiguration:
      Did not match:
         - @ConditionalOnClass did not find required class 'graphql.GraphQL' (OnClassCondition)

   GraphQlReactiveQuerydslAutoConfiguration:
      Did not match:
         - @ConditionalOnClass did not find required class 'com.querydsl.core.Query' (OnClassCondition)

   GraphQlWebFluxAutoConfiguration:
      Did not match:
         - @ConditionalOnClass did not find required class 'graphql.GraphQL' (OnClassCondition)

   GraphQlWebFluxSecurityAutoConfiguration:
      Did not match:
         - @ConditionalOnClass did not find required class 'graphql.GraphQL' (OnClassCondition)

   GraphQlWebMvcAutoConfiguration:
      Did not match:
         - @ConditionalOnClass did not find required class 'graphql.GraphQL' (OnClassCondition)

   GraphQlWebMvcSecurityAutoConfiguration:
      Did not match:
         - @ConditionalOnClass did not find required class 'graphql.GraphQL' (OnClassCondition)

   GroovyTemplateAutoConfiguration:
      Did not match:
         - @ConditionalOnClass did not find required class 'groovy.text.markup.MarkupTemplateEngine' (OnClassCondition)

   GsonAutoConfiguration:
      Did not match:
         - @ConditionalOnClass did not find required class 'com.google.gson.Gson' (OnClassCondition)

   GsonHttpMessageConvertersConfiguration:
      Did not match:
         - @ConditionalOnClass did not find required class 'com.google.gson.Gson' (OnClassCondition)

   H2ConsoleAutoConfiguration:
      Did not match:
         - @ConditionalOnProperty (spring.h2.console.enabled=true) did not find property 'enabled' (OnPropertyCondition)
      Matched:
         - @ConditionalOnClass found required class 'org.h2.server.web.JakartaWebServlet' (OnClassCondition)
         - found 'session' scope (OnWebApplicationCondition)

   HazelcastAutoConfiguration:
      Did not match:
         - @ConditionalOnClass did not find required class 'com.hazelcast.core.HazelcastInstance' (OnClassCondition)

   HazelcastCacheConfiguration:
      Did not match:
         - @ConditionalOnClass did not find required class 'com.hazelcast.core.HazelcastInstance' (OnClassCondition)

   HazelcastJpaDependencyAutoConfiguration:
      Did not match:
         - @ConditionalOnClass did not find required class 'com.hazelcast.core.HazelcastInstance' (OnClassCondition)

   HttpHandlerAutoConfiguration:
      Did not match:
         - @ConditionalOnClass did not find required class 'org.springframework.web.reactive.DispatcherHandler' (OnClassCondition)

   HypermediaAutoConfiguration:
      Did not match:
         - @ConditionalOnClass did not find required class 'org.springframework.hateoas.EntityModel' (OnClassCondition)

   InfinispanCacheConfiguration:
      Did not match:
         - @ConditionalOnClass did not find required class 'org.infinispan.spring.embedded.provider.SpringEmbeddedCacheManager' (OnClassCondition)

   InfluxDbAutoConfiguration:
      Did not match:
         - @ConditionalOnClass did not find required class 'org.influxdb.InfluxDB' (OnClassCondition)

   IntegrationAutoConfiguration:
      Did not match:
         - @ConditionalOnClass did not find required class 'org.springframework.integration.config.EnableIntegration' (OnClassCondition)

   JCacheCacheConfiguration:
      Did not match:
         - @ConditionalOnClass did not find required class 'javax.cache.Caching' (OnClassCondition)

   JacksonHttpMessageConvertersConfiguration.MappingJackson2XmlHttpMessageConverterConfiguration:
      Did not match:
         - @ConditionalOnClass did not find required class 'com.fasterxml.jackson.dataformat.xml.XmlMapper' (OnClassCondition)

   JdbcRepositoriesAutoConfiguration:
      Did not match:
         - @ConditionalOnClass did not find required class 'org.springframework.data.jdbc.repository.config.AbstractJdbcConfiguration' (OnClassCondition)

   JerseyAutoConfiguration:
      Did not match:
         - @ConditionalOnClass did not find required class 'org.glassfish.jersey.server.spring.SpringComponentProvider' (OnClassCondition)

   JmsAutoConfiguration:
      Did not match:
         - @ConditionalOnClass did not find required class 'jakarta.jms.Message' (OnClassCondition)

   JmxAutoConfiguration:
      Did not match:
         - @ConditionalOnProperty (spring.jmx.enabled=true) found different value in property 'enabled' (OnPropertyCondition)
      Matched:
         - @ConditionalOnClass found required class 'org.springframework.jmx.export.MBeanExporter' (OnClassCondition)

   JndiConnectionFactoryAutoConfiguration:
      Did not match:
         - @ConditionalOnClass did not find required class 'org.springframework.jms.core.JmsTemplate' (OnClassCondition)

   JndiDataSourceAutoConfiguration:
      Did not match:
         - @ConditionalOnProperty (spring.datasource.jndi-name) did not find property 'jndi-name' (OnPropertyCondition)
      Matched:
         - @ConditionalOnClass found required classes 'javax.sql.DataSource', 'org.springframework.jdbc.datasource.embedded.EmbeddedDatabaseType' (OnClassCondition)

   JndiJtaConfiguration:
      Did not match:
         - @ConditionalOnJndi JNDI environment is not available (OnJndiCondition)
      Matched:
         - @ConditionalOnClass found required class 'org.springframework.transaction.jta.JtaTransactionManager' (OnClassCondition)

   JooqAutoConfiguration:
      Did not match:
         - @ConditionalOnClass did not find required class 'org.jooq.DSLContext' (OnClassCondition)

   JpaRepositoriesAutoConfiguration#entityManagerFactoryBootstrapExecutorCustomizer:
      Did not match:
         - AnyNestedCondition 0 matched 2 did not; NestedCondition on JpaRepositoriesAutoConfiguration.BootstrapExecutorCondition.LazyBootstrapMode @ConditionalOnProperty (spring.data.jpa.repositories.bootstrap-mode=lazy) did not find property 'bootstrap-mode'; NestedCondition on JpaRepositoriesAutoConfiguration.BootstrapExecutorCondition.DeferredBootstrapMode @ConditionalOnProperty (spring.data.jpa.repositories.bootstrap-mode=deferred) did not find property 'bootstrap-mode' (JpaRepositoriesAutoConfiguration.BootstrapExecutorCondition)

   JsonbAutoConfiguration:
      Did not match:
         - @ConditionalOnClass did not find required class 'jakarta.json.bind.Jsonb' (OnClassCondition)

   JsonbHttpMessageConvertersConfiguration:
      Did not match:
         - @ConditionalOnClass did not find required class 'jakarta.json.bind.Jsonb' (OnClassCondition)

   KafkaAutoConfiguration:
      Did not match:
         - @ConditionalOnClass did not find required class 'org.springframework.kafka.core.KafkaTemplate' (OnClassCondition)

   LdapAutoConfiguration:
      Did not match:
         - @ConditionalOnClass did not find required class 'org.springframework.ldap.core.ContextSource' (OnClassCondition)

   LdapRepositoriesAutoConfiguration:
      Did not match:
         - @ConditionalOnClass did not find required class 'org.springframework.data.ldap.repository.LdapRepository' (OnClassCondition)

   LiquibaseAutoConfiguration:
      Did not match:
         - @ConditionalOnClass did not find required class 'liquibase.change.DatabaseChange' (OnClassCondition)

   LoadBalancerAutoConfiguration:
      Did not match:
         - @ConditionalOnBean (types: org.springframework.cloud.client.loadbalancer.LoadBalancerClient; SearchStrategy: all) did not find any beans of type org.springframework.cloud.client.loadbalancer.LoadBalancerClient (OnBeanCondition)
      Matched:
         - AnyNestedCondition 2 matched 0 did not; NestedCondition on BlockingRestClassesPresentCondition.RestClientPresent @ConditionalOnClass found required class 'org.springframework.web.client.RestClient'; NestedCondition on BlockingRestClassesPresentCondition.RestTemplatePresent @ConditionalOnClass found required class 'org.springframework.web.client.RestTemplate' (BlockingRestClassesPresentCondition)

   LoadBalancerAutoConfiguration.RetryAutoConfiguration:
      Did not match:
         - @ConditionalOnClass did not find required class 'org.springframework.retry.support.RetryTemplate' (OnClassCondition)
         - Ancestor org.springframework.cloud.client.loadbalancer.LoadBalancerAutoConfiguration did not match (ConditionEvaluationReport.AncestorsMatchedCondition)

   LoadBalancerAutoConfiguration.RetryInterceptorAutoConfiguration:
      Did not match:
         - @ConditionalOnClass did not find required class 'org.springframework.retry.support.RetryTemplate' (OnClassCondition)
         - Ancestor org.springframework.cloud.client.loadbalancer.LoadBalancerAutoConfiguration did not match (ConditionEvaluationReport.AncestorsMatchedCondition)

   LoadBalancerBeanPostProcessorAutoConfiguration:
      Did not match:
         - @ConditionalOnClass did not find required class 'org.springframework.web.reactive.function.client.WebClient' (OnClassCondition)

   MailSenderAutoConfiguration:
      Did not match:
         - @ConditionalOnClass did not find required class 'jakarta.mail.internet.MimeMessage' (OnClassCondition)

   MailSenderValidatorAutoConfiguration:
      Did not match:
         - @ConditionalOnProperty (spring.mail.test-connection) did not find property 'test-connection' (OnPropertyCondition)

   MessageSourceAutoConfiguration:
      Did not match:
         - ResourceBundle did not find bundle with basename messages (MessageSourceAutoConfiguration.ResourceBundleCondition)

   MongoAutoConfiguration:
      Did not match:
         - @ConditionalOnClass did not find required class 'com.mongodb.client.MongoClient' (OnClassCondition)

   MongoDataAutoConfiguration:
      Did not match:
         - @ConditionalOnClass did not find required class 'com.mongodb.client.MongoClient' (OnClassCondition)

   MongoReactiveAutoConfiguration:
      Did not match:
         - @ConditionalOnClass did not find required class 'com.mongodb.reactivestreams.client.MongoClient' (OnClassCondition)

   MongoReactiveDataAutoConfiguration:
      Did not match:
         - @ConditionalOnClass did not find required class 'com.mongodb.reactivestreams.client.MongoClient' (OnClassCondition)

   MongoReactiveRepositoriesAutoConfiguration:
      Did not match:
         - @ConditionalOnClass did not find required class 'com.mongodb.reactivestreams.client.MongoClient' (OnClassCondition)

   MongoRepositoriesAutoConfiguration:
      Did not match:
         - @ConditionalOnClass did not find required class 'com.mongodb.client.MongoClient' (OnClassCondition)

   MustacheAutoConfiguration:
      Did not match:
         - @ConditionalOnClass did not find required class 'com.samskivert.mustache.Mustache' (OnClassCondition)

   Neo4jAutoConfiguration:
      Did not match:
         - @ConditionalOnClass did not find required class 'org.neo4j.driver.Driver' (OnClassCondition)

   Neo4jDataAutoConfiguration:
      Did not match:
         - @ConditionalOnClass did not find required class 'org.neo4j.driver.Driver' (OnClassCondition)

   Neo4jReactiveDataAutoConfiguration:
      Did not match:
         - @ConditionalOnClass did not find required class 'org.neo4j.driver.Driver' (OnClassCondition)

   Neo4jReactiveRepositoriesAutoConfiguration:
      Did not match:
         - @ConditionalOnClass did not find required class 'org.neo4j.driver.Driver' (OnClassCondition)

   Neo4jRepositoriesAutoConfiguration:
      Did not match:
         - @ConditionalOnClass did not find required class 'org.neo4j.driver.Driver' (OnClassCondition)

   NettyAutoConfiguration:
      Did not match:
         - @ConditionalOnClass did not find required class 'io.netty.util.NettyRuntime' (OnClassCondition)

   NoOpCacheConfiguration:
      Did not match:
         - Cache org.springframework.boot.autoconfigure.cache.NoOpCacheConfiguration unknown cache type (CacheCondition)

   OAuth2AuthorizationServerAutoConfiguration:
      Did not match:
         - @ConditionalOnClass did not find required class 'org.springframework.security.oauth2.server.authorization.OAuth2Authorization' (OnClassCondition)

   OAuth2AuthorizationServerJwtAutoConfiguration:
      Did not match:
         - @ConditionalOnClass did not find required class 'org.springframework.security.oauth2.server.authorization.OAuth2Authorization' (OnClassCondition)

   OAuth2ClientAutoConfiguration:
      Did not match:
         - @ConditionalOnClass did not find required class 'org.springframework.security.config.annotation.web.configuration.EnableWebSecurity' (OnClassCondition)

   OAuth2ResourceServerAutoConfiguration:
      Did not match:
         - @ConditionalOnClass did not find required class 'org.springframework.security.oauth2.server.resource.authentication.BearerTokenAuthenticationToken' (OnClassCondition)

   ProjectInfoAutoConfiguration#buildProperties:
      Did not match:
         - @ConditionalOnResource did not find resource '${spring.info.build.location:classpath:META-INF/build-info.properties}' (OnResourceCondition)

   ProjectInfoAutoConfiguration#gitProperties:
      Did not match:
         - GitResource did not find git info at classpath:git.properties (ProjectInfoAutoConfiguration.GitResourceAvailableCondition)

   PulsarAutoConfiguration:
      Did not match:
         - @ConditionalOnClass did not find required class 'org.apache.pulsar.client.api.PulsarClient' (OnClassCondition)

   PulsarReactiveAutoConfiguration:
      Did not match:
         - @ConditionalOnClass did not find required class 'org.apache.pulsar.client.api.PulsarClient' (OnClassCondition)

   QuartzAutoConfiguration:
      Did not match:
         - @ConditionalOnClass did not find required class 'org.quartz.Scheduler' (OnClassCondition)

   R2dbcAutoConfiguration:
      Did not match:
         - @ConditionalOnClass did not find required class 'io.r2dbc.spi.ConnectionFactory' (OnClassCondition)

   R2dbcDataAutoConfiguration:
      Did not match:
         - @ConditionalOnClass did not find required class 'org.springframework.data.r2dbc.core.R2dbcEntityTemplate' (OnClassCondition)

   R2dbcRepositoriesAutoConfiguration:
      Did not match:
         - @ConditionalOnClass did not find required class 'io.r2dbc.spi.ConnectionFactory' (OnClassCondition)

   R2dbcTransactionManagerAutoConfiguration:
      Did not match:
         - @ConditionalOnClass did not find required class 'org.springframework.r2dbc.connection.R2dbcTransactionManager' (OnClassCondition)

   RSocketGraphQlClientAutoConfiguration:
      Did not match:
         - @ConditionalOnClass did not find required class 'graphql.GraphQL' (OnClassCondition)

   RSocketMessagingAutoConfiguration:
      Did not match:
         - @ConditionalOnClass did not find required class 'io.rsocket.RSocket' (OnClassCondition)

   RSocketRequesterAutoConfiguration:
      Did not match:
         - @ConditionalOnClass did not find required class 'io.rsocket.RSocket' (OnClassCondition)

   RSocketSecurityAutoConfiguration:
      Did not match:
         - @ConditionalOnClass did not find required class 'org.springframework.security.rsocket.core.SecuritySocketAcceptorInterceptor' (OnClassCondition)

   RSocketServerAutoConfiguration:
      Did not match:
         - @ConditionalOnClass did not find required class 'io.rsocket.core.RSocketServer' (OnClassCondition)

   RSocketStrategiesAutoConfiguration:
      Did not match:
         - @ConditionalOnClass did not find required class 'io.netty.buffer.PooledByteBufAllocator' (OnClassCondition)

   RabbitAutoConfiguration:
      Did not match:
         - @ConditionalOnClass did not find required class 'com.rabbitmq.client.Channel' (OnClassCondition)

   ReactiveCommonsClientAutoConfiguration.ReactiveDiscoveryLoadBalancerConfiguration:
      Did not match:
         - @ConditionalOnClass did not find required classes 'org.springframework.boot.actuate.health.ReactiveHealthIndicator', 'org.springframework.web.reactive.function.client.WebClient' (OnClassCondition)

   ReactiveCompositeDiscoveryClientAutoConfiguration:
      Did not match:
         - @ConditionalOnClass did not find required class 'org.springframework.web.reactive.function.client.WebClient' (OnClassCondition)

   ReactiveElasticsearchClientAutoConfiguration:
      Did not match:
         - @ConditionalOnClass did not find required class 'co.elastic.clients.transport.ElasticsearchTransport' (OnClassCondition)

   ReactiveElasticsearchRepositoriesAutoConfiguration:
      Did not match:
         - @ConditionalOnClass did not find required class 'org.springframework.data.elasticsearch.client.elc.ReactiveElasticsearchClient' (OnClassCondition)

   ReactiveMultipartAutoConfiguration:
      Did not match:
         - @ConditionalOnClass did not find required class 'org.springframework.web.reactive.config.WebFluxConfigurer' (OnClassCondition)

   ReactiveOAuth2ClientAutoConfiguration:
      Did not match:
         - @ConditionalOnClass did not find required class 'reactor.core.publisher.Flux' (OnClassCondition)

   ReactiveOAuth2ResourceServerAutoConfiguration:
      Did not match:
         - @ConditionalOnClass did not find required class 'org.springframework.security.config.annotation.web.reactive.EnableWebFluxSecurity' (OnClassCondition)

   ReactiveSecurityAutoConfiguration:
      Did not match:
         - @ConditionalOnClass did not find required class 'reactor.core.publisher.Flux' (OnClassCondition)

   ReactiveUserDetailsServiceAutoConfiguration:
      Did not match:
         - @ConditionalOnClass did not find required class 'org.springframework.security.authentication.ReactiveAuthenticationManager' (OnClassCondition)

   ReactiveWebServerFactoryAutoConfiguration:
      Did not match:
         - @ConditionalOnWebApplication did not find reactive web application classes (OnWebApplicationCondition)

   ReactorAutoConfiguration:
      Did not match:
         - @ConditionalOnClass did not find required class 'reactor.core.publisher.Hooks' (OnClassCondition)

   ReactorLoadBalancerClientAutoConfiguration:
      Did not match:
         - @ConditionalOnClass did not find required class 'org.springframework.web.reactive.function.client.WebClient' (OnClassCondition)

   RedisAutoConfiguration:
      Did not match:
         - @ConditionalOnClass did not find required class 'org.springframework.data.redis.core.RedisOperations' (OnClassCondition)

   RedisCacheConfiguration:
      Did not match:
         - @ConditionalOnClass did not find required class 'org.springframework.data.redis.connection.RedisConnectionFactory' (OnClassCondition)

   RedisReactiveAutoConfiguration:
      Did not match:
         - @ConditionalOnClass did not find required class 'reactor.core.publisher.Flux' (OnClassCondition)

   RedisRepositoriesAutoConfiguration:
      Did not match:
         - @ConditionalOnClass did not find required class 'org.springframework.data.redis.repository.configuration.EnableRedisRepositories' (OnClassCondition)

   RefreshAutoConfiguration#legacyContextRefresher:
      Did not match:
         - AnyNestedCondition 0 matched 3 did not; NestedCondition on ConditionalOnBootstrapEnabled.OnBootstrapEnabledCondition.OnBootstrapEnabled @ConditionalOnProperty (spring.cloud.bootstrap.enabled) did not find property 'spring.cloud.bootstrap.enabled'; NestedCondition on ConditionalOnBootstrapEnabled.OnBootstrapEnabledCondition.OnUseLegacyProcessingEnabled @ConditionalOnProperty (spring.config.use-legacy-processing) did not find property 'spring.config.use-legacy-processing'; NestedCondition on ConditionalOnBootstrapEnabled.OnBootstrapEnabledCondition.OnBootstrapMarkerClassPresent @ConditionalOnClass did not find required class 'org.springframework.cloud.bootstrap.marker.Marker' (ConditionalOnBootstrapEnabled.OnBootstrapEnabledCondition)

   RefreshAutoConfiguration.JpaInvokerConfiguration:
      Did not match:
         - @ConditionalOnClass did not find required class 'javax.persistence.EntityManagerFactory' (OnClassCondition)

   RefreshEndpointAutoConfiguration:
      Did not match:
         - @ConditionalOnClass did not find required class 'org.springframework.boot.actuate.autoconfigure.endpoint.EndpointAutoConfiguration' (OnClassCondition)

   RepositoryRestMvcAutoConfiguration:
      Did not match:
         - @ConditionalOnClass did not find required class 'org.springframework.data.rest.webmvc.config.RepositoryRestMvcConfiguration' (OnClassCondition)

   Saml2RelyingPartyAutoConfiguration:
      Did not match:
         - @ConditionalOnClass did not find required class 'org.springframework.security.saml2.provider.service.registration.RelyingPartyRegistrationRepository' (OnClassCondition)

   SecurityAutoConfiguration:
      Did not match:
         - @ConditionalOnClass did not find required class 'org.springframework.security.authentication.DefaultAuthenticationEventPublisher' (OnClassCondition)

   SecurityFilterAutoConfiguration:
      Did not match:
         - @ConditionalOnClass did not find required class 'org.springframework.security.config.http.SessionCreationPolicy' (OnClassCondition)

   SendGridAutoConfiguration:
      Did not match:
         - @ConditionalOnClass did not find required class 'com.sendgrid.SendGrid' (OnClassCondition)

   ServiceRegistryAutoConfiguration.ServiceRegistryEndpointConfiguration:
      Did not match:
         - @ConditionalOnClass did not find required class 'org.springframework.boot.actuate.endpoint.annotation.Endpoint' (OnClassCondition)

   ServletWebServerFactoryAutoConfiguration.ForwardedHeaderFilterConfiguration:
      Did not match:
         - @ConditionalOnProperty (server.forward-headers-strategy=framework) did not find property 'server.forward-headers-strategy' (OnPropertyCondition)

   ServletWebServerFactoryConfiguration.EmbeddedJetty:
      Did not match:
         - @ConditionalOnClass did not find required classes 'org.eclipse.jetty.server.Server', 'org.eclipse.jetty.util.Loader', 'org.eclipse.jetty.ee10.webapp.WebAppContext' (OnClassCondition)

   ServletWebServerFactoryConfiguration.EmbeddedUndertow:
      Did not match:
         - @ConditionalOnClass did not find required classes 'io.undertow.Undertow', 'org.xnio.SslClientAuthMode' (OnClassCondition)

   SessionAutoConfiguration:
      Did not match:
         - @ConditionalOnClass did not find required class 'org.springframework.session.Session' (OnClassCondition)

   SimpleCacheConfiguration:
      Did not match:
         - Cache org.springframework.boot.autoconfigure.cache.SimpleCacheConfiguration unknown cache type (CacheCondition)

   SimpleReactiveDiscoveryClientAutoConfiguration:
      Did not match:
         - @ConditionalOnClass did not find required class 'org.springframework.web.reactive.function.client.WebClient' (OnClassCondition)

   SpringApplicationAdminJmxAutoConfiguration:
      Did not match:
         - @ConditionalOnProperty (spring.application.admin.enabled=true) did not find property 'enabled' (OnPropertyCondition)

   SqlInitializationAutoConfiguration:
      Did not match:
         - NoneNestedConditions 1 matched 0 did not; NestedCondition on SqlInitializationAutoConfiguration.SqlInitializationModeCondition.ModeIsNever @ConditionalOnProperty (spring.sql.init.mode=never) matched (SqlInitializationAutoConfiguration.SqlInitializationModeCondition)
      Matched:
         - @ConditionalOnProperty (spring.sql.init.enabled) matched (OnPropertyCondition)

   TaskExecutorConfigurations.SimpleAsyncTaskExecutorBuilderConfiguration#simpleAsyncTaskExecutorBuilderVirtualThreads:
      Did not match:
         - @ConditionalOnMissingBean (types: org.springframework.boot.task.SimpleAsyncTaskExecutorBuilder; SearchStrategy: all) found beans of type 'org.springframework.boot.task.SimpleAsyncTaskExecutorBuilder' simpleAsyncTaskExecutorBuilder (OnBeanCondition)

   TaskExecutorConfigurations.TaskExecutorConfiguration#applicationTaskExecutorVirtualThreads:
      Did not match:
         - @ConditionalOnThreading did not find VIRTUAL (OnThreadingCondition)

   TaskSchedulingAutoConfiguration#scheduledBeanLazyInitializationExcludeFilter:
      Did not match:
         - @ConditionalOnBean (names: org.springframework.context.annotation.internalScheduledAnnotationProcessor; SearchStrategy: all) did not find any beans named org.springframework.context.annotation.internalScheduledAnnotationProcessor (OnBeanCondition)

   TaskSchedulingConfigurations.SimpleAsyncTaskSchedulerBuilderConfiguration#simpleAsyncTaskSchedulerBuilderVirtualThreads:
      Did not match:
         - @ConditionalOnMissingBean (types: org.springframework.boot.task.SimpleAsyncTaskSchedulerBuilder; SearchStrategy: all) found beans of type 'org.springframework.boot.task.SimpleAsyncTaskSchedulerBuilder' simpleAsyncTaskSchedulerBuilder (OnBeanCondition)

   TaskSchedulingConfigurations.TaskSchedulerConfiguration:
      Did not match:
         - @ConditionalOnBean (names: org.springframework.context.annotation.internalScheduledAnnotationProcessor; SearchStrategy: all) did not find any beans named org.springframework.context.annotation.internalScheduledAnnotationProcessor (OnBeanCondition)

   ThymeleafAutoConfiguration:
      Did not match:
         - @ConditionalOnClass did not find required class 'org.thymeleaf.spring6.SpringTemplateEngine' (OnClassCondition)

   TransactionAutoConfiguration#transactionalOperator:
      Did not match:
         - @ConditionalOnSingleCandidate (types: org.springframework.transaction.ReactiveTransactionManager; SearchStrategy: all) did not find any beans (OnBeanCondition)

   TransactionAutoConfiguration.AspectJTransactionManagementConfiguration:
      Did not match:
         - @ConditionalOnBean (types: org.springframework.transaction.aspectj.AbstractTransactionAspect; SearchStrategy: all) did not find any beans of type org.springframework.transaction.aspectj.AbstractTransactionAspect (OnBeanCondition)

   TransactionAutoConfiguration.EnableTransactionManagementConfiguration.JdkDynamicAutoProxyConfiguration:
      Did not match:
         - @ConditionalOnProperty (spring.aop.proxy-target-class=false) did not find property 'proxy-target-class' (OnPropertyCondition)

   UserDetailsServiceAutoConfiguration:
      Did not match:
         - @ConditionalOnClass did not find required class 'org.springframework.security.authentication.AuthenticationManager' (OnClassCondition)

   ValidationAutoConfiguration:
      Did not match:
         - @ConditionalOnClass did not find required class 'jakarta.validation.executable.ExecutableValidator' (OnClassCondition)

   WebClientAutoConfiguration:
      Did not match:
         - @ConditionalOnClass did not find required class 'org.springframework.web.reactive.function.client.WebClient' (OnClassCondition)

   WebFluxAutoConfiguration:
      Did not match:
         - @ConditionalOnClass did not find required class 'org.springframework.web.reactive.config.WebFluxConfigurer' (OnClassCondition)

   WebMvcAutoConfiguration#hiddenHttpMethodFilter:
      Did not match:
         - @ConditionalOnProperty (spring.mvc.hiddenmethod.filter.enabled) did not find property 'enabled' (OnPropertyCondition)

   WebMvcAutoConfiguration.ProblemDetailsErrorHandlingConfiguration:
      Did not match:
         - @ConditionalOnProperty (spring.mvc.problemdetails.enabled=true) did not find property 'enabled' (OnPropertyCondition)

   WebMvcAutoConfiguration.ResourceChainCustomizerConfiguration:
      Did not match:
         - @ConditionalOnEnabledResourceChain did not find class org.webjars.WebJarAssetLocator (OnEnabledResourceChainCondition)

   WebMvcAutoConfiguration.WebMvcAutoConfigurationAdapter#beanNameViewResolver:
      Did not match:
         - @ConditionalOnMissingBean (types: org.springframework.web.servlet.view.BeanNameViewResolver; SearchStrategy: all) found beans of type 'org.springframework.web.servlet.view.BeanNameViewResolver' beanNameViewResolver (OnBeanCondition)

   WebServiceTemplateAutoConfiguration:
      Did not match:
         - @ConditionalOnClass did not find required class 'org.springframework.oxm.Marshaller' (OnClassCondition)

   WebServicesAutoConfiguration:
      Did not match:
         - @ConditionalOnClass did not find required class 'org.springframework.ws.transport.http.MessageDispatcherServlet' (OnClassCondition)

   WebSessionIdResolverAutoConfiguration:
      Did not match:
         - @ConditionalOnClass did not find required class 'reactor.core.publisher.Mono' (OnClassCondition)

   WebSocketMessagingAutoConfiguration:
      Did not match:
         - @ConditionalOnClass did not find required class 'org.springframework.web.socket.config.annotation.WebSocketMessageBrokerConfigurer' (OnClassCondition)

   WebSocketReactiveAutoConfiguration:
      Did not match:
         - @ConditionalOnWebApplication did not find reactive web application classes (OnWebApplicationCondition)

   WebSocketServletAutoConfiguration.JettyWebSocketConfiguration:
      Did not match:
         - @ConditionalOnClass did not find required class 'org.eclipse.jetty.ee10.websocket.jakarta.server.config.JakartaWebSocketServletContainerInitializer' (OnClassCondition)

   WebSocketServletAutoConfiguration.UndertowWebSocketConfiguration:
      Did not match:
         - @ConditionalOnClass did not find required class 'io.undertow.websockets.jsr.Bootstrap' (OnClassCondition)

   WritableEnvironmentEndpointAutoConfiguration:
      Did not match:
         - @ConditionalOnClass did not find required class 'org.springframework.boot.actuate.autoconfigure.env.EnvironmentEndpointProperties' (OnClassCondition)

   XADataSourceAutoConfiguration:
      Did not match:
         - @ConditionalOnBean (types: org.springframework.boot.jdbc.XADataSourceWrapper; SearchStrategy: all) did not find any beans of type org.springframework.boot.jdbc.XADataSourceWrapper (OnBeanCondition)
      Matched:
         - @ConditionalOnClass found required classes 'javax.sql.DataSource', 'jakarta.transaction.TransactionManager', 'org.springframework.jdbc.datasource.embedded.EmbeddedDatabaseType' (OnClassCondition)


Exclusions:
-----------

    None


Unconditional classes:
----------------------

    org.springframework.boot.autoconfigure.context.ConfigurationPropertiesAutoConfiguration

    org.springframework.cloud.client.ReactiveCommonsClientAutoConfiguration

    org.springframework.boot.autoconfigure.ssl.SslAutoConfiguration

    org.springframework.boot.autoconfigure.context.PropertyPlaceholderAutoConfiguration

    org.springframework.cloud.client.discovery.simple.SimpleDiscoveryClientAutoConfiguration

    org.springframework.boot.autoconfigure.context.LifecycleAutoConfiguration

    org.springframework.cloud.client.CommonsClientAutoConfiguration

    org.springframework.cloud.commons.config.CommonsConfigAutoConfiguration

    org.springframework.cloud.client.loadbalancer.LoadBalancerDefaultMappingsProviderAutoConfiguration

    org.springframework.cloud.client.discovery.composite.CompositeDiscoveryClientAutoConfiguration

    org.springframework.cloud.client.serviceregistry.ServiceRegistryAutoConfiguration

    org.springframework.cloud.autoconfigure.LifecycleMvcEndpointAutoConfiguration

    org.springframework.boot.autoconfigure.availability.ApplicationAvailabilityAutoConfiguration

    org.springframework.boot.autoconfigure.info.ProjectInfoAutoConfiguration



2024-05-20T15:23:04.597-03:00  INFO 729111 --- [person-service] [           main] com.srmasset.ApplicationTests            : Started ApplicationTests in 4.805 seconds (process running for 5.613)
2024-05-20T15:23:04.600-03:00 DEBUG 729111 --- [person-service] [           main] o.s.b.a.ApplicationAvailabilityBean      : Application availability state LivenessState changed to CORRECT
2024-05-20T15:23:04.604-03:00 DEBUG 729111 --- [person-service] [           main] o.s.b.a.ApplicationAvailabilityBean      : Application availability state ReadinessState changed to ACCEPTING_TRAFFIC
2024-05-20T15:23:04.607-03:00 DEBUG 729111 --- [person-service] [           main] org.springframework.test.context.cache   : Spring test ApplicationContext cache statistics: [DefaultContextCache@24facb47 size = 1, maxSize = 32, parentContextCount = 0, hitCount = 0, missCount = 1, failureCount = 0]
2024-05-20T15:23:04.608-03:00 DEBUG 729111 --- [person-service] [           main] o.s.t.c.w.ServletTestExecutionListener   : Setting up MockHttpServletRequest, MockHttpServletResponse, ServletWebRequest, and RequestContextHolder for test class com.srmasset.ApplicationTests
2024-05-20T15:23:04.619-03:00 DEBUG 729111 --- [person-service] [           main] org.springframework.test.context.cache   : Spring test ApplicationContext cache statistics: [DefaultContextCache@24facb47 size = 1, maxSize = 32, parentContextCount = 0, hitCount = 1, missCount = 1, failureCount = 0]
2024-05-20T15:23:04.620-03:00 DEBUG 729111 --- [person-service] [           main] DependencyInjectionTestExecutionListener : Performing dependency injection for test class com.srmasset.ApplicationTests
2024-05-20T15:23:04.620-03:00 DEBUG 729111 --- [person-service] [           main] org.springframework.test.context.cache   : Spring test ApplicationContext cache statistics: [DefaultContextCache@24facb47 size = 1, maxSize = 32, parentContextCount = 0, hitCount = 2, missCount = 1, failureCount = 0]
2024-05-20T15:23:04.622-03:00 DEBUG 729111 --- [person-service] [           main] org.springframework.test.context.cache   : Spring test ApplicationContext cache statistics: [DefaultContextCache@24facb47 size = 1, maxSize = 32, parentContextCount = 0, hitCount = 3, missCount = 1, failureCount = 0]
2024-05-20T15:23:04.637-03:00 DEBUG 729111 --- [person-service] [           main] sContextBeforeModesTestExecutionListener : Before test method: class [ApplicationTests], method [contextLoads], class annotated with @DirtiesContext [false] with mode [null], method annotated with @DirtiesContext [false] with mode [null]
2024-05-20T15:23:04.638-03:00 DEBUG 729111 --- [person-service] [           main] org.springframework.test.context.cache   : Spring test ApplicationContext cache statistics: [DefaultContextCache@24facb47 size = 1, maxSize = 32, parentContextCount = 0, hitCount = 4, missCount = 1, failureCount = 0]
2024-05-20T15:23:04.639-03:00 DEBUG 729111 --- [person-service] [           main] org.springframework.test.context.cache   : Spring test ApplicationContext cache statistics: [DefaultContextCache@24facb47 size = 1, maxSize = 32, parentContextCount = 0, hitCount = 5, missCount = 1, failureCount = 0]
2024-05-20T15:23:04.643-03:00 DEBUG 729111 --- [person-service] [           main] org.springframework.test.context.cache   : Spring test ApplicationContext cache statistics: [DefaultContextCache@24facb47 size = 1, maxSize = 32, parentContextCount = 0, hitCount = 6, missCount = 1, failureCount = 0]
2024-05-20T15:23:04.650-03:00 DEBUG 729111 --- [person-service] [           main] org.springframework.test.context.cache   : Spring test ApplicationContext cache statistics: [DefaultContextCache@24facb47 size = 1, maxSize = 32, parentContextCount = 0, hitCount = 7, missCount = 1, failureCount = 0]
2024-05-20T15:23:04.651-03:00 DEBUG 729111 --- [person-service] [           main] org.springframework.test.context.cache   : Spring test ApplicationContext cache statistics: [DefaultContextCache@24facb47 size = 1, maxSize = 32, parentContextCount = 0, hitCount = 8, missCount = 1, failureCount = 0]
2024-05-20T15:23:04.651-03:00 DEBUG 729111 --- [person-service] [           main] org.springframework.test.context.cache   : Spring test ApplicationContext cache statistics: [DefaultContextCache@24facb47 size = 1, maxSize = 32, parentContextCount = 0, hitCount = 9, missCount = 1, failureCount = 0]
2024-05-20T15:23:04.652-03:00 DEBUG 729111 --- [person-service] [           main] org.springframework.test.context.cache   : Spring test ApplicationContext cache statistics: [DefaultContextCache@24facb47 size = 1, maxSize = 32, parentContextCount = 0, hitCount = 10, missCount = 1, failureCount = 0]
2024-05-20T15:23:04.653-03:00 DEBUG 729111 --- [person-service] [           main] org.springframework.test.context.cache   : Spring test ApplicationContext cache statistics: [DefaultContextCache@24facb47 size = 1, maxSize = 32, parentContextCount = 0, hitCount = 11, missCount = 1, failureCount = 0]
2024-05-20T15:23:04.655-03:00 DEBUG 729111 --- [person-service] [           main] org.springframework.test.context.cache   : Spring test ApplicationContext cache statistics: [DefaultContextCache@24facb47 size = 1, maxSize = 32, parentContextCount = 0, hitCount = 12, missCount = 1, failureCount = 0]
2024-05-20T15:23:04.656-03:00 DEBUG 729111 --- [person-service] [           main] .c.s.DirtiesContextTestExecutionListener : After test method: class [ApplicationTests], method [contextLoads], class annotated with @DirtiesContext [false] with mode [null], method annotated with @DirtiesContext [false] with mode [null]
2024-05-20T15:23:04.656-03:00 DEBUG 729111 --- [person-service] [           main] o.s.t.c.w.ServletTestExecutionListener   : Resetting RequestContextHolder for test class com.srmasset.ApplicationTests
]]></system-out>
  </testcase>
</testsuite>